0.001 xd 1 0.350 0.100 0.000 0.000 1.571 0.000
0.051 xd 2 0.350 0.100 0.003 0.000 1.571 0.000
0.101 xd 3 0.350 0.100 0.006 0.000 1.571 0.000
0.151 xd 4 0.350 0.100 0.009 0.000 1.571 0.000
0.179 x 1 0.349 0.100 0.003 0.002 1.573 -0.001
0.201 xd 5 0.350 0.099 0.013 0.000 1.571 0.000
0.251 xd 6 0.350 0.099 0.016 0.000 1.571 0.000
0.301 xd 7 0.350 0.098 0.019 0.000 1.571 0.000
0.305 x 4 0.351 0.102 0.008 0.004 1.575 0.020
0.351 xd 8 0.350 0.098 0.022 0.000 1.571 0.000
0.378 x 7 0.356 0.097 0.014 0.004 1.576 0.005
0.401 xd 9 0.350 0.097 0.025 0.000 1.571 0.000
0.452 xd 10 0.350 0.096 0.028 0.000 1.571 0.000
0.500 x 8 0.348 0.104 0.018 -0.001 1.569 0.001
0.502 xd 11 0.350 0.095 0.031 0.000 1.571 0.000
0.552 xd 12 0.350 0.094 0.034 0.000 1.571 0.000
0.556 x 10 0.351 0.099 0.027 0.017 1.584 0.007
0.580 x 12 0.343 0.098 0.036 -0.004 1.563 0.001
0.602 xd 13 0.350 0.093 0.037 0.000 1.571 0.000
0.652 xd 14 0.350 0.092 0.040 0.000 1.571 0.000
0.702 xd 15 0.350 0.090 0.043 0.000 1.571 0.000
0.752 xd 16 0.350 0.089 0.046 0.000 1.571 0.000
0.802 xd 17 0.350 0.088 0.048 0.000 1.571 0.000
0.852 xd 18 0.350 0.086 0.051 0.000 1.571 0.000
0.902 xd 19 0.350 0.084 0.054 0.000 1.571 0.000
0.917 x 12 0.345 0.102 0.031 0.002 1.570 -0.001
0.940 x 19 0.353 0.085 0.052 -0.004 1.560 -0.002
0.952 xd 20 0.350 0.083 0.056 0.000 1.571 0.000
0.964 x 19 0.349 0.076 0.052 0.009 1.577 -0.002
0.986 x 20 0.352 0.084 0.056 -0.000 1.570 0.000
1.002 xd 21 0.350 0.081 0.059 0.000 1.571 0.000
1.028 x 20 0.350 0.083 0.056 -0.004 1.562 -0.005
1.052 xd 22 0.350 0.079 0.061 0.000 1.571 0.000
1.074 x 21 0.352 0.083 0.054 0.002 1.561 -0.002
1.102 xd 23 0.350 0.077 0.064 0.000 1.571 0.000
1.152 xd 24 0.350 0.075 0.066 0.000 1.571 0.000
1.203 xd 25 0.350 0.073 0.069 0.000 1.571 0.000
1.253 xd 26 0.350 0.071 0.071 0.000 1.571 0.000
1.303 xd 27 0.350 0.068 0.073 0.000 1.571 0.000
1.353 xd 28 0.350 0.066 0.075 0.000 1.571 0.000
1.403 xd 29 0.350 0.064 0.077 0.000 1.571 0.000
1.419 x 22 0.346 0.079 0.055 0.002 1.568 -0.001
1.453 xd 30 0.350 0.061 0.079 0.000 1.571 0.000
1.503 xd 31 0.350 0.059 0.081 0.000 1.571 0.000
1.519 x 29 0.351 0.063 0.076 -0.007 1.512 -0.016
1.539 x 31 0.351 0.054 0.074 -0.000 1.467 -0.030
1.553 xd 32 0.350 0.056 0.083 0.000 1.571 0.000
1.565 x 31 0.351 0.059 0.080 0.045 1.529 -0.033
1.603 xd 33 0.350 0.053 0.085 0.000 1.571 0.000
1.618 x 32 0.354 0.056 0.083 -0.003 1.561 -0.014
1.641 x 33 0.353 0.057 0.082 -0.007 1.542 -0.025
1.653 xd 34 0.350 0.051 0.086 0.000 1.571 0.000
1.703 xd 35 0.350 0.048 0.088 0.000 1.571 0.000
1.719 x 33 0.350 0.053 0.084 0.002 1.509 0.004
1.753 xd 36 0.350 0.045 0.089 0.000 1.571 0.000
1.757 x 35 0.350 0.051 0.089 -0.008 1.551 -0.004
1.776 x 36 0.355 0.044 0.083 -0.019 1.533 -0.031
1.803 xd 37 0.350 0.042 0.091 0.000 1.571 0.000
1.853 xd 38 0.350 0.040 0.092 0.000 1.571 0.000
1.904 xd 39 0.350 0.037 0.093 0.000 1.571 0.000
1.954 xd 40 0.350 0.034 0.094 0.000 1.571 0.000
1.997 x 36 0.342 0.045 0.090 -0.001 1.570 -0.001
2.004 xd 41 0.350 0.031 0.095 0.000 1.571 0.000
2.033 x 40 0.357 0.032 0.088 0.003 1.517 -0.047
2.054 xd 42 0.350 0.028 0.096 0.000 1.571 0.000
2.094 x 41 0.353 0.033 0.097 0.014 1.558 -0.012
2.104 xd 43 0.350 0.025 0.097 0.000 1.571 0.000
2.144 x 42 0.347 0.035 0.098 -0.003 1.573 -0.012
2.154 xd 44 0.350 0.022 0.098 0.000 1.571 0.000
2.204 xd 45 0.350 0.018 0.098 0.000 1.571 0.000
2.254 xd 46 0.350 0.015 0.099 0.000 1.571 0.000
2.268 x 43 0.355 0.027 0.100 0.011 1.614 0.017
2.304 xd 47 0.350 0.012 0.099 0.000 1.571 0.000
2.354 xd 48 0.350 0.009 0.100 0.000 1.571 0.000
2.404 xd 49 0.350 0.006 0.100 0.000 1.571 0.000
2.454 xd 50 0.350 0.003 0.100 0.000 1.571 0.000
2.504 xd 51 0.350 -0.000 0.100 0.000 1.571 0.000
2.554 xd 52 0.350 -0.003 0.100 0.000 1.571 0.000
2.604 xd 53 0.350 -0.007 0.100 0.000 1.571 0.000
2.629 x 46 0.348 0.022 0.094 0.001 1.571 0.000
2.655 xd 54 0.350 -0.010 0.100 0.000 1.571 0.000
2.666 x 53 0.351 -0.005 0.100 0.023 1.537 -0.036
2.705 xd 55 0.350 -0.013 0.099 0.000 1.571 0.000
2.755 xd 56 0.350 -0.016 0.099 0.000 1.571 0.000
2.805 xd 57 0.350 -0.019 0.098 0.000 1.571 0.000
2.827 x 54 0.345 -0.001 0.099 -0.002 1.568 -0.004
2.855 xd 58 0.350 -0.022 0.098 0.000 1.571 0.000
2.877 x 57 0.349 -0.018 0.097 -0.040 1.453 -0.098
2.905 xd 59 0.350 -0.025 0.097 0.000 1.571 0.000
2.955 xd 60 0.350 -0.028 0.096 0.000 1.571 0.000
3.005 xd 61 0.350 -0.031 0.095 0.000 1.571 0.000
3.055 xd 62 0.350 -0.034 0.094 0.000 1.571 0.000
3.105 xd 63 0.350 -0.037 0.093 0.000 1.571 0.000
3.155 xd 64 0.350 -0.040 0.092 0.000 1.571 0.000
3.177 x 58 0.349 -0.017 0.096 0.002 1.567 0.000
3.205 xd 65 0.350 -0.043 0.090 0.000 1.571 0.000
3.255 xd 66 0.350 -0.046 0.089 0.000 1.571 0.000
3.305 xd 67 0.350 -0.048 0.087 0.000 1.571 0.000
3.311 x 64 0.346 -0.033 0.089 -0.010 1.569 -0.008
3.343 x 67 0.351 -0.048 0.084 -0.039 1.461 -0.108
3.356 xd 68 0.350 -0.051 0.086 0.000 1.571 0.000
3.398 x 67 0.351 -0.046 0.080 -0.017 1.483 -0.071
3.406 xd 69 0.350 -0.054 0.084 0.000 1.571 0.000
3.456 xd 70 0.350 -0.057 0.083 0.000 1.571 0.000
3.506 xd 71 0.350 -0.059 0.081 0.000 1.571 0.000
3.517 x 68 0.355 -0.048 0.080 0.003 1.566 -0.002
3.556 xd 72 0.350 -0.062 0.079 0.000 1.571 0.000
3.589 x 71 0.349 -0.057 0.078 -0.032 1.415 -0.147
3.606 xd 73 0.350 -0.064 0.077 0.000 1.571 0.000
3.656 xd 74 0.350 -0.066 0.075 0.000 1.571 0.000
3.706 xd 75 0.350 -0.069 0.073 0.000 1.571 0.000
3.756 xd 76 0.350 -0.071 0.070 0.000 1.571 0.000
3.792 x 72 0.350 -0.061 0.072 -0.004 1.548 -0.016
3.806 xd 77 0.350 -0.073 0.068 0.000 1.571 0.000
3.832 x 76 0.353 -0.069 0.062 -0.033 1.455 -0.114
3.856 xd 78 0.350 -0.075 0.066 0.000 1.571 0.000
3.906 xd 79 0.350 -0.077 0.063 0.000 1.571 0.000
3.956 xd 80 0.350 -0.079 0.061 0.000 1.571 0.000
4.006 xd 81 0.350 -0.081 0.058 0.000 1.571 0.000
4.049 x 77 0.354 -0.065 0.066 0.000 1.571 0.001
4.057 xd 82 0.350 -0.083 0.056 0.000 1.571 0.000
4.107 xd 83 0.350 -0.085 0.053 0.000 1.571 0.000
4.157 xd 84 0.350 -0.086 0.051 0.000 1.571 0.000
4.207 xd 85 0.350 -0.088 0.048 0.000 1.571 0.000
4.257 xd 86 0.350 -0.089 0.045 0.000 1.571 0.000
4.307 xd 87 0.350 -0.091 0.042 0.000 1.571 0.000
4.357 xd 88 0.350 -0.092 0.039 0.000 1.571 0.000
4.363 x 81 0.350 -0.079 0.057 0.007 1.567 -0.009
4.407 xd 89 0.350 -0.093 0.036 0.000 1.571 0.000
4.457 xd 90 0.350 -0.094 0.033 0.000 1.571 0.000
4.507 xd 91 0.350 -0.095 0.030 0.000 1.571 0.000
4.557 xd 92 0.350 -0.096 0.027 0.000 1.571 0.000
4.579 x 88 0.344 -0.089 0.038 0.001 1.569 0.001
4.607 xd 93 0.350 -0.097 0.024 0.000 1.571 0.000
4.657 xd 94 0.350 -0.098 0.021 0.000 1.571 0.000
4.707 xd 95 0.350 -0.098 0.018 0.000 1.571 0.000
4.758 xd 96 0.350 -0.099 0.015 0.000 1.571 0.000
4.778 x 92 0.350 -0.097 0.029 -0.003 1.572 -0.001
4.802 x 96 0.350 -0.098 0.011 -0.006 1.544 -0.041
4.808 xd 97 0.350 -0.099 0.012 0.000 1.571 0.000
4.834 x 96 0.349 -0.096 0.009 -0.001 1.569 0.000
4.858 xd 98 0.350 -0.100 0.009 0.000 1.571 0.000
4.878 x 97 0.351 -0.100 0.008 -0.017 1.572 0.011
4.903 x 98 0.352 -0.093 0.005 -0.006 1.491 -0.105
4.908 xd 99 0.350 -0.100 0.006 0.000 1.571 0.000
4.938 x 98 0.349 -0.103 0.004 0.008 1.569 -0.012
4.958 xd 100 0.350 -0.100 0.003 0.000 1.571 0.000
4.975 x 99 0.353 -0.100 0.002 -0.005 1.567 -0.015
5.008 xd 101 0.350 -0.100 -0.000 0.000 1.571 0.000
5.031 x 100 0.347 -0.098 0.001 -0.027 1.476 -0.094
5.058 xd 102 0.350 -0.100 -0.004 0.000 1.571 0.000
5.060 x 101 0.346 -0.101 -0.003 0.011 1.522 -0.066
5.108 xd 103 0.350 -0.100 -0.007 0.000 1.571 0.000
5.158 xd 104 0.350 -0.100 -0.010 0.000 1.571 0.000
5.208 xd 105 0.350 -0.099 -0.013 0.000 1.571 0.000
5.237 x 102 0.351 -0.100 -0.004 0.070 1.634 0.026
5.258 xd 106 0.350 -0.099 -0.016 0.000 1.571 0.000
5.308 xd 107 0.350 -0.098 -0.019 0.000 1.571 0.000
5.333 x 105 0.349 -0.100 -0.013 0.024 1.535 -0.031
5.358 xd 108 0.350 -0.097 -0.022 0.000 1.571 0.000
5.382 x 107 0.351 -0.091 -0.018 -0.003 1.567 -0.005
5.408 xd 109 0.350 -0.097 -0.025 0.000 1.571 0.000
5.458 xd 110 0.350 -0.096 -0.028 0.000 1.571 0.000
5.508 xd 111 0.350 -0.095 -0.031 0.000 1.571 0.000
5.558 xd 112 0.350 -0.094 -0.034 0.000 1.571 0.000
5.565 x 108 0.355 -0.092 -0.017 0.003 1.570 0.001
5.608 xd 113 0.350 -0.093 -0.037 0.000 1.571 0.000
5.659 xd 114 0.350 -0.092 -0.040 0.000 1.571 0.000
5.709 xd 115 0.350 -0.090 -0.043 0.000 1.571 0.000
5.759 xd 116 0.350 -0.089 -0.046 0.000 1.571 0.000
5.761 x 112 0.348 -0.088 -0.029 -0.001 1.568 0.000
5.809 xd 117 0.350 -0.087 -0.049 0.000 1.571 0.000
5.859 xd 118 0.350 -0.086 -0.051 0.000 1.571 0.000
5.872 x 116 0.350 -0.080 -0.043 -0.008 1.561 0.003
5.909 xd 119 0.350 -0.084 -0.054 0.000 1.571 0.000
5.959 xd 120 0.350 -0.082 -0.057 0.000 1.571 0.000
5.999 x 118 0.359 -0.085 -0.055 -0.004 1.568 -0.001
6.009 xd 121 0.350 -0.081 -0.059 0.000 1.571 0.000
6.058 x 120 0.350 -0.084 -0.057 -0.013 1.570 0.021
6.059 xd 122 0.350 -0.079 -0.062 0.000 1.571 0.000
6.109 xd 123 0.350 -0.077 -0.064 0.000 1.571 0.000
6.159 xd 124 0.350 -0.075 -0.067 0.000 1.571 0.000
6.192 x 121 0.351 -0.072 -0.054 0.000 1.570 -0.000
6.209 xd 125 0.350 -0.073 -0.069 0.000 1.571 0.000
6.256 x 124 0.356 -0.069 -0.061 0.012 1.569 -0.002
6.259 xd 126 0.350 -0.070 -0.071 0.000 1.571 0.000
6.298 x 125 0.347 -0.073 -0.068 -0.007 1.570 0.005
6.309 xd 127 0.350 -0.068 -0.073 0.000 1.571 0.000
6.337 x 126 0.351 -0.070 -0.072 0.007 1.583 0.004
6.359 xd 128 0.350 -0.066 -0.075 0.000 1.571 0.000
6.409 xd 129 0.350 -0.063 -0.077 0.000 1.571 0.000
6.444 x 127 0.343 -0.063 -0.070 0.000 1.570 0.001
6.459 xd 130 0.350 -0.061 -0.079 0.000 1.571 0.000
6.472 x 129 0.350 -0.062 -0.074 -0.075 1.563 -0.046
6.509 xd 131 0.350 -0.058 -0.081 0.000 1.571 0.000
6.546 x 130 0.352 -0.053 -0.081 0.001 1.567 0.000
6.560 xd 132 0.350 -0.056 -0.083 0.000 1.571 0.000
6.589 x 131 0.344 -0.058 -0.081 -0.024 1.573 0.025
6.610 xd 133 0.350 -0.053 -0.085 0.000 1.571 0.000
6.616 x 132 0.347 -0.061 -0.081 0.084 1.560 0.049
6.650 x 133 0.356 -0.057 -0.089 0.020 1.577 0.015
6.660 xd 134 0.350 -0.050 -0.086 0.000 1.571 0.000
6.692 x 133 0.359 -0.052 -0.088 -0.006 1.575 -0.005
6.710 xd 135 0.350 -0.048 -0.088 0.000 1.571 0.000
6.754 x 134 0.346 -0.048 -0.092 0.001 1.559 0.001
6.760 xd 136 0.350 -0.045 -0.089 0.000 1.571 0.000
6.782 x 135 0.349 -0.041 -0.085 -0.003 1.572 -0.003
6.810 xd 137 0.350 -0.042 -0.091 0.000 1.571 0.000
6.839 x 136 0.350 -0.044 -0.089 -0.050 1.583 0.010
6.860 xd 138 0.350 -0.039 -0.092 0.000 1.571 0.000
6.888 x 137 0.347 -0.041 -0.091 -0.004 1.551 -0.024
6.910 xd 139 0.350 -0.036 -0.093 0.000 1.571 0.000
6.954 x 138 0.353 -0.039 -0.091 0.004 1.567 -0.003
6.960 xd 140 0.350 -0.033 -0.094 0.000 1.571 0.000
7.010 xd 141 0.350 -0.030 -0.095 0.000 1.571 0.000
7.060 xd 142 0.350 -0.027 -0.096 0.000 1.571 0.000
7.105 x 139 0.354 -0.040 -0.092 0.001 1.593 0.015
7.110 xd 143 0.350 -0.024 -0.097 0.000 1.571 0.000
7.148 x 142 0.350 -0.028 -0.095 -0.001 1.569 0.001
7.160 xd 144 0.350 -0.021 -0.098 0.000 1.571 0.000
7.189 x 143 0.351 -0.026 -0.098 0.028 1.577 -0.008
7.210 xd 145 0.350 -0.018 -0.098 0.000 1.571 0.000
7.220 x 144 0.350 -0.022 -0.099 0.012 1.572 -0.008
7.260 xd 146 0.350 -0.015 -0.099 0.000 1.571 0.000
7.310 xd 147 0.350 -0.012 -0.099 0.000 1.571 0.000
7.360 xd 148 0.350 -0.009 -0.100 0.000 1.571 0.000
7.411 xd 149 0.350 -0.006 -0.100 0.000 1.571 0.000
7.444 x 145 0.344 -0.017 -0.093 0.002 1.568 -0.002
7.461 xd 150 0.350 -0.002 -0.100 0.000 1.571 0.000
7.511 xd 151 0.350 0.001 -0.100 0.000 1.571 0.000
7.548 x 149 0.347 0.000 -0.094 -0.000 1.571 0.000
7.561 xd 152 0.350 0.004 -0.100 0.000 1.571 0.000
7.598 x 151 0.344 -0.005 -0.100 0.002 1.563 0.008
7.611 xd 153 0.350 0.007 -0.100 0.000 1.571 0.000
7.661 xd 154 0.350 0.010 -0.099 0.000 1.571 0.000
7.711 xd 155 0.350 0.013 -0.099 0.000 1.571 0.000
7.761 xd 156 0.350 0.016 -0.099 0.000 1.571 0.000
7.811 xd 157 0.350 0.019 -0.098 0.000 1.571 0.000
7.816 x 152 0.349 0.004 -0.099 -0.009 1.565 0.001
7.861 xd 158 0.350 0.022 -0.097 0.000 1.571 0.000
7.911 xd 159 0.350 0.026 -0.097 0.000 1.571 0.000
7.961 xd 160 0.350 0.029 -0.096 0.000 1.571 0.000
8.011 xd 161 0.350 0.032 -0.095 0.000 1.571 0.000
8.061 xd 162 0.350 0.035 -0.094 0.000 1.571 0.000
8.111 xd 163 0.350 0.037 -0.093 0.000 1.571 0.000
8.150 x 157 0.349 0.022 -0.092 -0.003 1.572 -0.001
8.161 xd 164 0.350 0.040 -0.091 0.000 1.571 0.000
8.211 xd 165 0.350 0.043 -0.090 0.000 1.571 0.000
8.261 xd 166 0.350 0.046 -0.089 0.000 1.571 0.000
8.312 xd 167 0.350 0.049 -0.087 0.000 1.571 0.000
8.353 x 163 0.350 0.041 -0.085 -0.000 1.571 0.001
8.362 xd 168 0.350 0.052 -0.086 0.000 1.571 0.000
8.412 xd 169 0.350 0.054 -0.084 0.000 1.571 0.000
8.462 xd 170 0.350 0.057 -0.082 0.000 1.571 0.000
8.512 xd 171 0.350 0.059 -0.080 0.000 1.571 0.000
8.562 xd 172 0.350 0.062 -0.079 0.000 1.571 0.000
8.612 xd 173 0.350 0.064 -0.077 0.000 1.571 0.000
8.662 xd 174 0.350 0.067 -0.075 0.000 1.571 0.000
8.712 xd 175 0.350 0.069 -0.072 0.000 1.571 0.000
8.762 xd 176 0.350 0.071 -0.070 0.000 1.571 0.000
8.812 xd 177 0.350 0.073 -0.068 0.000 1.571 0.000
8.821 x 167 0.373 0.090 -0.303 0.524 0.953 -0.165
8.839 x 177 0.346 0.080 -0.068 -0.007 1.581 0.005
8.862 xd 178 0.350 0.076 -0.066 0.000 1.571 0.000
8.876 x 177 0.351 0.067 -0.071 -0.011 1.560 0.010
8.912 xd 179 0.350 0.078 -0.063 0.000 1.571 0.000
8.962 xd 180 0.350 0.079 -0.061 0.000 1.571 0.000
8.968 x 178 0.348 0.079 -0.064 0.006 1.562 -0.020
8.998 x 180 0.349 0.082 -0.059 0.018 1.526 -0.050
9.012 xd 181 0.350 0.081 -0.058 0.000 1.571 0.000
9.062 xd 182 0.350 0.083 -0.056 0.000 1.571 0.000
9.064 x 180 0.353 0.079 -0.061 -0.026 1.559 0.001
9.102 x 182 0.346 0.089 -0.057 -0.001 1.586 0.006
9.112 xd 183 0.350 0.085 -0.053 0.000 1.571 0.000
9.162 xd 184 0.350 0.086 -0.050 0.000 1.571 0.000
9.213 xd 185 0.350 0.088 -0.047 0.000 1.571 0.000
9.214 x 182 0.349 0.082 -0.056 0.057 1.561 -0.018
9.260 x 185 0.349 0.088 -0.048 -0.014 1.560 -0.006
9.263 xd 186 0.350 0.089 -0.045 0.000 1.571 0.000
9.313 xd 187 0.350 0.091 -0.042 0.000 1.571 0.000
9.363 xd 188 0.350 0.092 -0.039 0.000 1.571 0.000
9.413 xd 189 0.350 0.093 -0.036 0.000 1.571 0.000
9.429 x 185 0.346 0.090 -0.046 -0.010 1.574 -0.010
9.463 xd 190 0.350 0.094 -0.033 0.000 1.571 0.000
9.488 x 189 0.350 0.094 -0.037 0.019 1.534 -0.082
9.513 xd 191 0.350 0.095 -0.030 0.000 1.571 0.000
9.563 xd 192 0.350 0.096 -0.027 0.000 1.571 0.000
9.613 xd 193 0.350 0.097 -0.024 0.000 1.571 0.000
9.648 x 190 0.348 0.095 -0.033 -0.030 1.519 -0.019
9.663 xd 194 0.350 0.098 -0.021 0.000 1.571 0.000
9.684 x 193 0.349 0.093 -0.019 -0.045 1.578 0.006
9.713 xd 195 0.350 0.098 -0.018 0.000 1.571 0.000
9.720 x 194 0.349 0.098 -0.020 -0.012 1.567 0.016
9.763 xd 196 0.350 0.099 -0.015 0.000 1.571 0.000
9.769 x 195 0.349 0.102 -0.020 -0.004 1.561 0.006
9.813 xd 197 0.350 0.099 -0.012 0.000 1.571 0.000
9.852 x 196 0.347 0.099 -0.017 -0.006 1.582 -0.003
9.863 xd 198 0.350 0.100 -0.009 0.000 1.571 0.000
9.913 xd 199 0.350 0.100 -0.005 0.000 1.571 0.000
9.963 xd 200 0.350 0.100 -0.002 0.000 1.571 0.000
9.967 x 197 0.350 0.100 -0.012 -0.014 1.587 0.002
10.003 x 200 0.353 0.097 0.005 0.002 1.567 0.003
10.013 xd 201 0.350 0.100 0.001 0.000 1.571 0.000
10.054 x 200 0.351 0.102 -0.003 -0.004 1.573 -0.002
10.063 xd 202 0.350 0.100 0.004 0.000 1.571 0.000
10.114 xd 203 0.350 0.100 0.007 0.000 1.571 0.000
10.164 xd 204 0.350 0.099 0.010 0.000 1.571 0.000
10.190 x 201 0.351 0.101 0.002 -0.004 1.575 -0.011
10.206 x 204 0.355 0.093 0.009 0.001 1.571 -0.003
10.214 xd 205 0.350 0.099 0.013 0.000 1.571 0.000
10.230 x 204 0.345 0.096 0.008 0.002 1.573 -0.005
10.264 xd 206 0.350 0.099 0.016 0.000 1.571 0.000
10.314 xd 207 0.350 0.098 0.020 0.000 1.571 0.000
10.319 x 205 0.348 0.102 0.016 -0.006 1.568 -0.011
10.338 x 207 0.349 0.106 0.024 -0.002 1.573 0.001
10.364 xd 208 0.350 0.097 0.023 0.000 1.571 0.000
10.367 x 207 0.351 0.094 0.023 -0.002 1.570 -0.002
10.414 xd 209 0.350 0.097 0.026 0.000 1.571 0.000
10.464 xd 210 0.350 0.096 0.029 0.000 1.571 0.000
10.514 xd 211 0.350 0.095 0.032 0.000 1.571 0.000
10.524 x 208 0.349 0.097 0.023 -0.003 1.579 0.003
10.553 x 211 0.351 0.092 0.031 0.002 1.570 0.003
10.564 xd 212 0.350 0.094 0.035 0.000 1.571 0.000
10.614 xd 213 0.350 0.093 0.038 0.000 1.571 0.000
10.638 x 211 0.348 0.094 0.032 -0.011 1.522 0.017
10.664 xd 214 0.350 0.091 0.041 0.000 1.571 0.000
10.665 x 213 0.352 0.094 0.037 0.050 1.556 -0.026
10.693 x 214 0.350 0.089 0.035 0.004 1.586 0.007
10.714 xd 215 0.350 0.090 0.043 0.000 1.571 0.000
10.764 xd 216 0.350 0.089 0.046 0.000 1.571 0.000
10.814 xd 217 0.350 0.087 0.049 0.000 1.571 0.000
10.829 x 214 0.348 0.097 0.036 0.001 1.566 0.001
10.842 x 217 0.342 0.087 0.047 0.000 1.570 -0.002
10.864 xd 218 0.350 0.086 0.052 0.000 1.571 0.000
10.914 xd 219 0.350 0.084 0.054 0.000 1.571 0.000
10.964 xd 220 0.350 0.082 0.057 0.000 1.571 0.000
10.974 x 217 0.350 0.093 0.050 0.002 1.571 0.006
11.015 xd 221 0.350 0.080 0.060 0.000 1.571 0.000
11.025 x 220 0.357 0.086 0.057 -0.002 1.573 -0.006
11.065 xd 222 0.350 0.078 0.062 0.000 1.571 0.000
11.115 xd 223 0.350 0.076 0.064 0.000 1.571 0.000
11.165 xd 224 0.350 0.074 0.067 0.000 1.571 0.000
11.215 xd 225 0.350 0.072 0.069 0.000 1.571 0.000
11.265 xd 226 0.350 0.070 0.071 0.000 1.571 0.000
11.301 x 221 0.348 0.087 0.054 -0.004 1.580 0.005
11.315 xd 227 0.350 0.068 0.074 0.000 1.571 0.000
11.321 x 226 0.354 0.063 0.069 -0.001 1.571 -0.003
11.365 xd 228 0.350 0.065 0.076 0.000 1.571 0.000
11.415 xd 229 0.350 0.063 0.078 0.000 1.571 0.000
11.465 xd 230 0.350 0.061 0.080 0.000 1.571 0.000
11.515 xd 231 0.350 0.058 0.081 0.000 1.571 0.000
11.533 x 227 0.345 0.070 0.073 0.038 1.559 0.003
11.565 xd 232 0.350 0.055 0.083 0.000 1.571 0.000
11.570 x 231 0.352 0.058 0.080 -0.010 1.492 -0.044
11.607 x 232 0.355 0.053 0.077 0.001 1.554 -0.006
11.615 xd 233 0.350 0.053 0.085 0.000 1.571 0.000
11.665 xd 234 0.350 0.050 0.087 0.000 1.571 0.000
11.715 xd 235 0.350 0.047 0.088 0.000 1.571 0.000
11.765 xd 236 0.350 0.045 0.090 0.000 1.571 0.000
11.785 x 232 0.356 0.060 0.078 -0.000 1.573 0.001
11.815 x 236 0.349 0.047 0.085 0.042 1.512 -0.049
11.815 xd 237 0.350 0.042 0.091 0.000 1.571 0.000
11.857 x 236 0.348 0.046 0.083 -0.008 1.552 -0.018
11.865 xd 238 0.350 0.039 0.092 0.000 1.571 0.000
11.916 xd 239 0.350 0.036 0.093 0.000 1.571 0.000
11.966 xd 240 0.350 0.033 0.094 0.000 1.571 0.000
12.016 xd 241 0.350 0.030 0.095 0.000 1.571 0.000
12.066 xd 242 0.350 0.027 0.096 0.000 1.571 0.000
12.088 x 237 0.352 0.042 0.091 0.056 1.572 -0.007
12.116 xd 243 0.350 0.024 0.097 0.000 1.571 0.000
12.166 xd 244 0.350 0.021 0.098 0.000 1.571 0.000
12.216 xd 245 0.350 0.018 0.098 0.000 1.571 0.000
12.246 x 242 0.348 0.029 0.096 -0.040 1.536 -0.019
12.266 xd 246 0.350 0.015 0.099 0.000 1.571 0.000
12.283 x 245 0.350 0.017 0.097 0.105 1.486 -0.070
12.316 xd 247 0.350 0.012 0.099 0.000 1.571 0.000
12.329 x 246 0.351 0.015 0.098 -0.016 1.481 -0.061
12.366 xd 248 0.350 0.008 0.100 0.000 1.571 0.000
12.389 x 247 0.350 0.012 0.099 -0.070 1.417 -0.084
12.416 xd 249 0.350 0.005 0.100 0.000 1.571 0.000
12.466 xd 250 0.350 0.002 0.100 0.000 1.571 0.000
12.516 xd 251 0.350 -0.001 0.100 0.000 1.571 0.000
12.566 xd 252 0.350 -0.004 0.100 0.000 1.571 0.000
12.616 xd 253 0.350 -0.007 0.100 0.000 1.571 0.000
12.666 xd 254 0.350 -0.010 0.099 0.000 1.571 0.000
12.715 x 248 0.351 0.011 0.100 0.020 1.565 -0.017
12.716 xd 255 0.350 -0.014 0.099 0.000 1.571 0.000
12.766 xd 256 0.350 -0.017 0.099 0.000 1.571 0.000
12.817 xd 257 0.350 -0.020 0.098 0.000 1.571 0.000
12.867 xd 258 0.350 -0.023 0.097 0.000 1.571 0.000
12.917 xd 259 0.350 -0.026 0.097 0.000 1.571 0.000
12.940 x 254 0.347 -0.002 0.097 -0.002 1.570 -0.003
12.967 xd 260 0.350 -0.029 0.096 0.000 1.571 0.000
13.017 xd 261 0.350 -0.032 0.095 0.000 1.571 0.000
13.067 xd 262 0.350 -0.035 0.094 0.000 1.571 0.000
13.117 xd 263 0.350 -0.038 0.093 0.000 1.571 0.000
13.167 xd 264 0.350 -0.041 0.091 0.000 1.571 0.000
13.180 x 259 0.351 -0.019 0.091 -0.000 1.570 0.000
13.217 xd 265 0.350 -0.044 0.090 0.000 1.571 0.000
13.244 x 264 0.351 -0.040 0.092 -0.027 1.571 -0.023
13.267 xd 266 0.350 -0.046 0.089 0.000 1.571 0.000
13.285 x 265 0.354 -0.044 0.089 -0.008 1.529 -0.059
13.317 xd 267 0.350 -0.049 0.087 0.000 1.571 0.000
13.323 x 266 0.355 -0.052 0.082 0.000 1.576 0.002
13.367 xd 268 0.350 -0.052 0.086 0.000 1.571 0.000
13.417 xd 269 0.350 -0.054 0.084 0.000 1.571 0.000
13.467 xd 270 0.350 -0.057 0.082 0.000 1.571 0.000
13.483 x 267 0.350 -0.048 0.088 -0.005 1.568 -0.002
13.517 xd 271 0.350 -0.060 0.080 0.000 1.571 0.000
13.560 x 270 0.354 -0.055 0.078 -0.010 1.558 -0.032
13.567 xd 272 0.350 -0.062 0.078 0.000 1.571 0.000
13.617 xd 273 0.350 -0.065 0.076 0.000 1.571 0.000
13.667 xd 274 0.350 -0.067 0.074 0.000 1.571 0.000
13.718 xd 275 0.350 -0.069 0.072 0.000 1.571 0.000
13.720 x 271 0.354 -0.063 0.086 0.005 1.564 -0.012
13.768 xd 276 0.350 -0.071 0.070 0.000 1.571 0.000
13.818 xd 277 0.350 -0.074 0.068 0.000 1.571 0.000
13.868 xd 278 0.350 -0.076 0.065 0.000 1.571 0.000
13.918 xd 279 0.350 -0.078 0.063 0.000 1.571 0.000
13.962 x 275 0.347 -0.069 0.066 0.002 1.570 0.001
13.968 xd 280 0.350 -0.080 0.060 0.000 1.571 0.000
14.018 xd 281 0.350 -0.082 0.058 0.000 1.571 0.000
14.068 xd 282 0.350 -0.083 0.055 0.000 1.571 0.000
14.118 xd 283 0.350 -0.085 0.053 0.000 1.571 0.000
14.130 x 279 0.358 -0.076 0.067 -0.007 1.570 -0.005
14.168 xd 284 0.350 -0.087 0.050 0.000 1.571 0.000
14.200 x 283 0.358 -0.084 0.047 -0.007 1.567 -0.004
14.218 xd 285 0.350 -0.088 0.047 0.000 1.571 0.000
14.265 x 284 0.350 -0.087 0.049 0.013 1.513 -0.040
14.268 xd 286 0.350 -0.090 0.044 0.000 1.571 0.000
14.318 xd 287 0.350 -0.091 0.042 0.000 1.571 0.000
14.368 xd 288 0.350 -0.092 0.039 0.000 1.571 0.000
14.395 x 285 0.349 -0.083 0.042 -0.001 1.564 -0.013
14.418 xd 289 0.350 -0.093 0.036 0.000 1.571 0.000
14.422 x 288 0.352 -0.089 0.034 -0.037 1.512 -0.062
14.467 x 289 0.351 -0.094 0.036 0.014 1.550 -0.032
14.468 xd 290 0.350 -0.094 0.033 0.000 1.571 0.000
14.507 x 289 0.350 -0.093 0.035 -0.012 1.545 -0.036
14.518 xd 291 0.350 -0.095 0.030 0.000 1.571 0.000
14.526 x 290 0.352 -0.095 0.027 -0.007 1.553 -0.023
14.568 xd 292 0.350 -0.096 0.027 0.000 1.571 0.000
14.619 xd 293 0.350 -0.097 0.024 0.000 1.571 0.000
14.640 x 291 0.347 -0.087 0.027 0.000 1.571 0.001
14.669 xd 294 0.350 -0.098 0.021 0.000 1.571 0.000
14.719 xd 295 0.350 -0.098 0.018 0.000 1.571 0.000
14.769 xd 296 0.350 -0.099 0.014 0.000 1.571 0.000
14.819 xd 297 0.350 -0.099 0.011 0.000 1.571 0.000
14.869 xd 298 0.350 -0.100 0.008 0.000 1.571 0.000
14.874 x 293 0.350 -0.092 0.016 0.011 1.566 -0.002
14.919 xd 299 0.350 -0.100 0.005 0.000 1.571 0.000
14.969 xd 300 0.350 -0.100 0.002 0.000 1.571 0.000
15.019 xd 301 0.350 -0.100 -0.001 0.000 1.571 0.000
15.028 x 298 0.350 -0.091 0.006 -0.000 1.571 -0.000
15.069 xd 302 0.350 -0.100 -0.004 0.000 1.571 0.000
15.119 xd 303 0.350 -0.100 -0.007 0.000 1.571 0.000
15.169 xd 304 0.350 -0.099 -0.011 0.000 1.571 0.000
15.219 xd 305 0.350 -0.099 -0.014 0.000 1.571 0.000
15.269 xd 306 0.350 -0.099 -0.017 0.000 1.571 0.000
15.319 xd 307 0.350 -0.098 -0.020 0.000 1.571 0.000
15.346 x 301 0.350 -0.100 -0.001 -0.021 1.568 -0.003
15.369 xd 308 0.350 -0.097 -0.023 0.000 1.571 0.000
15.419 xd 309 0.350 -0.097 -0.026 0.000 1.571 0.000
15.469 xd 310 0.350 -0.096 -0.029 0.000 1.571 0.000
15.520 xd 311 0.350 -0.095 -0.032 0.000 1.571 0.000
15.570 xd 312 0.350 -0.094 -0.035 0.000 1.571 0.000
15.574 x 307 0.350 -0.090 -0.017 -0.001 1.569 -0.000
15.596 x 312 0.347 -0.085 -0.037 0.005 1.563 0.001
15.620 xd 313 0.350 -0.093 -0.038 0.000 1.571 0.000
15.664 x 312 0.348 -0.093 -0.035 0.003 1.540 -0.016
15.670 xd 314 0.350 -0.091 -0.041 0.000 1.571 0.000
15.715 x 313 0.349 -0.085 -0.032 -0.005 1.572 0.007
15.720 xd 315 0.350 -0.090 -0.044 0.000 1.571 0.000
15.770 xd 316 0.350 -0.089 -0.047 0.000 1.571 0.000
15.776 x 314 0.350 -0.090 -0.042 -0.003 1.584 0.004
15.820 xd 317 0.350 -0.087 -0.049 0.000 1.571 0.000
15.870 xd 318 0.350 -0.085 -0.052 0.000 1.571 0.000
15.911 x 316 0.349 -0.089 -0.047 -0.016 1.577 -0.010
15.920 xd 319 0.350 -0.084 -0.055 0.000 1.571 0.000
15.952 x 318 0.348 -0.080 -0.047 0.001 1.570 0.002
15.970 xd 320 0.350 -0.082 -0.057 0.000 1.571 0.000
15.990 x 319 0.343 -0.086 -0.059 -0.000 1.570 -0.002
16.020 xd 321 0.350 -0.080 -0.060 0.000 1.571 0.000
16.070 xd 322 0.350 -0.078 -0.062 0.000 1.571 0.000
16.120 xd 323 0.350 -0.076 -0.065 0.000 1.571 0.000
16.134 x 320 0.343 -0.085 -0.051 0.002 1.557 -0.008
16.170 xd 324 0.350 -0.074 -0.067 0.000 1.571 0.000
16.190 x 323 0.352 -0.075 -0.056 -0.003 1.572 0.004
16.220 xd 325 0.350 -0.072 -0.069 0.000 1.571 0.000
16.221 x 324 0.350 -0.074 -0.066 0.007 1.570 0.005
16.270 xd 326 0.350 -0.070 -0.072 0.000 1.571 0.000
16.271 x 325 0.356 -0.069 -0.073 0.032 1.549 -0.053
16.301 x 326 0.347 -0.065 -0.071 -0.078 1.568 -0.016
16.320 xd 327 0.350 -0.068 -0.074 0.000 1.571 0.000
16.370 xd 328 0.350 -0.065 -0.076 0.000 1.571 0.000
16.421 xd 329 0.350 -0.063 -0.078 0.000 1.571 0.000
16.471 xd 330 0.350 -0.060 -0.080 0.000 1.571 0.000
16.472 x 326 0.343 -0.066 -0.067 0.000 1.571 0.003
16.520 x 330 0.347 -0.054 -0.074 -0.007 1.561 0.005
16.521 xd 331 0.350 -0.058 -0.082 0.000 1.571 0.000
16.563 x 330 0.352 -0.058 -0.080 -0.030 1.573 -0.006
16.571 xd 332 0.350 -0.055 -0.083 0.000 1.571 0.000
16.612 x 331 0.347 -0.054 -0.088 0.001 1.568 -0.013
16.621 xd 333 0.350 -0.052 -0.085 0.000 1.571 0.000
16.671 xd 334 0.350 -0.050 -0.087 0.000 1.571 0.000
16.674 x 332 0.342 -0.050 -0.080 -0.009 1.585 0.013
16.721 xd 335 0.350 -0.047 -0.088 0.000 1.571 0.000
16.771 xd 336 0.350 -0.044 -0.090 0.000 1.571 0.000
16.785 x 334 0.345 -0.042 -0.088 0.000 1.571 -0.001
16.821 xd 337 0.350 -0.041 -0.091 0.000 1.571 0.000
16.871 xd 338 0.350 -0.038 -0.092 0.000 1.571 0.000
16.921 xd 339 0.350 -0.036 -0.093 0.000 1.571 0.000
16.971 xd 340 0.350 -0.033 -0.095 0.000 1.571 0.000
17.021 xd 341 0.350 -0.030 -0.096 0.000 1.571 0.000
17.022 x 336 0.350 -0.044 -0.089 -0.009 1.570 0.009
17.042 x 341 0.351 -0.021 -0.094 -0.001 1.581 -0.014
17.071 xd 342 0.350 -0.027 -0.096 0.000 1.571 0.000
17.121 xd 343 0.350 -0.024 -0.097 0.000 1.571 0.000
17.153 x 341 0.352 -0.030 -0.097 0.000 1.600 -0.014
17.171 xd 344 0.350 -0.021 -0.098 0.000 1.571 0.000
17.216 x 343 0.350 -0.022 -0.095 -0.023 1.575 -0.000
17.221 xd 345 0.350 -0.017 -0.098 0.000 1.571 0.000
17.272 xd 346 0.350 -0.014 -0.099 0.000 1.571 0.000
17.308 x 344 0.350 -0.022 -0.096 -0.002 1.568 0.002
17.322 xd 347 0.350 -0.011 -0.099 0.000 1.571 0.000
17.365 x 346 0.351 -0.021 -0.100 0.033 1.583 0.003
17.372 xd 348 0.350 -0.008 -0.100 0.000 1.571 0.000
17.418 x 347 0.346 -0.015 -0.096 0.005 1.571 0.001
17.422 xd 349 0.350 -0.005 -0.100 0.000 1.571 0.000
17.472 xd 350 0.350 -0.002 -0.100 0.000 1.571 0.000
17.507 x 348 0.346 -0.004 -0.101 -0.009 1.581 -0.003
17.522 xd 351 0.350 0.001 -0.100 0.000 1.571 0.000
17.572 xd 352 0.350 0.005 -0.100 0.000 1.571 0.000
17.615 x 350 0.351 -0.004 -0.102 0.011 1.567 -0.008
17.622 xd 353 0.350 0.008 -0.100 0.000 1.571 0.000
17.672 xd 354 0.350 0.011 -0.099 0.000 1.571 0.000
17.722 xd 355 0.350 0.014 -0.099 0.000 1.571 0.000
17.772 xd 356 0.350 0.017 -0.099 0.000 1.571 0.000
17.822 xd 357 0.350 0.020 -0.098 0.000 1.571 0.000
17.827 x 352 0.345 0.009 -0.097 -0.000 1.571 -0.000
17.872 xd 358 0.350 0.023 -0.097 0.000 1.571 0.000
17.922 xd 359 0.350 0.026 -0.097 0.000 1.571 0.000
17.972 xd 360 0.350 0.029 -0.096 0.000 1.571 0.000
17.978 x 357 0.351 0.022 -0.095 0.001 1.569 -0.004
18.011 x 360 0.356 0.027 -0.098 0.015 1.567 0.015
18.022 xd 361 0.350 0.032 -0.095 0.000 1.571 0.000
18.072 xd 362 0.350 0.035 -0.094 0.000 1.571 0.000
18.080 x 360 0.351 0.030 -0.096 0.039 1.582 -0.018
18.122 xd 363 0.350 0.038 -0.092 0.000 1.571 0.000
18.173 xd 364 0.350 0.041 -0.091 0.000 1.571 0.000
18.223 xd 365 0.350 0.044 -0.090 0.000 1.571 0.000
18.273 xd 366 0.350 0.047 -0.088 0.000 1.571 0.000
18.275 x 362 0.348 0.040 -0.092 -0.005 1.568 -0.008
18.323 xd 367 0.350 0.049 -0.087 0.000 1.571 0.000
18.352 x 366 0.344 0.045 -0.084 -0.001 1.572 -0.001
18.373 xd 368 0.350 0.052 -0.085 0.000 1.571 0.000
18.380 x 367 0.352 0.050 -0.086 -0.009 1.586 0.001
18.423 xd 369 0.350 0.055 -0.084 0.000 1.571 0.000
18.453 x 368 0.349 0.060 -0.092 0.007 1.559 -0.001
18.473 xd 370 0.350 0.057 -0.082 0.000 1.571 0.000
18.510 x 369 0.350 0.053 -0.078 -0.002 1.568 -0.000
18.523 xd 371 0.350 0.060 -0.080 0.000 1.571 0.000
18.573 xd 372 0.350 0.062 -0.078 0.000 1.571 0.000
18.583 x 370 0.351 0.057 -0.084 -0.004 1.568 -0.007
18.623 xd 373 0.350 0.065 -0.076 0.000 1.571 0.000
18.630 x 372 0.355 0.063 -0.085 0.001 1.567 0.002
18.664 x 373 0.351 0.062 -0.077 -0.025 1.562 0.001
18.673 xd 374 0.350 0.067 -0.074 0.000 1.571 0.000
18.723 xd 375 0.350 0.070 -0.072 0.000 1.571 0.000
18.773 xd 376 0.350 0.072 -0.070 0.000 1.571 0.000
18.823 xd 377 0.350 0.074 -0.067 0.000 1.571 0.000
18.873 xd 378 0.350 0.076 -0.065 0.000 1.571 0.000
18.903 x 373 0.343 0.068 -0.074 -0.001 1.569 0.000
18.923 xd 379 0.350 0.078 -0.063 0.000 1.571 0.000
18.973 xd 380 0.350 0.080 -0.060 0.000 1.571 0.000
19.023 xd 381 0.350 0.082 -0.058 0.000 1.571 0.000
19.044 x 378 0.346 0.083 -0.059 0.001 1.570 0.002
19.074 xd 382 0.350 0.084 -0.055 0.000 1.571 0.000
19.124 xd 383 0.350 0.085 -0.052 0.000 1.571 0.000
19.174 xd 384 0.350 0.087 -0.050 0.000 1.571 0.000
19.224 xd 385 0.350 0.088 -0.047 0.000 1.571 0.000
19.274 xd 386 0.350 0.090 -0.044 0.000 1.571 0.000
19.288 x 381 0.348 0.087 -0.051 0.002 1.572 0.001
19.324 xd 387 0.350 0.091 -0.041 0.000 1.571 0.000
19.333 x 386 0.347 0.090 -0.045 -0.002 1.573 -0.014
19.374 xd 388 0.350 0.092 -0.038 0.000 1.571 0.000
19.424 xd 389 0.350 0.094 -0.035 0.000 1.571 0.000
19.474 xd 390 0.350 0.095 -0.032 0.000 1.571 0.000
19.524 xd 391 0.350 0.096 -0.029 0.000 1.571 0.000
19.574 xd 392 0.350 0.096 -0.026 0.000 1.571 0.000
19.621 x 387 0.351 0.091 -0.041 0.041 1.571 0.006
19.624 xd 393 0.350 0.097 -0.023 0.000 1.571 0.000
19.646 x 392 0.356 0.099 -0.031 -0.048 1.596 -0.004
19.674 xd 394 0.350 0.098 -0.020 0.000 1.571 0.000
19.687 x 393 0.346 0.103 -0.018 -0.006 1.574 -0.004
19.724 xd 395 0.350 0.099 -0.017 0.000 1.571 0.000
19.774 xd 396 0.350 0.099 -0.014 0.000 1.571 0.000
19.818 x 394 0.350 0.096 -0.026 -0.003 1.570 -0.002
19.824 xd 397 0.350 0.099 -0.011 0.000 1.571 0.000
19.859 x 396 0.348 0.101 -0.016 -0.001 1.558 0.004
19.874 xd 398 0.350 0.100 -0.008 0.000 1.571 0.000
19.924 xd 399 0.350 0.100 -0.005 0.000 1.571 0.000
19.975 xd 400 0.350 0.100 -0.002 0.000 1.571 0.000
20.025 xd 401 0.350 0.100 0.002 0.000 1.571 0.000
20.075 xd 402 0.350 0.100 0.005 0.000 1.571 0.000
20.125 xd 403 0.350 0.100 0.008 0.000 1.571 0.000
20.175 xd 404 0.350 0.099 0.011 0.000 1.571 0.000
20.199 x 397 0.347 0.104 -0.008 -0.000 1.573 0.001
20.225 xd 405 0.350 0.099 0.014 0.000 1.571 0.000
20.229 x 404 0.344 0.099 0.015 0.004 1.564 -0.012
20.275 xd 406 0.350 0.099 0.017 0.000 1.571 0.000
20.325 xd 407 0.350 0.098 0.020 0.000 1.571 0.000
20.331 x 405 0.350 0.099 0.014 -0.019 1.573 0.005
20.360 x 407 0.352 0.097 0.020 0.064 1.633 0.017
20.375 xd 408 0.350 0.097 0.023 0.000 1.571 0.000
20.385 x 407 0.347 0.106 0.020 -0.001 1.572 -0.000
20.425 xd 409 0.350 0.096 0.026 0.000 1.571 0.000
20.475 xd 410 0.350 0.096 0.029 0.000 1.571 0.000
20.525 xd 411 0.350 0.095 0.032 0.000 1.571 0.000
20.535 x 408 0.349 0.095 0.022 0.000 1.576 0.006
20.563 x 411 0.351 0.096 0.030 0.001 1.545 -0.014
20.575 xd 412 0.350 0.094 0.035 0.000 1.571 0.000
20.625 xd 413 0.350 0.092 0.038 0.000 1.571 0.000
20.659 x 411 0.347 0.098 0.029 0.001 1.571 0.000
20.675 xd 414 0.350 0.091 0.041 0.000 1.571 0.000
20.692 x 413 0.347 0.086 0.041 -0.005 1.571 -0.009
20.715 x 414 0.356 0.094 0.038 -0.005 1.582 0.009
20.725 xd 415 0.350 0.090 0.044 0.000 1.571 0.000
20.745 x 414 0.349 0.088 0.046 0.014 1.584 -0.012
20.775 xd 416 0.350 0.088 0.047 0.000 1.571 0.000
20.825 xd 417 0.350 0.087 0.050 0.000 1.571 0.000
20.875 xd 418 0.350 0.085 0.052 0.000 1.571 0.000
20.926 xd 419 0.350 0.084 0.055 0.000 1.571 0.000
20.976 xd 420 0.350 0.082 0.058 0.000 1.571 0.000
21.026 xd 421 0.350 0.080 0.060 0.000 1.571 0.000
21.043 x 415 0.344 0.097 0.040 0.000 1.571 -0.000
21.065 x 421 0.355 0.075 0.059 -0.002 1.569 0.008
21.076 xd 422 0.350 0.078 0.063 0.000 1.571 0.000
21.126 xd 423 0.350 0.076 0.065 0.000 1.571 0.000
21.155 x 421 0.350 0.081 0.057 0.007 1.554 -0.014
21.176 xd 424 0.350 0.074 0.067 0.000 1.571 0.000
21.226 xd 425 0.350 0.072 0.070 0.000 1.571 0.000
21.276 xd 426 0.350 0.070 0.072 0.000 1.571 0.000
21.326 xd 427 0.350 0.067 0.074 0.000 1.571 0.000
21.376 xd 428 0.350 0.065 0.076 0.000 1.571 0.000
21.407 x 423 0.346 0.081 0.061 -0.001 1.571 -0.001
21.426 xd 429 0.350 0.062 0.078 0.000 1.571 0.000
21.443 x 428 0.356 0.062 0.070 0.012 1.569 0.017
21.476 xd 430 0.350 0.060 0.080 0.000 1.571 0.000
21.514 x 429 0.346 0.061 0.076 0.020 1.525 -0.025
21.526 xd 431 0.350 0.057 0.082 0.000 1.571 0.000
21.536 x 430 0.352 0.060 0.073 0.015 1.550 0.004
21.569 x 431 0.347 0.057 0.076 0.005 1.546 -0.011
21.576 xd 432 0.350 0.055 0.084 0.000 1.571 0.000
21.626 xd 433 0.350 0.052 0.085 0.000 1.571 0.000
21.669 x 431 0.352 0.056 0.083 -0.002 1.548 -0.010
21.677 xd 434 0.350 0.049 0.087 0.000 1.571 0.000
21.727 xd 435 0.350 0.047 0.088 0.000 1.571 0.000
21.777 xd 436 0.350 0.044 0.090 0.000 1.571 0.000
21.788 x 433 0.351 0.055 0.082 -0.015 1.579 0.008
21.808 x 436 0.354 0.049 0.087 0.003 1.520 -0.033
21.827 xd 437 0.350 0.041 0.091 0.000 1.571 0.000
21.844 x 436 0.356 0.046 0.082 -0.001 1.542 -0.018
21.877 xd 438 0.350 0.038 0.092 0.000 1.571 0.000
21.881 x 437 0.347 0.046 0.088 -0.006 1.542 -0.016
21.908 x 438 0.350 0.039 0.090 -0.011 1.542 -0.021
21.927 xd 439 0.350 0.035 0.094 0.000 1.571 0.000
21.931 x 438 0.350 0.040 0.088 0.004 1.503 -0.046
21.977 xd 440 0.350 0.032 0.095 0.000 1.571 0.000
22.027 xd 441 0.350 0.029 0.096 0.000 1.571 0.000
22.077 xd 442 0.350 0.026 0.096 0.000 1.571 0.000
22.127 xd 443 0.350 0.023 0.097 0.000 1.571 0.000
22.177 xd 444 0.350 0.020 0.098 0.000 1.571 0.000
22.227 xd 445 0.350 0.017 0.099 0.000 1.571 0.000
22.237 x 439 0.352 0.034 0.087 0.017 1.487 -0.008
22.277 xd 446 0.350 0.014 0.099 0.000 1.571 0.000
22.296 x 445 0.352 0.021 0.090 -0.007 1.564 -0.010
22.327 xd 447 0.350 0.011 0.099 0.000 1.571 0.000
22.378 xd 448 0.350 0.008 0.100 0.000 1.571 0.000
22.428 xd 449 0.350 0.005 0.100 0.000 1.571 0.000
22.478 xd 450 0.350 0.001 0.100 0.000 1.571 0.000
22.528 xd 451 0.350 -0.002 0.100 0.000 1.571 0.000
22.578 xd 452 0.350 -0.005 0.100 0.000 1.571 0.000
22.628 xd 453 0.350 -0.008 0.100 0.000 1.571 0.000
22.648 x 446 0.344 0.021 0.097 -0.001 1.571 -0.001
22.678 xd 454 0.350 -0.011 0.099 0.000 1.571 0.000
22.682 x 453 0.347 -0.007 0.100 -0.010 1.522 -0.056
22.728 xd 455 0.350 -0.014 0.099 0.000 1.571 0.000
22.745 x 454 0.351 -0.010 0.100 -0.005 1.570 -0.000
22.778 xd 456 0.350 -0.017 0.098 0.000 1.571 0.000
22.783 x 455 0.351 -0.014 0.098 -0.063 1.475 -0.057
22.798 x 456 0.353 -0.016 0.096 -0.022 1.411 -0.117
22.828 xd 457 0.350 -0.020 0.098 0.000 1.571 0.000
22.857 x 456 0.348 -0.019 0.090 0.008 1.574 -0.007
22.878 xd 458 0.350 -0.024 0.097 0.000 1.571 0.000
22.928 xd 459 0.350 -0.027 0.096 0.000 1.571 0.000
22.950 x 457 0.351 -0.019 0.096 0.004 1.526 -0.054
22.978 xd 460 0.350 -0.030 0.096 0.000 1.571 0.000
22.989 x 459 0.356 -0.026 0.092 -0.013 1.520 -0.041
23.021 x 460 0.353 -0.026 0.089 -0.022 1.500 -0.080
23.028 xd 461 0.350 -0.033 0.095 0.000 1.571 0.000
23.053 x 460 0.351 -0.029 0.093 -0.075 1.454 -0.098
23.079 xd 462 0.350 -0.036 0.093 0.000 1.571 0.000
23.129 xd 463 0.350 -0.038 0.092 0.000 1.571 0.000
23.179 xd 464 0.350 -0.041 0.091 0.000 1.571 0.000
23.229 xd 465 0.350 -0.044 0.090 0.000 1.571 0.000
23.229 x 461 0.350 -0.033 0.094 0.014 1.506 -0.046
23.279 xd 466 0.350 -0.047 0.088 0.000 1.571 0.000
23.329 xd 467 0.350 -0.050 0.087 0.000 1.571 0.000
23.379 xd 468 0.350 -0.052 0.085 0.000 1.571 0.000
23.429 xd 469 0.350 -0.055 0.083 0.000 1.571 0.000
23.479 xd 470 0.350 -0.058 0.082 0.000 1.571 0.000
23.529 xd 471 0.350 -0.060 0.080 0.000 1.571 0.000
23.548 x 465 0.351 -0.044 0.090 0.020 1.562 -0.009
23.575 x 471 0.350 -0.058 0.076 0.007 1.458 -0.113
23.579 xd 472 0.350 -0.063 0.078 0.000 1.571 0.000
23.629 xd 473 0.350 -0.065 0.076 0.000 1.571 0.000
23.679 xd 474 0.350 -0.068 0.074 0.000 1.571 0.000
23.729 xd 475 0.350 -0.070 0.072 0.000 1.571 0.000
23.751 x 471 0.351 -0.062 0.078 -0.005 1.567 -0.012
23.780 xd 476 0.350 -0.072 0.069 0.000 1.571 0.000
23.830 xd 477 0.350 -0.074 0.067 0.000 1.571 0.000
23.880 xd 478 0.350 -0.076 0.065 0.000 1.571 0.000
23.930 xd 479 0.350 -0.078 0.062 0.000 1.571 0.000
23.980 xd 480 0.350 -0.080 0.060 0.000 1.571 0.000
24.030 xd 481 0.350 -0.082 0.057 0.000 1.571 0.000
24.055 x 475 0.354 -0.071 0.072 0.059 1.574 -0.017
24.080 xd 482 0.350 -0.084 0.055 0.000 1.571 0.000
24.130 xd 483 0.350 -0.085 0.052 0.000 1.571 0.000
24.150 x 481 0.359 -0.079 0.056 -0.007 1.562 -0.025
24.180 xd 484 0.350 -0.087 0.049 0.000 1.571 0.000
24.188 x 483 0.351 -0.085 0.050 -0.005 1.538 -0.025
24.230 xd 485 0.350 -0.089 0.047 0.000 1.571 0.000
24.280 xd 486 0.350 -0.090 0.044 0.000 1.571 0.000
24.330 xd 487 0.350 -0.091 0.041 0.000 1.571 0.000
24.335 x 484 0.350 -0.086 0.048 -0.009 1.565 -0.021
24.379 x 487 0.354 -0.096 0.035 -0.002 1.568 0.009
24.380 xd 488 0.350 -0.093 0.038 0.000 1.571 0.000
24.430 xd 489 0.350 -0.094 0.035 0.000 1.571 0.000
24.445 x 487 0.356 -0.088 0.043 0.005 1.573 -0.003
24.481 xd 490 0.350 -0.095 0.032 0.000 1.571 0.000
24.531 xd 491 0.350 -0.096 0.029 0.000 1.571 0.000
24.575 x 489 0.347 -0.096 0.030 -0.005 1.569 -0.010
24.581 xd 492 0.350 -0.097 0.026 0.000 1.571 0.000
24.631 xd 493 0.350 -0.097 0.023 0.000 1.571 0.000
24.681 xd 494 0.350 -0.098 0.020 0.000 1.571 0.000
24.731 xd 495 0.350 -0.099 0.017 0.000 1.571 0.000
24.759 x 491 0.350 -0.086 0.028 0.004 1.559 -0.007
24.781 xd 496 0.350 -0.099 0.014 0.000 1.571 0.000
24.783 x 495 0.349 -0.098 0.015 0.019 1.474 -0.091
24.831 xd 497 0.350 -0.099 0.011 0.000 1.571 0.000
24.876 x 496 0.348 -0.095 0.008 -0.004 1.565 -0.001
24.881 xd 498 0.350 -0.100 0.007 0.000 1.571 0.000
24.931 xd 499 0.350 -0.100 0.004 0.000 1.571 0.000
24.981 xd 500 0.350 -0.100 0.001 0.000 1.571 0.000
25.031 xd 501 0.350 -0.100 -0.002 0.000 1.571 0.000
25.081 xd 502 0.350 -0.100 -0.005 0.000 1.571 0.000
25.131 xd 503 0.350 -0.100 -0.008 0.000 1.571 0.000
25.182 xd 504 0.350 -0.099 -0.011 0.000 1.571 0.000
25.194 x 497 0.350 -0.099 0.011 0.023 1.567 -0.001
25.232 xd 505 0.350 -0.099 -0.014 0.000 1.571 0.000
25.282 xd 506 0.350 -0.098 -0.018 0.000 1.571 0.000
25.332 xd 507 0.350 -0.098 -0.021 0.000 1.571 0.000
25.343 x 504 0.354 -0.099 -0.011 0.001 1.569 0.005
25.382 xd 508 0.350 -0.097 -0.024 0.000 1.571 0.000
25.399 x 507 0.343 -0.091 -0.018 0.007 1.568 -0.013
25.432 xd 509 0.350 -0.096 -0.027 0.000 1.571 0.000
25.432 x 508 0.350 -0.095 -0.023 -0.029 1.553 -0.048
25.456 x 509 0.340 -0.096 -0.026 -0.000 1.570 0.001
25.482 xd 510 0.350 -0.095 -0.030 0.000 1.571 0.000
25.504 x 509 0.351 -0.097 -0.027 -0.401 1.714 -0.787
25.532 xd 511 0.350 -0.094 -0.033 0.000 1.571 0.000
25.582 xd 512 0.350 -0.093 -0.036 0.000 1.571 0.000
25.632 xd 513 0.350 -0.092 -0.039 0.000 1.571 0.000
25.682 xd 514 0.350 -0.091 -0.042 0.000 1.571 0.000
25.732 xd 515 0.350 -0.090 -0.044 0.000 1.571 0.000
25.759 x 510 0.350 -0.095 -0.030 -0.004 1.573 -0.003
25.782 xd 516 0.350 -0.088 -0.047 0.000 1.571 0.000
25.832 xd 517 0.350 -0.087 -0.050 0.000 1.571 0.000
25.883 xd 518 0.350 -0.085 -0.053 0.000 1.571 0.000
25.895 x 515 0.350 -0.088 -0.044 -0.014 1.567 -0.009
25.921 x 518 0.349 -0.083 -0.051 -0.009 1.569 -0.003
25.933 xd 519 0.350 -0.083 -0.055 0.000 1.571 0.000
25.961 x 518 0.349 -0.087 -0.055 0.058 1.566 -0.005
25.983 xd 520 0.350 -0.082 -0.058 0.000 1.571 0.000
26.011 x 519 0.349 -0.081 -0.057 0.036 1.524 -0.086
26.033 xd 521 0.350 -0.080 -0.060 0.000 1.571 0.000
26.050 x 520 0.347 -0.075 -0.059 -0.040 1.568 -0.017
26.083 xd 522 0.350 -0.078 -0.063 0.000 1.571 0.000
26.133 xd 523 0.350 -0.076 -0.065 0.000 1.571 0.000
26.183 xd 524 0.350 -0.074 -0.068 0.000 1.571 0.000
26.218 x 521 0.350 -0.080 -0.060 -0.002 1.584 -0.007
26.233 xd 525 0.350 -0.071 -0.070 0.000 1.571 0.000
26.283 xd 526 0.350 -0.069 -0.072 0.000 1.571 0.000
26.333 xd 527 0.350 -0.067 -0.074 0.000 1.571 0.000
26.383 xd 528 0.350 -0.065 -0.076 0.000 1.571 0.000
26.416 x 524 0.349 -0.074 -0.068 -0.011 1.565 0.004
26.433 xd 529 0.350 -0.062 -0.078 0.000 1.571 0.000
26.461 x 528 0.352 -0.067 -0.071 0.005 1.570 -0.001
26.483 xd 530 0.350 -0.060 -0.080 0.000 1.571 0.000
26.494 x 529 0.355 -0.064 -0.084 0.002 1.570 0.004
26.533 xd 531 0.350 -0.057 -0.082 0.000 1.571 0.000
26.584 xd 532 0.350 -0.054 -0.084 0.000 1.571 0.000
26.634 xd 533 0.350 -0.052 -0.086 0.000 1.571 0.000
26.668 x 530 0.345 -0.055 -0.079 0.000 1.571 0.001
26.684 xd 534 0.350 -0.049 -0.087 0.000 1.571 0.000
26.713 x 533 0.351 -0.053 -0.089 -0.006 1.554 -0.003
26.734 xd 535 0.350 -0.046 -0.089 0.000 1.571 0.000
26.745 x 534 0.355 -0.043 -0.089 0.009 1.554 -0.034
26.784 xd 536 0.350 -0.043 -0.090 0.000 1.571 0.000
26.834 xd 537 0.350 -0.041 -0.091 0.000 1.571 0.000
26.859 x 535 0.356 -0.050 -0.094 0.004 1.583 0.005
26.884 xd 538 0.350 -0.038 -0.093 0.000 1.571 0.000
26.908 x 537 0.357 -0.042 -0.094 -0.010 1.578 0.002
26.934 xd 539 0.350 -0.035 -0.094 0.000 1.571 0.000
26.984 xd 540 0.350 -0.032 -0.095 0.000 1.571 0.000
27.034 xd 541 0.350 -0.029 -0.096 0.000 1.571 0.000
27.048 x 538 0.350 -0.038 -0.091 -0.019 1.581 0.013
27.084 xd 542 0.350 -0.026 -0.097 0.000 1.571 0.000
27.134 xd 543 0.350 -0.023 -0.097 0.000 1.571 0.000
27.184 xd 544 0.350 -0.020 -0.098 0.000 1.571 0.000
27.216 x 541 0.351 -0.035 -0.092 -0.005 1.567 0.006
27.234 xd 545 0.350 -0.017 -0.099 0.000 1.571 0.000
27.256 x 544 0.350 -0.029 -0.096 0.002 1.565 0.006
27.285 xd 546 0.350 -0.013 -0.099 0.000 1.571 0.000
27.335 xd 547 0.350 -0.010 -0.099 0.000 1.571 0.000
27.385 xd 548 0.350 -0.007 -0.100 0.000 1.571 0.000
27.435 xd 549 0.350 -0.004 -0.100 0.000 1.571 0.000
27.485 xd 550 0.350 -0.001 -0.100 0.000 1.571 0.000
27.535 xd 551 0.350 0.002 -0.100 0.000 1.571 0.000
27.547 x 545 0.350 -0.019 -0.106 0.013 1.569 -0.004
27.578 x 551 0.351 0.004 -0.101 0.021 1.542 -0.058
27.585 xd 552 0.350 0.005 -0.100 0.000 1.571 0.000
27.635 xd 553 0.350 0.008 -0.100 0.000 1.571 0.000
27.685 xd 554 0.350 0.012 -0.099 0.000 1.571 0.000
27.734 x 551 0.347 0.006 -0.097 -0.003 1.579 -0.000
27.735 xd 555 0.350 0.015 -0.099 0.000 1.571 0.000
27.785 xd 556 0.350 0.018 -0.098 0.000 1.571 0.000
27.835 xd 557 0.350 0.021 -0.098 0.000 1.571 0.000
27.885 xd 558 0.350 0.024 -0.097 0.000 1.571 0.000
27.935 xd 559 0.350 0.027 -0.096 0.000 1.571 0.000
27.941 x 554 0.352 0.009 -0.100 0.011 1.574 -0.002
27.985 xd 560 0.350 0.030 -0.095 0.000 1.571 0.000
28.036 xd 561 0.350 0.033 -0.094 0.000 1.571 0.000
28.086 xd 562 0.350 0.036 -0.093 0.000 1.571 0.000
28.136 xd 563 0.350 0.039 -0.092 0.000 1.571 0.000
