0.001 xd 1 0.350 0.100 0.000 0.000 1.571 0.000
0.051 xd 2 0.350 0.099 0.013 0.000 1.571 0.000
0.101 xd 3 0.350 0.097 0.025 0.000 1.571 0.000
0.151 xd 4 0.350 0.093 0.037 0.000 1.571 0.000
0.201 xd 5 0.350 0.087 0.048 0.000 1.571 0.000
0.224 x 1 0.343 0.107 0.000 0.000 1.570 0.000
0.251 xd 6 0.350 0.081 0.059 0.000 1.571 0.000
0.301 x 5 0.352 0.089 0.048 0.002 1.557 -0.018
0.301 xd 7 0.350 0.073 0.069 0.000 1.571 0.000
0.352 xd 8 0.350 0.063 0.077 0.000 1.571 0.000
0.402 xd 9 0.350 0.053 0.085 0.000 1.571 0.000
0.428 x 6 0.350 0.081 0.058 0.023 1.528 -0.015
0.452 xd 10 0.350 0.042 0.091 0.000 1.571 0.000
0.488 x 9 0.348 0.054 0.082 0.042 1.502 -0.035
0.502 xd 11 0.350 0.030 0.095 0.000 1.571 0.000
0.551 x 10 0.354 0.044 0.085 -0.005 1.543 -0.022
0.552 xd 12 0.350 0.018 0.098 0.000 1.571 0.000
0.602 xd 13 0.350 0.006 0.100 0.000 1.571 0.000
0.608 x 11 0.346 0.031 0.097 -0.012 1.572 0.005
0.652 xd 14 0.350 -0.007 0.100 0.000 1.571 0.000
0.661 x 13 0.352 0.008 0.099 -0.017 1.491 -0.081
0.702 xd 15 0.350 -0.019 0.098 0.000 1.571 0.000
0.721 x 14 0.350 -0.007 0.099 -0.086 1.460 -0.080
0.752 xd 16 0.350 -0.031 0.095 0.000 1.571 0.000
0.775 x 15 0.350 -0.015 0.102 -0.003 1.582 0.000
0.802 xd 17 0.350 -0.043 0.090 0.000 1.571 0.000
0.839 x 16 0.348 -0.031 0.098 -0.003 1.563 -0.001
0.852 xd 18 0.350 -0.054 0.084 0.000 1.571 0.000
0.884 x 17 0.347 -0.041 0.090 0.011 1.455 -0.097
0.902 xd 19 0.350 -0.064 0.077 0.000 1.571 0.000
0.927 x 18 0.353 -0.048 0.081 -0.022 1.503 -0.086
0.952 xd 20 0.350 -0.073 0.068 0.000 1.571 0.000
0.978 x 19 0.351 -0.064 0.076 -0.035 1.510 -0.036
1.002 xd 21 0.350 -0.081 0.058 0.000 1.571 0.000
1.021 x 20 0.353 -0.072 0.064 -0.049 1.456 -0.123
1.053 xd 22 0.350 -0.088 0.048 0.000 1.571 0.000
1.065 x 21 0.352 -0.081 0.055 -0.021 1.502 -0.077
1.103 xd 23 0.350 -0.093 0.036 0.000 1.571 0.000
1.153 xd 24 0.350 -0.097 0.024 0.000 1.571 0.000
1.203 xd 25 0.350 -0.099 0.012 0.000 1.571 0.000
1.253 xd 26 0.350 -0.100 -0.001 0.000 1.571 0.000
1.303 xd 27 0.350 -0.099 -0.013 0.000 1.571 0.000
1.316 x 22 0.349 -0.084 0.041 -0.001 1.571 -0.002
1.353 xd 28 0.350 -0.097 -0.026 0.000 1.571 0.000
1.403 xd 29 0.350 -0.093 -0.038 0.000 1.571 0.000
1.453 xd 30 0.350 -0.087 -0.049 0.000 1.571 0.000
1.503 xd 31 0.350 -0.080 -0.059 0.000 1.571 0.000
1.553 xd 32 0.350 -0.072 -0.069 0.000 1.571 0.000
1.603 xd 33 0.350 -0.063 -0.078 0.000 1.571 0.000
1.606 x 27 0.352 -0.094 -0.020 -0.001 1.570 -0.000
1.653 xd 34 0.350 -0.053 -0.085 0.000 1.571 0.000
1.664 x 33 0.349 -0.063 -0.077 0.000 1.571 -0.001
1.703 xd 35 0.350 -0.042 -0.091 0.000 1.571 0.000
1.724 x 34 0.342 -0.052 -0.082 0.002 1.564 -0.010
1.754 xd 36 0.350 -0.030 -0.095 0.000 1.571 0.000
1.804 xd 37 0.350 -0.018 -0.098 0.000 1.571 0.000
1.854 xd 38 0.350 -0.005 -0.100 0.000 1.571 0.000
1.904 xd 39 0.350 0.007 -0.100 0.000 1.571 0.000
1.954 xd 40 0.350 0.020 -0.098 0.000 1.571 0.000
2.004 xd 41 0.350 0.032 -0.095 0.000 1.571 0.000
2.022 x 35 0.348 -0.036 -0.083 0.000 1.570 -0.001
2.054 xd 42 0.350 0.043 -0.090 0.000 1.571 0.000
2.104 xd 43 0.350 0.054 -0.084 0.000 1.571 0.000
2.154 xd 44 0.350 0.065 -0.076 0.000 1.571 0.000
2.204 xd 45 0.350 0.074 -0.068 0.000 1.571 0.000
2.250 x 41 0.351 0.033 -0.094 -0.008 1.574 0.006
2.254 xd 46 0.350 0.082 -0.058 0.000 1.571 0.000
2.300 x 45 0.348 0.078 -0.073 0.001 1.549 -0.013
2.304 xd 47 0.350 0.088 -0.047 0.000 1.571 0.000
2.322 x 46 0.354 0.082 -0.062 0.061 1.571 -0.023
2.354 xd 48 0.350 0.093 -0.036 0.000 1.571 0.000
2.366 x 47 0.350 0.089 -0.047 0.001 1.572 -0.000
2.404 xd 49 0.350 0.097 -0.024 0.000 1.571 0.000
2.454 xd 50 0.350 0.099 -0.011 0.000 1.571 0.000
2.505 xd 51 0.350 0.100 0.001 0.000 1.571 0.000
2.555 xd 52 0.350 0.099 0.014 0.000 1.571 0.000
2.605 xd 53 0.350 0.097 0.026 0.000 1.571 0.000
2.655 xd 54 0.350 0.093 0.038 0.000 1.571 0.000
2.705 xd 55 0.350 0.087 0.049 0.000 1.571 0.000
2.725 x 48 0.349 0.094 -0.037 -0.014 1.556 -0.001
2.755 xd 56 0.350 0.080 0.060 0.000 1.571 0.000
2.805 xd 57 0.350 0.072 0.069 0.000 1.571 0.000
2.819 x 55 0.352 0.084 0.050 0.017 1.567 -0.009
2.855 xd 58 0.350 0.063 0.078 0.000 1.571 0.000
2.905 xd 59 0.350 0.052 0.085 0.000 1.571 0.000
2.955 xd 60 0.350 0.041 0.091 0.000 1.571 0.000
2.991 x 57 0.351 0.072 0.069 0.015 1.586 0.002
3.005 xd 61 0.350 0.030 0.096 0.000 1.571 0.000
3.043 x 60 0.350 0.041 0.089 -0.026 1.510 -0.046
3.055 xd 62 0.350 0.017 0.098 0.000 1.571 0.000
3.079 x 61 0.352 0.032 0.095 -0.022 1.497 -0.050
3.105 xd 63 0.350 0.005 0.100 0.000 1.571 0.000
3.117 x 62 0.351 0.019 0.096 -0.007 1.503 -0.059
3.155 xd 64 0.350 -0.008 0.100 0.000 1.571 0.000
3.206 xd 65 0.350 -0.020 0.098 0.000 1.571 0.000
3.256 xd 66 0.350 -0.032 0.095 0.000 1.571 0.000
3.290 x 63 0.344 0.001 0.097 -0.016 1.565 -0.000
3.306 xd 67 0.350 -0.044 0.090 0.000 1.571 0.000
3.356 xd 68 0.350 -0.055 0.084 0.000 1.571 0.000
3.406 xd 69 0.350 -0.065 0.076 0.000 1.571 0.000
3.456 xd 70 0.350 -0.074 0.067 0.000 1.571 0.000
3.503 x 66 0.345 -0.026 0.094 -0.001 1.580 0.001
3.506 xd 71 0.350 -0.082 0.058 0.000 1.571 0.000
3.556 xd 72 0.350 -0.088 0.047 0.000 1.571 0.000
3.606 xd 73 0.350 -0.094 0.035 0.000 1.571 0.000
3.656 xd 74 0.350 -0.097 0.023 0.000 1.571 0.000
3.673 x 70 0.350 -0.069 0.063 0.000 1.573 0.001
3.706 xd 75 0.350 -0.099 0.011 0.000 1.571 0.000
3.756 xd 76 0.350 -0.100 -0.002 0.000 1.571 0.000
3.806 xd 77 0.350 -0.099 -0.014 0.000 1.571 0.000
3.856 xd 78 0.350 -0.096 -0.026 0.000 1.571 0.000
3.903 x 74 0.349 -0.095 0.031 0.001 1.574 0.002
3.907 xd 79 0.350 -0.092 -0.038 0.000 1.571 0.000
3.957 xd 80 0.350 -0.087 -0.050 0.000 1.571 0.000
4.007 xd 81 0.350 -0.080 -0.060 0.000 1.571 0.000
4.057 xd 82 0.350 -0.072 -0.070 0.000 1.571 0.000
4.066 x 78 0.352 -0.092 -0.033 -0.005 1.569 0.005
4.107 xd 83 0.350 -0.062 -0.078 0.000 1.571 0.000
4.117 x 82 0.351 -0.070 -0.073 0.045 1.487 -0.140
4.157 xd 84 0.350 -0.052 -0.085 0.000 1.571 0.000
4.207 xd 85 0.350 -0.041 -0.091 0.000 1.571 0.000
4.257 xd 86 0.350 -0.029 -0.096 0.000 1.571 0.000
4.307 xd 87 0.350 -0.017 -0.099 0.000 1.571 0.000
4.352 x 83 0.348 -0.057 -0.071 -0.001 1.571 0.000
4.357 xd 88 0.350 -0.004 -0.100 0.000 1.571 0.000
4.402 x 87 0.349 -0.016 -0.103 -0.001 1.573 0.001
4.407 xd 89 0.350 0.008 -0.100 0.000 1.571 0.000
4.457 xd 90 0.350 0.021 -0.098 0.000 1.571 0.000
4.507 xd 91 0.350 0.033 -0.095 0.000 1.571 0.000
4.557 xd 92 0.350 0.044 -0.090 0.000 1.571 0.000
4.600 x 88 0.342 -0.008 -0.101 -0.007 1.566 0.004
4.607 xd 93 0.350 0.055 -0.083 0.000 1.571 0.000
4.645 x 92 0.344 0.045 -0.088 -0.006 1.568 0.008
4.658 xd 94 0.350 0.065 -0.076 0.000 1.571 0.000
4.693 x 93 0.349 0.057 -0.085 0.021 1.567 0.005
4.708 xd 95 0.350 0.074 -0.067 0.000 1.571 0.000
4.727 x 94 0.356 0.063 -0.078 0.001 1.574 -0.003
4.756 x 95 0.353 0.073 -0.065 0.005 1.560 -0.011
4.758 xd 96 0.350 0.082 -0.057 0.000 1.571 0.000
4.808 xd 97 0.350 0.089 -0.046 0.000 1.571 0.000
4.858 xd 98 0.350 0.094 -0.035 0.000 1.571 0.000
4.908 xd 99 0.350 0.097 -0.023 0.000 1.571 0.000
4.958 xd 100 0.350 0.099 -0.011 0.000 1.571 0.000
4.983 x 95 0.353 0.080 -0.060 0.000 1.571 0.001
5.008 xd 101 0.350 0.100 0.002 0.000 1.571 0.000
5.013 x 100 0.355 0.096 -0.012 -0.003 1.570 0.011
5.058 xd 102 0.350 0.099 0.015 0.000 1.571 0.000
5.072 x 101 0.350 0.100 0.002 -0.022 1.572 -0.027
5.108 xd 103 0.350 0.096 0.027 0.000 1.571 0.000
5.139 x 102 0.350 0.098 0.015 -0.002 1.571 0.002
5.158 xd 104 0.350 0.092 0.039 0.000 1.571 0.000
5.208 xd 105 0.350 0.087 0.050 0.000 1.571 0.000
5.258 xd 106 0.350 0.080 0.060 0.000 1.571 0.000
5.308 xd 107 0.350 0.071 0.070 0.000 1.571 0.000
5.314 x 103 0.350 0.104 0.029 0.020 1.563 -0.006
5.359 xd 108 0.350 0.062 0.078 0.000 1.571 0.000
5.395 x 107 0.351 0.073 0.068 0.000 1.570 0.000
5.409 xd 109 0.350 0.052 0.086 0.000 1.571 0.000
5.422 x 108 0.347 0.062 0.070 -0.007 1.577 0.005
5.459 xd 110 0.350 0.041 0.091 0.000 1.571 0.000
5.509 xd 111 0.350 0.029 0.096 0.000 1.571 0.000
5.559 xd 112 0.350 0.017 0.099 0.000 1.571 0.000
5.609 xd 113 0.350 0.004 0.100 0.000 1.571 0.000
5.659 xd 114 0.350 -0.009 0.100 0.000 1.571 0.000
5.709 xd 115 0.350 -0.021 0.098 0.000 1.571 0.000
5.759 xd 116 0.350 -0.033 0.094 0.000 1.571 0.000
5.809 xd 117 0.350 -0.045 0.089 0.000 1.571 0.000
5.840 x 109 0.351 0.051 0.087 0.002 1.571 -0.001
5.859 xd 118 0.350 -0.056 0.083 0.000 1.571 0.000
5.909 xd 119 0.350 -0.066 0.076 0.000 1.571 0.000
5.959 xd 120 0.350 -0.074 0.067 0.000 1.571 0.000
6.009 xd 121 0.350 -0.082 0.057 0.000 1.571 0.000
6.060 xd 122 0.350 -0.089 0.046 0.000 1.571 0.000
6.071 x 117 0.347 -0.036 0.086 -0.000 1.571 0.001
6.110 xd 123 0.350 -0.094 0.035 0.000 1.571 0.000
6.160 xd 124 0.350 -0.097 0.023 0.000 1.571 0.000
6.210 xd 125 0.350 -0.099 0.010 0.000 1.571 0.000
6.259 x 122 0.354 -0.082 0.052 -0.001 1.569 0.008
6.260 xd 126 0.350 -0.100 -0.002 0.000 1.571 0.000
6.310 xd 127 0.350 -0.099 -0.015 0.000 1.571 0.000
6.352 x 125 0.348 -0.099 0.009 -0.013 1.510 -0.033
6.360 xd 128 0.350 -0.096 -0.027 0.000 1.571 0.000
6.385 x 127 0.349 -0.097 -0.023 0.001 1.537 -0.081
6.410 xd 129 0.350 -0.092 -0.039 0.000 1.571 0.000
6.460 xd 130 0.350 -0.086 -0.050 0.000 1.571 0.000
6.494 x 128 0.342 -0.099 -0.024 -0.001 1.570 0.002
6.510 xd 131 0.350 -0.079 -0.061 0.000 1.571 0.000
6.560 xd 132 0.350 -0.071 -0.070 0.000 1.571 0.000
6.610 xd 133 0.350 -0.062 -0.079 0.000 1.571 0.000
6.637 x 130 0.344 -0.081 -0.050 0.011 1.555 0.004
6.660 xd 134 0.350 -0.051 -0.086 0.000 1.571 0.000
6.710 xd 135 0.350 -0.040 -0.092 0.000 1.571 0.000
6.761 xd 136 0.350 -0.028 -0.096 0.000 1.571 0.000
6.811 xd 137 0.350 -0.016 -0.099 0.000 1.571 0.000
6.828 x 133 0.357 -0.065 -0.079 0.021 1.583 0.006
6.861 xd 138 0.350 -0.004 -0.100 0.000 1.571 0.000
6.865 x 137 0.353 -0.016 -0.094 -0.009 1.571 -0.000
6.897 x 138 0.348 -0.003 -0.094 0.001 1.572 0.001
6.911 xd 139 0.350 0.009 -0.100 0.000 1.571 0.000
6.941 x 138 0.350 -0.004 -0.099 -0.017 1.571 0.000
6.961 xd 140 0.350 0.021 -0.098 0.000 1.571 0.000
6.998 x 139 0.350 0.009 -0.100 0.019 1.557 -0.027
7.011 xd 141 0.350 0.033 -0.094 0.000 1.571 0.000
7.041 x 140 0.350 0.016 -0.101 0.002 1.569 0.002
7.061 xd 142 0.350 0.045 -0.089 0.000 1.571 0.000
7.111 xd 143 0.350 0.056 -0.083 0.000 1.571 0.000
7.161 xd 144 0.350 0.066 -0.075 0.000 1.571 0.000
7.211 xd 145 0.350 0.075 -0.066 0.000 1.571 0.000
7.261 xd 146 0.350 0.083 -0.056 0.000 1.571 0.000
7.263 x 141 0.350 0.034 -0.094 -0.003 1.568 -0.001
7.311 xd 147 0.350 0.089 -0.046 0.000 1.571 0.000
7.339 x 146 0.350 0.083 -0.056 0.008 1.572 0.001
7.361 xd 148 0.350 0.094 -0.034 0.000 1.571 0.000
7.364 x 147 0.348 0.089 -0.045 0.001 1.570 -0.002
7.411 xd 149 0.350 0.098 -0.022 0.000 1.571 0.000
7.462 xd 150 0.350 0.100 -0.010 0.000 1.571 0.000
7.512 xd 151 0.350 0.100 0.003 0.000 1.571 0.000
7.562 xd 152 0.350 0.099 0.015 0.000 1.571 0.000
7.612 xd 153 0.350 0.096 0.028 0.000 1.571 0.000
7.633 x 148 0.349 0.094 -0.033 0.004 1.575 0.007
7.653 x 153 0.358 0.096 0.033 0.006 1.575 0.007
7.662 xd 154 0.350 0.092 0.040 0.000 1.571 0.000
7.688 x 153 0.355 0.093 0.030 0.007 1.603 0.028
7.712 xd 155 0.350 0.086 0.051 0.000 1.571 0.000
7.762 xd 156 0.350 0.079 0.061 0.000 1.571 0.000
7.812 xd 157 0.350 0.071 0.071 0.000 1.571 0.000
7.862 xd 158 0.350 0.061 0.079 0.000 1.571 0.000
7.911 x 154 0.349 0.091 0.041 -0.006 1.574 -0.001
7.912 xd 159 0.350 0.051 0.086 0.000 1.571 0.000
7.962 xd 160 0.350 0.040 0.092 0.000 1.571 0.000
8.012 xd 161 0.350 0.028 0.096 0.000 1.571 0.000
8.062 xd 162 0.350 0.016 0.099 0.000 1.571 0.000
8.112 xd 163 0.350 0.003 0.100 0.000 1.571 0.000
8.157 x 158 0.344 0.066 0.077 0.000 1.565 -0.001
8.163 xd 164 0.350 -0.009 0.100 0.000 1.571 0.000
8.213 xd 165 0.350 -0.022 0.098 0.000 1.571 0.000
8.246 x 163 0.351 0.004 0.099 0.017 1.417 -0.092
8.263 xd 166 0.350 -0.034 0.094 0.000 1.571 0.000
8.298 x 165 0.346 -0.019 0.096 -0.016 1.451 -0.165
8.313 xd 167 0.350 -0.045 0.089 0.000 1.571 0.000
8.363 xd 168 0.350 -0.056 0.083 0.000 1.571 0.000
8.413 xd 169 0.350 -0.066 0.075 0.000 1.571 0.000
8.463 xd 170 0.350 -0.075 0.066 0.000 1.571 0.000
8.513 xd 171 0.350 -0.083 0.056 0.000 1.571 0.000
8.563 xd 172 0.350 -0.089 0.045 0.000 1.571 0.000
8.613 xd 173 0.350 -0.094 0.034 0.000 1.571 0.000
8.663 xd 174 0.350 -0.098 0.022 0.000 1.571 0.000
8.688 x 166 0.345 -0.032 0.088 0.000 1.572 0.002
8.713 xd 175 0.350 -0.100 0.009 0.000 1.571 0.000
8.731 x 174 0.350 -0.097 0.017 -0.009 1.565 -0.010
8.763 xd 176 0.350 -0.100 -0.003 0.000 1.571 0.000
8.764 x 175 0.348 -0.093 0.006 0.001 1.561 0.004
8.813 xd 177 0.350 -0.099 -0.016 0.000 1.571 0.000
8.827 x 176 0.350 -0.100 -0.004 -0.003 1.573 -0.002
8.863 xd 178 0.350 -0.096 -0.028 0.000 1.571 0.000
8.914 xd 179 0.350 -0.092 -0.040 0.000 1.571 0.000
8.916 x 177 0.350 -0.104 -0.017 0.015 1.578 0.024
8.964 xd 180 0.350 -0.086 -0.051 0.000 1.571 0.000
9.014 xd 181 0.350 -0.079 -0.062 0.000 1.571 0.000
9.042 x 179 0.343 -0.088 -0.036 0.006 1.570 -0.001
9.064 xd 182 0.350 -0.070 -0.071 0.000 1.571 0.000
9.114 xd 183 0.350 -0.061 -0.079 0.000 1.571 0.000
9.164 xd 184 0.350 -0.051 -0.086 0.000 1.571 0.000
9.168 x 181 0.342 -0.080 -0.060 -0.001 1.558 0.012
9.200 x 184 0.352 -0.049 -0.084 0.001 1.567 -0.026
9.214 xd 185 0.350 -0.039 -0.092 0.000 1.571 0.000
9.264 xd 186 0.350 -0.028 -0.096 0.000 1.571 0.000
9.314 xd 187 0.350 -0.015 -0.099 0.000 1.571 0.000
9.364 xd 188 0.350 -0.003 -0.100 0.000 1.571 0.000
9.414 xd 189 0.350 0.010 -0.100 0.000 1.571 0.000
9.464 xd 190 0.350 0.022 -0.097 0.000 1.571 0.000
9.471 x 184 0.350 -0.054 -0.079 0.001 1.572 0.003
9.501 x 190 0.347 0.028 -0.095 -0.027 1.572 0.005
9.514 xd 191 0.350 0.034 -0.094 0.000 1.571 0.000
9.564 xd 192 0.350 0.046 -0.089 0.000 1.571 0.000
9.580 x 190 0.352 0.019 -0.100 0.002 1.573 0.005
9.615 xd 193 0.350 0.057 -0.082 0.000 1.571 0.000
9.665 xd 194 0.350 0.067 -0.075 0.000 1.571 0.000
9.715 xd 195 0.350 0.075 -0.066 0.000 1.571 0.000
9.726 x 192 0.353 0.052 -0.089 -0.002 1.562 -0.014
9.762 x 195 0.348 0.084 -0.066 0.011 1.580 0.013
9.765 xd 196 0.350 0.083 -0.056 0.000 1.571 0.000
9.815 xd 197 0.350 0.089 -0.045 0.000 1.571 0.000
9.856 x 195 0.354 0.082 -0.063 -0.013 1.573 0.004
9.865 xd 198 0.350 0.094 -0.033 0.000 1.571 0.000
9.912 x 197 0.356 0.085 -0.044 -0.038 1.581 0.016
9.915 xd 199 0.350 0.098 -0.021 0.000 1.571 0.000
9.965 xd 200 0.350 0.100 -0.009 0.000 1.571 0.000
10.015 xd 201 0.350 0.100 0.004 0.000 1.571 0.000
10.026 x 198 0.349 0.096 -0.038 -0.004 1.576 -0.001
10.065 xd 202 0.350 0.099 0.016 0.000 1.571 0.000
10.115 xd 203 0.350 0.096 0.029 0.000 1.571 0.000
10.165 xd 204 0.350 0.091 0.040 0.000 1.571 0.000
10.215 xd 205 0.350 0.086 0.052 0.000 1.571 0.000
10.235 x 201 0.349 0.099 0.003 0.001 1.578 0.002
10.256 x 205 0.345 0.082 0.049 0.000 1.574 0.006
10.265 xd 206 0.350 0.079 0.062 0.000 1.571 0.000
10.309 x 205 0.351 0.086 0.051 -0.002 1.568 -0.005
10.316 xd 207 0.350 0.070 0.071 0.000 1.571 0.000
10.366 xd 208 0.350 0.061 0.079 0.000 1.571 0.000
10.416 xd 209 0.350 0.050 0.086 0.000 1.571 0.000
10.466 xd 210 0.350 0.039 0.092 0.000 1.571 0.000
10.516 xd 211 0.350 0.027 0.096 0.000 1.571 0.000
10.519 x 206 0.350 0.078 0.062 0.013 1.568 -0.003
10.566 xd 212 0.350 0.015 0.099 0.000 1.571 0.000
10.616 xd 213 0.350 0.002 0.100 0.000 1.571 0.000
10.666 xd 214 0.350 -0.010 0.099 0.000 1.571 0.000
10.716 xd 215 0.350 -0.023 0.097 0.000 1.571 0.000
10.758 x 211 0.351 0.036 0.092 0.001 1.571 -0.000
10.766 xd 216 0.350 -0.035 0.094 0.000 1.571 0.000
10.815 x 215 0.341 -0.026 0.100 -0.002 1.571 0.003
10.816 xd 217 0.350 -0.046 0.089 0.000 1.571 0.000
10.866 xd 218 0.350 -0.057 0.082 0.000 1.571 0.000
10.916 xd 219 0.350 -0.067 0.074 0.000 1.571 0.000
10.966 xd 220 0.350 -0.076 0.065 0.000 1.571 0.000
10.972 x 216 0.344 -0.032 0.093 0.036 1.526 -0.013
11.017 xd 221 0.350 -0.083 0.055 0.000 1.571 0.000
11.028 x 220 0.354 -0.074 0.060 -0.037 1.513 -0.078
11.067 xd 222 0.350 -0.090 0.044 0.000 1.571 0.000
11.095 x 221 0.350 -0.082 0.055 0.016 1.536 -0.040
11.117 xd 223 0.350 -0.094 0.033 0.000 1.571 0.000
11.167 xd 224 0.350 -0.098 0.021 0.000 1.571 0.000
11.207 x 222 0.350 -0.089 0.043 0.011 1.551 -0.022
11.217 xd 225 0.350 -0.100 0.008 0.000 1.571 0.000
11.232 x 224 0.351 -0.098 0.018 0.055 1.479 -0.118
11.267 xd 226 0.350 -0.100 -0.004 0.000 1.571 0.000
11.269 x 225 0.348 -0.092 0.004 -0.007 1.558 -0.034
11.317 xd 227 0.350 -0.099 -0.017 0.000 1.571 0.000
11.367 xd 228 0.350 -0.096 -0.029 0.000 1.571 0.000
11.417 xd 229 0.350 -0.091 -0.041 0.000 1.571 0.000
11.437 x 226 0.348 -0.092 -0.010 -0.000 1.571 0.000
11.467 xd 230 0.350 -0.085 -0.052 0.000 1.571 0.000
11.480 x 229 0.351 -0.089 -0.041 -0.009 1.561 -0.038
11.517 xd 231 0.350 -0.078 -0.062 0.000 1.571 0.000
11.545 x 230 0.356 -0.083 -0.057 0.002 1.532 -0.078
11.567 xd 232 0.350 -0.070 -0.072 0.000 1.571 0.000
11.588 x 231 0.347 -0.078 -0.063 -0.003 1.573 0.003
11.602 x 232 0.354 -0.065 -0.069 0.004 1.579 -0.012
11.617 xd 233 0.350 -0.060 -0.080 0.000 1.571 0.000
11.667 xd 234 0.350 -0.050 -0.087 0.000 1.571 0.000
11.718 xd 235 0.350 -0.039 -0.092 0.000 1.571 0.000
11.731 x 232 0.346 -0.065 -0.068 0.001 1.572 0.000
11.768 xd 236 0.350 -0.027 -0.096 0.000 1.571 0.000
11.778 x 235 0.353 -0.035 -0.085 -0.002 1.568 0.012
11.801 x 236 0.352 -0.023 -0.101 -0.009 1.558 0.003
11.818 xd 237 0.350 -0.014 -0.099 0.000 1.571 0.000
11.868 xd 238 0.350 -0.002 -0.100 0.000 1.571 0.000
11.918 xd 239 0.350 0.011 -0.099 0.000 1.571 0.000
11.955 x 236 0.344 -0.021 -0.094 0.002 1.570 0.003
11.968 xd 240 0.350 0.023 -0.097 0.000 1.571 0.000
11.988 x 239 0.350 0.012 -0.099 -0.000 1.557 -0.028
12.001 x 240 0.346 0.019 -0.090 -0.005 1.571 -0.001
12.018 xd 241 0.350 0.035 -0.094 0.000 1.571 0.000
12.068 xd 242 0.350 0.047 -0.088 0.000 1.571 0.000
12.071 x 240 0.352 0.024 -0.096 0.001 1.568 -0.003
12.101 x 242 0.352 0.046 -0.090 0.009 1.569 -0.001
12.118 xd 243 0.350 0.057 -0.082 0.000 1.571 0.000
12.139 x 242 0.349 0.047 -0.088 -0.000 1.570 -0.001
12.168 xd 244 0.350 0.067 -0.074 0.000 1.571 0.000
12.194 x 243 0.351 0.057 -0.083 -0.004 1.574 0.003
12.218 xd 245 0.350 0.076 -0.065 0.000 1.571 0.000
12.221 x 244 0.349 0.058 -0.076 0.008 1.574 -0.002
12.267 x 245 0.349 0.076 -0.067 0.002 1.565 0.001
12.268 xd 246 0.350 0.084 -0.055 0.000 1.571 0.000
12.302 x 245 0.354 0.085 -0.066 -0.001 1.574 0.002
12.318 xd 247 0.350 0.090 -0.044 0.000 1.571 0.000
12.350 x 246 0.352 0.083 -0.057 0.014 1.572 -0.006
12.368 xd 248 0.350 0.095 -0.032 0.000 1.571 0.000
12.419 xd 249 0.350 0.098 -0.020 0.000 1.571 0.000
12.469 xd 250 0.350 0.100 -0.008 0.000 1.571 0.000
12.519 xd 251 0.350 0.100 0.005 0.000 1.571 0.000
12.569 xd 252 0.350 0.099 0.017 0.000 1.571 0.000
12.576 x 247 0.349 0.090 -0.043 -0.041 1.570 0.003
12.619 xd 253 0.350 0.096 0.029 0.000 1.571 0.000
12.624 x 252 0.350 0.092 0.025 0.006 1.572 -0.000
12.669 xd 254 0.350 0.091 0.041 0.000 1.571 0.000
12.719 xd 255 0.350 0.085 0.052 0.000 1.571 0.000
12.769 xd 256 0.350 0.078 0.063 0.000 1.571 0.000
12.801 x 253 0.348 0.095 0.027 -0.002 1.572 0.002
12.819 xd 257 0.350 0.070 0.072 0.000 1.571 0.000
12.869 xd 258 0.350 0.060 0.080 0.000 1.571 0.000
12.879 x 256 0.351 0.078 0.061 0.009 1.558 -0.006
12.899 x 258 0.356 0.065 0.074 0.008 1.572 0.000
12.919 xd 259 0.350 0.049 0.087 0.000 1.571 0.000
12.968 x 258 0.347 0.065 0.074 0.054 1.500 -0.028
12.969 xd 260 0.350 0.038 0.092 0.000 1.571 0.000
13.019 xd 261 0.350 0.026 0.096 0.000 1.571 0.000
13.069 xd 262 0.350 0.014 0.099 0.000 1.571 0.000
13.120 xd 263 0.350 0.001 0.100 0.000 1.571 0.000
13.151 x 259 0.353 0.051 0.087 -0.026 1.574 0.011
13.170 xd 264 0.350 -0.011 0.099 0.000 1.571 0.000
13.220 xd 265 0.350 -0.024 0.097 0.000 1.571 0.000
13.270 xd 266 0.350 -0.036 0.093 0.000 1.571 0.000
13.320 xd 267 0.350 -0.047 0.088 0.000 1.571 0.000
13.368 x 263 0.350 0.002 0.100 0.022 1.534 -0.030
13.370 xd 268 0.350 -0.058 0.082 0.000 1.571 0.000
13.420 xd 269 0.350 -0.068 0.074 0.000 1.571 0.000
13.430 x 267 0.350 -0.047 0.088 -0.023 1.576 0.002
13.470 xd 270 0.350 -0.076 0.065 0.000 1.571 0.000
13.520 xd 271 0.350 -0.084 0.055 0.000 1.571 0.000
13.535 x 269 0.350 -0.069 0.069 0.034 1.494 -0.048
13.570 xd 272 0.350 -0.090 0.044 0.000 1.571 0.000
13.580 x 271 0.350 -0.082 0.051 0.038 1.477 -0.075
13.620 xd 273 0.350 -0.095 0.032 0.000 1.571 0.000
13.670 xd 274 0.350 -0.098 0.020 0.000 1.571 0.000
13.720 xd 275 0.350 -0.100 0.007 0.000 1.571 0.000
13.770 xd 276 0.350 -0.100 -0.005 0.000 1.571 0.000
13.799 x 272 0.353 -0.091 0.043 0.061 1.571 -0.018
13.821 xd 277 0.350 -0.098 -0.018 0.000 1.571 0.000
13.836 x 276 0.349 -0.096 -0.006 0.012 1.550 -0.042
13.871 xd 278 0.350 -0.095 -0.030 0.000 1.571 0.000
13.878 x 277 0.350 -0.098 -0.018 0.029 1.543 -0.037
13.921 xd 279 0.350 -0.091 -0.042 0.000 1.571 0.000
13.971 xd 280 0.350 -0.085 -0.053 0.000 1.571 0.000
14.021 xd 281 0.350 -0.078 -0.063 0.000 1.571 0.000
14.071 xd 282 0.350 -0.069 -0.072 0.000 1.571 0.000
14.098 x 278 0.346 -0.087 -0.030 0.001 1.569 0.001
14.121 xd 283 0.350 -0.060 -0.080 0.000 1.571 0.000
14.171 xd 284 0.350 -0.049 -0.087 0.000 1.571 0.000
14.221 xd 285 0.350 -0.038 -0.093 0.000 1.571 0.000
14.271 xd 286 0.350 -0.026 -0.097 0.000 1.571 0.000
14.299 x 282 0.354 -0.068 -0.067 -0.001 1.571 -0.000
14.321 xd 287 0.350 -0.013 -0.099 0.000 1.571 0.000
14.347 x 286 0.351 -0.025 -0.097 0.003 1.574 0.004
14.371 xd 288 0.350 -0.001 -0.100 0.000 1.571 0.000
14.402 x 287 0.350 -0.014 -0.099 0.005 1.564 -0.010
14.421 xd 289 0.350 0.012 -0.099 0.000 1.571 0.000
14.471 xd 290 0.350 0.024 -0.097 0.000 1.571 0.000
14.522 xd 291 0.350 0.036 -0.093 0.000 1.571 0.000
14.562 x 288 0.347 0.002 -0.094 -0.001 1.571 0.001
14.572 xd 292 0.350 0.047 -0.088 0.000 1.571 0.000
14.622 xd 293 0.350 0.058 -0.081 0.000 1.571 0.000
14.672 xd 294 0.350 0.068 -0.073 0.000 1.571 0.000
14.722 xd 295 0.350 0.077 -0.064 0.000 1.571 0.000
14.728 x 291 0.342 0.041 -0.094 -0.003 1.567 0.002
14.772 xd 296 0.350 0.084 -0.054 0.000 1.571 0.000
14.822 xd 297 0.350 0.090 -0.043 0.000 1.571 0.000
14.872 xd 298 0.350 0.095 -0.032 0.000 1.571 0.000
14.922 xd 299 0.350 0.098 -0.019 0.000 1.571 0.000
14.972 xd 300 0.350 0.100 -0.007 0.000 1.571 0.000
15.022 xd 301 0.350 0.100 0.006 0.000 1.571 0.000
15.044 x 295 0.356 0.076 -0.057 0.008 1.564 0.000
15.066 x 301 0.347 0.098 0.010 -0.003 1.579 0.001
15.072 xd 302 0.350 0.098 0.018 0.000 1.571 0.000
15.122 xd 303 0.350 0.095 0.030 0.000 1.571 0.000
15.172 xd 304 0.350 0.091 0.042 0.000 1.571 0.000
15.189 x 301 0.350 0.100 0.006 -0.002 1.572 0.008
15.223 xd 305 0.350 0.085 0.053 0.000 1.571 0.000
15.273 xd 306 0.350 0.077 0.063 0.000 1.571 0.000
15.323 xd 307 0.350 0.069 0.072 0.000 1.571 0.000
15.373 xd 308 0.350 0.059 0.081 0.000 1.571 0.000
15.423 xd 309 0.350 0.049 0.087 0.000 1.571 0.000
15.425 x 304 0.350 0.091 0.041 0.033 1.571 -0.005
15.444 x 309 0.354 0.049 0.086 -0.009 1.515 -0.026
15.464 x 309 0.353 0.048 0.082 0.000 1.532 -0.033
15.473 xd 310 0.350 0.037 0.093 0.000 1.571 0.000
15.500 x 309 0.352 0.049 0.086 -0.013 1.527 -0.034
15.523 xd 311 0.350 0.025 0.097 0.000 1.571 0.000
15.573 xd 312 0.350 0.013 0.099 0.000 1.571 0.000
15.623 xd 313 0.350 0.000 0.100 0.000 1.571 0.000
15.673 xd 314 0.350 -0.012 0.099 0.000 1.571 0.000
15.723 xd 315 0.350 -0.024 0.097 0.000 1.571 0.000
15.773 xd 316 0.350 -0.036 0.093 0.000 1.571 0.000
15.805 x 310 0.350 0.037 0.092 0.008 1.569 -0.002
15.823 xd 317 0.350 -0.048 0.088 0.000 1.571 0.000
15.873 xd 318 0.350 -0.058 0.081 0.000 1.571 0.000
15.924 xd 319 0.350 -0.068 0.073 0.000 1.571 0.000
15.974 xd 320 0.350 -0.077 0.064 0.000 1.571 0.000
15.977 x 316 0.350 -0.036 0.092 0.026 1.543 -0.040
16.024 xd 321 0.350 -0.084 0.054 0.000 1.571 0.000
16.074 xd 322 0.350 -0.090 0.043 0.000 1.571 0.000
16.115 x 320 0.351 -0.071 0.068 0.059 1.568 -0.011
16.124 xd 323 0.350 -0.095 0.031 0.000 1.571 0.000
16.142 x 322 0.352 -0.090 0.040 -0.078 1.464 -0.123
16.174 xd 324 0.350 -0.098 0.019 0.000 1.571 0.000
16.198 x 323 0.350 -0.097 0.031 0.001 1.562 -0.000
16.224 xd 325 0.350 -0.100 0.007 0.000 1.571 0.000
16.259 x 324 0.350 -0.096 0.012 -0.002 1.552 -0.016
16.274 xd 326 0.350 -0.100 -0.006 0.000 1.571 0.000
16.277 x 325 0.346 -0.097 0.002 0.019 1.535 -0.041
16.324 xd 327 0.350 -0.098 -0.019 0.000 1.571 0.000
16.360 x 326 0.351 -0.100 -0.006 0.001 1.543 -0.043
16.374 xd 328 0.350 -0.095 -0.031 0.000 1.571 0.000
16.424 xd 329 0.350 -0.091 -0.042 0.000 1.571 0.000
16.474 xd 330 0.350 -0.085 -0.053 0.000 1.571 0.000
16.524 xd 331 0.350 -0.077 -0.064 0.000 1.571 0.000
16.574 xd 332 0.350 -0.069 -0.073 0.000 1.571 0.000
16.601 x 327 0.348 -0.093 -0.019 -0.000 1.571 0.000
16.624 xd 333 0.350 -0.059 -0.081 0.000 1.571 0.000
16.675 xd 334 0.350 -0.048 -0.088 0.000 1.571 0.000
16.716 x 332 0.343 -0.069 -0.068 0.006 1.564 0.012
16.725 xd 335 0.350 -0.037 -0.093 0.000 1.571 0.000
16.775 xd 336 0.350 -0.025 -0.097 0.000 1.571 0.000
16.820 x 334 0.352 -0.050 -0.084 -0.009 1.565 0.005
16.825 xd 337 0.350 -0.013 -0.099 0.000 1.571 0.000
16.858 x 336 0.350 -0.029 -0.098 -0.006 1.572 0.001
16.875 xd 338 0.350 -0.000 -0.100 0.000 1.571 0.000
16.925 xd 339 0.350 0.013 -0.099 0.000 1.571 0.000
16.975 xd 340 0.350 0.025 -0.097 0.000 1.571 0.000
17.015 x 337 0.349 -0.012 -0.098 -0.026 1.574 0.003
17.025 xd 341 0.350 0.037 -0.093 0.000 1.571 0.000
17.045 x 340 0.344 0.026 -0.099 0.002 1.566 0.002
17.075 xd 342 0.350 0.048 -0.088 0.000 1.571 0.000
17.088 x 341 0.348 0.036 -0.088 0.025 1.577 -0.015
17.120 x 342 0.347 0.049 -0.087 -0.007 1.573 0.005
17.125 xd 343 0.350 0.059 -0.081 0.000 1.571 0.000
17.175 xd 344 0.350 0.069 -0.073 0.000 1.571 0.000
17.202 x 342 0.351 0.044 -0.092 -0.017 1.575 0.025
17.225 xd 345 0.350 0.077 -0.064 0.000 1.571 0.000
17.275 xd 346 0.350 0.084 -0.053 0.000 1.571 0.000
17.325 xd 347 0.350 0.091 -0.042 0.000 1.571 0.000
17.335 x 344 0.348 0.069 -0.072 -0.067 1.557 0.013
17.369 x 347 0.351 0.087 -0.037 0.025 1.580 0.010
17.376 xd 348 0.350 0.095 -0.031 0.000 1.571 0.000
17.399 x 347 0.353 0.091 -0.043 0.004 1.578 -0.007
17.426 xd 349 0.350 0.098 -0.019 0.000 1.571 0.000
17.441 x 348 0.344 0.101 -0.035 -0.002 1.572 0.007
17.476 xd 350 0.350 0.100 -0.006 0.000 1.571 0.000
17.481 x 349 0.349 0.106 -0.019 -0.002 1.569 -0.000
17.526 xd 351 0.350 0.100 0.006 0.000 1.571 0.000
17.576 xd 352 0.350 0.098 0.019 0.000 1.571 0.000
17.615 x 350 0.350 0.100 -0.008 -0.009 1.573 -0.008
17.626 xd 353 0.350 0.095 0.031 0.000 1.571 0.000
17.676 xd 354 0.350 0.090 0.043 0.000 1.571 0.000
17.726 xd 355 0.350 0.084 0.054 0.000 1.571 0.000
17.776 xd 356 0.350 0.077 0.064 0.000 1.571 0.000
17.782 x 352 0.351 0.099 0.019 0.012 1.544 -0.015
17.820 x 356 0.354 0.078 0.058 0.001 1.493 -0.016
17.826 xd 357 0.350 0.068 0.073 0.000 1.571 0.000
17.842 x 356 0.351 0.076 0.064 -0.040 1.590 0.018
17.876 xd 358 0.350 0.059 0.081 0.000 1.571 0.000
17.926 xd 359 0.350 0.048 0.088 0.000 1.571 0.000
17.927 x 357 0.350 0.070 0.071 0.012 1.514 -0.016
17.970 x 359 0.352 0.049 0.085 -0.006 1.482 -0.047
17.976 xd 360 0.350 0.036 0.093 0.000 1.571 0.000
17.996 x 359 0.352 0.048 0.086 -0.027 1.501 -0.039
18.026 xd 361 0.350 0.025 0.097 0.000 1.571 0.000
18.037 x 360 0.349 0.033 0.095 0.001 1.532 -0.016
18.077 xd 362 0.350 0.012 0.099 0.000 1.571 0.000
18.092 x 361 0.350 0.025 0.096 -0.020 1.417 -0.088
18.127 xd 363 0.350 -0.000 0.100 0.000 1.571 0.000
18.177 xd 364 0.350 -0.013 0.099 0.000 1.571 0.000
18.227 xd 365 0.350 -0.025 0.097 0.000 1.571 0.000
18.277 xd 366 0.350 -0.037 0.093 0.000 1.571 0.000
18.327 xd 367 0.350 -0.049 0.087 0.000 1.571 0.000
18.377 xd 368 0.350 -0.059 0.081 0.000 1.571 0.000
18.405 x 362 0.353 0.015 0.108 -0.000 1.571 -0.002
