0.001 xd 1 0.350 0.100 0.000 0.000 1.571 0.000
0.051 xd 2 0.350 0.100 0.006 0.000 1.571 0.000
0.101 xd 3 0.350 0.099 0.013 0.000 1.571 0.000
0.134 x 1 0.349 0.099 0.005 -0.001 1.570 0.001
0.151 xd 4 0.350 0.098 0.019 0.000 1.571 0.000
0.201 xd 5 0.350 0.097 0.025 0.000 1.571 0.000
0.251 xd 6 0.350 0.095 0.031 0.000 1.571 0.000
0.286 x 3 0.351 0.098 0.013 0.019 1.576 -0.001
0.301 xd 7 0.350 0.093 0.037 0.000 1.571 0.000
0.335 x 6 0.345 0.096 0.029 -0.031 1.554 -0.004
0.352 xd 8 0.350 0.090 0.043 0.000 1.571 0.000
0.362 x 7 0.354 0.090 0.037 -0.067 1.614 0.032
0.384 x 8 0.349 0.089 0.042 -0.009 1.568 0.004
0.402 xd 9 0.350 0.088 0.048 0.000 1.571 0.000
0.449 x 8 0.353 0.091 0.044 -0.001 1.571 -0.002
0.452 xd 10 0.350 0.084 0.054 0.000 1.571 0.000
0.502 xd 11 0.350 0.081 0.059 0.000 1.571 0.000
0.542 x 9 0.350 0.089 0.048 0.001 1.575 0.012
0.552 xd 12 0.350 0.077 0.064 0.000 1.571 0.000
0.574 x 11 0.342 0.083 0.054 -0.003 1.575 0.003
0.591 x 12 0.351 0.082 0.064 0.006 1.553 0.002
0.602 xd 13 0.350 0.073 0.069 0.000 1.571 0.000
0.652 xd 14 0.350 0.068 0.073 0.000 1.571 0.000
0.702 xd 15 0.350 0.064 0.077 0.000 1.571 0.000
0.749 x 12 0.344 0.074 0.063 -0.018 1.561 0.010
0.752 xd 16 0.350 0.059 0.081 0.000 1.571 0.000
0.782 x 15 0.350 0.068 0.075 -0.001 1.494 -0.042
0.802 xd 17 0.350 0.053 0.085 0.000 1.571 0.000
0.826 x 16 0.353 0.057 0.073 -0.008 1.522 0.004
0.852 xd 18 0.350 0.048 0.088 0.000 1.571 0.000
0.902 xd 19 0.350 0.042 0.091 0.000 1.571 0.000
0.952 xd 20 0.350 0.037 0.093 0.000 1.571 0.000
1.002 xd 21 0.350 0.031 0.095 0.000 1.571 0.000
1.053 xd 22 0.350 0.025 0.097 0.000 1.571 0.000
1.103 xd 23 0.350 0.018 0.098 0.000 1.571 0.000
1.153 xd 24 0.350 0.012 0.099 0.000 1.571 0.000
1.203 xd 25 0.350 0.006 0.100 0.000 1.571 0.000
1.205 x 17 0.348 0.062 0.080 0.000 1.571 0.000
1.238 x 25 0.351 0.007 0.097 -0.018 1.477 -0.071
1.253 xd 26 0.350 -0.000 0.100 0.000 1.571 0.000
1.289 x 25 0.350 0.006 0.100 -0.039 1.482 -0.066
1.303 xd 27 0.350 -0.007 0.100 0.000 1.571 0.000
1.325 x 26 0.351 0.004 0.104 -0.001 1.568 -0.001
1.353 xd 28 0.350 -0.013 0.099 0.000 1.571 0.000
1.403 xd 29 0.350 -0.019 0.098 0.000 1.571 0.000
1.412 x 27 0.346 -0.007 0.096 0.002 1.554 -0.023
1.453 xd 30 0.350 -0.025 0.097 0.000 1.571 0.000
1.468 x 29 0.351 -0.020 0.097 0.005 1.559 -0.030
1.503 xd 31 0.350 -0.031 0.095 0.000 1.571 0.000
1.553 x 30 0.351 -0.028 0.090 -0.008 1.557 -0.002
1.553 xd 32 0.350 -0.037 0.093 0.000 1.571 0.000
1.602 x 31 0.350 -0.031 0.095 -0.024 1.557 -0.045
1.603 xd 33 0.350 -0.043 0.090 0.000 1.571 0.000
1.653 xd 34 0.350 -0.049 0.087 0.000 1.571 0.000
1.703 xd 35 0.350 -0.054 0.084 0.000 1.571 0.000
1.754 xd 36 0.350 -0.059 0.081 0.000 1.571 0.000
1.804 xd 37 0.350 -0.064 0.077 0.000 1.571 0.000
1.854 xd 38 0.350 -0.069 0.073 0.000 1.571 0.000
1.904 xd 39 0.350 -0.073 0.068 0.000 1.571 0.000
1.928 x 32 0.350 -0.035 0.087 -0.002 1.576 0.001
1.954 xd 40 0.350 -0.077 0.063 0.000 1.571 0.000
1.981 x 39 0.352 -0.070 0.062 -0.016 1.532 -0.065
2.004 xd 41 0.350 -0.081 0.058 0.000 1.571 0.000
2.014 x 40 0.351 -0.077 0.063 0.075 1.530 -0.054
2.054 xd 42 0.350 -0.085 0.053 0.000 1.571 0.000
2.104 xd 43 0.350 -0.088 0.048 0.000 1.571 0.000
2.154 xd 44 0.350 -0.091 0.042 0.000 1.571 0.000
2.204 xd 45 0.350 -0.093 0.036 0.000 1.571 0.000
2.205 x 41 0.354 -0.074 0.055 0.011 1.576 0.014
2.225 x 45 0.353 -0.091 0.031 -0.011 1.520 -0.079
2.254 xd 46 0.350 -0.095 0.030 0.000 1.571 0.000
2.274 x 45 0.350 -0.093 0.036 0.020 1.531 -0.052
2.304 xd 47 0.350 -0.097 0.024 0.000 1.571 0.000
2.315 x 46 0.348 -0.094 0.029 0.016 1.498 -0.090
2.354 xd 48 0.350 -0.098 0.018 0.000 1.571 0.000
2.380 x 47 0.345 -0.094 0.021 0.014 1.485 -0.105
2.404 xd 49 0.350 -0.099 0.012 0.000 1.571 0.000
2.455 xd 50 0.350 -0.100 0.006 0.000 1.571 0.000
2.505 xd 51 0.350 -0.100 -0.001 0.000 1.571 0.000
2.555 xd 52 0.350 -0.100 -0.007 0.000 1.571 0.000
2.605 xd 53 0.350 -0.099 -0.013 0.000 1.571 0.000
2.639 x 48 0.349 -0.098 0.018 -0.015 1.535 -0.018
2.655 xd 54 0.350 -0.098 -0.019 0.000 1.571 0.000
2.705 xd 55 0.350 -0.097 -0.025 0.000 1.571 0.000
2.755 xd 56 0.350 -0.095 -0.031 0.000 1.571 0.000
2.805 xd 57 0.350 -0.093 -0.037 0.000 1.571 0.000
2.855 xd 58 0.350 -0.090 -0.043 0.000 1.571 0.000
2.888 x 53 0.346 -0.093 -0.019 -0.002 1.570 -0.009
2.905 xd 59 0.350 -0.087 -0.049 0.000 1.571 0.000
2.926 x 58 0.353 -0.092 -0.048 0.007 1.548 -0.032
2.955 xd 60 0.350 -0.084 -0.054 0.000 1.571 0.000
3.005 xd 61 0.350 -0.081 -0.059 0.000 1.571 0.000
3.039 x 59 0.350 -0.084 -0.049 0.025 1.542 -0.053
3.055 xd 62 0.350 -0.077 -0.064 0.000 1.571 0.000
3.094 x 61 0.349 -0.078 -0.062 0.008 1.551 -0.017
3.105 xd 63 0.350 -0.072 -0.069 0.000 1.571 0.000
3.119 x 62 0.351 -0.077 -0.063 -0.008 1.583 0.010
3.156 xd 64 0.350 -0.068 -0.073 0.000 1.571 0.000
3.186 x 63 0.350 -0.072 -0.069 -0.014 1.581 -0.006
3.206 xd 65 0.350 -0.063 -0.077 0.000 1.571 0.000
3.217 x 64 0.346 -0.068 -0.073 0.002 1.576 0.007
3.256 xd 66 0.350 -0.058 -0.081 0.000 1.571 0.000
3.306 xd 67 0.350 -0.053 -0.085 0.000 1.571 0.000
3.326 x 65 0.353 -0.069 -0.079 0.003 1.598 0.034
3.356 xd 68 0.350 -0.048 -0.088 0.000 1.571 0.000
3.406 xd 69 0.350 -0.042 -0.091 0.000 1.571 0.000
3.456 xd 70 0.350 -0.036 -0.093 0.000 1.571 0.000
3.490 x 67 0.347 -0.050 -0.076 0.000 1.573 0.000
3.506 xd 71 0.350 -0.030 -0.095 0.000 1.571 0.000
3.556 xd 72 0.350 -0.024 -0.097 0.000 1.571 0.000
3.570 x 70 0.348 -0.038 -0.097 0.038 1.540 -0.041
3.606 xd 73 0.350 -0.018 -0.098 0.000 1.571 0.000
3.648 x 72 0.349 -0.029 -0.097 0.000 1.571 -0.001
3.656 xd 74 0.350 -0.012 -0.099 0.000 1.571 0.000
3.706 xd 75 0.350 -0.005 -0.100 0.000 1.571 0.000
3.756 xd 76 0.350 0.001 -0.100 0.000 1.571 0.000
3.806 xd 77 0.350 0.007 -0.100 0.000 1.571 0.000
3.857 xd 78 0.350 0.013 -0.099 0.000 1.571 0.000
3.907 xd 79 0.350 0.020 -0.098 0.000 1.571 0.000
3.957 xd 80 0.350 0.026 -0.097 0.000 1.571 0.000
3.983 x 73 0.350 -0.018 -0.098 0.001 1.566 -0.001
4.007 xd 81 0.350 0.032 -0.095 0.000 1.571 0.000
4.017 x 80 0.352 0.031 -0.099 -0.006 1.574 0.001
4.057 xd 82 0.350 0.038 -0.093 0.000 1.571 0.000
4.107 xd 83 0.350 0.043 -0.090 0.000 1.571 0.000
4.119 x 81 0.350 0.034 -0.092 -0.020 1.574 0.003
4.157 xd 84 0.350 0.049 -0.087 0.000 1.571 0.000
4.171 x 83 0.352 0.035 -0.086 0.017 1.572 0.014
4.207 xd 85 0.350 0.054 -0.084 0.000 1.571 0.000
4.221 x 84 0.351 0.041 -0.082 -0.011 1.572 -0.002
4.257 xd 86 0.350 0.059 -0.080 0.000 1.571 0.000
4.307 xd 87 0.350 0.064 -0.076 0.000 1.571 0.000
4.357 xd 88 0.350 0.069 -0.072 0.000 1.571 0.000
4.374 x 85 0.347 0.053 -0.090 -0.016 1.569 0.015
4.407 xd 89 0.350 0.074 -0.068 0.000 1.571 0.000
4.457 xd 90 0.350 0.078 -0.063 0.000 1.571 0.000
4.474 x 88 0.350 0.070 -0.069 0.009 1.563 -0.038
4.507 xd 91 0.350 0.081 -0.058 0.000 1.571 0.000
4.512 x 90 0.352 0.085 -0.060 -0.001 1.577 -0.002
4.551 x 91 0.344 0.080 -0.058 0.024 1.560 0.011
4.558 xd 92 0.350 0.085 -0.053 0.000 1.571 0.000
4.608 xd 93 0.350 0.088 -0.047 0.000 1.571 0.000
4.658 xd 94 0.350 0.091 -0.042 0.000 1.571 0.000
4.691 x 91 0.346 0.085 -0.055 -0.001 1.572 0.000
4.708 xd 95 0.350 0.093 -0.036 0.000 1.571 0.000
4.711 x 94 0.356 0.083 -0.039 0.003 1.568 0.002
4.758 xd 96 0.350 0.095 -0.030 0.000 1.571 0.000
4.790 x 95 0.347 0.099 -0.032 0.008 1.568 0.002
4.808 xd 97 0.350 0.097 -0.024 0.000 1.571 0.000
4.858 xd 98 0.350 0.098 -0.018 0.000 1.571 0.000
4.858 x 96 0.348 0.097 -0.031 0.018 1.539 -0.025
4.908 xd 99 0.350 0.099 -0.012 0.000 1.571 0.000
4.910 x 98 0.352 0.096 -0.018 0.002 1.575 0.004
4.958 xd 100 0.350 0.100 -0.005 0.000 1.571 0.000
5.008 xd 101 0.350 0.100 0.001 0.000 1.571 0.000
5.058 xd 102 0.350 0.100 0.007 0.000 1.571 0.000
5.108 xd 103 0.350 0.099 0.014 0.000 1.571 0.000
5.115 x 99 0.343 0.102 -0.012 0.001 1.584 -0.000
5.133 x 103 0.348 0.098 0.004 0.004 1.577 -0.001
5.158 xd 104 0.350 0.098 0.020 0.000 1.571 0.000
5.208 xd 105 0.350 0.097 0.026 0.000 1.571 0.000
5.259 xd 106 0.350 0.095 0.032 0.000 1.571 0.000
5.309 xd 107 0.350 0.093 0.038 0.000 1.571 0.000
5.359 xd 108 0.350 0.090 0.044 0.000 1.571 0.000
5.408 x 103 0.348 0.098 0.015 0.004 1.574 -0.001
5.409 xd 109 0.350 0.087 0.049 0.000 1.571 0.000
5.459 xd 110 0.350 0.084 0.055 0.000 1.571 0.000
5.509 xd 111 0.350 0.080 0.060 0.000 1.571 0.000
5.546 x 108 0.350 0.091 0.043 -0.002 1.571 -0.006
5.559 xd 112 0.350 0.076 0.065 0.000 1.571 0.000
5.579 x 111 0.354 0.086 0.056 -0.006 1.568 0.006
5.609 xd 113 0.350 0.072 0.069 0.000 1.571 0.000
5.612 x 112 0.351 0.077 0.066 -0.049 1.567 0.006
5.659 x 113 0.344 0.066 0.072 0.010 1.560 0.000
5.659 xd 114 0.350 0.068 0.074 0.000 1.571 0.000
5.681 x 113 0.354 0.076 0.065 -0.001 1.570 0.001
5.709 xd 115 0.350 0.063 0.078 0.000 1.571 0.000
5.750 x 114 0.347 0.077 0.072 0.000 1.568 0.010
5.759 xd 116 0.350 0.058 0.082 0.000 1.571 0.000
5.809 xd 117 0.350 0.053 0.085 0.000 1.571 0.000
5.818 x 115 0.350 0.064 0.077 0.034 1.547 -0.028
5.859 xd 118 0.350 0.047 0.088 0.000 1.571 0.000
5.909 xd 119 0.350 0.042 0.091 0.000 1.571 0.000
5.960 xd 120 0.350 0.036 0.093 0.000 1.571 0.000
5.973 x 117 0.345 0.057 0.088 0.003 1.570 -0.003
6.010 xd 121 0.350 0.030 0.095 0.000 1.571 0.000
6.060 xd 122 0.350 0.024 0.097 0.000 1.571 0.000
6.077 x 120 0.355 0.042 0.090 0.002 1.568 -0.000
6.110 xd 123 0.350 0.018 0.098 0.000 1.571 0.000
6.114 x 122 0.355 0.023 0.089 -0.004 1.511 -0.060
6.160 xd 124 0.350 0.011 0.099 0.000 1.571 0.000
6.210 xd 125 0.350 0.005 0.100 0.000 1.571 0.000
6.260 xd 126 0.350 -0.001 0.100 0.000 1.571 0.000
6.310 xd 127 0.350 -0.008 0.100 0.000 1.571 0.000
6.360 xd 128 0.350 -0.014 0.099 0.000 1.571 0.000
6.410 xd 129 0.350 -0.020 0.098 0.000 1.571 0.000
6.460 xd 130 0.350 -0.026 0.097 0.000 1.571 0.000
6.484 x 123 0.345 0.022 0.095 -0.001 1.571 -0.000
6.510 xd 131 0.350 -0.032 0.095 0.000 1.571 0.000
6.525 x 130 0.354 -0.022 0.097 0.014 1.568 -0.012
6.560 xd 132 0.350 -0.038 0.092 0.000 1.571 0.000
6.563 x 131 0.352 -0.032 0.092 -0.137 1.404 -0.128
6.598 x 132 0.352 -0.037 0.090 -0.025 1.423 -0.092
6.610 xd 133 0.350 -0.044 0.090 0.000 1.571 0.000
6.657 x 132 0.354 -0.038 0.090 0.026 1.550 -0.030
6.660 xd 134 0.350 -0.049 0.087 0.000 1.571 0.000
6.711 xd 135 0.350 -0.055 0.084 0.000 1.571 0.000
6.761 xd 136 0.350 -0.060 0.080 0.000 1.571 0.000
6.811 xd 137 0.350 -0.065 0.076 0.000 1.571 0.000
6.861 xd 138 0.350 -0.069 0.072 0.000 1.571 0.000
6.906 x 133 0.355 -0.037 0.088 0.000 1.571 0.000
6.911 xd 139 0.350 -0.074 0.067 0.000 1.571 0.000
6.961 xd 140 0.350 -0.078 0.063 0.000 1.571 0.000
6.962 x 138 0.353 -0.069 0.067 -0.018 1.551 -0.042
7.001 x 140 0.353 -0.073 0.056 0.017 1.558 0.006
7.011 xd 141 0.350 -0.082 0.058 0.000 1.571 0.000
7.028 x 140 0.352 -0.076 0.060 -0.022 1.478 -0.102
7.061 xd 142 0.350 -0.085 0.052 0.000 1.571 0.000
7.111 xd 143 0.350 -0.088 0.047 0.000 1.571 0.000
7.161 xd 144 0.350 -0.091 0.041 0.000 1.571 0.000
7.206 x 141 0.353 -0.080 0.059 0.008 1.582 0.010
7.211 xd 145 0.350 -0.093 0.035 0.000 1.571 0.000
7.249 x 144 0.352 -0.090 0.040 -0.018 1.507 -0.101
7.261 xd 146 0.350 -0.096 0.030 0.000 1.571 0.000
7.311 xd 147 0.350 -0.097 0.023 0.000 1.571 0.000
7.317 x 145 0.355 -0.088 0.033 -0.007 1.571 -0.006
7.352 x 147 0.353 -0.104 0.026 -0.013 1.576 0.012
7.361 xd 148 0.350 -0.098 0.017 0.000 1.571 0.000
7.394 x 147 0.350 -0.096 0.023 0.001 1.489 -0.119
7.412 xd 149 0.350 -0.099 0.011 0.000 1.571 0.000
7.430 x 148 0.353 -0.097 0.015 0.017 1.547 -0.042
7.462 xd 150 0.350 -0.100 0.005 0.000 1.571 0.000
7.463 x 149 0.348 -0.098 0.005 -0.016 1.540 -0.036
7.485 x 150 0.347 -0.096 0.006 -0.037 1.515 -0.085
7.512 xd 151 0.350 -0.100 -0.001 0.000 1.571 0.000
7.522 x 150 0.351 -0.100 0.005 0.067 1.517 -0.083
7.560 x 151 0.346 -0.097 -0.002 0.037 1.557 -0.001
7.562 xd 152 0.350 -0.100 -0.008 0.000 1.571 0.000
7.607 x 151 0.356 -0.097 -0.001 -0.549 0.742 -0.480
7.612 xd 153 0.350 -0.099 -0.014 0.000 1.571 0.000
7.648 x 152 0.351 -0.097 -0.009 0.004 1.558 -0.026
7.662 xd 154 0.350 -0.098 -0.020 0.000 1.571 0.000
7.691 x 153 0.357 -0.098 -0.011 0.002 1.600 0.006
7.712 xd 155 0.350 -0.096 -0.026 0.000 1.571 0.000
7.742 x 154 0.348 -0.094 -0.018 -0.046 1.534 -0.067
7.762 x 155 0.347 -0.094 -0.029 -0.004 1.569 -0.002
7.762 xd 156 0.350 -0.095 -0.032 0.000 1.571 0.000
7.805 x 155 0.354 -0.100 -0.030 -0.021 1.589 0.009
7.812 xd 157 0.350 -0.092 -0.038 0.000 1.571 0.000
7.862 xd 158 0.350 -0.090 -0.044 0.000 1.571 0.000
7.888 x 156 0.348 -0.095 -0.031 -0.021 1.550 -0.002
7.912 xd 159 0.350 -0.087 -0.050 0.000 1.571 0.000
7.962 xd 160 0.350 -0.084 -0.055 0.000 1.571 0.000
8.012 xd 161 0.350 -0.080 -0.060 0.000 1.571 0.000
8.062 xd 162 0.350 -0.076 -0.065 0.000 1.571 0.000
8.078 x 158 0.348 -0.087 -0.041 0.002 1.573 0.002
8.113 xd 163 0.350 -0.072 -0.070 0.000 1.571 0.000
8.118 x 162 0.340 -0.077 -0.065 0.010 1.571 0.005
8.151 x 163 0.348 -0.070 -0.071 0.010 1.567 -0.004
8.163 xd 164 0.350 -0.067 -0.074 0.000 1.571 0.000
8.176 x 163 0.356 -0.065 -0.066 0.002 1.569 0.002
8.213 xd 165 0.350 -0.063 -0.078 0.000 1.571 0.000
8.263 xd 166 0.350 -0.057 -0.082 0.000 1.571 0.000
8.313 xd 167 0.350 -0.052 -0.085 0.000 1.571 0.000
8.363 xd 168 0.350 -0.047 -0.088 0.000 1.571 0.000
8.413 xd 169 0.350 -0.041 -0.091 0.000 1.571 0.000
8.463 xd 170 0.350 -0.035 -0.094 0.000 1.571 0.000
8.513 xd 171 0.350 -0.029 -0.096 0.000 1.571 0.000
8.563 xd 172 0.350 -0.023 -0.097 0.000 1.571 0.000
8.564 x 164 0.347 -0.069 -0.072 0.004 1.566 -0.011
8.613 xd 173 0.350 -0.017 -0.099 0.000 1.571 0.000
8.636 x 172 0.359 -0.024 -0.096 -0.043 1.590 0.021
8.663 xd 174 0.350 -0.011 -0.099 0.000 1.571 0.000
8.681 x 173 0.350 -0.012 -0.104 -0.002 1.578 -0.011
8.711 x 174 0.348 -0.006 -0.103 0.004 1.573 -0.004
8.713 xd 175 0.350 -0.005 -0.100 0.000 1.571 0.000
8.735 x 174 0.341 -0.012 -0.098 -0.027 1.567 0.015
8.763 xd 176 0.350 0.002 -0.100 0.000 1.571 0.000
8.814 xd 177 0.350 0.008 -0.100 0.000 1.571 0.000
8.864 xd 178 0.350 0.014 -0.099 0.000 1.571 0.000
8.874 x 175 0.348 -0.006 -0.098 -0.009 1.560 0.008
8.914 xd 179 0.350 0.020 -0.098 0.000 1.571 0.000
8.964 xd 180 0.350 0.027 -0.096 0.000 1.571 0.000
9.014 xd 181 0.350 0.033 -0.095 0.000 1.571 0.000
9.064 xd 182 0.350 0.038 -0.092 0.000 1.571 0.000
9.079 x 178 0.344 0.010 -0.102 0.004 1.565 -0.002
9.104 x 182 0.353 0.038 -0.091 0.001 1.568 0.016
9.114 xd 183 0.350 0.044 -0.090 0.000 1.571 0.000
9.128 x 182 0.344 0.040 -0.098 0.007 1.576 -0.001
9.155 x 183 0.344 0.045 -0.088 -0.016 1.571 0.013
9.164 xd 184 0.350 0.050 -0.087 0.000 1.571 0.000
9.200 x 183 0.351 0.044 -0.090 -0.017 1.570 0.010
9.214 xd 185 0.350 0.055 -0.083 0.000 1.571 0.000
9.230 x 184 0.348 0.053 -0.089 0.022 1.539 -0.051
9.264 xd 186 0.350 0.060 -0.080 0.000 1.571 0.000
9.268 x 185 0.349 0.049 -0.084 0.001 1.571 -0.003
9.314 xd 187 0.350 0.065 -0.076 0.000 1.571 0.000
9.317 x 186 0.349 0.056 -0.085 -0.002 1.565 -0.005
9.343 x 187 0.349 0.065 -0.076 0.029 1.543 -0.006
9.364 xd 188 0.350 0.070 -0.072 0.000 1.571 0.000
9.383 x 187 0.352 0.061 -0.071 0.003 1.571 -0.001
9.414 xd 189 0.350 0.074 -0.067 0.000 1.571 0.000
9.464 xd 190 0.350 0.078 -0.062 0.000 1.571 0.000
9.482 x 188 0.346 0.076 -0.075 -0.000 1.571 0.000
9.515 xd 191 0.350 0.082 -0.057 0.000 1.571 0.000
9.565 xd 192 0.350 0.085 -0.052 0.000 1.571 0.000
9.615 xd 193 0.350 0.089 -0.047 0.000 1.571 0.000
9.652 x 190 0.349 0.079 -0.063 0.029 1.535 -0.035
9.665 xd 194 0.350 0.091 -0.041 0.000 1.571 0.000
9.715 xd 195 0.350 0.094 -0.035 0.000 1.571 0.000
9.765 xd 196 0.350 0.096 -0.029 0.000 1.571 0.000
9.780 x 193 0.352 0.087 -0.049 0.019 1.567 -0.009
9.815 xd 197 0.350 0.097 -0.023 0.000 1.571 0.000
9.842 x 196 0.347 0.096 -0.032 -0.000 1.572 0.003
9.865 xd 198 0.350 0.099 -0.017 0.000 1.571 0.000
9.915 xd 199 0.350 0.099 -0.011 0.000 1.571 0.000
9.965 xd 200 0.350 0.100 -0.004 0.000 1.571 0.000
9.993 x 197 0.353 0.096 -0.023 0.015 1.581 0.007
10.015 xd 201 0.350 0.100 0.002 0.000 1.571 0.000
10.065 xd 202 0.350 0.100 0.008 0.000 1.571 0.000
10.100 x 200 0.342 0.105 -0.004 0.002 1.575 0.006
10.115 xd 203 0.350 0.099 0.014 0.000 1.571 0.000
10.143 x 202 0.351 0.099 0.010 -0.009 1.575 0.002
10.165 xd 204 0.350 0.098 0.021 0.000 1.571 0.000
10.188 x 203 0.356 0.101 0.012 -0.007 1.572 0.006
10.206 x 204 0.356 0.101 0.026 -0.022 1.577 0.004
10.216 xd 205 0.350 0.096 0.027 0.000 1.571 0.000
10.266 xd 206 0.350 0.094 0.033 0.000 1.571 0.000
10.316 xd 207 0.350 0.092 0.039 0.000 1.571 0.000
10.366 xd 208 0.350 0.090 0.044 0.000 1.571 0.000
10.406 x 204 0.349 0.098 0.020 -0.003 1.572 0.002
10.416 xd 209 0.350 0.087 0.050 0.000 1.571 0.000
10.451 x 208 0.340 0.092 0.047 0.000 1.573 0.003
10.466 xd 210 0.350 0.083 0.055 0.000 1.571 0.000
10.516 xd 211 0.350 0.080 0.060 0.000 1.571 0.000
10.566 xd 212 0.350 0.076 0.065 0.000 1.571 0.000
10.596 x 209 0.350 0.087 0.050 0.001 1.567 -0.013
10.616 xd 213 0.350 0.071 0.070 0.000 1.571 0.000
10.666 xd 214 0.350 0.067 0.074 0.000 1.571 0.000
10.716 xd 215 0.350 0.062 0.078 0.000 1.571 0.000
10.766 xd 216 0.350 0.057 0.082 0.000 1.571 0.000
10.816 xd 217 0.350 0.052 0.086 0.000 1.571 0.000
10.820 x 212 0.348 0.075 0.065 0.037 1.554 -0.008
10.866 xd 218 0.350 0.046 0.089 0.000 1.571 0.000
10.869 x 217 0.350 0.053 0.085 0.004 1.569 -0.006
10.893 x 218 0.347 0.049 0.089 -0.035 1.544 -0.037
10.917 xd 219 0.350 0.041 0.091 0.000 1.571 0.000
10.921 x 218 0.353 0.048 0.086 -0.074 1.531 -0.003
10.950 x 219 0.357 0.037 0.087 -0.007 1.531 -0.026
10.967 xd 220 0.350 0.035 0.094 0.000 1.571 0.000
11.017 xd 221 0.350 0.029 0.096 0.000 1.571 0.000
11.065 x 219 0.353 0.046 0.089 0.000 1.566 0.004
11.067 xd 222 0.350 0.023 0.097 0.000 1.571 0.000
11.097 x 221 0.349 0.031 0.092 -0.016 1.416 -0.126
11.117 xd 223 0.350 0.017 0.099 0.000 1.571 0.000
11.167 xd 224 0.350 0.010 0.099 0.000 1.571 0.000
11.217 xd 225 0.350 0.004 0.100 0.000 1.571 0.000
11.267 xd 226 0.350 -0.002 0.100 0.000 1.571 0.000
11.317 xd 227 0.350 -0.008 0.100 0.000 1.571 0.000
11.363 x 222 0.351 0.030 0.092 0.001 1.572 0.000
11.367 xd 228 0.350 -0.015 0.099 0.000 1.571 0.000
11.417 xd 229 0.350 -0.021 0.098 0.000 1.571 0.000
11.464 x 227 0.352 -0.008 0.098 -0.019 1.452 -0.037
11.467 xd 230 0.350 -0.027 0.096 0.000 1.571 0.000
11.488 x 229 0.353 -0.016 0.091 -0.021 1.397 -0.115
11.517 xd 231 0.350 -0.033 0.094 0.000 1.571 0.000
11.542 x 230 0.351 -0.027 0.094 -0.025 1.405 -0.108
11.567 xd 232 0.350 -0.039 0.092 0.000 1.571 0.000
11.618 xd 233 0.350 -0.045 0.090 0.000 1.571 0.000
11.625 x 231 0.350 -0.032 0.093 -0.022 1.505 -0.060
11.668 xd 234 0.350 -0.050 0.087 0.000 1.571 0.000
11.713 x 233 0.348 -0.042 0.089 -0.011 1.565 -0.019
11.718 xd 235 0.350 -0.055 0.083 0.000 1.571 0.000
11.759 x 234 0.350 -0.052 0.086 -0.003 1.577 -0.013
11.768 xd 236 0.350 -0.061 0.080 0.000 1.571 0.000
11.818 xd 237 0.350 -0.065 0.076 0.000 1.571 0.000
11.843 x 235 0.354 -0.059 0.082 0.003 1.571 0.000
11.868 xd 238 0.350 -0.070 0.071 0.000 1.571 0.000
11.889 x 237 0.356 -0.065 0.077 0.012 1.565 0.002
11.912 x 238 0.349 -0.069 0.067 -0.012 1.558 -0.001
11.918 xd 239 0.350 -0.074 0.067 0.000 1.571 0.000
11.949 x 238 0.350 -0.070 0.071 -0.056 1.458 -0.118
11.968 xd 240 0.350 -0.078 0.062 0.000 1.571 0.000
12.018 xd 241 0.350 -0.082 0.057 0.000 1.571 0.000
12.068 xd 242 0.350 -0.086 0.052 0.000 1.571 0.000
12.118 xd 243 0.350 -0.089 0.046 0.000 1.571 0.000
12.128 x 239 0.348 -0.066 0.069 0.001 1.571 -0.001
12.154 x 243 0.351 -0.087 0.042 -0.030 1.506 -0.085
12.168 xd 244 0.350 -0.091 0.040 0.000 1.571 0.000
12.188 x 243 0.350 -0.080 0.044 -0.018 1.537 -0.034
12.218 xd 245 0.350 -0.094 0.035 0.000 1.571 0.000
12.268 xd 246 0.350 -0.096 0.029 0.000 1.571 0.000
12.313 x 244 0.347 -0.091 0.040 -0.002 1.556 -0.002
12.319 xd 247 0.350 -0.097 0.023 0.000 1.571 0.000
12.369 xd 248 0.350 -0.099 0.016 0.000 1.571 0.000
12.419 xd 249 0.350 -0.099 0.010 0.000 1.571 0.000
12.469 xd 250 0.350 -0.100 0.004 0.000 1.571 0.000
12.519 xd 251 0.350 -0.100 -0.002 0.000 1.571 0.000
12.569 xd 252 0.350 -0.100 -0.009 0.000 1.571 0.000
12.583 x 246 0.350 -0.095 0.023 0.007 1.569 0.001
12.619 xd 253 0.350 -0.099 -0.015 0.000 1.571 0.000
12.669 xd 254 0.350 -0.098 -0.021 0.000 1.571 0.000
12.719 xd 255 0.350 -0.096 -0.027 0.000 1.571 0.000
12.769 xd 256 0.350 -0.094 -0.033 0.000 1.571 0.000
12.780 x 252 0.351 -0.092 -0.008 -0.000 1.570 -0.000
12.819 xd 257 0.350 -0.092 -0.039 0.000 1.571 0.000
12.869 xd 258 0.350 -0.089 -0.045 0.000 1.571 0.000
12.919 xd 259 0.350 -0.086 -0.050 0.000 1.571 0.000
12.936 x 256 0.343 -0.090 -0.033 -0.000 1.576 0.001
12.969 xd 260 0.350 -0.083 -0.056 0.000 1.571 0.000
12.986 x 259 0.349 -0.088 -0.049 -0.014 1.582 0.009
13.013 x 260 0.349 -0.075 -0.056 0.001 1.571 0.001
13.019 xd 261 0.350 -0.079 -0.061 0.000 1.571 0.000
13.070 xd 262 0.350 -0.075 -0.066 0.000 1.571 0.000
13.120 xd 263 0.350 -0.071 -0.070 0.000 1.571 0.000
13.170 xd 264 0.350 -0.067 -0.075 0.000 1.571 0.000
13.186 x 260 0.346 -0.076 -0.060 0.004 1.566 -0.003
13.220 xd 265 0.350 -0.062 -0.079 0.000 1.571 0.000
13.270 xd 266 0.350 -0.057 -0.082 0.000 1.571 0.000
13.320 xd 267 0.350 -0.051 -0.086 0.000 1.571 0.000
13.343 x 264 0.344 -0.064 -0.072 0.011 1.573 -0.008
13.370 xd 268 0.350 -0.046 -0.089 0.000 1.571 0.000
13.408 x 267 0.354 -0.051 -0.089 0.004 1.573 0.005
13.420 xd 269 0.350 -0.040 -0.092 0.000 1.571 0.000
13.435 x 268 0.348 -0.047 -0.087 -0.041 1.565 0.013
13.470 xd 270 0.350 -0.034 -0.094 0.000 1.571 0.000
13.520 xd 271 0.350 -0.028 -0.096 0.000 1.571 0.000
13.555 x 269 0.351 -0.039 -0.090 -0.018 1.569 0.012
13.570 xd 272 0.350 -0.022 -0.097 0.000 1.571 0.000
13.579 x 271 0.352 -0.023 -0.089 -0.000 1.566 -0.002
13.620 xd 273 0.350 -0.016 -0.099 0.000 1.571 0.000
13.670 xd 274 0.350 -0.010 -0.099 0.000 1.571 0.000
13.720 xd 275 0.350 -0.004 -0.100 0.000 1.571 0.000
13.771 xd 276 0.350 0.003 -0.100 0.000 1.571 0.000
13.813 x 272 0.350 -0.016 -0.092 -0.002 1.570 -0.000
13.821 xd 277 0.350 0.009 -0.100 0.000 1.571 0.000
13.871 xd 278 0.350 0.015 -0.099 0.000 1.571 0.000
13.909 x 276 0.350 0.001 -0.099 0.001 1.570 0.002
13.921 xd 279 0.350 0.021 -0.098 0.000 1.571 0.000
13.971 xd 280 0.350 0.027 -0.096 0.000 1.571 0.000
14.021 xd 281 0.350 0.033 -0.094 0.000 1.571 0.000
14.071 xd 282 0.350 0.039 -0.092 0.000 1.571 0.000
14.105 x 278 0.343 0.019 -0.093 -0.001 1.571 -0.000
14.121 xd 283 0.350 0.045 -0.089 0.000 1.571 0.000
14.171 xd 284 0.350 0.050 -0.086 0.000 1.571 0.000
14.221 xd 285 0.350 0.056 -0.083 0.000 1.571 0.000
14.245 x 282 0.350 0.037 -0.093 0.001 1.572 -0.001
14.271 xd 286 0.350 0.061 -0.079 0.000 1.571 0.000
14.321 xd 287 0.350 0.066 -0.075 0.000 1.571 0.000
14.371 xd 288 0.350 0.070 -0.071 0.000 1.571 0.000
14.421 xd 289 0.350 0.075 -0.066 0.000 1.571 0.000
14.472 xd 290 0.350 0.079 -0.062 0.000 1.571 0.000
14.498 x 285 0.349 0.063 -0.077 0.000 1.571 0.000
14.519 x 290 0.357 0.081 -0.056 -0.011 1.568 0.000
14.522 xd 291 0.350 0.082 -0.057 0.000 1.571 0.000
14.572 xd 292 0.350 0.086 -0.051 0.000 1.571 0.000
14.590 x 290 0.350 0.075 -0.059 0.000 1.570 -0.001
14.622 xd 293 0.350 0.089 -0.046 0.000 1.571 0.000
14.633 x 292 0.348 0.086 -0.051 -0.003 1.563 0.002
14.672 xd 294 0.350 0.092 -0.040 0.000 1.571 0.000
14.722 xd 295 0.350 0.094 -0.034 0.000 1.571 0.000
14.772 xd 296 0.350 0.096 -0.028 0.000 1.571 0.000
14.822 xd 297 0.350 0.098 -0.022 0.000 1.571 0.000
14.834 x 293 0.350 0.089 -0.046 -0.015 1.567 0.004
14.872 xd 298 0.350 0.099 -0.016 0.000 1.571 0.000
14.897 x 297 0.349 0.091 -0.020 0.013 1.570 0.011
14.922 xd 299 0.350 0.100 -0.010 0.000 1.571 0.000
14.924 x 298 0.354 0.098 -0.016 -0.007 1.590 0.008
14.972 xd 300 0.350 0.100 -0.003 0.000 1.571 0.000
15.022 xd 301 0.350 0.100 0.003 0.000 1.571 0.000
15.072 xd 302 0.350 0.100 0.009 0.000 1.571 0.000
15.074 x 299 0.347 0.101 -0.009 -0.043 1.531 -0.017
15.122 xd 303 0.350 0.099 0.015 0.000 1.571 0.000
15.173 xd 304 0.350 0.098 0.022 0.000 1.571 0.000
15.223 xd 305 0.350 0.096 0.028 0.000 1.571 0.000
15.273 xd 306 0.350 0.094 0.034 0.000 1.571 0.000
15.323 xd 307 0.350 0.092 0.039 0.000 1.571 0.000
15.373 xd 308 0.350 0.089 0.045 0.000 1.571 0.000
15.423 xd 309 0.350 0.086 0.051 0.000 1.571 0.000
15.473 xd 310 0.350 0.083 0.056 0.000 1.571 0.000
15.523 xd 311 0.350 0.079 0.061 0.000 1.571 0.000
15.549 x 302 0.349 0.159 0.034 -0.001 1.570 -0.002
15.573 xd 312 0.350 0.075 0.066 0.000 1.571 0.000
15.591 x 311 0.349 0.080 0.059 0.022 1.550 -0.014
15.623 xd 313 0.350 0.071 0.071 0.000 1.571 0.000
15.658 x 312 0.341 0.077 0.062 0.001 1.569 0.000
15.673 xd 314 0.350 0.066 0.075 0.000 1.571 0.000
15.723 xd 315 0.350 0.061 0.079 0.000 1.571 0.000
15.773 xd 316 0.350 0.056 0.083 0.000 1.571 0.000
15.789 x 313 0.354 0.072 0.070 0.028 1.557 0.002
15.823 xd 317 0.350 0.051 0.086 0.000 1.571 0.000
15.874 xd 318 0.350 0.046 0.089 0.000 1.571 0.000
15.924 xd 319 0.350 0.040 0.092 0.000 1.571 0.000
15.937 x 316 0.350 0.056 0.084 0.002 1.562 0.008
15.974 xd 320 0.350 0.034 0.094 0.000 1.571 0.000
16.016 x 319 0.350 0.040 0.091 0.020 1.563 -0.021
16.024 xd 321 0.350 0.028 0.096 0.000 1.571 0.000
16.074 xd 322 0.350 0.022 0.098 0.000 1.571 0.000
16.124 xd 323 0.350 0.016 0.099 0.000 1.571 0.000
16.174 xd 324 0.350 0.010 0.100 0.000 1.571 0.000
16.224 xd 325 0.350 0.003 0.100 0.000 1.571 0.000
16.274 xd 326 0.350 -0.003 0.100 0.000 1.571 0.000
16.324 xd 327 0.350 -0.009 0.100 0.000 1.571 0.000
16.374 xd 328 0.350 -0.016 0.099 0.000 1.571 0.000
16.424 xd 329 0.350 -0.022 0.098 0.000 1.571 0.000
16.467 x 320 0.345 0.030 0.080 0.000 1.570 -0.001
16.474 xd 330 0.350 -0.028 0.096 0.000 1.571 0.000
16.524 xd 331 0.350 -0.034 0.094 0.000 1.571 0.000
16.574 xd 332 0.350 -0.040 0.092 0.000 1.571 0.000
16.625 xd 333 0.350 -0.045 0.089 0.000 1.571 0.000
16.675 xd 334 0.350 -0.051 0.086 0.000 1.571 0.000
16.725 xd 335 0.350 -0.056 0.083 0.000 1.571 0.000
16.775 xd 336 0.350 -0.061 0.079 0.000 1.571 0.000
16.793 x 329 0.352 -0.017 0.094 0.000 1.571 0.003
16.825 xd 337 0.350 -0.066 0.075 0.000 1.571 0.000
16.827 x 336 0.350 -0.060 0.078 -0.018 1.512 -0.065
16.852 x 337 0.351 -0.063 0.070 -0.018 1.511 -0.062
16.875 xd 338 0.350 -0.071 0.071 0.000 1.571 0.000
16.905 x 337 0.357 -0.062 0.077 -0.002 1.568 0.001
16.925 xd 339 0.350 -0.075 0.066 0.000 1.571 0.000
16.952 x 338 0.351 -0.071 0.068 0.059 1.554 -0.082
16.975 xd 340 0.350 -0.079 0.061 0.000 1.571 0.000
16.987 x 339 0.351 -0.078 0.060 0.003 1.572 -0.005
17.025 xd 341 0.350 -0.083 0.056 0.000 1.571 0.000
17.027 x 340 0.355 -0.077 0.053 -0.030 1.516 -0.036
17.061 x 341 0.352 -0.082 0.054 0.008 1.506 -0.065
17.075 xd 342 0.350 -0.086 0.051 0.000 1.571 0.000
17.106 x 341 0.354 -0.080 0.048 -0.016 1.529 -0.047
17.125 xd 343 0.350 -0.089 0.045 0.000 1.571 0.000
17.134 x 342 0.350 -0.086 0.051 -0.009 1.517 -0.040
17.172 x 343 0.352 -0.087 0.041 -0.019 1.495 -0.081
17.175 xd 344 0.350 -0.092 0.040 0.000 1.571 0.000
17.203 x 343 0.354 -0.087 0.041 -0.014 1.527 -0.048
17.225 xd 345 0.350 -0.094 0.034 0.000 1.571 0.000
17.236 x 344 0.350 -0.086 0.035 0.001 1.542 -0.038
17.275 xd 346 0.350 -0.096 0.028 0.000 1.571 0.000
17.276 x 345 0.351 -0.093 0.028 -0.019 1.546 -0.035
17.326 xd 347 0.350 -0.098 0.022 0.000 1.571 0.000
17.376 xd 348 0.350 -0.099 0.016 0.000 1.571 0.000
17.389 x 346 0.352 -0.087 0.024 0.002 1.570 -0.001
17.410 x 348 0.355 -0.096 0.017 -0.127 1.505 -0.093
17.426 xd 349 0.350 -0.100 0.009 0.000 1.571 0.000
17.466 x 348 0.347 -0.096 0.012 -0.015 1.555 -0.025
17.476 xd 350 0.350 -0.100 0.003 0.000 1.571 0.000
17.526 xd 351 0.350 -0.100 -0.003 0.000 1.571 0.000
17.576 xd 352 0.350 -0.100 -0.010 0.000 1.571 0.000
17.626 xd 353 0.350 -0.099 -0.016 0.000 1.571 0.000
17.676 xd 354 0.350 -0.098 -0.022 0.000 1.571 0.000
17.726 xd 355 0.350 -0.096 -0.028 0.000 1.571 0.000
17.729 x 349 0.352 -0.095 0.013 -0.001 1.569 0.001
17.776 x 355 0.351 -0.094 -0.028 0.017 1.557 -0.053
17.776 xd 356 0.350 -0.094 -0.034 0.000 1.571 0.000
17.826 xd 357 0.350 -0.092 -0.040 0.000 1.571 0.000
17.876 xd 358 0.350 -0.089 -0.046 0.000 1.571 0.000
17.926 xd 359 0.350 -0.086 -0.051 0.000 1.571 0.000
17.943 x 355 0.353 -0.092 -0.026 -0.002 1.569 -0.001
17.976 xd 360 0.350 -0.083 -0.056 0.000 1.571 0.000
18.027 xd 361 0.350 -0.079 -0.061 0.000 1.571 0.000
18.077 xd 362 0.350 -0.075 -0.066 0.000 1.571 0.000
18.077 x 359 0.344 -0.082 -0.049 0.004 1.571 0.001
18.127 xd 363 0.350 -0.071 -0.071 0.000 1.571 0.000
18.156 x 362 0.350 -0.075 -0.066 -0.055 1.531 -0.022
18.177 xd 364 0.350 -0.066 -0.075 0.000 1.571 0.000
18.195 x 363 0.350 -0.069 -0.063 -0.000 1.570 -0.002
18.227 xd 365 0.350 -0.061 -0.079 0.000 1.571 0.000
18.277 xd 366 0.350 -0.056 -0.083 0.000 1.571 0.000
18.327 xd 367 0.350 -0.051 -0.086 0.000 1.571 0.000
18.373 x 364 0.345 -0.065 -0.074 0.001 1.574 -0.001
18.377 xd 368 0.350 -0.045 -0.089 0.000 1.571 0.000
18.427 xd 369 0.350 -0.039 -0.092 0.000 1.571 0.000
18.477 xd 370 0.350 -0.034 -0.094 0.000 1.571 0.000
18.506 x 367 0.350 -0.051 -0.084 -0.004 1.567 -0.031
18.527 xd 371 0.350 -0.028 -0.096 0.000 1.571 0.000
18.577 xd 372 0.350 -0.022 -0.098 0.000 1.571 0.000
18.622 x 370 0.351 -0.031 -0.089 -0.005 1.587 -0.006
18.627 xd 373 0.350 -0.015 -0.099 0.000 1.571 0.000
18.642 x 372 0.349 -0.026 -0.100 -0.005 1.570 -0.003
18.677 xd 374 0.350 -0.009 -0.100 0.000 1.571 0.000
18.728 xd 375 0.350 -0.003 -0.100 0.000 1.571 0.000
18.778 xd 376 0.350 0.003 -0.100 0.000 1.571 0.000
18.820 x 373 0.354 -0.019 -0.100 -0.003 1.579 0.009
18.828 xd 377 0.350 0.010 -0.100 0.000 1.571 0.000
18.878 xd 378 0.350 0.016 -0.099 0.000 1.571 0.000
18.928 xd 379 0.350 0.022 -0.098 0.000 1.571 0.000
18.948 x 376 0.350 0.004 -0.101 -0.013 1.577 -0.002
18.978 xd 380 0.350 0.028 -0.096 0.000 1.571 0.000
19.028 xd 381 0.350 0.034 -0.094 0.000 1.571 0.000
19.078 xd 382 0.350 0.040 -0.092 0.000 1.571 0.000
19.128 xd 383 0.350 0.046 -0.089 0.000 1.571 0.000
19.138 x 379 0.348 0.026 -0.090 0.000 1.572 -0.000
19.178 xd 384 0.350 0.051 -0.086 0.000 1.571 0.000
19.228 xd 385 0.350 0.057 -0.082 0.000 1.571 0.000
19.278 xd 386 0.350 0.062 -0.079 0.000 1.571 0.000
19.328 xd 387 0.350 0.066 -0.075 0.000 1.571 0.000
19.378 xd 388 0.350 0.071 -0.070 0.000 1.571 0.000
19.428 xd 389 0.350 0.075 -0.066 0.000 1.571 0.000
19.455 x 383 0.350 0.046 -0.088 -0.030 1.582 0.017
19.479 xd 390 0.350 0.079 -0.061 0.000 1.571 0.000
19.529 xd 391 0.350 0.083 -0.056 0.000 1.571 0.000
19.579 xd 392 0.350 0.086 -0.051 0.000 1.571 0.000
19.629 xd 393 0.350 0.089 -0.045 0.000 1.571 0.000
19.636 x 389 0.349 0.075 -0.066 -0.002 1.536 0.004
19.679 xd 394 0.350 0.092 -0.039 0.000 1.571 0.000
19.729 xd 395 0.350 0.094 -0.033 0.000 1.571 0.000
19.779 xd 396 0.350 0.096 -0.027 0.000 1.571 0.000
19.789 x 393 0.350 0.089 -0.045 -0.002 1.570 -0.003
19.810 x 396 0.350 0.095 -0.026 0.004 1.576 0.005
19.829 xd 397 0.350 0.098 -0.021 0.000 1.571 0.000
19.843 x 396 0.359 0.093 -0.031 -0.018 1.573 0.001
19.879 xd 398 0.350 0.099 -0.015 0.000 1.571 0.000
19.894 x 397 0.349 0.098 -0.023 -0.003 1.579 0.004
19.929 xd 399 0.350 0.100 -0.009 0.000 1.571 0.000
19.932 x 398 0.358 0.099 -0.019 0.019 1.574 -0.006
19.968 x 399 0.356 0.097 -0.012 0.036 1.570 0.011
19.979 xd 400 0.350 0.100 -0.003 0.000 1.571 0.000
20.000 x 399 0.357 0.104 -0.010 0.036 1.583 -0.035
20.029 xd 401 0.350 0.100 0.004 0.000 1.571 0.000
20.030 x 400 0.346 0.099 -0.006 0.007 1.569 0.011
20.060 x 401 0.346 0.096 0.002 -0.007 1.584 0.005
20.079 xd 402 0.350 0.100 0.010 0.000 1.571 0.000
20.129 xd 403 0.350 0.099 0.016 0.000 1.571 0.000
20.155 x 401 0.350 0.104 0.006 -0.003 1.569 0.004
20.180 xd 404 0.350 0.097 0.022 0.000 1.571 0.000
20.186 x 403 0.350 0.099 0.016 0.039 1.533 -0.035
20.230 xd 405 0.350 0.096 0.028 0.000 1.571 0.000
20.252 x 404 0.358 0.095 0.022 0.003 1.581 -0.004
20.280 xd 406 0.350 0.094 0.034 0.000 1.571 0.000
20.326 x 405 0.342 0.094 0.026 -0.003 1.582 -0.005
20.330 xd 407 0.350 0.092 0.040 0.000 1.571 0.000
20.380 xd 408 0.350 0.089 0.046 0.000 1.571 0.000
20.430 xd 409 0.350 0.086 0.051 0.000 1.571 0.000
20.450 x 406 0.346 0.091 0.037 -0.005 1.560 0.000
20.479 x 409 0.352 0.086 0.051 0.021 1.575 -0.009
20.480 xd 410 0.350 0.082 0.057 0.000 1.571 0.000
20.530 xd 411 0.350 0.079 0.062 0.000 1.571 0.000
20.562 x 409 0.345 0.091 0.047 0.001 1.575 -0.008
20.580 xd 412 0.350 0.075 0.067 0.000 1.571 0.000
20.598 x 411 0.349 0.080 0.059 0.010 1.545 -0.012
20.623 x 412 0.352 0.082 0.068 -0.002 1.568 0.006
20.630 xd 413 0.350 0.070 0.071 0.000 1.571 0.000
20.654 x 412 0.350 0.075 0.065 0.020 1.571 -0.011
20.669 x 413 0.357 0.068 0.065 -0.006 1.557 0.010
20.680 xd 414 0.350 0.066 0.075 0.000 1.571 0.000
20.730 xd 415 0.350 0.061 0.079 0.000 1.571 0.000
20.780 xd 416 0.350 0.056 0.083 0.000 1.571 0.000
20.830 xd 417 0.350 0.050 0.086 0.000 1.571 0.000
20.881 xd 418 0.350 0.045 0.089 0.000 1.571 0.000
20.931 xd 419 0.350 0.039 0.092 0.000 1.571 0.000
20.981 xd 420 0.350 0.033 0.094 0.000 1.571 0.000
20.988 x 413 0.358 0.068 0.073 -0.006 1.570 -0.004
21.012 x 420 0.353 0.035 0.088 -0.010 1.524 -0.054
