0.000 xd 1 0.350 0.100 0.000 0.000 1.571 0.000
0.050 xd 2 0.350 0.100 0.003 0.000 1.571 0.000
0.101 xd 3 0.350 0.100 0.006 0.000 1.571 0.000
0.144 x 1 0.350 0.102 0.009 -0.001 1.571 0.001
0.151 xd 4 0.350 0.100 0.009 0.000 1.571 0.000
0.201 xd 5 0.350 0.099 0.013 0.000 1.571 0.000
0.236 x 3 0.351 0.102 0.003 0.011 1.566 -0.018
0.251 xd 6 0.350 0.099 0.016 0.000 1.571 0.000
0.301 xd 7 0.350 0.098 0.019 0.000 1.571 0.000
0.351 xd 8 0.350 0.098 0.022 0.000 1.571 0.000
0.383 x 5 0.350 0.099 0.012 -0.008 1.560 0.006
0.401 xd 9 0.350 0.097 0.025 0.000 1.571 0.000
0.451 xd 10 0.350 0.096 0.028 0.000 1.571 0.000
0.501 xd 11 0.350 0.095 0.031 0.000 1.571 0.000
0.546 x 8 0.349 0.097 0.023 0.002 1.573 -0.002
0.551 xd 12 0.350 0.094 0.034 0.000 1.571 0.000
0.601 xd 13 0.350 0.093 0.037 0.000 1.571 0.000
0.618 x 11 0.348 0.094 0.025 0.000 1.571 0.001
0.645 x 13 0.352 0.094 0.042 -0.006 1.572 0.000
0.651 xd 14 0.350 0.092 0.040 0.000 1.571 0.000
0.674 x 13 0.354 0.094 0.031 -0.003 1.569 -0.002
0.701 xd 15 0.350 0.090 0.043 0.000 1.571 0.000
0.716 x 14 0.350 0.092 0.040 -0.005 1.576 0.001
0.740 x 15 0.356 0.095 0.042 0.002 1.568 0.001
0.751 xd 16 0.350 0.089 0.045 0.000 1.571 0.000
0.783 x 15 0.344 0.095 0.048 0.004 1.566 -0.003
0.802 xd 17 0.350 0.088 0.048 0.000 1.571 0.000
0.814 x 16 0.353 0.095 0.048 -0.002 1.559 -0.003
0.852 xd 18 0.350 0.086 0.051 0.000 1.571 0.000
0.902 xd 19 0.350 0.084 0.054 0.000 1.571 0.000
0.942 x 17 0.350 0.092 0.043 -0.008 1.575 0.001
0.952 xd 20 0.350 0.083 0.056 0.000 1.571 0.000
1.002 xd 21 0.350 0.081 0.059 0.000 1.571 0.000
1.052 xd 22 0.350 0.079 0.061 0.000 1.571 0.000
1.102 xd 23 0.350 0.077 0.064 0.000 1.571 0.000
1.152 xd 24 0.350 0.075 0.066 0.000 1.571 0.000
1.202 xd 25 0.350 0.073 0.069 0.000 1.571 0.000
1.252 xd 26 0.350 0.071 0.071 0.000 1.571 0.000
1.302 xd 27 0.350 0.068 0.073 0.000 1.571 0.000
1.352 xd 28 0.350 0.066 0.075 0.000 1.571 0.000
1.379 x 19 0.351 0.088 0.047 -0.000 1.570 -0.000
1.402 xd 29 0.350 0.064 0.077 0.000 1.571 0.000
1.429 x 28 0.349 0.071 0.077 -0.003 1.579 -0.015
1.453 xd 30 0.350 0.061 0.079 0.000 1.571 0.000
1.459 x 29 0.347 0.056 0.076 -0.001 1.579 -0.004
1.503 xd 31 0.350 0.059 0.081 0.000 1.571 0.000
1.523 x 30 0.347 0.064 0.075 -0.006 1.498 -0.019
1.553 xd 32 0.350 0.056 0.083 0.000 1.571 0.000
1.603 xd 33 0.350 0.053 0.085 0.000 1.571 0.000
1.653 xd 34 0.350 0.051 0.086 0.000 1.571 0.000
1.703 xd 35 0.350 0.048 0.088 0.000 1.571 0.000
1.753 x 31 0.358 0.055 0.080 0.060 1.575 -0.010
1.753 xd 36 0.350 0.045 0.089 0.000 1.571 0.000
1.803 xd 37 0.350 0.042 0.091 0.000 1.571 0.000
1.824 x 35 0.353 0.050 0.086 0.018 1.496 -0.004
1.853 xd 38 0.350 0.040 0.092 0.000 1.571 0.000
1.882 x 37 0.348 0.043 0.090 -0.045 1.579 -0.005
1.903 xd 39 0.350 0.037 0.093 0.000 1.571 0.000
1.918 x 38 0.348 0.036 0.090 0.001 1.565 -0.003
1.953 xd 40 0.350 0.034 0.094 0.000 1.571 0.000
2.003 xd 41 0.350 0.031 0.095 0.000 1.571 0.000
2.030 x 39 0.357 0.039 0.089 -0.001 1.494 -0.006
2.042 x 41 0.354 0.033 0.093 -0.146 1.439 -0.096
2.053 xd 42 0.350 0.028 0.096 0.000 1.571 0.000
2.103 xd 43 0.350 0.025 0.097 0.000 1.571 0.000
2.154 xd 44 0.350 0.022 0.098 0.000 1.571 0.000
2.204 xd 45 0.350 0.019 0.098 0.000 1.571 0.000
2.254 xd 46 0.350 0.015 0.099 0.000 1.571 0.000
2.304 xd 47 0.350 0.012 0.099 0.000 1.571 0.000
2.307 x 41 0.350 0.031 0.092 0.011 1.572 -0.005
2.354 xd 48 0.350 0.009 0.100 0.000 1.571 0.000
2.404 xd 49 0.350 0.006 0.100 0.000 1.571 0.000
2.454 xd 50 0.350 0.003 0.100 0.000 1.571 0.000
2.504 xd 51 0.350 -0.000 0.100 0.000 1.571 0.000
2.526 x 47 0.351 0.012 0.098 0.000 1.567 -0.006
2.554 xd 52 0.350 -0.003 0.100 0.000 1.571 0.000
2.568 x 51 0.352 0.002 0.093 -0.019 1.531 -0.060
2.604 xd 53 0.350 -0.007 0.100 0.000 1.571 0.000
2.654 xd 54 0.350 -0.010 0.100 0.000 1.571 0.000
2.687 x 52 0.350 -0.003 0.099 0.009 1.561 -0.012
2.704 xd 55 0.350 -0.013 0.099 0.000 1.571 0.000
2.754 xd 56 0.350 -0.016 0.099 0.000 1.571 0.000
2.804 xd 57 0.350 -0.019 0.098 0.000 1.571 0.000
2.855 xd 58 0.350 -0.022 0.098 0.000 1.571 0.000
2.905 xd 59 0.350 -0.025 0.097 0.000 1.571 0.000
2.955 xd 60 0.350 -0.028 0.096 0.000 1.571 0.000
2.967 x 54 0.350 -0.009 0.098 0.027 1.502 -0.027
3.005 xd 61 0.350 -0.031 0.095 0.000 1.571 0.000
3.055 xd 62 0.350 -0.034 0.094 0.000 1.571 0.000
3.105 xd 63 0.350 -0.037 0.093 0.000 1.571 0.000
3.155 xd 64 0.350 -0.040 0.092 0.000 1.571 0.000
3.192 x 60 0.353 -0.023 0.098 0.028 1.585 -0.073
3.205 xd 65 0.350 -0.043 0.090 0.000 1.571 0.000
3.255 xd 66 0.350 -0.046 0.089 0.000 1.571 0.000
3.305 xd 67 0.350 -0.048 0.087 0.000 1.571 0.000
3.355 xd 68 0.350 -0.051 0.086 0.000 1.571 0.000
3.405 xd 69 0.350 -0.054 0.084 0.000 1.571 0.000
3.455 xd 70 0.350 -0.056 0.083 0.000 1.571 0.000
3.505 xd 71 0.350 -0.059 0.081 0.000 1.571 0.000
3.530 x 64 0.352 -0.032 0.090 -0.001 1.571 0.000
3.556 xd 72 0.350 -0.062 0.079 0.000 1.571 0.000
3.567 x 71 0.349 -0.056 0.076 -0.032 1.475 -0.108
3.606 xd 73 0.350 -0.064 0.077 0.000 1.571 0.000
3.615 x 72 0.353 -0.060 0.076 0.056 1.536 -0.058
3.642 x 73 0.349 -0.062 0.075 -0.047 1.480 -0.074
3.656 xd 74 0.350 -0.066 0.075 0.000 1.571 0.000
3.706 xd 75 0.350 -0.069 0.073 0.000 1.571 0.000
3.756 xd 76 0.350 -0.071 0.070 0.000 1.571 0.000
3.806 xd 77 0.350 -0.073 0.068 0.000 1.571 0.000
3.842 x 73 0.346 -0.056 0.074 0.000 1.571 -0.001
3.856 xd 78 0.350 -0.075 0.066 0.000 1.571 0.000
3.906 xd 79 0.350 -0.077 0.063 0.000 1.571 0.000
3.956 xd 80 0.350 -0.079 0.061 0.000 1.571 0.000
4.006 xd 81 0.350 -0.081 0.058 0.000 1.571 0.000
4.017 x 77 0.344 -0.069 0.071 0.001 1.571 0.001
4.056 xd 82 0.350 -0.083 0.056 0.000 1.571 0.000
4.089 x 81 0.350 -0.081 0.049 -0.001 1.571 0.007
4.106 xd 83 0.350 -0.085 0.053 0.000 1.571 0.000
4.156 xd 84 0.350 -0.086 0.051 0.000 1.571 0.000
4.177 x 82 0.350 -0.083 0.055 0.013 1.551 -0.024
4.207 xd 85 0.350 -0.088 0.048 0.000 1.571 0.000
4.257 xd 86 0.350 -0.089 0.045 0.000 1.571 0.000
4.307 xd 87 0.350 -0.091 0.042 0.000 1.571 0.000
4.355 x 84 0.348 -0.082 0.043 0.002 1.571 -0.001
4.357 xd 88 0.350 -0.092 0.039 0.000 1.571 0.000
4.407 xd 89 0.350 -0.093 0.036 0.000 1.571 0.000
4.457 xd 90 0.350 -0.094 0.033 0.000 1.571 0.000
4.507 xd 91 0.350 -0.095 0.030 0.000 1.571 0.000
4.557 xd 92 0.350 -0.096 0.027 0.000 1.571 0.000
4.607 xd 93 0.350 -0.097 0.024 0.000 1.571 0.000
4.657 xd 94 0.350 -0.098 0.021 0.000 1.571 0.000
4.707 xd 95 0.350 -0.098 0.018 0.000 1.571 0.000
4.740 x 87 0.350 -0.086 0.039 -0.001 1.569 -0.000
4.757 xd 96 0.350 -0.099 0.015 0.000 1.571 0.000
4.783 x 95 0.350 -0.097 0.012 -0.004 1.565 -0.008
4.807 xd 97 0.350 -0.099 0.012 0.000 1.571 0.000
4.819 x 96 0.349 -0.095 0.008 -0.005 1.563 -0.011
4.857 xd 98 0.350 -0.100 0.009 0.000 1.571 0.000
4.889 x 97 0.348 -0.095 0.009 0.008 1.523 -0.039
4.908 xd 99 0.350 -0.100 0.006 0.000 1.571 0.000
4.958 xd 100 0.350 -0.100 0.003 0.000 1.571 0.000
4.988 x 98 0.348 -0.097 0.010 0.005 1.553 -0.029
5.008 xd 101 0.350 -0.100 -0.000 0.000 1.571 0.000
5.033 x 100 0.347 -0.097 0.000 -0.022 1.509 -0.076
5.058 xd 102 0.350 -0.100 -0.004 0.000 1.571 0.000
5.093 x 101 0.347 -0.097 -0.005 -0.022 1.556 -0.029
5.108 xd 103 0.350 -0.100 -0.007 0.000 1.571 0.000
5.158 xd 104 0.350 -0.100 -0.010 0.000 1.571 0.000
5.177 x 102 0.347 -0.100 -0.011 0.006 1.556 0.003
5.195 x 104 0.351 -0.108 -0.013 -0.001 1.574 -0.001
5.208 xd 105 0.350 -0.099 -0.013 0.000 1.571 0.000
5.258 xd 106 0.350 -0.099 -0.016 0.000 1.571 0.000
5.308 xd 107 0.350 -0.098 -0.019 0.000 1.571 0.000
5.358 xd 108 0.350 -0.097 -0.022 0.000 1.571 0.000
5.408 xd 109 0.350 -0.097 -0.025 0.000 1.571 0.000
5.458 xd 110 0.350 -0.096 -0.028 0.000 1.571 0.000
5.508 xd 111 0.350 -0.095 -0.031 0.000 1.571 0.000
5.558 xd 112 0.350 -0.094 -0.034 0.000 1.571 0.000
5.609 xd 113 0.350 -0.093 -0.037 0.000 1.571 0.000
5.659 xd 114 0.350 -0.092 -0.040 0.000 1.571 0.000
5.704 x 104 0.320 -0.078 -0.019 -0.001 1.572 -0.000
5.709 xd 115 0.350 -0.090 -0.043 0.000 1.571 0.000
5.759 xd 116 0.350 -0.089 -0.046 0.000 1.571 0.000
5.801 x 114 0.349 -0.091 -0.040 0.007 1.570 -0.007
5.809 xd 117 0.350 -0.087 -0.049 0.000 1.571 0.000
5.859 xd 118 0.350 -0.086 -0.051 0.000 1.571 0.000
5.909 xd 119 0.350 -0.084 -0.054 0.000 1.571 0.000
5.959 xd 120 0.350 -0.082 -0.057 0.000 1.571 0.000
6.009 xd 121 0.350 -0.081 -0.059 0.000 1.571 0.000
6.059 xd 122 0.350 -0.079 -0.062 0.000 1.571 0.000
6.109 xd 123 0.350 -0.077 -0.064 0.000 1.571 0.000
6.159 xd 124 0.350 -0.075 -0.067 0.000 1.571 0.000
6.209 xd 125 0.350 -0.072 -0.069 0.000 1.571 0.000
6.212 x 116 0.349 -0.089 -0.045 -0.016 1.571 0.006
6.259 xd 126 0.350 -0.070 -0.071 0.000 1.571 0.000
6.310 xd 127 0.350 -0.068 -0.073 0.000 1.571 0.000
6.321 x 125 0.348 -0.073 -0.064 0.014 1.561 0.004
6.360 xd 128 0.350 -0.066 -0.075 0.000 1.571 0.000
6.365 x 127 0.350 -0.064 -0.065 -0.011 1.575 -0.007
6.408 x 128 0.351 -0.062 -0.071 -0.006 1.575 -0.006
6.410 xd 129 0.350 -0.063 -0.077 0.000 1.571 0.000
6.445 x 128 0.344 -0.072 -0.075 0.001 1.572 -0.004
6.460 xd 130 0.350 -0.061 -0.079 0.000 1.571 0.000
6.477 x 129 0.342 -0.060 -0.074 -0.005 1.568 -0.003
6.510 xd 131 0.350 -0.058 -0.081 0.000 1.571 0.000
6.522 x 130 0.347 -0.064 -0.085 -0.004 1.572 0.006
6.560 xd 132 0.350 -0.056 -0.083 0.000 1.571 0.000
6.610 xd 133 0.350 -0.053 -0.085 0.000 1.571 0.000
6.640 x 131 0.349 -0.057 -0.081 -0.017 1.562 -0.027
6.660 xd 134 0.350 -0.050 -0.086 0.000 1.571 0.000
6.710 xd 135 0.350 -0.048 -0.088 0.000 1.571 0.000
6.760 xd 136 0.350 -0.045 -0.089 0.000 1.571 0.000
6.810 xd 137 0.350 -0.042 -0.091 0.000 1.571 0.000
6.824 x 133 0.343 -0.047 -0.083 0.002 1.563 0.003
6.860 xd 138 0.350 -0.039 -0.092 0.000 1.571 0.000
6.873 x 137 0.351 -0.041 -0.083 0.010 1.570 0.004
6.910 xd 139 0.350 -0.036 -0.093 0.000 1.571 0.000
6.921 x 138 0.347 -0.040 -0.092 0.022 1.553 -0.011
6.960 xd 140 0.350 -0.033 -0.094 0.000 1.571 0.000
7.009 x 139 0.349 -0.034 -0.091 0.004 1.577 0.004
7.011 xd 141 0.350 -0.030 -0.095 0.000 1.571 0.000
7.058 x 140 0.352 -0.033 -0.093 0.017 1.567 -0.003
7.061 xd 142 0.350 -0.027 -0.096 0.000 1.571 0.000
7.111 xd 143 0.350 -0.024 -0.097 0.000 1.571 0.000
7.161 xd 144 0.350 -0.021 -0.098 0.000 1.571 0.000
7.211 xd 145 0.350 -0.018 -0.098 0.000 1.571 0.000
7.261 xd 146 0.350 -0.015 -0.099 0.000 1.571 0.000
7.311 xd 147 0.350 -0.012 -0.099 0.000 1.571 0.000
7.361 xd 148 0.350 -0.009 -0.100 0.000 1.571 0.000
7.411 xd 149 0.350 -0.006 -0.100 0.000 1.571 0.000
7.438 x 141 0.353 -0.029 -0.087 -0.001 1.578 0.002
7.461 xd 150 0.350 -0.002 -0.100 0.000 1.571 0.000
7.511 xd 151 0.350 0.001 -0.100 0.000 1.571 0.000
7.561 xd 152 0.350 0.004 -0.100 0.000 1.571 0.000
7.594 x 149 0.346 0.001 -0.101 0.000 1.566 0.001
7.611 xd 153 0.350 0.007 -0.100 0.000 1.571 0.000
7.661 xd 154 0.350 0.010 -0.099 0.000 1.571 0.000
7.712 xd 155 0.350 0.013 -0.099 0.000 1.571 0.000
7.762 xd 156 0.350 0.016 -0.099 0.000 1.571 0.000
7.791 x 152 0.348 0.010 -0.094 -0.001 1.573 0.002
7.812 xd 157 0.350 0.019 -0.098 0.000 1.571 0.000
7.862 xd 158 0.350 0.023 -0.097 0.000 1.571 0.000
7.889 x 156 0.348 0.017 -0.097 0.028 1.570 -0.006
7.912 xd 159 0.350 0.026 -0.097 0.000 1.571 0.000
7.962 xd 160 0.350 0.029 -0.096 0.000 1.571 0.000
8.012 xd 161 0.350 0.032 -0.095 0.000 1.571 0.000
8.062 xd 162 0.350 0.035 -0.094 0.000 1.571 0.000
8.112 xd 163 0.350 0.038 -0.093 0.000 1.571 0.000
8.162 xd 164 0.350 0.040 -0.091 0.000 1.571 0.000
8.201 x 158 0.353 0.017 -0.104 0.001 1.567 0.006
8.212 xd 165 0.350 0.043 -0.090 0.000 1.571 0.000
8.262 xd 166 0.350 0.046 -0.089 0.000 1.571 0.000
8.312 xd 167 0.350 0.049 -0.087 0.000 1.571 0.000
8.362 xd 168 0.350 0.052 -0.086 0.000 1.571 0.000
8.401 x 164 0.347 0.048 -0.086 -0.000 1.571 0.001
8.413 xd 169 0.350 0.054 -0.084 0.000 1.571 0.000
8.439 x 168 0.346 0.051 -0.080 -0.007 1.570 -0.011
8.463 xd 170 0.350 0.057 -0.082 0.000 1.571 0.000
8.492 x 169 0.349 0.054 -0.086 -0.001 1.575 0.006
8.513 xd 171 0.350 0.059 -0.080 0.000 1.571 0.000
8.524 x 170 0.347 0.057 -0.082 -0.018 1.564 0.023
8.563 xd 172 0.350 0.062 -0.079 0.000 1.571 0.000
8.613 xd 173 0.350 0.064 -0.077 0.000 1.571 0.000
8.651 x 171 0.353 0.066 -0.079 -0.008 1.577 0.005
8.663 xd 174 0.350 0.067 -0.074 0.000 1.571 0.000
8.673 x 173 0.344 0.070 -0.081 0.005 1.571 0.000
8.704 x 174 0.348 0.063 -0.074 0.006 1.567 -0.001
8.713 xd 175 0.350 0.069 -0.072 0.000 1.571 0.000
8.738 x 174 0.347 0.067 -0.077 -0.026 1.562 0.001
8.763 xd 176 0.350 0.071 -0.070 0.000 1.571 0.000
8.813 xd 177 0.350 0.073 -0.068 0.000 1.571 0.000
8.828 x 175 0.350 0.067 -0.075 0.004 1.573 -0.000
8.863 xd 178 0.350 0.076 -0.066 0.000 1.571 0.000
8.913 xd 179 0.350 0.078 -0.063 0.000 1.571 0.000
8.963 xd 180 0.350 0.080 -0.061 0.000 1.571 0.000
9.013 xd 181 0.350 0.081 -0.058 0.000 1.571 0.000
9.063 xd 182 0.350 0.083 -0.056 0.000 1.571 0.000
9.114 xd 183 0.350 0.085 -0.053 0.000 1.571 0.000
9.164 xd 184 0.350 0.087 -0.050 0.000 1.571 0.000
9.214 xd 185 0.350 0.088 -0.047 0.000 1.571 0.000
9.246 x 177 0.346 0.079 -0.061 -0.000 1.570 0.000
9.264 xd 186 0.350 0.089 -0.045 0.000 1.571 0.000
9.314 xd 187 0.350 0.091 -0.042 0.000 1.571 0.000
9.330 x 185 0.350 0.096 -0.048 0.004 1.571 0.013
9.347 x 187 0.341 0.090 -0.041 -0.003 1.585 -0.005
9.364 xd 188 0.350 0.092 -0.039 0.000 1.571 0.000
9.414 xd 189 0.350 0.093 -0.036 0.000 1.571 0.000
9.464 xd 190 0.350 0.094 -0.033 0.000 1.571 0.000
9.514 xd 191 0.350 0.095 -0.030 0.000 1.571 0.000
9.564 xd 192 0.350 0.096 -0.027 0.000 1.571 0.000
9.564 x 187 0.342 0.087 -0.042 0.004 1.576 0.005
9.614 xd 193 0.350 0.097 -0.024 0.000 1.571 0.000
9.624 x 192 0.349 0.097 -0.027 -0.048 1.531 -0.008
9.661 x 193 0.349 0.092 -0.024 0.008 1.569 0.010
9.664 xd 194 0.350 0.098 -0.021 0.000 1.571 0.000
9.714 xd 195 0.350 0.098 -0.018 0.000 1.571 0.000
9.716 x 193 0.342 0.092 -0.025 -0.001 1.569 -0.003
9.765 xd 196 0.350 0.099 -0.015 0.000 1.571 0.000
9.765 x 195 0.350 0.097 -0.018 0.047 1.575 -0.010
9.815 xd 197 0.350 0.099 -0.012 0.000 1.571 0.000
9.827 x 196 0.348 0.099 -0.015 -0.034 1.514 0.013
9.865 xd 198 0.350 0.100 -0.008 0.000 1.571 0.000
9.915 xd 199 0.350 0.100 -0.005 0.000 1.571 0.000
9.965 xd 200 0.350 0.100 -0.002 0.000 1.571 0.000
10.015 xd 201 0.350 0.100 0.001 0.000 1.571 0.000
10.065 xd 202 0.350 0.100 0.004 0.000 1.571 0.000
10.067 x 197 0.351 0.098 -0.012 0.001 1.568 0.012
10.115 xd 203 0.350 0.100 0.007 0.000 1.571 0.000
10.165 xd 204 0.350 0.099 0.010 0.000 1.571 0.000
10.215 xd 205 0.350 0.099 0.013 0.000 1.571 0.000
10.265 xd 206 0.350 0.099 0.017 0.000 1.571 0.000
10.275 x 202 0.347 0.100 0.012 0.001 1.569 -0.001
10.315 xd 207 0.350 0.098 0.020 0.000 1.571 0.000
10.365 xd 208 0.350 0.097 0.023 0.000 1.571 0.000
10.415 xd 209 0.350 0.097 0.026 0.000 1.571 0.000
10.466 xd 210 0.350 0.096 0.029 0.000 1.571 0.000
10.516 xd 211 0.350 0.095 0.032 0.000 1.571 0.000
10.562 x 206 0.352 0.098 0.015 0.013 1.599 0.010
10.566 xd 212 0.350 0.094 0.035 0.000 1.571 0.000
10.616 xd 213 0.350 0.093 0.038 0.000 1.571 0.000
10.666 xd 214 0.350 0.091 0.041 0.000 1.571 0.000
10.716 xd 215 0.350 0.090 0.043 0.000 1.571 0.000
10.766 xd 216 0.350 0.089 0.046 0.000 1.571 0.000
10.786 x 211 0.348 0.102 0.031 -0.000 1.571 -0.001
10.816 xd 217 0.350 0.087 0.049 0.000 1.571 0.000
10.866 xd 218 0.350 0.086 0.052 0.000 1.571 0.000
10.912 x 216 0.347 0.091 0.038 0.004 1.561 -0.003
10.916 xd 219 0.350 0.084 0.054 0.000 1.571 0.000
10.936 x 218 0.347 0.091 0.054 0.002 1.532 -0.028
10.964 x 219 0.350 0.091 0.058 -0.022 1.577 -0.005
10.966 xd 220 0.350 0.082 0.057 0.000 1.571 0.000
11.016 xd 221 0.350 0.080 0.060 0.000 1.571 0.000
11.066 xd 222 0.350 0.078 0.062 0.000 1.571 0.000
11.116 xd 223 0.350 0.076 0.065 0.000 1.571 0.000
11.157 x 219 0.351 0.084 0.054 0.041 1.553 -0.023
11.167 xd 224 0.350 0.074 0.067 0.000 1.571 0.000
11.217 xd 225 0.350 0.072 0.069 0.000 1.571 0.000
11.267 xd 226 0.350 0.070 0.071 0.000 1.571 0.000
11.317 xd 227 0.350 0.068 0.074 0.000 1.571 0.000
11.325 x 223 0.345 0.081 0.072 0.003 1.577 0.011
11.363 x 227 0.345 0.067 0.072 -0.023 1.555 -0.008
11.367 xd 228 0.350 0.065 0.076 0.000 1.571 0.000
11.400 x 227 0.352 0.067 0.065 -0.003 1.558 -0.017
11.417 xd 229 0.350 0.063 0.078 0.000 1.571 0.000
11.460 x 228 0.350 0.065 0.075 0.017 1.537 -0.018
11.467 xd 230 0.350 0.060 0.080 0.000 1.571 0.000
11.505 x 229 0.351 0.063 0.077 -0.016 1.496 -0.033
11.517 xd 231 0.350 0.058 0.082 0.000 1.571 0.000
11.538 x 230 0.351 0.066 0.073 -0.003 1.559 -0.012
11.567 xd 232 0.350 0.055 0.083 0.000 1.571 0.000
11.588 x 231 0.352 0.058 0.080 -0.034 1.514 0.005
11.617 x 232 0.349 0.056 0.081 -0.013 1.494 -0.065
11.617 xd 233 0.350 0.053 0.085 0.000 1.571 0.000
11.667 xd 234 0.350 0.050 0.087 0.000 1.571 0.000
11.710 x 232 0.351 0.055 0.084 -0.080 1.579 0.027
11.717 xd 235 0.350 0.047 0.088 0.000 1.571 0.000
11.767 xd 236 0.350 0.044 0.090 0.000 1.571 0.000
11.818 xd 237 0.350 0.042 0.091 0.000 1.571 0.000
11.868 xd 238 0.350 0.039 0.092 0.000 1.571 0.000
11.897 x 234 0.345 0.049 0.085 0.001 1.529 -0.005
11.918 xd 239 0.350 0.036 0.093 0.000 1.571 0.000
11.945 x 238 0.351 0.040 0.084 -0.005 1.507 -0.057
11.968 xd 240 0.350 0.033 0.094 0.000 1.571 0.000
11.987 x 239 0.352 0.035 0.091 -0.011 1.463 -0.050
12.018 xd 241 0.350 0.030 0.095 0.000 1.571 0.000
12.029 x 240 0.354 0.035 0.090 0.006 1.479 -0.078
12.055 x 241 0.351 0.031 0.087 -0.008 1.482 -0.063
12.068 xd 242 0.350 0.027 0.096 0.000 1.571 0.000
12.092 x 241 0.351 0.031 0.087 -0.013 1.525 -0.028
12.118 xd 243 0.350 0.024 0.097 0.000 1.571 0.000
12.168 xd 244 0.350 0.021 0.098 0.000 1.571 0.000
12.205 x 242 0.353 0.025 0.092 0.035 1.555 -0.043
12.218 xd 245 0.350 0.018 0.098 0.000 1.571 0.000
12.268 xd 246 0.350 0.015 0.099 0.000 1.571 0.000
12.318 xd 247 0.350 0.011 0.099 0.000 1.571 0.000
12.368 xd 248 0.350 0.008 0.100 0.000 1.571 0.000
12.418 xd 249 0.350 0.005 0.100 0.000 1.571 0.000
12.434 x 244 0.354 0.025 0.104 0.003 1.567 0.001
12.468 xd 250 0.350 0.002 0.100 0.000 1.571 0.000
12.518 xd 251 0.350 -0.001 0.100 0.000 1.571 0.000
12.569 xd 252 0.350 -0.004 0.100 0.000 1.571 0.000
12.619 xd 253 0.350 -0.007 0.100 0.000 1.571 0.000
12.669 xd 254 0.350 -0.011 0.099 0.000 1.571 0.000
12.713 x 249 0.346 0.011 0.099 0.002 1.569 0.002
12.719 xd 255 0.350 -0.014 0.099 0.000 1.571 0.000
12.747 x 254 0.353 -0.008 0.095 0.007 1.540 -0.031
12.769 xd 256 0.350 -0.017 0.099 0.000 1.571 0.000
12.806 x 255 0.348 -0.011 0.094 0.005 1.575 -0.003
12.819 xd 257 0.350 -0.020 0.098 0.000 1.571 0.000
12.857 x 256 0.355 -0.017 0.092 -0.033 1.518 -0.029
12.869 xd 258 0.350 -0.023 0.097 0.000 1.571 0.000
12.919 xd 259 0.350 -0.026 0.097 0.000 1.571 0.000
12.946 x 257 0.354 -0.022 0.098 0.001 1.622 0.025
12.969 xd 260 0.350 -0.029 0.096 0.000 1.571 0.000
12.999 x 259 0.350 -0.026 0.096 0.025 1.438 -0.129
13.019 xd 261 0.350 -0.032 0.095 0.000 1.571 0.000
13.069 xd 262 0.350 -0.035 0.094 0.000 1.571 0.000
13.113 x 260 0.351 -0.029 0.093 -0.005 1.524 -0.021
13.119 xd 263 0.350 -0.038 0.093 0.000 1.571 0.000
13.169 xd 264 0.350 -0.041 0.091 0.000 1.571 0.000
13.220 xd 265 0.350 -0.044 0.090 0.000 1.571 0.000
13.270 xd 266 0.350 -0.046 0.089 0.000 1.571 0.000
13.271 x 262 0.352 -0.031 0.087 -0.000 1.571 -0.001
13.320 xd 267 0.350 -0.049 0.087 0.000 1.571 0.000
13.370 xd 268 0.350 -0.052 0.085 0.000 1.571 0.000
13.420 xd 269 0.350 -0.055 0.084 0.000 1.571 0.000
13.470 xd 270 0.350 -0.057 0.082 0.000 1.571 0.000
13.520 xd 271 0.350 -0.060 0.080 0.000 1.571 0.000
13.570 xd 272 0.350 -0.062 0.078 0.000 1.571 0.000
13.620 xd 273 0.350 -0.065 0.076 0.000 1.571 0.000
13.670 xd 274 0.350 -0.067 0.074 0.000 1.571 0.000
13.720 xd 275 0.350 -0.069 0.072 0.000 1.571 0.000
13.724 x 266 0.350 -0.041 0.086 0.001 1.571 0.001
13.770 xd 276 0.350 -0.072 0.070 0.000 1.571 0.000
13.820 xd 277 0.350 -0.074 0.068 0.000 1.571 0.000
13.870 xd 278 0.350 -0.076 0.065 0.000 1.571 0.000
13.896 x 275 0.350 -0.070 0.074 0.003 1.568 -0.000
13.921 xd 279 0.350 -0.078 0.063 0.000 1.571 0.000
13.961 x 278 0.348 -0.069 0.064 0.000 1.539 -0.053
13.971 xd 280 0.350 -0.080 0.060 0.000 1.571 0.000
14.021 xd 281 0.350 -0.082 0.058 0.000 1.571 0.000
14.071 xd 282 0.350 -0.083 0.055 0.000 1.571 0.000
14.121 xd 283 0.350 -0.085 0.052 0.000 1.571 0.000
14.171 xd 284 0.350 -0.087 0.050 0.000 1.571 0.000
14.179 x 279 0.347 -0.078 0.055 -0.006 1.570 0.002
14.221 xd 285 0.350 -0.088 0.047 0.000 1.571 0.000
14.271 xd 286 0.350 -0.090 0.044 0.000 1.571 0.000
14.321 xd 287 0.350 -0.091 0.041 0.000 1.571 0.000
14.371 xd 288 0.350 -0.092 0.038 0.000 1.571 0.000
14.421 xd 289 0.350 -0.093 0.036 0.000 1.571 0.000
14.430 x 284 0.350 -0.087 0.049 0.011 1.559 -0.023
14.461 x 289 0.346 -0.087 0.036 -0.191 1.470 -0.142
14.471 xd 290 0.350 -0.095 0.033 0.000 1.571 0.000
14.521 xd 291 0.350 -0.096 0.030 0.000 1.571 0.000
14.562 x 289 0.347 -0.092 0.033 -0.005 1.575 0.004
14.572 xd 292 0.350 -0.096 0.027 0.000 1.571 0.000
14.596 x 291 0.348 -0.093 0.028 -0.023 1.485 -0.093
14.622 xd 293 0.350 -0.097 0.024 0.000 1.571 0.000
14.657 x 292 0.349 -0.094 0.025 -0.002 1.492 -0.099
14.672 xd 294 0.350 -0.098 0.020 0.000 1.571 0.000
14.722 xd 295 0.350 -0.098 0.017 0.000 1.571 0.000
14.772 xd 296 0.350 -0.099 0.014 0.000 1.571 0.000
14.822 xd 297 0.350 -0.099 0.011 0.000 1.571 0.000
14.859 x 293 0.343 -0.096 0.024 0.002 1.571 -0.003
14.872 xd 298 0.350 -0.100 0.008 0.000 1.571 0.000
14.879 x 297 0.349 -0.093 0.008 0.010 1.500 -0.087
14.900 x 298 0.348 -0.097 0.002 -0.000 1.582 -0.009
14.922 xd 299 0.350 -0.100 0.005 0.000 1.571 0.000
14.926 x 298 0.352 -0.096 0.012 -0.012 1.570 -0.011
14.972 xd 300 0.350 -0.100 0.002 0.000 1.571 0.000
15.022 xd 301 0.350 -0.100 -0.001 0.000 1.571 0.000
15.072 xd 302 0.350 -0.100 -0.005 0.000 1.571 0.000
15.122 xd 303 0.350 -0.100 -0.008 0.000 1.571 0.000
15.128 x 299 0.350 -0.101 0.004 0.007 1.581 0.002
15.172 xd 304 0.350 -0.099 -0.011 0.000 1.571 0.000
15.213 x 303 0.350 -0.099 -0.008 0.010 1.552 -0.028
15.223 xd 305 0.350 -0.099 -0.014 0.000 1.571 0.000
15.263 x 304 0.343 -0.100 -0.010 0.031 1.555 -0.011
15.273 xd 306 0.350 -0.099 -0.017 0.000 1.571 0.000
15.323 xd 307 0.350 -0.098 -0.020 0.000 1.571 0.000
15.373 xd 308 0.350 -0.097 -0.023 0.000 1.571 0.000
15.409 x 305 0.354 -0.092 -0.016 0.003 1.570 0.000
15.423 xd 309 0.350 -0.096 -0.026 0.000 1.571 0.000
15.464 x 308 0.357 -0.097 -0.025 0.012 1.599 0.012
15.473 xd 310 0.350 -0.096 -0.029 0.000 1.571 0.000
15.523 xd 311 0.350 -0.095 -0.032 0.000 1.571 0.000
15.530 x 309 0.357 -0.093 -0.028 -0.000 1.568 -0.001
15.573 xd 312 0.350 -0.094 -0.035 0.000 1.571 0.000
15.599 x 311 0.357 -0.088 -0.034 0.002 1.571 -0.003
15.623 xd 313 0.350 -0.092 -0.038 0.000 1.571 0.000
15.673 xd 314 0.350 -0.091 -0.041 0.000 1.571 0.000
15.723 xd 315 0.350 -0.090 -0.044 0.000 1.571 0.000
15.772 x 312 0.346 -0.088 -0.030 -0.001 1.572 -0.001
15.773 xd 316 0.350 -0.088 -0.047 0.000 1.571 0.000
15.803 x 315 0.359 -0.091 -0.043 -0.010 1.565 -0.010
15.823 xd 317 0.350 -0.087 -0.049 0.000 1.571 0.000
15.829 x 316 0.357 -0.085 -0.045 0.004 1.571 -0.005
15.873 xd 318 0.350 -0.085 -0.052 0.000 1.571 0.000
15.875 x 317 0.350 -0.088 -0.049 0.001 1.570 0.003
15.912 x 318 0.346 -0.085 -0.054 -0.003 1.576 -0.005
15.924 xd 319 0.350 -0.084 -0.055 0.000 1.571 0.000
15.941 x 318 0.349 -0.085 -0.051 -0.021 1.569 0.008
15.974 xd 320 0.350 -0.082 -0.057 0.000 1.571 0.000
16.024 xd 321 0.350 -0.080 -0.060 0.000 1.571 0.000
16.055 x 319 0.347 -0.082 -0.056 -0.002 1.572 0.001
16.074 xd 322 0.350 -0.078 -0.062 0.000 1.571 0.000
16.112 x 321 0.351 -0.080 -0.060 0.014 1.559 -0.031
16.124 xd 323 0.350 -0.076 -0.065 0.000 1.571 0.000
16.151 x 322 0.348 -0.069 -0.061 -0.002 1.558 -0.017
16.174 xd 324 0.350 -0.074 -0.067 0.000 1.571 0.000
16.224 xd 325 0.350 -0.072 -0.070 0.000 1.571 0.000
16.274 xd 326 0.350 -0.070 -0.072 0.000 1.571 0.000
16.324 xd 327 0.350 -0.067 -0.074 0.000 1.571 0.000
16.360 x 323 0.344 -0.070 -0.069 -0.001 1.571 -0.002
16.374 xd 328 0.350 -0.065 -0.076 0.000 1.571 0.000
16.424 xd 329 0.350 -0.063 -0.078 0.000 1.571 0.000
16.474 xd 330 0.350 -0.060 -0.080 0.000 1.571 0.000
16.503 x 327 0.347 -0.063 -0.070 -0.018 1.557 -0.005
16.524 xd 331 0.350 -0.058 -0.082 0.000 1.571 0.000
16.575 xd 332 0.350 -0.055 -0.084 0.000 1.571 0.000
16.591 x 330 0.350 -0.058 -0.081 -0.011 1.534 -0.067
16.625 xd 333 0.350 -0.052 -0.085 0.000 1.571 0.000
16.675 xd 334 0.350 -0.050 -0.087 0.000 1.571 0.000
16.703 x 332 0.350 -0.054 -0.082 -0.012 1.569 0.007
16.725 xd 335 0.350 -0.047 -0.088 0.000 1.571 0.000
16.775 xd 336 0.350 -0.044 -0.090 0.000 1.571 0.000
16.825 xd 337 0.350 -0.041 -0.091 0.000 1.571 0.000
16.828 x 334 0.349 -0.051 -0.088 -0.016 1.584 0.014
16.865 x 337 0.350 -0.039 -0.091 0.001 1.564 -0.019
16.875 xd 338 0.350 -0.038 -0.092 0.000 1.571 0.000
16.925 x 337 0.350 -0.044 -0.091 -0.028 1.561 0.015
16.925 xd 339 0.350 -0.035 -0.094 0.000 1.571 0.000
16.972 x 338 0.351 -0.032 -0.100 0.008 1.563 0.002
16.975 xd 340 0.350 -0.032 -0.095 0.000 1.571 0.000
17.003 x 339 0.355 -0.035 -0.087 -0.001 1.570 0.002
17.025 xd 341 0.350 -0.029 -0.096 0.000 1.571 0.000
17.075 xd 342 0.350 -0.026 -0.096 0.000 1.571 0.000
17.125 xd 343 0.350 -0.023 -0.097 0.000 1.571 0.000
17.175 xd 344 0.350 -0.020 -0.098 0.000 1.571 0.000
17.225 xd 345 0.350 -0.017 -0.099 0.000 1.571 0.000
17.276 xd 346 0.350 -0.014 -0.099 0.000 1.571 0.000
17.326 xd 347 0.350 -0.011 -0.099 0.000 1.571 0.000
17.371 x 340 0.346 -0.027 -0.088 -0.000 1.571 -0.000
17.376 xd 348 0.350 -0.008 -0.100 0.000 1.571 0.000
17.426 xd 349 0.350 -0.005 -0.100 0.000 1.571 0.000
17.476 xd 350 0.350 -0.002 -0.100 0.000 1.571 0.000
17.489 x 347 0.346 -0.005 -0.096 0.013 1.557 -0.001
17.526 xd 351 0.350 0.002 -0.100 0.000 1.571 0.000
17.576 xd 352 0.350 0.005 -0.100 0.000 1.571 0.000
17.626 xd 353 0.350 0.008 -0.100 0.000 1.571 0.000
17.671 x 350 0.349 0.004 -0.097 0.005 1.565 0.011
17.676 xd 354 0.350 0.011 -0.099 0.000 1.571 0.000
17.687 x 353 0.357 0.004 -0.103 0.001 1.573 0.003
17.726 xd 355 0.350 0.014 -0.099 0.000 1.571 0.000
17.732 x 354 0.342 0.016 -0.098 0.001 1.560 -0.010
17.776 xd 356 0.350 0.017 -0.098 0.000 1.571 0.000
17.789 x 355 0.354 0.015 -0.105 0.003 1.576 0.004
17.826 xd 357 0.350 0.020 -0.098 0.000 1.571 0.000
17.845 x 356 0.352 0.013 -0.098 0.006 1.572 0.006
17.876 xd 358 0.350 0.023 -0.097 0.000 1.571 0.000
17.926 xd 359 0.350 0.026 -0.096 0.000 1.571 0.000
17.977 xd 360 0.350 0.029 -0.096 0.000 1.571 0.000
18.010 x 357 0.346 0.018 -0.098 -0.008 1.565 0.003
18.027 xd 361 0.350 0.032 -0.095 0.000 1.571 0.000
18.068 x 360 0.344 0.031 -0.099 0.001 1.545 -0.028
18.077 xd 362 0.350 0.035 -0.094 0.000 1.571 0.000
18.117 x 361 0.350 0.036 -0.092 -0.001 1.578 -0.001
18.127 xd 363 0.350 0.038 -0.092 0.000 1.571 0.000
18.177 xd 364 0.350 0.041 -0.091 0.000 1.571 0.000
18.202 x 362 0.349 0.036 -0.092 -0.010 1.566 0.017
18.222 x 364 0.345 0.049 -0.093 0.010 1.575 -0.007
18.227 xd 365 0.350 0.044 -0.090 0.000 1.571 0.000
18.277 xd 366 0.350 0.047 -0.088 0.000 1.571 0.000
18.327 xd 367 0.350 0.050 -0.087 0.000 1.571 0.000
18.361 x 364 0.347 0.041 -0.093 -0.000 1.576 0.010
18.377 xd 368 0.350 0.052 -0.085 0.000 1.571 0.000
18.427 xd 369 0.350 0.055 -0.084 0.000 1.571 0.000
18.477 xd 370 0.350 0.058 -0.082 0.000 1.571 0.000
18.515 x 367 0.350 0.050 -0.087 0.028 1.635 -0.011
18.527 xd 371 0.350 0.060 -0.080 0.000 1.571 0.000
18.564 x 370 0.344 0.054 -0.075 -0.005 1.564 -0.002
18.577 xd 372 0.350 0.063 -0.078 0.000 1.571 0.000
18.621 x 371 0.348 0.064 -0.079 -0.051 1.568 0.009
18.628 xd 373 0.350 0.065 -0.076 0.000 1.571 0.000
18.678 xd 374 0.350 0.067 -0.074 0.000 1.571 0.000
18.701 x 372 0.350 0.063 -0.075 0.002 1.574 0.010
18.728 xd 375 0.350 0.070 -0.072 0.000 1.571 0.000
18.749 x 374 0.343 0.069 -0.076 0.041 1.559 -0.004
18.778 xd 376 0.350 0.072 -0.069 0.000 1.571 0.000
18.781 x 375 0.340 0.069 -0.070 -0.024 1.543 0.002
18.818 x 376 0.350 0.072 -0.075 0.001 1.565 0.000
18.828 xd 377 0.350 0.074 -0.067 0.000 1.571 0.000
18.857 x 376 0.350 0.076 -0.071 0.007 1.565 -0.006
18.878 xd 378 0.350 0.076 -0.065 0.000 1.571 0.000
18.928 xd 379 0.350 0.078 -0.062 0.000 1.571 0.000
18.978 xd 380 0.350 0.080 -0.060 0.000 1.571 0.000
19.028 xd 381 0.350 0.082 -0.057 0.000 1.571 0.000
19.078 xd 382 0.350 0.084 -0.055 0.000 1.571 0.000
19.128 xd 383 0.350 0.085 -0.052 0.000 1.571 0.000
19.178 xd 384 0.350 0.087 -0.049 0.000 1.571 0.000
19.228 xd 385 0.350 0.088 -0.047 0.000 1.571 0.000
19.237 x 377 0.346 0.078 -0.072 0.002 1.570 0.002
19.267 x 385 0.348 0.087 -0.049 -0.000 1.567 -0.002
19.278 xd 386 0.350 0.090 -0.044 0.000 1.571 0.000
19.329 xd 387 0.350 0.091 -0.041 0.000 1.571 0.000
19.379 xd 388 0.350 0.092 -0.038 0.000 1.571 0.000
19.419 x 385 0.349 0.090 -0.045 -0.001 1.559 0.002
19.429 xd 389 0.350 0.094 -0.035 0.000 1.571 0.000
19.479 xd 390 0.350 0.095 -0.032 0.000 1.571 0.000
19.529 xd 391 0.350 0.096 -0.029 0.000 1.571 0.000
19.578 x 388 0.350 0.091 -0.038 -0.030 1.574 -0.007
19.579 xd 392 0.350 0.097 -0.026 0.000 1.571 0.000
19.629 xd 393 0.350 0.097 -0.023 0.000 1.571 0.000
19.679 xd 394 0.350 0.098 -0.020 0.000 1.571 0.000
19.691 x 391 0.354 0.103 -0.032 -0.000 1.571 -0.000
19.729 xd 395 0.350 0.099 -0.017 0.000 1.571 0.000
19.779 xd 396 0.350 0.099 -0.014 0.000 1.571 0.000
19.829 xd 397 0.350 0.099 -0.011 0.000 1.571 0.000
19.852 x 394 0.350 0.100 -0.020 0.037 1.538 -0.061
19.879 xd 398 0.350 0.100 -0.008 0.000 1.571 0.000
19.929 xd 399 0.350 0.100 -0.004 0.000 1.571 0.000
19.980 xd 400 0.350 0.100 -0.001 0.000 1.571 0.000
20.030 xd 401 0.350 0.100 0.002 0.000 1.571 0.000
20.080 xd 402 0.350 0.100 0.005 0.000 1.571 0.000
20.081 x 397 0.347 0.099 -0.010 -0.038 1.531 0.029
20.116 x 402 0.346 0.103 0.007 0.000 1.569 0.001
20.130 xd 403 0.350 0.100 0.008 0.000 1.571 0.000
20.143 x 402 0.352 0.100 0.006 -0.002 1.572 0.001
20.180 xd 404 0.350 0.099 0.011 0.000 1.571 0.000
20.230 xd 405 0.350 0.099 0.014 0.000 1.571 0.000
20.280 xd 406 0.350 0.098 0.018 0.000 1.571 0.000
20.330 xd 407 0.350 0.098 0.021 0.000 1.571 0.000
20.380 xd 408 0.350 0.097 0.024 0.000 1.571 0.000
20.430 xd 409 0.350 0.096 0.027 0.000 1.571 0.000
20.480 xd 410 0.350 0.095 0.030 0.000 1.571 0.000
20.530 xd 411 0.350 0.094 0.033 0.000 1.571 0.000
20.580 xd 412 0.350 0.093 0.036 0.000 1.571 0.000
20.601 x 403 0.349 0.099 0.007 0.030 1.560 -0.007
20.630 xd 413 0.350 0.092 0.039 0.000 1.571 0.000
20.681 xd 414 0.350 0.091 0.041 0.000 1.571 0.000
20.731 xd 415 0.350 0.090 0.044 0.000 1.571 0.000
20.748 x 412 0.351 0.096 0.027 -0.000 1.572 0.000
20.781 xd 416 0.350 0.088 0.047 0.000 1.571 0.000
20.785 x 415 0.349 0.091 0.042 0.006 1.563 0.002
20.817 x 416 0.346 0.087 0.044 -0.019 1.578 -0.001
20.831 xd 417 0.350 0.087 0.050 0.000 1.571 0.000
20.881 xd 418 0.350 0.085 0.053 0.000 1.571 0.000
20.916 x 416 0.349 0.088 0.047 -0.036 1.553 0.020
20.931 xd 419 0.350 0.083 0.055 0.000 1.571 0.000
20.946 x 418 0.352 0.087 0.052 0.038 1.566 -0.022
