0.001 xd 1 0.350 0.100 0.000 0.000 1.571 0.000
0.051 xd 2 0.350 0.100 0.003 0.000 1.571 0.000
0.101 xd 3 0.350 0.100 0.006 0.000 1.571 0.000
0.151 xd 4 0.350 0.100 0.009 0.000 1.571 0.000
0.193 x 1 0.352 0.100 -0.002 -0.051 1.468 -0.133
0.201 xd 5 0.350 0.099 0.013 0.000 1.571 0.000
0.242 x 4 0.351 0.100 0.002 -0.087 1.469 -0.129
0.251 xd 6 0.350 0.099 0.016 0.000 1.571 0.000
0.301 xd 7 0.350 0.098 0.019 0.000 1.571 0.000
0.309 x 5 0.350 0.101 0.007 -0.073 1.457 -0.137
0.351 x 7 0.351 0.099 0.011 -0.072 1.453 -0.146
0.352 xd 8 0.350 0.098 0.022 0.000 1.571 0.000
0.402 xd 9 0.350 0.097 0.025 0.000 1.571 0.000
0.452 xd 10 0.350 0.096 0.028 0.000 1.571 0.000
0.502 xd 11 0.350 0.095 0.031 0.000 1.571 0.000
0.552 xd 12 0.350 0.094 0.034 0.000 1.571 0.000
0.579 x 7 0.352 0.099 0.012 -0.066 1.448 -0.146
0.602 xd 13 0.350 0.093 0.037 0.000 1.571 0.000
0.616 x 12 0.354 0.099 0.027 -0.078 1.432 -0.161
0.649 x 13 0.352 0.098 0.032 -0.079 1.431 -0.176
0.652 xd 14 0.350 0.092 0.040 0.000 1.571 0.000
0.702 xd 15 0.350 0.090 0.043 0.000 1.571 0.000
0.752 xd 16 0.350 0.089 0.046 0.000 1.571 0.000
0.756 x 13 0.351 0.095 0.033 -0.093 1.430 -0.177
0.787 x 16 0.351 0.095 0.044 -0.104 1.426 -0.191
0.802 xd 17 0.350 0.088 0.048 0.000 1.571 0.000
0.852 xd 18 0.350 0.086 0.051 0.000 1.571 0.000
0.866 x 16 0.350 0.094 0.040 -0.091 1.416 -0.181
0.887 x 18 0.351 0.089 0.048 -0.096 1.411 -0.202
0.902 xd 19 0.350 0.084 0.054 0.000 1.571 0.000
0.921 x 18 0.352 0.085 0.042 -0.101 1.414 -0.192
0.941 x 19 0.351 0.088 0.046 -0.105 1.418 -0.199
0.952 xd 20 0.350 0.083 0.056 0.000 1.571 0.000
0.957 x 19 0.350 0.086 0.048 -0.104 1.413 -0.204
0.984 x 20 0.352 0.087 0.055 -0.107 1.406 -0.210
1.002 xd 21 0.350 0.081 0.059 0.000 1.571 0.000
1.011 x 20 0.351 0.084 0.055 -0.086 1.397 -0.216
1.031 x 21 0.348 0.085 0.058 -0.108 1.402 -0.220
1.052 x 21 0.349 0.087 0.053 -0.102 1.405 -0.208
1.053 xd 22 0.350 0.079 0.061 0.000 1.571 0.000
1.074 x 21 0.351 0.084 0.050 -0.116 1.409 -0.202
1.103 xd 23 0.350 0.077 0.064 0.000 1.571 0.000
1.138 x 22 0.351 0.080 0.055 -0.117 1.406 -0.215
1.153 xd 24 0.350 0.075 0.066 0.000 1.571 0.000
1.169 x 23 0.354 0.081 0.060 -0.115 1.400 -0.218
1.202 x 24 0.350 0.076 0.065 -0.120 1.394 -0.234
1.203 xd 25 0.350 0.073 0.069 0.000 1.571 0.000
1.225 x 24 0.351 0.079 0.059 -0.098 1.395 -0.226
1.253 xd 26 0.350 0.071 0.071 0.000 1.571 0.000
1.274 x 25 0.350 0.076 0.065 -0.122 1.397 -0.235
1.300 x 26 0.349 0.079 0.067 -0.111 1.388 -0.233
1.303 xd 27 0.350 0.068 0.073 0.000 1.571 0.000
1.315 x 26 0.350 0.073 0.066 -0.121 1.392 -0.238
1.344 x 27 0.348 0.070 0.070 -0.131 1.389 -0.244
1.353 xd 28 0.350 0.066 0.075 0.000 1.571 0.000
1.403 xd 29 0.350 0.064 0.077 0.000 1.571 0.000
1.422 x 27 0.351 0.073 0.071 -0.115 1.334 -0.291
1.453 xd 30 0.350 0.061 0.079 0.000 1.571 0.000
1.462 x 29 0.351 0.064 0.076 -0.134 1.396 -0.270
1.503 xd 31 0.350 0.059 0.081 0.000 1.571 0.000
1.505 x 30 0.353 0.061 0.072 -0.116 1.376 -0.254
1.541 x 31 0.350 0.062 0.078 -0.136 1.379 -0.259
1.553 xd 32 0.350 0.056 0.083 0.000 1.571 0.000
1.585 x 31 0.351 0.060 0.079 -0.131 1.378 -0.267
1.603 xd 33 0.350 0.053 0.085 0.000 1.571 0.000
1.605 x 32 0.355 0.059 0.078 -0.148 1.385 -0.261
1.632 x 33 0.351 0.054 0.077 -0.152 1.381 -0.263
1.653 xd 34 0.350 0.051 0.086 0.000 1.571 0.000
1.655 x 33 0.354 0.056 0.082 -0.134 1.374 -0.272
1.679 x 34 0.348 0.052 0.077 -0.149 1.372 -0.262
1.703 xd 35 0.350 0.048 0.088 0.000 1.571 0.000
1.704 x 34 0.351 0.053 0.084 -0.146 1.375 -0.278
1.754 xd 36 0.350 0.045 0.089 0.000 1.571 0.000
1.756 x 35 0.350 0.052 0.088 -0.134 1.361 -0.281
1.802 x 36 0.352 0.047 0.083 -0.163 1.380 -0.278
1.804 xd 37 0.350 0.042 0.091 0.000 1.571 0.000
1.854 xd 38 0.350 0.040 0.092 0.000 1.571 0.000
1.856 x 36 0.352 0.046 0.086 -0.130 1.368 -0.291
1.888 x 38 0.349 0.046 0.086 -0.139 1.370 -0.292
1.904 xd 39 0.350 0.037 0.093 0.000 1.571 0.000
1.931 x 38 0.350 0.039 0.091 -0.165 1.363 -0.290
1.954 xd 40 0.350 0.034 0.094 0.000 1.571 0.000
1.956 x 39 0.353 0.038 0.085 -0.035 1.055 -0.394
1.995 x 40 0.349 0.035 0.090 -0.165 1.367 -0.299
2.004 xd 41 0.350 0.031 0.095 0.000 1.571 0.000
2.034 x 40 0.352 0.037 0.091 -0.161 1.366 -0.296
2.054 xd 42 0.350 0.028 0.096 0.000 1.571 0.000
2.063 x 41 0.353 0.032 0.090 -0.154 1.365 -0.304
2.104 xd 43 0.350 0.025 0.097 0.000 1.571 0.000
2.115 x 42 0.351 0.033 0.095 -0.156 1.368 -0.315
2.154 xd 44 0.350 0.022 0.098 0.000 1.571 0.000
2.169 x 43 0.353 0.027 0.096 -0.165 1.368 -0.318
2.204 xd 45 0.350 0.018 0.098 0.000 1.571 0.000
2.220 x 44 0.351 0.022 0.096 -0.164 1.361 -0.320
2.254 xd 46 0.350 0.015 0.099 0.000 1.571 0.000
2.267 x 45 0.350 0.024 0.093 -0.167 1.367 -0.316
2.292 x 46 0.351 0.021 0.092 -0.156 1.363 -0.320
2.304 xd 47 0.350 0.012 0.099 0.000 1.571 0.000
2.329 x 46 0.351 0.019 0.095 -0.172 1.360 -0.318
2.354 x 47 0.351 0.016 0.095 -0.157 1.359 -0.327
2.354 xd 48 0.350 0.009 0.100 0.000 1.571 0.000
2.393 x 47 0.351 0.014 0.098 -0.171 1.359 -0.329
2.404 xd 49 0.350 0.006 0.100 0.000 1.571 0.000
2.421 x 48 0.351 0.009 0.097 -0.189 1.364 -0.328
2.455 xd 50 0.350 0.003 0.100 0.000 1.571 0.000
2.457 x 49 0.352 0.009 0.094 -0.164 1.358 -0.329
2.505 xd 51 0.350 -0.000 0.100 0.000 1.571 0.000
2.529 x 50 0.351 0.006 0.096 -0.160 1.362 -0.342
2.555 xd 52 0.350 -0.003 0.100 0.000 1.571 0.000
2.598 x 51 0.352 0.004 0.095 -0.179 1.357 -0.328
2.605 xd 53 0.350 -0.007 0.100 0.000 1.571 0.000
2.631 x 52 0.350 -0.002 0.098 -0.179 1.358 -0.343
2.655 xd 54 0.350 -0.010 0.100 0.000 1.571 0.000
2.665 x 53 0.353 -0.004 0.098 -0.165 1.355 -0.346
2.701 x 54 0.352 -0.006 0.097 -0.173 1.359 -0.348
2.705 xd 55 0.350 -0.013 0.099 0.000 1.571 0.000
2.747 x 54 0.352 -0.003 0.094 -0.173 1.367 -0.344
2.755 xd 56 0.350 -0.016 0.099 0.000 1.571 0.000
2.805 xd 57 0.350 -0.019 0.098 0.000 1.571 0.000
2.815 x 55 0.352 -0.010 0.094 -0.176 1.360 -0.345
2.855 xd 58 0.350 -0.022 0.098 0.000 1.571 0.000
2.869 x 57 0.351 -0.018 0.096 -0.184 1.359 -0.353
2.901 x 58 0.351 -0.021 0.095 -0.170 1.354 -0.358
2.905 xd 59 0.350 -0.025 0.097 0.000 1.571 0.000
2.932 x 58 0.353 -0.021 0.095 -0.172 1.359 -0.359
2.955 xd 60 0.350 -0.028 0.096 0.000 1.571 0.000
3.005 xd 61 0.350 -0.031 0.095 0.000 1.571 0.000
3.013 x 59 0.352 -0.023 0.095 -0.163 1.354 -0.361
3.041 x 61 0.352 -0.028 0.090 -0.184 1.366 -0.354
3.055 xd 62 0.350 -0.034 0.094 0.000 1.571 0.000
3.060 x 61 0.352 -0.027 0.090 -0.174 1.364 -0.358
3.092 x 62 0.350 -0.033 0.089 -0.156 1.340 -0.357
3.105 xd 63 0.350 -0.037 0.093 0.000 1.571 0.000
3.143 x 62 0.352 -0.031 0.092 -0.194 1.370 -0.359
3.156 xd 64 0.350 -0.040 0.092 0.000 1.571 0.000
3.184 x 63 0.353 -0.035 0.088 -0.183 1.364 -0.355
3.206 xd 65 0.350 -0.043 0.090 0.000 1.571 0.000
3.233 x 64 0.353 -0.038 0.087 -0.180 1.363 -0.357
3.256 xd 66 0.350 -0.046 0.089 0.000 1.571 0.000
3.262 x 65 0.353 -0.042 0.081 -0.163 1.360 -0.354
3.296 x 66 0.352 -0.045 0.086 -0.176 1.361 -0.362
3.306 xd 67 0.350 -0.048 0.087 0.000 1.571 0.000
3.329 x 66 0.353 -0.044 0.084 -0.184 1.366 -0.356
3.356 xd 68 0.350 -0.051 0.086 0.000 1.571 0.000
3.387 x 67 0.353 -0.043 0.084 -0.181 1.368 -0.356
3.406 xd 69 0.350 -0.054 0.084 0.000 1.571 0.000
3.421 x 68 0.353 -0.049 0.083 -0.181 1.365 -0.358
3.456 xd 70 0.350 -0.057 0.082 0.000 1.571 0.000
3.461 x 69 0.354 -0.052 0.079 -0.169 1.363 -0.355
3.492 x 70 0.353 -0.055 0.077 -0.178 1.371 -0.357
3.506 xd 71 0.350 -0.059 0.081 0.000 1.571 0.000
3.518 x 70 0.353 -0.055 0.078 -0.190 1.372 -0.354
3.556 xd 72 0.350 -0.062 0.079 0.000 1.571 0.000
3.566 x 71 0.352 -0.057 0.077 -0.174 1.371 -0.361
3.596 x 72 0.352 -0.060 0.076 -0.182 1.370 -0.358
3.606 xd 73 0.350 -0.064 0.077 0.000 1.571 0.000
3.622 x 72 0.348 -0.059 0.072 -0.181 1.358 -0.346
3.656 xd 74 0.350 -0.066 0.075 0.000 1.571 0.000
3.660 x 73 0.350 -0.063 0.076 -0.184 1.373 -0.362
3.706 xd 75 0.350 -0.069 0.073 0.000 1.571 0.000
3.718 x 74 0.350 -0.066 0.074 -0.143 1.350 -0.366
3.756 xd 76 0.350 -0.071 0.070 0.000 1.571 0.000
3.759 x 75 0.353 -0.067 0.068 -0.179 1.377 -0.349
3.785 x 76 0.350 -0.071 0.068 -0.181 1.378 -0.356
3.806 xd 77 0.350 -0.073 0.068 0.000 1.571 0.000
3.840 x 76 0.350 -0.070 0.069 -0.194 1.376 -0.349
3.857 xd 78 0.350 -0.075 0.066 0.000 1.571 0.000
3.870 x 77 0.355 -0.072 0.066 -0.176 1.379 -0.349
3.907 xd 79 0.350 -0.077 0.063 0.000 1.571 0.000
3.919 x 78 0.355 -0.074 0.062 -0.182 1.389 -0.344
3.957 xd 80 0.350 -0.079 0.061 0.000 1.571 0.000
3.957 x 79 0.353 -0.076 0.061 -0.172 1.384 -0.348
3.996 x 80 0.351 -0.078 0.059 -0.189 1.389 -0.343
4.007 xd 81 0.350 -0.081 0.058 0.000 1.571 0.000
4.044 x 80 0.351 -0.079 0.060 -0.178 1.382 -0.345
4.057 xd 82 0.350 -0.083 0.056 0.000 1.571 0.000
4.073 x 81 0.353 -0.080 0.055 -0.174 1.393 -0.342
4.107 xd 83 0.350 -0.085 0.053 0.000 1.571 0.000
4.132 x 82 0.351 -0.082 0.054 -0.166 1.381 -0.340
4.157 xd 84 0.350 -0.086 0.051 0.000 1.571 0.000
4.163 x 83 0.351 -0.082 0.049 -0.174 1.388 -0.330
4.197 x 84 0.354 -0.083 0.047 -0.163 1.392 -0.328
4.207 xd 85 0.350 -0.088 0.048 0.000 1.571 0.000
4.239 x 84 0.353 -0.084 0.046 -0.140 1.381 -0.332
4.257 xd 86 0.350 -0.089 0.045 0.000 1.571 0.000
4.283 x 85 0.353 -0.087 0.044 -0.160 1.392 -0.327
4.307 xd 87 0.350 -0.091 0.042 0.000 1.571 0.000
4.313 x 86 0.351 -0.088 0.043 -0.152 1.390 -0.330
4.347 x 87 0.353 -0.089 0.041 -0.180 1.401 -0.317
4.357 xd 88 0.350 -0.092 0.039 0.000 1.571 0.000
4.374 x 87 0.352 -0.088 0.038 -0.168 1.398 -0.312
4.407 xd 89 0.350 -0.093 0.036 0.000 1.571 0.000
4.433 x 88 0.354 -0.092 0.036 -0.155 1.399 -0.314
4.457 xd 90 0.350 -0.094 0.033 0.000 1.571 0.000
4.472 x 89 0.352 -0.093 0.034 -0.151 1.395 -0.313
4.503 x 90 0.351 -0.093 0.030 -0.157 1.401 -0.305
4.507 xd 91 0.350 -0.095 0.030 0.000 1.571 0.000
4.552 x 90 0.351 -0.094 0.032 -0.154 1.398 -0.308
4.558 xd 92 0.350 -0.096 0.027 0.000 1.571 0.000
4.594 x 91 0.352 -0.093 0.026 -0.157 1.409 -0.300
4.608 xd 93 0.350 -0.097 0.024 0.000 1.571 0.000
4.627 x 92 0.352 -0.092 0.024 -0.139 1.398 -0.295
4.658 xd 94 0.350 -0.098 0.021 0.000 1.571 0.000
4.670 x 93 0.350 -0.097 0.021 -0.150 1.409 -0.292
4.696 x 94 0.354 -0.096 0.018 -0.135 1.411 -0.287
4.708 xd 95 0.350 -0.098 0.018 0.000 1.571 0.000
4.720 x 94 0.353 -0.098 0.018 -0.141 1.410 -0.285
4.758 xd 96 0.350 -0.099 0.015 0.000 1.571 0.000
4.767 x 95 0.352 -0.095 0.016 -0.093 1.386 -0.288
4.805 x 96 0.353 -0.099 0.011 -0.150 1.418 -0.268
4.808 xd 97 0.350 -0.099 0.012 0.000 1.571 0.000
4.857 x 96 0.349 -0.100 0.014 -0.117 1.384 -0.276
4.858 xd 98 0.350 -0.100 0.009 0.000 1.571 0.000
4.891 x 97 0.356 -0.096 0.006 -0.122 1.421 -0.260
4.908 xd 99 0.350 -0.100 0.006 0.000 1.571 0.000
4.944 x 98 0.351 -0.100 0.007 -0.133 1.411 -0.265
4.958 xd 100 0.350 -0.100 0.003 0.000 1.571 0.000
4.983 x 99 0.352 -0.099 0.003 -0.128 1.423 -0.259
5.008 xd 101 0.350 -0.100 -0.001 0.000 1.571 0.000
5.019 x 100 0.352 -0.098 0.001 -0.146 1.435 -0.251
5.058 xd 102 0.350 -0.100 -0.004 0.000 1.571 0.000
5.064 x 101 0.356 -0.101 -0.006 -0.118 1.442 -0.242
5.101 x 102 0.351 -0.100 -0.005 -0.128 1.430 -0.241
5.108 xd 103 0.350 -0.100 -0.007 0.000 1.571 0.000
5.138 x 102 0.352 -0.100 -0.004 -0.128 1.434 -0.244
5.158 xd 104 0.350 -0.100 -0.010 0.000 1.571 0.000
5.191 x 103 0.351 -0.099 -0.009 -0.118 1.435 -0.237
5.208 xd 105 0.350 -0.099 -0.013 0.000 1.571 0.000
5.259 xd 106 0.350 -0.099 -0.016 0.000 1.571 0.000
5.263 x 104 0.356 -0.101 -0.012 -0.109 1.437 -0.226
5.288 x 106 0.352 -0.094 -0.022 -0.095 1.324 -0.277
5.309 xd 107 0.350 -0.098 -0.019 0.000 1.571 0.000
5.316 x 106 0.350 -0.099 -0.017 -0.113 1.438 -0.215
5.341 x 107 0.351 -0.097 -0.024 -0.097 1.444 -0.199
5.359 xd 108 0.350 -0.097 -0.022 0.000 1.571 0.000
5.369 x 107 0.352 -0.097 -0.024 -0.101 1.443 -0.197
5.394 x 108 0.352 -0.096 -0.025 -0.095 1.438 -0.189
5.409 xd 109 0.350 -0.097 -0.025 0.000 1.571 0.000
5.431 x 108 0.352 -0.097 -0.024 -0.097 1.444 -0.198
5.453 x 109 0.350 -0.092 -0.031 -0.084 1.442 -0.182
5.459 xd 110 0.350 -0.096 -0.028 0.000 1.571 0.000
5.479 x 109 0.351 -0.095 -0.027 -0.100 1.452 -0.194
5.507 x 110 0.349 -0.093 -0.031 -0.092 1.452 -0.187
5.509 xd 111 0.350 -0.095 -0.031 0.000 1.571 0.000
5.535 x 110 0.349 -0.093 -0.032 -0.094 1.446 -0.180
5.559 xd 112 0.350 -0.094 -0.034 0.000 1.571 0.000
5.567 x 111 0.351 -0.087 -0.035 -0.094 1.451 -0.166
5.596 x 112 0.348 -0.089 -0.036 -0.095 1.458 -0.174
5.609 xd 113 0.350 -0.093 -0.037 0.000 1.571 0.000
5.623 x 112 0.353 -0.086 -0.033 -0.121 1.463 -0.163
5.655 x 113 0.346 -0.089 -0.039 -0.099 1.458 -0.166
5.659 xd 114 0.350 -0.092 -0.040 0.000 1.571 0.000
5.686 x 113 0.348 -0.090 -0.036 -0.116 1.445 -0.155
5.709 xd 115 0.350 -0.090 -0.043 0.000 1.571 0.000
5.725 x 114 0.347 -0.086 -0.040 -0.087 1.453 -0.160
5.751 x 115 0.347 -0.084 -0.043 -0.082 1.459 -0.158
5.759 xd 116 0.350 -0.089 -0.046 0.000 1.571 0.000
5.786 x 115 0.348 -0.082 -0.044 -0.086 1.460 -0.150
5.809 xd 117 0.350 -0.087 -0.049 0.000 1.571 0.000
5.859 xd 118 0.350 -0.086 -0.051 0.000 1.571 0.000
5.910 xd 119 0.350 -0.084 -0.054 0.000 1.571 0.000
5.960 xd 120 0.350 -0.082 -0.057 0.000 1.571 0.000
6.010 xd 121 0.350 -0.081 -0.059 0.000 1.571 0.000
6.035 x 116 0.350 -0.089 -0.046 -0.157 1.336 -0.171
6.060 xd 122 0.350 -0.079 -0.062 0.000 1.571 0.000
6.070 x 121 0.344 -0.075 -0.055 -0.089 1.456 -0.115
6.110 xd 123 0.350 -0.077 -0.064 0.000 1.571 0.000
6.160 xd 124 0.350 -0.075 -0.067 0.000 1.571 0.000
6.203 x 122 0.345 -0.072 -0.057 -0.086 1.470 -0.116
6.210 xd 125 0.350 -0.072 -0.069 0.000 1.571 0.000
6.260 xd 126 0.350 -0.070 -0.071 0.000 1.571 0.000
6.302 x 124 0.350 -0.074 -0.066 -0.250 1.276 -0.141
6.310 xd 127 0.350 -0.068 -0.073 0.000 1.571 0.000
6.360 xd 128 0.350 -0.066 -0.075 0.000 1.571 0.000
6.410 xd 129 0.350 -0.063 -0.077 0.000 1.571 0.000
6.460 xd 130 0.350 -0.061 -0.079 0.000 1.571 0.000
6.494 x 126 0.350 -0.070 -0.071 -0.198 1.269 -0.189
6.510 xd 131 0.350 -0.058 -0.081 0.000 1.571 0.000
6.560 xd 132 0.350 -0.056 -0.083 0.000 1.571 0.000
6.610 xd 133 0.350 -0.053 -0.085 0.000 1.571 0.000
6.661 xd 134 0.350 -0.050 -0.086 0.000 1.571 0.000
6.711 xd 135 0.350 -0.048 -0.088 0.000 1.571 0.000
6.761 xd 136 0.350 -0.045 -0.089 0.000 1.571 0.000
6.811 xd 137 0.350 -0.042 -0.091 0.000 1.571 0.000
6.860 x 130 0.353 -0.002 -0.085 0.046 1.198 -0.637
6.861 xd 138 0.350 -0.039 -0.092 0.000 1.571 0.000
6.911 xd 139 0.350 -0.036 -0.093 0.000 1.571 0.000
6.935 x 137 0.350 -0.042 -0.091 -0.112 1.284 -0.120
6.961 xd 140 0.350 -0.033 -0.094 0.000 1.571 0.000
7.011 xd 141 0.350 -0.030 -0.095 0.000 1.571 0.000
7.048 x 139 0.349 -0.036 -0.093 -0.118 1.349 -0.117
7.061 xd 142 0.350 -0.027 -0.096 0.000 1.571 0.000
7.074 x 141 0.342 -0.027 -0.090 -0.027 1.531 -0.041
7.111 xd 143 0.350 -0.024 -0.097 0.000 1.571 0.000
7.141 x 142 0.345 -0.022 -0.092 -0.023 1.512 -0.042
7.161 xd 144 0.350 -0.021 -0.098 0.000 1.571 0.000
7.173 x 143 0.345 -0.018 -0.092 0.001 1.540 -0.040
7.207 x 144 0.344 -0.017 -0.094 -0.021 1.538 -0.022
7.211 xd 145 0.350 -0.018 -0.098 0.000 1.571 0.000
7.244 x 144 0.342 -0.016 -0.096 -0.013 1.548 -0.027
7.261 xd 146 0.350 -0.015 -0.099 0.000 1.571 0.000
7.300 x 145 0.349 -0.017 -0.096 -0.050 1.447 -0.016
7.311 xd 147 0.350 -0.012 -0.099 0.000 1.571 0.000
7.330 x 146 0.345 -0.007 -0.098 -0.004 1.550 -0.011
7.362 xd 148 0.350 -0.009 -0.100 0.000 1.571 0.000
7.412 xd 149 0.350 -0.006 -0.100 0.000 1.571 0.000
7.416 x 147 0.346 -0.010 -0.096 -0.018 1.539 -0.006
7.444 x 149 0.347 -0.004 -0.097 -0.006 1.559 -0.022
7.462 xd 150 0.350 -0.002 -0.100 0.000 1.571 0.000
7.473 x 149 0.350 0.003 -0.098 -0.003 1.563 -0.007
7.508 x 150 0.349 0.000 -0.098 -0.026 1.488 -0.059
7.512 xd 151 0.350 0.001 -0.100 0.000 1.571 0.000
7.539 x 150 0.349 -0.001 -0.098 -0.023 1.513 -0.051
7.562 xd 152 0.350 0.004 -0.100 0.000 1.571 0.000
7.591 x 151 0.349 0.010 -0.101 -0.000 1.569 -0.001
7.612 xd 153 0.350 0.007 -0.100 0.000 1.571 0.000
7.638 x 152 0.348 0.004 -0.098 -0.003 1.551 -0.008
7.662 xd 154 0.350 0.010 -0.099 0.000 1.571 0.000
7.712 xd 155 0.350 0.013 -0.099 0.000 1.571 0.000
7.739 x 153 0.349 0.008 -0.101 -0.017 1.555 -0.007
7.762 xd 156 0.350 0.016 -0.099 0.000 1.571 0.000
7.765 x 155 0.350 0.013 -0.099 -0.012 1.365 -0.067
7.789 x 156 0.351 0.020 -0.106 0.008 1.552 -0.011
7.812 xd 157 0.350 0.019 -0.098 0.000 1.571 0.000
7.821 x 156 0.355 0.016 -0.100 -0.018 1.533 -0.033
7.862 xd 158 0.350 0.023 -0.097 0.000 1.571 0.000
7.896 x 157 0.349 0.017 -0.103 -0.001 1.569 -0.001
7.912 xd 159 0.350 0.026 -0.097 0.000 1.571 0.000
7.923 x 158 0.357 0.028 -0.102 -0.010 1.570 0.006
7.942 x 159 0.357 0.026 -0.101 -0.001 1.560 -0.006
7.962 xd 160 0.350 0.029 -0.096 0.000 1.571 0.000
8.012 xd 161 0.350 0.032 -0.095 0.000 1.571 0.000
8.028 x 159 0.352 0.023 -0.096 0.003 1.563 -0.012
8.063 xd 162 0.350 0.035 -0.094 0.000 1.571 0.000
8.074 x 161 0.356 0.027 -0.100 0.000 1.569 0.002
8.113 xd 163 0.350 0.038 -0.093 0.000 1.571 0.000
8.163 xd 164 0.350 0.040 -0.091 0.000 1.571 0.000
8.189 x 162 0.351 0.036 -0.100 -0.003 1.569 0.004
8.213 xd 165 0.350 0.043 -0.090 0.000 1.571 0.000
8.237 x 164 0.351 0.041 -0.094 -0.032 1.412 -0.078
8.263 xd 166 0.350 0.046 -0.089 0.000 1.571 0.000
8.313 xd 167 0.350 0.049 -0.087 0.000 1.571 0.000
8.325 x 165 0.350 0.043 -0.091 -0.029 1.491 -0.080
8.363 xd 168 0.350 0.052 -0.086 0.000 1.571 0.000
8.393 x 167 0.350 0.049 -0.087 -0.007 1.523 -0.049
8.413 xd 169 0.350 0.054 -0.084 0.000 1.571 0.000
8.463 xd 170 0.350 0.057 -0.082 0.000 1.571 0.000
8.513 xd 171 0.350 0.059 -0.080 0.000 1.571 0.000
8.563 xd 172 0.350 0.062 -0.079 0.000 1.571 0.000
8.605 x 168 0.352 0.050 -0.089 -0.027 1.519 -0.047
8.613 xd 173 0.350 0.064 -0.077 0.000 1.571 0.000
8.639 x 172 0.368 0.059 -0.095 -0.044 1.643 -0.302
8.663 xd 174 0.350 0.067 -0.074 0.000 1.571 0.000
8.711 x 173 0.355 0.070 -0.083 -0.016 1.555 -0.020
8.713 xd 175 0.350 0.069 -0.072 0.000 1.571 0.000
8.764 xd 176 0.350 0.071 -0.070 0.000 1.571 0.000
8.764 x 174 0.354 0.070 -0.078 -0.012 1.539 -0.023
8.814 xd 177 0.350 0.073 -0.068 0.000 1.571 0.000
8.864 xd 178 0.350 0.076 -0.065 0.000 1.571 0.000
8.900 x 176 0.350 0.072 -0.073 -0.016 1.493 -0.078
8.914 xd 179 0.350 0.078 -0.063 0.000 1.571 0.000
8.964 xd 180 0.350 0.080 -0.061 0.000 1.571 0.000
8.973 x 178 0.355 0.077 -0.068 -0.024 1.531 -0.036
9.014 xd 181 0.350 0.081 -0.058 0.000 1.571 0.000
9.064 xd 182 0.350 0.083 -0.055 0.000 1.571 0.000
9.114 xd 183 0.350 0.085 -0.053 0.000 1.571 0.000
9.161 x 180 0.355 0.083 -0.068 -0.015 1.526 -0.045
9.164 xd 184 0.350 0.087 -0.050 0.000 1.571 0.000
9.208 x 183 0.353 0.087 -0.061 -0.022 1.526 -0.048
9.214 xd 185 0.350 0.088 -0.047 0.000 1.571 0.000
9.228 x 184 0.354 0.087 -0.058 -0.042 1.377 -0.147
9.264 xd 186 0.350 0.090 -0.045 0.000 1.571 0.000
9.282 x 185 0.351 0.088 -0.051 -0.063 1.360 -0.160
9.314 xd 187 0.350 0.091 -0.042 0.000 1.571 0.000
9.319 x 186 0.354 0.091 -0.049 -0.037 1.518 -0.066
9.347 x 187 0.350 0.093 -0.046 -0.037 1.509 -0.064
9.364 xd 188 0.350 0.092 -0.039 0.000 1.571 0.000
9.414 xd 189 0.350 0.093 -0.036 0.000 1.571 0.000
9.428 x 187 0.352 0.095 -0.047 -0.042 1.517 -0.065
9.465 xd 190 0.350 0.094 -0.033 0.000 1.571 0.000
9.473 x 189 0.350 0.097 -0.043 -0.034 1.513 -0.076
9.505 x 190 0.351 0.095 -0.036 -0.040 1.370 -0.174
9.515 xd 191 0.350 0.095 -0.030 0.000 1.571 0.000
9.565 xd 192 0.350 0.096 -0.027 0.000 1.571 0.000
9.611 x 190 0.350 0.095 -0.034 0.057 1.398 -0.156
9.615 xd 193 0.350 0.097 -0.024 0.000 1.571 0.000
9.637 x 192 0.352 0.100 -0.031 -0.029 1.323 -0.185
9.665 xd 194 0.350 0.098 -0.021 0.000 1.571 0.000
9.666 x 193 0.350 0.098 -0.027 -0.064 1.313 -0.188
9.715 xd 195 0.350 0.098 -0.018 0.000 1.571 0.000
9.765 xd 196 0.350 0.099 -0.015 0.000 1.571 0.000
9.768 x 194 0.350 0.098 -0.029 -0.047 1.492 -0.089
9.814 x 196 0.355 0.100 -0.018 -0.019 1.477 -0.113
9.815 xd 197 0.350 0.099 -0.012 0.000 1.571 0.000
9.864 x 196 0.353 0.104 -0.020 -0.048 1.487 -0.098
9.865 xd 198 0.350 0.100 -0.008 0.000 1.571 0.000
9.915 xd 199 0.350 0.100 -0.005 0.000 1.571 0.000
9.917 x 197 0.353 0.102 -0.016 -0.055 1.482 -0.105
9.956 x 199 0.351 0.100 -0.007 -0.055 1.470 -0.120
9.965 xd 200 0.350 0.100 -0.002 0.000 1.571 0.000
10.015 xd 201 0.350 0.100 0.001 0.000 1.571 0.000
10.022 x 199 0.354 0.104 -0.011 -0.051 1.477 -0.111
10.042 x 201 0.354 0.103 -0.003 -0.073 1.477 -0.123
10.065 xd 202 0.350 0.100 0.004 0.000 1.571 0.000
10.069 x 201 0.348 0.100 -0.005 -0.060 1.470 -0.125
10.116 xd 203 0.350 0.100 0.007 0.000 1.571 0.000
10.127 x 202 0.351 0.106 -0.003 -0.073 1.473 -0.116
10.159 x 203 0.349 0.103 0.002 -0.048 1.460 -0.136
10.166 xd 204 0.350 0.099 0.010 0.000 1.571 0.000
10.186 x 203 0.350 0.103 0.005 -0.073 1.461 -0.131
10.208 x 204 0.350 0.102 0.004 -0.055 1.460 -0.138
10.216 xd 205 0.350 0.099 0.014 0.000 1.571 0.000
10.255 x 204 0.353 0.101 0.007 -0.075 1.457 -0.133
10.266 xd 206 0.350 0.099 0.017 0.000 1.571 0.000
10.316 xd 207 0.350 0.098 0.020 0.000 1.571 0.000
10.340 x 205 0.352 0.100 0.010 -0.079 1.457 -0.142
10.360 x 207 0.349 0.104 0.013 -0.065 1.453 -0.148
10.366 xd 208 0.350 0.097 0.023 0.000 1.571 0.000
10.388 x 207 0.351 0.099 0.015 -0.065 1.444 -0.150
10.416 xd 209 0.350 0.097 0.026 0.000 1.571 0.000
10.452 x 208 0.349 0.102 0.015 -0.055 1.419 -0.156
10.466 xd 210 0.350 0.096 0.029 0.000 1.571 0.000
10.502 x 209 0.354 0.097 0.017 -0.082 1.444 -0.148
10.516 xd 211 0.350 0.095 0.032 0.000 1.571 0.000
10.543 x 210 0.352 0.099 0.024 -0.072 1.441 -0.166
10.566 xd 212 0.350 0.094 0.035 0.000 1.571 0.000
10.570 x 211 0.350 0.100 0.026 -0.082 1.441 -0.168
10.586 x 212 0.351 0.095 0.033 -0.040 1.191 -0.287
10.606 x 212 0.350 0.094 0.034 -0.219 1.207 -0.281
10.616 xd 213 0.350 0.093 0.038 0.000 1.571 0.000
10.652 x 212 0.353 0.102 0.032 -0.073 1.434 -0.174
10.666 xd 214 0.350 0.091 0.041 0.000 1.571 0.000
10.674 x 213 0.351 0.094 0.033 -0.073 1.422 -0.178
10.692 x 214 0.350 0.096 0.038 -0.037 1.256 -0.271
10.716 xd 215 0.350 0.090 0.044 0.000 1.571 0.000
10.727 x 214 0.351 0.093 0.037 -0.094 1.427 -0.184
10.766 xd 216 0.350 0.089 0.046 0.000 1.571 0.000
10.817 xd 217 0.350 0.087 0.049 0.000 1.571 0.000
10.825 x 215 0.350 0.092 0.038 -0.097 1.423 -0.185
10.851 x 217 0.353 0.093 0.043 -0.099 1.422 -0.192
10.867 xd 218 0.350 0.086 0.052 0.000 1.571 0.000
10.871 x 217 0.349 0.089 0.042 -0.089 1.410 -0.191
10.909 x 218 0.350 0.089 0.047 -0.067 1.396 -0.201
10.917 xd 219 0.350 0.084 0.054 0.000 1.571 0.000
10.955 x 218 0.349 0.088 0.049 -0.102 1.411 -0.203
10.967 xd 220 0.350 0.082 0.057 0.000 1.571 0.000
10.976 x 219 0.350 0.085 0.053 -0.110 1.411 -0.211
11.017 xd 221 0.350 0.080 0.060 0.000 1.571 0.000
11.018 x 220 0.353 0.087 0.054 -0.108 1.408 -0.207
11.067 xd 222 0.350 0.078 0.062 0.000 1.571 0.000
11.085 x 221 0.348 0.087 0.053 -0.087 1.403 -0.216
11.117 xd 223 0.350 0.076 0.065 0.000 1.571 0.000
11.123 x 222 0.350 0.083 0.058 -0.123 1.407 -0.217
11.149 x 223 0.348 0.081 0.060 -0.124 1.399 -0.218
11.167 xd 224 0.350 0.074 0.067 0.000 1.571 0.000
11.181 x 223 0.352 0.079 0.060 -0.110 1.397 -0.223
11.217 xd 225 0.350 0.072 0.069 0.000 1.571 0.000
11.226 x 224 0.351 0.076 0.063 -0.117 1.393 -0.229
11.258 x 225 0.354 0.074 0.063 -0.120 1.395 -0.230
11.267 xd 226 0.350 0.070 0.071 0.000 1.571 0.000
11.316 x 225 0.351 0.075 0.067 -0.119 1.391 -0.235
11.317 xd 227 0.350 0.068 0.074 0.000 1.571 0.000
11.349 x 226 0.349 0.073 0.067 -0.118 1.390 -0.239
11.367 xd 228 0.350 0.065 0.076 0.000 1.571 0.000
11.377 x 227 0.353 0.073 0.067 -0.122 1.388 -0.233
11.417 xd 229 0.350 0.063 0.078 0.000 1.571 0.000
11.467 xd 230 0.350 0.060 0.080 0.000 1.571 0.000
11.477 x 228 0.350 0.066 0.074 -0.136 1.385 -0.251
11.499 x 230 0.352 0.066 0.076 -0.129 1.383 -0.256
11.518 xd 231 0.350 0.058 0.082 0.000 1.571 0.000
11.525 x 230 0.354 0.067 0.075 -0.099 1.370 -0.254
11.568 xd 232 0.350 0.055 0.083 0.000 1.571 0.000
11.569 x 231 0.351 0.061 0.079 -0.107 1.368 -0.269
11.594 x 232 0.349 0.055 0.078 -0.140 1.376 -0.266
11.618 xd 233 0.350 0.053 0.085 0.000 1.571 0.000
11.668 xd 234 0.350 0.050 0.087 0.000 1.571 0.000
11.683 x 232 0.352 0.059 0.081 -0.139 1.375 -0.267
11.712 x 234 0.356 0.053 0.080 -0.143 1.380 -0.270
11.718 xd 235 0.350 0.047 0.088 0.000 1.571 0.000
11.735 x 234 0.351 0.051 0.084 -0.143 1.373 -0.279
11.758 x 235 0.349 0.050 0.081 -0.144 1.375 -0.278
11.768 xd 236 0.350 0.044 0.090 0.000 1.571 0.000
11.818 xd 237 0.350 0.042 0.091 0.000 1.571 0.000
11.827 x 235 0.350 0.051 0.085 -0.150 1.374 -0.280
11.847 x 237 0.351 0.048 0.086 -0.123 1.358 -0.284
11.868 xd 238 0.350 0.039 0.092 0.000 1.571 0.000
11.877 x 237 0.351 0.043 0.086 -0.160 1.369 -0.282
11.918 xd 239 0.350 0.036 0.093 0.000 1.571 0.000
11.939 x 238 0.349 0.043 0.086 -0.140 1.364 -0.290
11.968 x 239 0.351 0.043 0.088 -0.136 1.363 -0.294
11.968 xd 240 0.350 0.033 0.094 0.000 1.571 0.000
12.018 xd 241 0.350 0.030 0.095 0.000 1.571 0.000
12.019 x 239 0.352 0.039 0.092 -0.177 1.369 -0.292
12.068 xd 242 0.350 0.027 0.096 0.000 1.571 0.000
12.101 x 241 0.350 0.030 0.094 -0.035 0.843 -0.283
12.118 xd 243 0.350 0.024 0.097 0.000 1.571 0.000
12.131 x 242 0.350 0.031 0.092 -0.159 1.364 -0.307
12.168 xd 244 0.350 0.021 0.098 0.000 1.571 0.000
12.171 x 243 0.351 0.025 0.095 -0.160 1.361 -0.319
12.211 x 244 0.351 0.029 0.093 -0.170 1.372 -0.312
12.219 xd 245 0.350 0.018 0.098 0.000 1.571 0.000
12.236 x 244 0.351 0.025 0.093 -0.155 1.362 -0.316
12.269 xd 246 0.350 0.014 0.099 0.000 1.571 0.000
12.284 x 245 0.352 0.023 0.093 -0.159 1.362 -0.315
12.318 x 246 0.350 0.017 0.096 -0.159 1.357 -0.327
12.319 xd 247 0.350 0.011 0.099 0.000 1.571 0.000
12.352 x 246 0.352 0.016 0.095 -0.162 1.361 -0.326
12.366 x 247 0.355 0.013 0.092 -0.159 1.358 -0.319
12.369 xd 248 0.350 0.008 0.100 0.000 1.571 0.000
12.392 x 247 0.350 0.019 0.093 -0.151 1.355 -0.321
12.419 xd 249 0.350 0.005 0.100 0.000 1.571 0.000
12.424 x 248 0.353 0.013 0.096 -0.173 1.361 -0.325
12.446 x 249 0.353 0.010 0.093 -0.163 1.361 -0.328
12.469 xd 250 0.350 0.002 0.100 0.000 1.571 0.000
12.489 x 249 0.350 0.008 0.097 -0.168 1.356 -0.334
12.519 xd 251 0.350 -0.001 0.100 0.000 1.571 0.000
12.519 x 250 0.351 0.002 0.096 -0.172 1.358 -0.337
12.569 xd 252 0.350 -0.004 0.100 0.000 1.571 0.000
12.588 x 251 0.351 0.001 0.092 -0.173 1.364 -0.335
12.619 xd 253 0.350 -0.007 0.100 0.000 1.571 0.000
12.634 x 252 0.350 -0.004 0.100 -0.179 1.356 -0.348
12.662 x 253 0.351 -0.001 0.094 -0.180 1.362 -0.336
12.669 xd 254 0.350 -0.011 0.099 0.000 1.571 0.000
12.699 x 253 0.353 -0.004 0.096 -0.181 1.362 -0.340
12.719 xd 255 0.350 -0.014 0.099 0.000 1.571 0.000
12.766 x 254 0.351 -0.005 0.097 -0.155 1.349 -0.348
12.769 xd 256 0.350 -0.017 0.099 0.000 1.571 0.000
12.791 x 255 0.351 -0.012 0.097 -0.181 1.361 -0.352
12.819 xd 257 0.350 -0.020 0.098 0.000 1.571 0.000
12.846 x 256 0.349 -0.014 0.089 -0.183 1.359 -0.338
12.869 xd 258 0.350 -0.023 0.097 0.000 1.571 0.000
12.881 x 257 0.355 -0.016 0.094 -0.178 1.367 -0.351
12.895 x 258 0.352 -0.020 0.092 -0.130 1.056 -0.464
12.920 xd 259 0.350 -0.026 0.097 0.000 1.571 0.000
12.962 x 258 0.350 -0.023 0.097 -0.158 1.356 -0.371
12.970 xd 260 0.350 -0.029 0.096 0.000 1.571 0.000
12.999 x 259 0.353 -0.023 0.088 -0.187 1.370 -0.347
13.020 xd 261 0.350 -0.032 0.095 0.000 1.571 0.000
13.032 x 260 0.352 -0.028 0.093 -0.203 1.372 -0.355
13.070 xd 262 0.350 -0.035 0.094 0.000 1.571 0.000
13.087 x 261 0.350 -0.031 0.094 -0.175 1.352 -0.362
13.120 xd 263 0.350 -0.038 0.093 0.000 1.571 0.000
13.120 x 262 0.351 -0.032 0.091 -0.190 1.367 -0.359
13.137 x 263 0.351 -0.037 0.087 -0.171 1.362 -0.360
13.165 x 263 0.352 -0.036 0.087 -0.182 1.366 -0.357
13.170 xd 264 0.350 -0.041 0.091 0.000 1.571 0.000
13.205 x 263 0.352 -0.035 0.087 -0.181 1.365 -0.355
13.220 xd 265 0.350 -0.044 0.090 0.000 1.571 0.000
13.254 x 264 0.352 -0.040 0.090 -0.188 1.364 -0.362
13.270 xd 266 0.350 -0.047 0.089 0.000 1.571 0.000
13.287 x 265 0.353 -0.042 0.085 -0.181 1.365 -0.356
13.314 x 266 0.351 -0.045 0.086 -0.187 1.370 -0.364
13.320 xd 267 0.350 -0.049 0.087 0.000 1.571 0.000
13.347 x 266 0.352 -0.045 0.086 -0.187 1.367 -0.360
13.370 xd 268 0.350 -0.052 0.085 0.000 1.571 0.000
13.398 x 267 0.351 -0.048 0.086 -0.201 1.366 -0.357
13.420 xd 269 0.350 -0.055 0.084 0.000 1.571 0.000
13.470 xd 270 0.350 -0.057 0.082 0.000 1.571 0.000
13.512 x 268 0.354 -0.051 0.081 -0.191 1.374 -0.354
13.520 xd 271 0.350 -0.060 0.080 0.000 1.571 0.000
13.543 x 270 0.353 -0.057 0.077 -0.172 1.366 -0.358
13.570 xd 272 0.350 -0.062 0.078 0.000 1.571 0.000
13.602 x 271 0.351 -0.058 0.076 -0.182 1.374 -0.360
13.621 xd 273 0.350 -0.065 0.076 0.000 1.571 0.000
13.637 x 272 0.351 -0.061 0.076 -0.152 1.365 -0.370
13.671 xd 274 0.350 -0.067 0.074 0.000 1.571 0.000
13.721 xd 275 0.350 -0.069 0.072 0.000 1.571 0.000
13.750 x 273 0.352 -0.063 0.074 -0.182 1.376 -0.358
13.771 xd 276 0.350 -0.072 0.070 0.000 1.571 0.000
13.774 x 275 0.353 -0.064 0.071 -0.175 1.378 -0.358
13.801 x 276 0.354 -0.069 0.064 -0.173 1.380 -0.345
13.821 xd 277 0.350 -0.074 0.067 0.000 1.571 0.000
13.836 x 276 0.352 -0.071 0.067 -0.180 1.380 -0.351
13.871 xd 278 0.350 -0.076 0.065 0.000 1.571 0.000
13.876 x 277 0.354 -0.071 0.062 -0.204 1.391 -0.335
13.921 xd 279 0.350 -0.078 0.063 0.000 1.571 0.000
13.940 x 278 0.351 -0.075 0.064 -0.178 1.381 -0.351
13.971 xd 280 0.350 -0.080 0.060 0.000 1.571 0.000
13.985 x 279 0.354 -0.074 0.057 -0.168 1.376 -0.333
14.021 xd 281 0.350 -0.082 0.058 0.000 1.571 0.000
14.048 x 280 0.350 -0.081 0.055 -0.173 1.382 -0.340
14.071 xd 282 0.350 -0.083 0.055 0.000 1.571 0.000
14.082 x 281 0.352 -0.080 0.055 -0.162 1.380 -0.341
14.120 x 282 0.351 -0.084 0.053 -0.175 1.387 -0.339
14.121 xd 283 0.350 -0.085 0.052 0.000 1.571 0.000
14.161 x 282 0.350 -0.081 0.046 -0.161 1.388 -0.330
14.171 xd 284 0.350 -0.087 0.050 0.000 1.571 0.000
14.221 x 283 0.352 -0.086 0.048 -0.155 1.377 -0.331
14.221 xd 285 0.350 -0.088 0.047 0.000 1.571 0.000
14.260 x 284 0.352 -0.087 0.048 -0.163 1.386 -0.333
14.271 xd 286 0.350 -0.090 0.044 0.000 1.571 0.000
14.289 x 285 0.353 -0.086 0.044 -0.165 1.393 -0.324
14.318 x 286 0.353 -0.084 0.040 -0.153 1.391 -0.318
14.322 xd 287 0.350 -0.091 0.041 0.000 1.571 0.000
14.348 x 286 0.352 -0.088 0.040 -0.154 1.396 -0.324
14.372 xd 288 0.350 -0.092 0.038 0.000 1.571 0.000
14.385 x 287 0.351 -0.090 0.039 -0.171 1.401 -0.320
14.422 xd 289 0.350 -0.093 0.036 0.000 1.571 0.000
14.448 x 288 0.354 -0.095 0.032 -0.156 1.398 -0.304
14.472 xd 290 0.350 -0.095 0.033 0.000 1.571 0.000
14.511 x 289 0.354 -0.094 0.033 -0.369 1.483 -0.916
14.522 xd 291 0.350 -0.096 0.030 0.000 1.571 0.000
14.551 x 290 0.354 -0.094 0.029 -0.152 1.403 -0.304
14.572 xd 292 0.350 -0.096 0.027 0.000 1.571 0.000
14.592 x 291 0.351 -0.095 0.028 -0.150 1.404 -0.306
14.622 xd 293 0.350 -0.097 0.024 0.000 1.571 0.000
14.644 x 292 0.353 -0.095 0.022 -0.137 1.402 -0.292
14.672 xd 294 0.350 -0.098 0.020 0.000 1.571 0.000
14.684 x 293 0.353 -0.097 0.016 -0.149 1.416 -0.279
14.722 xd 295 0.350 -0.098 0.017 0.000 1.571 0.000
14.731 x 294 0.351 -0.098 0.016 -0.134 1.406 -0.285
14.766 x 295 0.353 -0.098 0.013 -0.130 1.411 -0.277
14.772 xd 296 0.350 -0.099 0.014 0.000 1.571 0.000
14.801 x 295 0.352 -0.097 0.014 -0.142 1.414 -0.278
14.822 xd 297 0.350 -0.099 0.011 0.000 1.571 0.000
14.841 x 296 0.352 -0.098 0.009 -0.136 1.413 -0.266
14.872 xd 298 0.350 -0.100 0.008 0.000 1.571 0.000
14.878 x 297 0.353 -0.100 0.008 -0.138 1.421 -0.267
14.922 xd 299 0.350 -0.100 0.005 0.000 1.571 0.000
14.925 x 298 0.353 -0.099 0.006 -0.130 1.421 -0.262
14.956 x 299 0.353 -0.100 0.003 -0.139 1.425 -0.254
14.972 xd 300 0.350 -0.100 0.002 0.000 1.571 0.000
14.993 x 299 0.351 -0.100 0.003 -0.124 1.422 -0.264
15.023 xd 301 0.350 -0.100 -0.001 0.000 1.571 0.000
15.026 x 300 0.351 -0.099 0.001 -0.116 1.423 -0.260
15.073 xd 302 0.350 -0.100 -0.005 0.000 1.571 0.000
15.078 x 301 0.357 -0.100 -0.005 -0.060 1.423 -0.255
15.107 x 302 0.352 -0.101 -0.009 -0.118 1.434 -0.234
15.123 xd 303 0.350 -0.100 -0.008 0.000 1.571 0.000
15.131 x 302 0.352 -0.101 -0.009 -0.118 1.436 -0.236
15.173 xd 304 0.350 -0.099 -0.011 0.000 1.571 0.000
15.176 x 303 0.351 -0.100 -0.010 -0.115 1.433 -0.234
15.223 xd 305 0.350 -0.099 -0.014 0.000 1.571 0.000
15.259 x 304 0.350 -0.099 -0.011 -0.079 1.429 -0.250
15.273 xd 306 0.350 -0.099 -0.017 0.000 1.571 0.000
15.284 x 305 0.353 -0.102 -0.018 -0.038 1.393 -0.247
15.323 xd 307 0.350 -0.098 -0.020 0.000 1.571 0.000
15.355 x 306 0.355 -0.096 -0.021 -0.089 1.440 -0.202
15.373 xd 308 0.350 -0.097 -0.023 0.000 1.571 0.000
15.378 x 307 0.351 -0.097 -0.025 -0.111 1.447 -0.193
15.406 x 308 0.349 -0.096 -0.028 -0.106 1.443 -0.184
15.423 xd 309 0.350 -0.096 -0.026 0.000 1.571 0.000
15.444 x 308 0.351 -0.098 -0.024 -0.096 1.444 -0.202
15.473 xd 310 0.350 -0.096 -0.029 0.000 1.571 0.000
15.477 x 309 0.353 -0.089 -0.031 -0.091 1.447 -0.175
15.498 x 310 0.348 -0.090 -0.036 -0.092 1.455 -0.175
15.523 xd 311 0.350 -0.095 -0.032 0.000 1.571 0.000
15.529 x 310 0.351 -0.090 -0.032 -0.087 1.448 -0.180
15.555 x 311 0.350 -0.089 -0.035 -0.066 1.429 -0.182
15.573 xd 312 0.350 -0.094 -0.035 0.000 1.571 0.000
15.580 x 311 0.351 -0.088 -0.035 -0.087 1.450 -0.170
15.623 xd 313 0.350 -0.092 -0.038 0.000 1.571 0.000
15.673 xd 314 0.350 -0.091 -0.041 0.000 1.571 0.000
15.681 x 312 0.350 -0.094 -0.035 -0.140 1.379 -0.136
15.724 xd 315 0.350 -0.090 -0.044 0.000 1.571 0.000
15.774 xd 316 0.350 -0.088 -0.047 0.000 1.571 0.000
15.793 x 314 0.350 -0.091 -0.041 -0.142 1.366 -0.188
15.824 xd 317 0.350 -0.087 -0.049 0.000 1.571 0.000
15.874 xd 318 0.350 -0.085 -0.052 0.000 1.571 0.000
15.924 xd 319 0.350 -0.084 -0.055 0.000 1.571 0.000
15.974 xd 320 0.350 -0.082 -0.057 0.000 1.571 0.000
16.024 xd 321 0.350 -0.080 -0.060 0.000 1.571 0.000
16.074 xd 322 0.350 -0.078 -0.062 0.000 1.571 0.000
16.117 x 316 0.350 -0.088 -0.047 -0.188 1.340 -0.147
16.124 xd 323 0.350 -0.076 -0.065 0.000 1.571 0.000
16.174 xd 324 0.350 -0.074 -0.067 0.000 1.571 0.000
16.224 xd 325 0.350 -0.072 -0.070 0.000 1.571 0.000
16.274 xd 326 0.350 -0.070 -0.072 0.000 1.571 0.000
16.324 xd 327 0.350 -0.067 -0.074 0.000 1.571 0.000
16.335 x 322 0.350 -0.077 -0.062 -0.407 0.718 -0.766
16.374 xd 328 0.350 -0.065 -0.076 0.000 1.571 0.000
16.425 xd 329 0.350 -0.063 -0.078 0.000 1.571 0.000
16.475 xd 330 0.350 -0.060 -0.080 0.000 1.571 0.000
16.525 xd 331 0.350 -0.058 -0.082 0.000 1.571 0.000
16.575 xd 332 0.350 -0.055 -0.084 0.000 1.571 0.000
16.625 xd 333 0.350 -0.052 -0.085 0.000 1.571 0.000
16.644 x 327 0.350 -0.067 -0.074 -0.159 1.234 -0.198
16.675 xd 334 0.350 -0.050 -0.087 0.000 1.571 0.000
16.725 xd 335 0.350 -0.047 -0.088 0.000 1.571 0.000
16.775 xd 336 0.350 -0.044 -0.090 0.000 1.571 0.000
16.818 x 333 0.350 -0.052 -0.085 -0.157 1.272 -0.165
16.825 xd 337 0.350 -0.041 -0.091 0.000 1.571 0.000
16.875 xd 338 0.350 -0.038 -0.092 0.000 1.571 0.000
16.925 xd 339 0.350 -0.035 -0.094 0.000 1.571 0.000
16.975 xd 340 0.350 -0.032 -0.095 0.000 1.571 0.000
17.025 xd 341 0.350 -0.029 -0.096 0.000 1.571 0.000
17.063 x 336 0.350 -0.044 -0.089 -0.175 1.321 -0.127
17.075 xd 342 0.350 -0.026 -0.096 0.000 1.571 0.000
17.096 x 341 0.346 -0.026 -0.088 -0.035 1.522 -0.028
17.125 xd 343 0.350 -0.023 -0.097 0.000 1.571 0.000
17.128 x 342 0.345 -0.025 -0.089 -0.022 1.521 -0.028
17.164 x 343 0.345 -0.020 -0.092 0.004 1.513 -0.028
17.176 xd 344 0.350 -0.020 -0.098 0.000 1.571 0.000
17.226 xd 345 0.350 -0.017 -0.099 0.000 1.571 0.000
17.276 xd 346 0.350 -0.014 -0.099 0.000 1.571 0.000
17.283 x 343 0.350 -0.023 -0.097 -0.068 1.385 -0.091
17.326 xd 347 0.350 -0.011 -0.099 0.000 1.571 0.000
17.376 xd 348 0.350 -0.008 -0.100 0.000 1.571 0.000
17.382 x 346 0.346 -0.006 -0.099 -0.018 1.540 -0.015
17.426 xd 349 0.350 -0.005 -0.100 0.000 1.571 0.000
17.429 x 348 0.345 -0.004 -0.099 -0.005 1.558 -0.010
17.450 x 349 0.346 -0.005 -0.098 -0.009 1.557 -0.012
17.471 x 349 0.349 0.003 -0.100 0.002 1.548 -0.016
17.476 xd 350 0.350 -0.002 -0.100 0.000 1.571 0.000
17.526 xd 351 0.350 0.002 -0.100 0.000 1.571 0.000
17.529 x 349 0.347 0.003 -0.101 -0.002 1.567 -0.004
17.554 x 351 0.348 0.004 -0.100 -0.002 1.564 -0.004
17.576 xd 352 0.350 0.005 -0.100 0.000 1.571 0.000
17.593 x 351 0.348 0.006 -0.102 -0.009 1.552 -0.014
17.622 x 352 0.349 0.012 -0.103 -0.001 1.573 -0.002
17.626 xd 353 0.350 0.008 -0.100 0.000 1.571 0.000
17.670 x 352 0.344 0.009 -0.106 0.008 1.568 0.002
17.676 xd 354 0.350 0.011 -0.099 0.000 1.571 0.000
17.703 x 353 0.353 0.013 -0.100 -0.013 1.563 -0.012
17.726 xd 355 0.350 0.014 -0.099 0.000 1.571 0.000
17.728 x 354 0.354 0.013 -0.100 -0.012 1.542 -0.020
17.763 x 355 0.350 0.014 -0.100 0.009 1.498 -0.053
17.776 xd 356 0.350 0.017 -0.098 0.000 1.571 0.000
17.827 xd 357 0.350 0.020 -0.098 0.000 1.571 0.000
17.872 x 355 0.352 0.014 -0.100 -0.001 1.582 -0.064
17.877 xd 358 0.350 0.023 -0.097 0.000 1.571 0.000
17.901 x 357 0.355 0.025 -0.104 0.001 1.551 -0.008
17.927 xd 359 0.350 0.026 -0.096 0.000 1.571 0.000
17.938 x 358 0.359 0.024 -0.098 -0.004 1.570 -0.003
17.977 xd 360 0.350 0.030 -0.096 0.000 1.571 0.000
17.982 x 359 0.354 0.033 -0.101 0.007 1.565 -0.016
18.021 x 360 0.354 0.028 -0.103 0.005 1.578 -0.000
18.027 xd 361 0.350 0.032 -0.095 0.000 1.571 0.000
18.056 x 360 0.355 0.027 -0.102 0.016 1.570 0.006
18.077 xd 362 0.350 0.035 -0.094 0.000 1.571 0.000
18.092 x 361 0.353 0.031 -0.102 0.042 1.563 -0.026
18.127 xd 363 0.350 0.038 -0.092 0.000 1.571 0.000
18.147 x 362 0.356 0.035 -0.101 0.001 1.569 -0.000
18.177 xd 364 0.350 0.041 -0.091 0.000 1.571 0.000
18.203 x 363 0.351 0.041 -0.102 -0.000 1.575 -0.005
18.227 xd 365 0.350 0.044 -0.090 0.000 1.571 0.000
18.277 xd 366 0.350 0.047 -0.088 0.000 1.571 0.000
18.278 x 364 0.349 0.041 -0.091 -0.019 1.526 -0.048
18.327 xd 367 0.350 0.050 -0.087 0.000 1.571 0.000
18.336 x 366 0.356 0.049 -0.095 -0.003 1.568 0.002
18.377 xd 368 0.350 0.052 -0.085 0.000 1.571 0.000
18.418 x 367 0.355 0.048 -0.095 -0.001 1.568 -0.003
18.427 xd 369 0.350 0.055 -0.083 0.000 1.571 0.000
18.477 xd 370 0.350 0.058 -0.082 0.000 1.571 0.000
18.480 x 368 0.354 0.052 -0.093 -0.004 1.565 -0.006
18.528 xd 371 0.350 0.060 -0.080 0.000 1.571 0.000
18.578 xd 372 0.350 0.063 -0.078 0.000 1.571 0.000
18.592 x 370 0.352 0.062 -0.090 -0.013 1.559 -0.004
18.628 xd 373 0.350 0.065 -0.076 0.000 1.571 0.000
18.678 xd 374 0.350 0.067 -0.074 0.000 1.571 0.000
18.706 x 372 0.355 0.063 -0.083 -0.010 1.550 -0.022
18.728 xd 375 0.350 0.070 -0.072 0.000 1.571 0.000
18.778 xd 376 0.350 0.072 -0.069 0.000 1.571 0.000
18.791 x 374 0.354 0.069 -0.077 -0.011 1.541 -0.033
18.821 x 376 0.350 0.072 -0.070 -0.029 1.295 -0.085
18.828 xd 377 0.350 0.074 -0.067 0.000 1.571 0.000
18.867 x 376 0.348 0.072 -0.076 -0.009 1.537 -0.039
18.878 xd 378 0.350 0.076 -0.065 0.000 1.571 0.000
18.928 xd 379 0.350 0.078 -0.062 0.000 1.571 0.000
18.978 xd 380 0.350 0.080 -0.060 0.000 1.571 0.000
18.983 x 377 0.353 0.073 -0.076 -0.009 1.544 -0.035
19.012 x 380 0.348 0.083 -0.065 -0.007 1.527 -0.055
19.028 xd 381 0.350 0.082 -0.057 0.000 1.571 0.000
19.067 x 380 0.356 0.081 -0.068 -0.010 1.482 -0.078
19.078 xd 382 0.350 0.084 -0.055 0.000 1.571 0.000
19.128 xd 383 0.350 0.085 -0.052 0.000 1.571 0.000
19.138 x 381 0.351 0.083 -0.059 -0.021 1.432 -0.126
19.178 xd 384 0.350 0.087 -0.049 0.000 1.571 0.000
19.184 x 383 0.350 0.085 -0.061 -0.026 1.525 -0.051
19.218 x 384 0.353 0.091 -0.056 -0.027 1.522 -0.052
19.229 xd 385 0.350 0.088 -0.047 0.000 1.571 0.000
19.279 xd 386 0.350 0.090 -0.044 0.000 1.571 0.000
19.298 x 384 0.350 0.088 -0.053 -0.034 1.515 -0.060
19.329 xd 387 0.350 0.091 -0.041 0.000 1.571 0.000
19.364 x 386 0.351 0.091 -0.053 -0.027 1.519 -0.062
19.379 xd 388 0.350 0.092 -0.038 0.000 1.571 0.000
19.406 x 387 0.352 0.097 -0.045 -0.031 1.505 -0.062
19.429 xd 389 0.350 0.094 -0.035 0.000 1.571 0.000
19.466 x 388 0.351 0.097 -0.044 -0.035 1.511 -0.071
19.479 xd 390 0.350 0.095 -0.032 0.000 1.571 0.000
19.514 x 389 0.353 0.098 -0.036 -0.046 1.502 -0.079
19.529 xd 391 0.350 0.096 -0.029 0.000 1.571 0.000
19.579 xd 392 0.350 0.097 -0.026 0.000 1.571 0.000
19.589 x 390 0.351 0.102 -0.038 -0.037 1.507 -0.076
19.622 x 392 0.354 0.104 -0.024 -0.050 1.487 -0.085
19.629 xd 393 0.350 0.097 -0.023 0.000 1.571 0.000
19.661 x 392 0.350 0.104 -0.031 -0.044 1.501 -0.084
19.679 xd 394 0.350 0.098 -0.020 0.000 1.571 0.000
19.684 x 393 0.352 0.102 -0.031 -0.045 1.501 -0.085
19.709 x 394 0.352 0.100 -0.024 -0.045 1.487 -0.095
19.729 xd 395 0.350 0.099 -0.017 0.000 1.571 0.000
19.737 x 394 0.352 0.098 -0.028 -0.047 1.489 -0.087
19.775 x 395 0.350 0.105 -0.020 -0.046 1.483 -0.098
19.779 xd 396 0.350 0.099 -0.014 0.000 1.571 0.000
19.809 x 395 0.353 0.097 -0.026 -0.042 1.487 -0.094
19.827 x 396 0.352 0.101 -0.016 -0.041 1.269 -0.213
19.829 xd 397 0.350 0.099 -0.011 0.000 1.571 0.000
19.879 xd 398 0.350 0.100 -0.008 0.000 1.571 0.000
19.879 x 396 0.349 0.105 -0.017 -0.055 1.483 -0.099
19.929 xd 399 0.350 0.100 -0.004 0.000 1.571 0.000
19.930 x 398 0.350 0.100 -0.015 -0.052 1.480 -0.110
19.968 x 399 0.352 0.100 -0.008 -0.057 1.470 -0.116
19.980 xd 400 0.350 0.100 -0.001 0.000 1.571 0.000
19.990 x 399 0.350 0.106 -0.009 -0.055 1.475 -0.113
20.017 x 400 0.350 0.102 -0.003 -0.063 1.471 -0.127
20.030 xd 401 0.350 0.100 0.002 0.000 1.571 0.000
20.046 x 400 0.352 0.101 -0.010 -0.046 1.473 -0.118
20.080 xd 402 0.350 0.100 0.005 0.000 1.571 0.000
20.095 x 401 0.357 0.102 -0.001 -0.051 1.464 -0.127
20.119 x 402 0.351 0.105 -0.000 -0.066 1.464 -0.120
20.130 xd 403 0.350 0.100 0.008 0.000 1.571 0.000
20.151 x 402 0.356 0.104 -0.001 -0.050 1.458 -0.130
20.180 xd 404 0.350 0.099 0.011 0.000 1.571 0.000
20.210 x 403 0.350 0.103 0.004 -0.071 1.463 -0.133
20.230 xd 405 0.350 0.099 0.014 0.000 1.571 0.000
20.236 x 404 0.351 0.098 0.002 -0.051 1.451 -0.133
20.280 xd 406 0.350 0.098 0.018 0.000 1.571 0.000
20.315 x 405 0.351 0.102 0.013 -0.072 1.451 -0.144
20.330 xd 407 0.350 0.098 0.021 0.000 1.571 0.000
20.350 x 406 0.350 0.101 0.012 -0.074 1.453 -0.146
20.380 xd 408 0.350 0.097 0.024 0.000 1.571 0.000
20.423 x 407 0.351 0.099 0.018 -0.082 1.448 -0.154
20.430 xd 409 0.350 0.096 0.027 0.000 1.571 0.000
20.464 x 408 0.354 0.101 0.016 -0.072 1.448 -0.150
20.480 xd 410 0.350 0.095 0.030 0.000 1.571 0.000
20.528 x 409 0.352 0.099 0.024 -0.078 1.436 -0.159
20.530 xd 411 0.350 0.094 0.033 0.000 1.571 0.000
20.561 x 410 0.351 0.096 0.028 -0.091 1.433 -0.164
20.580 xd 412 0.350 0.093 0.036 0.000 1.571 0.000
20.613 x 411 0.351 0.097 0.027 -0.087 1.438 -0.168
20.630 xd 413 0.350 0.092 0.039 0.000 1.571 0.000
20.633 x 412 0.354 0.099 0.029 -0.080 1.430 -0.164
20.681 xd 414 0.350 0.091 0.041 0.000 1.571 0.000
20.731 xd 415 0.350 0.090 0.044 0.000 1.571 0.000
20.781 xd 416 0.350 0.088 0.047 0.000 1.571 0.000
20.831 xd 417 0.350 0.087 0.050 0.000 1.571 0.000
20.834 x 413 0.351 0.094 0.037 -0.096 1.430 -0.185
20.853 x 417 0.352 0.091 0.043 -0.086 1.408 -0.187
20.881 xd 418 0.350 0.085 0.053 0.000 1.571 0.000
20.931 xd 419 0.350 0.083 0.055 0.000 1.571 0.000
20.956 x 417 0.350 0.090 0.048 -0.105 1.419 -0.201
20.981 xd 420 0.350 0.082 0.058 0.000 1.571 0.000
21.031 xd 421 0.350 0.080 0.060 0.000 1.571 0.000
21.035 x 419 0.347 0.088 0.051 -0.106 1.408 -0.203
21.081 xd 422 0.350 0.078 0.063 0.000 1.571 0.000
21.097 x 421 0.351 0.084 0.054 -0.105 1.402 -0.211
21.123 x 422 0.349 0.080 0.056 -0.115 1.402 -0.216
21.131 xd 423 0.350 0.076 0.065 0.000 1.571 0.000
21.179 x 422 0.350 0.081 0.059 -0.101 1.398 -0.225
21.181 xd 424 0.350 0.074 0.068 0.000 1.571 0.000
21.213 x 423 0.349 0.079 0.061 -0.108 1.396 -0.229
21.231 xd 425 0.350 0.072 0.070 0.000 1.571 0.000
21.233 x 424 0.352 0.076 0.067 -0.125 1.395 -0.235
21.269 x 425 0.349 0.075 0.067 -0.124 1.394 -0.237
21.281 xd 426 0.350 0.069 0.072 0.000 1.571 0.000
21.301 x 425 0.348 0.073 0.065 -0.121 1.392 -0.237
21.331 xd 427 0.350 0.067 0.074 0.000 1.571 0.000
21.346 x 426 0.356 0.075 0.076 -0.120 1.393 -0.256
21.370 x 427 0.351 0.070 0.072 -0.128 1.387 -0.246
21.382 xd 428 0.350 0.065 0.076 0.000 1.571 0.000
21.411 x 427 0.353 0.069 0.067 -0.118 1.390 -0.244
21.432 xd 429 0.350 0.062 0.078 0.000 1.571 0.000
21.462 x 428 0.348 0.066 0.075 -0.012 1.324 -0.269
21.482 xd 430 0.350 0.060 0.080 0.000 1.571 0.000
21.492 x 429 0.351 0.063 0.077 -0.104 1.370 -0.266
21.522 x 430 0.352 0.063 0.072 -0.139 1.392 -0.254
21.532 xd 431 0.350 0.057 0.082 0.000 1.571 0.000
21.543 x 430 0.354 0.062 0.073 -0.144 1.392 -0.256
21.577 x 431 0.351 0.058 0.080 -0.165 1.389 -0.266
21.582 xd 432 0.350 0.055 0.084 0.000 1.571 0.000
21.598 x 431 0.351 0.058 0.080 -0.138 1.376 -0.268
21.632 xd 433 0.350 0.052 0.085 0.000 1.571 0.000
21.644 x 432 0.350 0.058 0.078 -0.133 1.377 -0.265
21.682 xd 434 0.350 0.049 0.087 0.000 1.571 0.000
21.698 x 433 0.351 0.056 0.084 -0.143 1.373 -0.273
21.732 xd 435 0.350 0.046 0.089 0.000 1.571 0.000
21.745 x 434 0.354 0.055 0.084 -0.139 1.369 -0.271
21.782 xd 436 0.350 0.044 0.090 0.000 1.571 0.000
21.792 x 435 0.351 0.049 0.087 -0.131 1.360 -0.283
21.832 xd 437 0.350 0.041 0.091 0.000 1.571 0.000
21.834 x 436 0.351 0.047 0.085 -0.147 1.372 -0.284
21.863 x 437 0.353 0.042 0.086 -0.147 1.366 -0.286
21.882 xd 438 0.350 0.038 0.093 0.000 1.571 0.000
21.885 x 437 0.349 0.041 0.082 -0.142 1.366 -0.284
21.932 xd 439 0.350 0.035 0.094 0.000 1.571 0.000
21.982 xd 440 0.350 0.032 0.095 0.000 1.571 0.000
22.001 x 438 0.352 0.041 0.088 -0.138 1.367 -0.298
22.032 xd 441 0.350 0.029 0.096 0.000 1.571 0.000
22.061 x 440 0.351 0.034 0.091 -0.146 1.354 -0.298
22.083 xd 442 0.350 0.026 0.097 0.000 1.571 0.000
22.084 x 441 0.351 0.032 0.092 -0.157 1.365 -0.308
22.114 x 442 0.352 0.027 0.091 -0.167 1.368 -0.307
22.133 xd 443 0.350 0.023 0.097 0.000 1.571 0.000
22.168 x 442 0.350 0.027 0.096 -0.226 1.302 -0.362
22.183 xd 444 0.350 0.020 0.098 0.000 1.571 0.000
22.198 x 443 0.350 0.024 0.094 -0.166 1.363 -0.315
22.233 xd 445 0.350 0.017 0.099 0.000 1.571 0.000
22.237 x 444 0.351 0.023 0.094 -0.170 1.367 -0.317
22.264 x 445 0.356 0.023 0.096 -0.178 1.371 -0.318
22.283 xd 446 0.350 0.014 0.099 0.000 1.571 0.000
22.293 x 445 0.352 0.019 0.094 -0.165 1.358 -0.318
22.333 xd 447 0.350 0.010 0.099 0.000 1.571 0.000
22.335 x 446 0.353 0.014 0.096 -0.169 1.362 -0.327
22.383 xd 448 0.350 0.007 0.100 0.000 1.571 0.000
22.408 x 447 0.352 0.013 0.096 -0.192 1.373 -0.325
22.433 xd 449 0.350 0.004 0.100 0.000 1.571 0.000
22.445 x 448 0.350 0.011 0.097 -0.173 1.358 -0.331
22.474 x 449 0.351 0.005 0.098 -0.062 1.002 -0.450
22.483 xd 450 0.350 0.001 0.100 0.000 1.571 0.000
22.506 x 449 0.351 0.005 0.098 -0.174 1.361 -0.339
22.531 x 450 0.352 0.004 0.098 -0.164 1.348 -0.334
22.533 xd 451 0.350 -0.002 0.100 0.000 1.571 0.000
22.563 x 450 0.352 0.005 0.095 -0.138 1.158 -0.431
22.583 xd 452 0.350 -0.005 0.100 0.000 1.571 0.000
22.594 x 451 0.351 0.000 0.097 -0.165 1.353 -0.342
22.633 xd 453 0.350 -0.008 0.100 0.000 1.571 0.000
22.651 x 452 0.353 0.002 0.098 -0.142 1.347 -0.346
22.683 xd 454 0.350 -0.011 0.099 0.000 1.571 0.000
22.687 x 453 0.350 -0.008 0.099 -0.183 1.361 -0.351
22.724 x 454 0.350 -0.005 0.094 -0.186 1.359 -0.335
22.733 xd 455 0.350 -0.015 0.099 0.000 1.571 0.000
22.749 x 454 0.352 -0.010 0.095 -0.165 1.356 -0.348
22.784 xd 456 0.350 -0.018 0.098 0.000 1.571 0.000
22.820 x 455 0.352 -0.013 0.098 -0.181 1.359 -0.352
22.834 xd 457 0.350 -0.021 0.098 0.000 1.571 0.000
22.868 x 456 0.351 -0.017 0.096 -0.176 1.360 -0.357
22.884 xd 458 0.350 -0.024 0.097 0.000 1.571 0.000
22.911 x 457 0.352 -0.019 0.095 -0.191 1.360 -0.347
22.934 xd 459 0.350 -0.027 0.096 0.000 1.571 0.000
22.950 x 458 0.355 -0.021 0.091 -0.191 1.368 -0.345
22.984 xd 460 0.350 -0.030 0.095 0.000 1.571 0.000
22.986 x 459 0.354 -0.019 0.092 -0.164 1.356 -0.352
23.021 x 460 0.350 -0.025 0.090 -0.148 1.349 -0.360
23.034 xd 461 0.350 -0.033 0.094 0.000 1.571 0.000
23.066 x 460 0.350 -0.029 0.094 -0.196 1.364 -0.359
23.084 xd 462 0.350 -0.036 0.093 0.000 1.571 0.000
23.108 x 461 0.352 -0.031 0.094 -0.179 1.364 -0.366
23.134 xd 463 0.350 -0.039 0.092 0.000 1.571 0.000
23.150 x 462 0.352 -0.033 0.089 -0.183 1.367 -0.358
23.184 xd 464 0.350 -0.042 0.091 0.000 1.571 0.000
23.198 x 463 0.355 -0.034 0.088 -0.174 1.364 -0.356
23.234 xd 465 0.350 -0.045 0.090 0.000 1.571 0.000
23.284 xd 466 0.350 -0.047 0.088 0.000 1.571 0.000
23.294 x 464 0.356 -0.037 0.086 -0.192 1.376 -0.353
23.329 x 466 0.351 -0.045 0.087 -0.180 1.359 -0.362
23.334 xd 467 0.350 -0.050 0.087 0.000 1.571 0.000
23.371 x 466 0.352 -0.046 0.085 -0.184 1.367 -0.363
23.384 xd 468 0.350 -0.053 0.085 0.000 1.571 0.000
23.399 x 467 0.352 -0.049 0.082 -0.188 1.363 -0.352
23.419 x 468 0.351 -0.048 0.081 -0.180 1.371 -0.359
23.435 xd 469 0.350 -0.055 0.083 0.000 1.571 0.000
23.485 xd 470 0.350 -0.058 0.081 0.000 1.571 0.000
23.511 x 468 0.353 -0.052 0.081 -0.184 1.370 -0.360
23.535 xd 471 0.350 -0.061 0.080 0.000 1.571 0.000
23.542 x 470 0.354 -0.059 0.075 -0.182 1.374 -0.354
23.582 x 471 0.351 -0.059 0.075 -0.181 1.375 -0.359
23.585 xd 472 0.350 -0.063 0.078 0.000 1.571 0.000
23.635 xd 473 0.350 -0.065 0.076 0.000 1.571 0.000
23.637 x 471 0.352 -0.058 0.078 -0.175 1.361 -0.357
23.675 x 473 0.354 -0.060 0.073 -0.176 1.379 -0.356
23.685 xd 474 0.350 -0.068 0.074 0.000 1.571 0.000
23.722 x 473 0.350 -0.065 0.076 -0.262 1.440 -0.371
23.735 xd 475 0.350 -0.070 0.071 0.000 1.571 0.000
23.766 x 474 0.351 -0.067 0.069 -0.179 1.377 -0.355
23.785 xd 476 0.350 -0.072 0.069 0.000 1.571 0.000
23.792 x 475 0.351 -0.070 0.067 -0.182 1.376 -0.351
23.835 xd 477 0.350 -0.074 0.067 0.000 1.571 0.000
23.866 x 476 0.352 -0.072 0.067 -0.208 1.392 -0.347
23.885 xd 478 0.350 -0.076 0.064 0.000 1.571 0.000
23.892 x 477 0.351 -0.075 0.063 -0.177 1.374 -0.345
23.935 xd 479 0.350 -0.078 0.062 0.000 1.571 0.000
23.943 x 478 0.354 -0.077 0.060 -0.190 1.389 -0.339
23.985 xd 480 0.350 -0.080 0.060 0.000 1.571 0.000
24.004 x 479 0.352 -0.078 0.058 -0.163 1.378 -0.344
24.035 xd 481 0.350 -0.082 0.057 0.000 1.571 0.000
24.056 x 480 0.352 -0.080 0.057 -0.178 1.388 -0.344
24.085 xd 482 0.350 -0.084 0.054 0.000 1.571 0.000
24.089 x 481 0.352 -0.080 0.055 -0.171 1.389 -0.343
24.116 x 482 0.352 -0.084 0.051 -0.184 1.394 -0.332
24.136 xd 483 0.350 -0.086 0.052 0.000 1.571 0.000
24.164 x 482 0.352 -0.083 0.053 -0.172 1.386 -0.338
24.186 xd 484 0.350 -0.087 0.049 0.000 1.571 0.000
24.223 x 483 0.351 -0.085 0.049 -0.183 1.392 -0.328
24.236 xd 485 0.350 -0.089 0.046 0.000 1.571 0.000
24.267 x 484 0.351 -0.087 0.048 -0.172 1.394 -0.333
24.286 xd 486 0.350 -0.090 0.043 0.000 1.571 0.000
24.310 x 485 0.351 -0.088 0.045 -0.166 1.392 -0.331
24.336 xd 487 0.350 -0.091 0.041 0.000 1.571 0.000
24.358 x 486 0.353 -0.088 0.037 -0.158 1.398 -0.315
24.386 xd 488 0.350 -0.093 0.038 0.000 1.571 0.000
24.407 x 487 0.351 -0.091 0.039 -0.164 1.394 -0.320
24.436 xd 489 0.350 -0.094 0.035 0.000 1.571 0.000
24.452 x 488 0.351 -0.092 0.035 -0.160 1.400 -0.314
24.475 x 489 0.354 -0.091 0.029 -0.156 1.402 -0.299
24.486 xd 490 0.350 -0.095 0.032 0.000 1.571 0.000
24.536 xd 491 0.350 -0.096 0.029 0.000 1.571 0.000
24.539 x 489 0.353 -0.090 0.031 -0.130 1.391 -0.311
24.586 xd 492 0.350 -0.097 0.026 0.000 1.571 0.000
24.588 x 491 0.353 -0.093 0.025 -0.150 1.407 -0.298
24.636 xd 493 0.350 -0.097 0.023 0.000 1.571 0.000
24.661 x 492 0.351 -0.096 0.025 -0.159 1.411 -0.301
24.686 xd 494 0.350 -0.098 0.020 0.000 1.571 0.000
24.707 x 493 0.351 -0.097 0.023 -0.144 1.409 -0.301
24.736 xd 495 0.350 -0.099 0.016 0.000 1.571 0.000
24.737 x 494 0.353 -0.098 0.017 -0.136 1.417 -0.292
24.775 x 495 0.351 -0.099 0.015 -0.141 1.413 -0.282
24.786 xd 496 0.350 -0.099 0.013 0.000 1.571 0.000
24.833 x 495 0.352 -0.099 0.013 -0.127 1.409 -0.281
24.837 xd 497 0.350 -0.099 0.010 0.000 1.571 0.000
24.887 xd 498 0.350 -0.100 0.007 0.000 1.571 0.000
24.888 x 496 0.354 -0.097 0.010 -0.123 1.411 -0.271
24.937 xd 499 0.350 -0.100 0.004 0.000 1.571 0.000
24.954 x 498 0.352 -0.100 0.003 -0.139 1.423 -0.255
24.987 xd 500 0.350 -0.100 0.001 0.000 1.571 0.000
24.988 x 499 0.352 -0.100 0.002 -0.120 1.412 -0.254
25.024 x 500 0.352 -0.100 -0.002 -0.128 1.434 -0.253
25.037 xd 501 0.350 -0.100 -0.002 0.000 1.571 0.000
25.067 x 500 0.351 -0.099 0.001 -0.113 1.430 -0.266
25.087 xd 502 0.350 -0.100 -0.005 0.000 1.571 0.000
25.108 x 501 0.352 -0.100 -0.006 -0.115 1.428 -0.243
25.137 x 502 0.351 -0.101 -0.008 -0.119 1.426 -0.233
25.137 xd 503 0.350 -0.100 -0.009 0.000 1.571 0.000
25.164 x 503 0.356 -0.102 -0.014 -0.105 1.436 -0.214
25.187 xd 504 0.350 -0.099 -0.012 0.000 1.571 0.000
25.193 x 503 0.352 -0.103 -0.018 -0.113 1.441 -0.210
25.237 xd 505 0.350 -0.099 -0.015 0.000 1.571 0.000
25.243 x 504 0.350 -0.099 -0.012 -0.110 1.435 -0.231
25.268 x 505 0.352 -0.100 -0.016 -0.105 1.448 -0.225
25.287 xd 506 0.350 -0.098 -0.018 0.000 1.571 0.000
25.290 x 505 0.352 -0.100 -0.021 -0.116 1.444 -0.200
25.320 x 506 0.352 -0.098 -0.021 -0.078 1.448 -0.222
25.337 xd 507 0.350 -0.098 -0.021 0.000 1.571 0.000
25.367 x 506 0.352 -0.099 -0.020 -0.053 1.430 -0.224
25.387 xd 508 0.350 -0.097 -0.024 0.000 1.571 0.000
25.397 x 507 0.354 -0.094 -0.024 -0.094 1.439 -0.190
25.421 x 508 0.350 -0.093 -0.030 -0.094 1.449 -0.186
25.437 xd 509 0.350 -0.096 -0.027 0.000 1.571 0.000
25.444 x 508 0.352 -0.092 -0.030 -0.071 1.442 -0.190
25.479 x 509 0.352 -0.092 -0.029 -0.097 1.444 -0.180
25.487 xd 510 0.350 -0.095 -0.030 0.000 1.571 0.000
25.508 x 509 0.349 -0.093 -0.032 -0.096 1.449 -0.181
25.530 x 510 0.348 -0.092 -0.033 -0.092 1.451 -0.181
25.538 xd 511 0.350 -0.094 -0.033 0.000 1.571 0.000
25.555 x 510 0.351 -0.091 -0.033 -0.107 1.404 -0.217
25.580 x 511 0.352 -0.086 -0.035 -0.084 1.450 -0.167
25.588 xd 512 0.350 -0.093 -0.036 0.000 1.571 0.000
25.608 x 511 0.351 -0.087 -0.035 -0.084 1.454 -0.174
25.638 xd 513 0.350 -0.092 -0.039 0.000 1.571 0.000
25.647 x 512 0.347 -0.090 -0.036 -0.094 1.450 -0.170
25.677 x 513 0.346 -0.089 -0.039 -0.095 1.446 -0.160
25.688 xd 514 0.350 -0.091 -0.042 0.000 1.571 0.000
25.713 x 513 0.348 -0.089 -0.037 -0.106 1.448 -0.158
25.738 xd 515 0.350 -0.089 -0.045 0.000 1.571 0.000
25.774 x 514 0.350 -0.090 -0.042 -0.147 1.362 -0.160
25.788 xd 516 0.350 -0.088 -0.048 0.000 1.571 0.000
25.799 x 515 0.347 -0.084 -0.044 -0.083 1.452 -0.150
25.817 x 516 0.348 -0.079 -0.046 -0.084 1.467 -0.148
25.838 xd 517 0.350 -0.086 -0.050 0.000 1.571 0.000
25.888 xd 518 0.350 -0.085 -0.053 0.000 1.571 0.000
25.890 x 516 0.350 -0.088 -0.047 -0.160 1.331 -0.170
25.918 x 518 0.345 -0.077 -0.051 -0.088 1.473 -0.138
25.938 xd 519 0.350 -0.083 -0.056 0.000 1.571 0.000
25.951 x 518 0.350 -0.085 -0.053 -0.137 1.297 -0.173
25.988 xd 520 0.350 -0.081 -0.058 0.000 1.571 0.000
26.013 x 519 0.350 -0.083 -0.056 -0.150 1.286 -0.182
26.038 xd 521 0.350 -0.079 -0.061 0.000 1.571 0.000
26.088 xd 522 0.350 -0.078 -0.063 0.000 1.571 0.000
26.138 xd 523 0.350 -0.075 -0.066 0.000 1.571 0.000
26.188 xd 524 0.350 -0.073 -0.068 0.000 1.571 0.000
26.208 x 520 0.350 -0.081 -0.058 -0.202 1.317 -0.178
26.239 xd 525 0.350 -0.071 -0.070 0.000 1.571 0.000
26.289 xd 526 0.350 -0.069 -0.072 0.000 1.571 0.000
26.339 xd 527 0.350 -0.067 -0.075 0.000 1.571 0.000
26.389 xd 528 0.350 -0.064 -0.077 0.000 1.571 0.000
26.439 xd 529 0.350 -0.062 -0.079 0.000 1.571 0.000
26.489 xd 530 0.350 -0.059 -0.080 0.000 1.571 0.000
26.539 xd 531 0.350 -0.057 -0.082 0.000 1.571 0.000
26.583 x 524 0.346 -0.072 -0.052 0.035 1.534 -0.351
26.589 xd 532 0.350 -0.054 -0.084 0.000 1.571 0.000
26.639 xd 533 0.350 -0.051 -0.086 0.000 1.571 0.000
26.689 xd 534 0.350 -0.049 -0.087 0.000 1.571 0.000
26.739 xd 535 0.350 -0.046 -0.089 0.000 1.571 0.000
26.789 xd 536 0.350 -0.043 -0.090 0.000 1.571 0.000
26.839 xd 537 0.350 -0.040 -0.092 0.000 1.571 0.000
26.860 x 531 0.350 -0.057 -0.082 -0.166 1.269 -0.176
26.889 xd 538 0.350 -0.037 -0.093 0.000 1.571 0.000
26.936 x 537 0.350 -0.040 -0.091 -0.133 1.304 -0.114
26.940 xd 539 0.350 -0.034 -0.094 0.000 1.571 0.000
26.990 xd 540 0.350 -0.032 -0.095 0.000 1.571 0.000
27.003 x 538 0.343 -0.033 -0.087 -0.047 1.495 -0.020
27.040 xd 541 0.350 -0.029 -0.096 0.000 1.571 0.000
27.090 xd 542 0.350 -0.025 -0.097 0.000 1.571 0.000
27.124 x 540 0.350 -0.031 -0.095 -0.087 1.336 -0.092
27.140 xd 543 0.350 -0.022 -0.097 0.000 1.571 0.000
27.190 xd 544 0.350 -0.019 -0.098 0.000 1.571 0.000
27.220 x 542 0.350 -0.025 -0.097 -0.110 1.372 -0.103
27.240 xd 545 0.350 -0.016 -0.099 0.000 1.571 0.000
27.251 x 544 0.348 -0.013 -0.094 -0.032 1.506 -0.057
27.290 xd 546 0.350 -0.013 -0.099 0.000 1.571 0.000
27.297 x 545 0.348 -0.011 -0.095 -0.035 1.533 -0.042
27.334 x 546 0.347 -0.011 -0.094 -0.012 1.540 -0.013
27.340 xd 547 0.350 -0.010 -0.099 0.000 1.571 0.000
27.355 x 546 0.345 -0.006 -0.098 -0.008 1.559 -0.018
27.380 x 547 0.342 -0.008 -0.101 0.014 1.531 -0.028
27.390 xd 548 0.350 -0.007 -0.100 0.000 1.571 0.000
27.414 x 547 0.346 -0.004 -0.098 0.000 1.558 -0.017
27.431 x 548 0.347 -0.005 -0.097 -0.042 1.482 -0.054
27.440 xd 549 0.350 -0.004 -0.100 0.000 1.571 0.000
27.486 x 548 0.350 -0.007 -0.100 -0.048 1.466 -0.071
27.490 xd 550 0.350 -0.001 -0.100 0.000 1.571 0.000
27.534 x 549 0.349 0.004 -0.098 -0.004 1.564 -0.008
27.540 xd 551 0.350 0.003 -0.100 0.000 1.571 0.000
27.549 x 550 0.350 0.002 -0.099 -0.027 1.521 -0.051
27.566 x 551 0.349 0.011 -0.104 -0.014 1.547 -0.018
27.590 xd 552 0.350 0.006 -0.100 0.000 1.571 0.000
27.617 x 551 0.349 0.006 -0.101 -0.003 1.563 -0.012
27.633 x 552 0.349 0.008 -0.102 -0.021 1.521 -0.038
27.641 xd 553 0.350 0.009 -0.100 0.000 1.571 0.000
27.655 x 552 0.349 0.009 -0.102 -0.003 1.551 -0.015
27.691 xd 554 0.350 0.012 -0.099 0.000 1.571 0.000
27.720 x 553 0.351 0.010 -0.101 0.000 1.558 -0.022
27.738 x 554 0.350 0.017 -0.105 -0.009 1.542 -0.029
27.741 xd 555 0.350 0.015 -0.099 0.000 1.571 0.000
27.756 x 554 0.351 0.015 -0.103 -0.014 1.547 -0.021
27.791 xd 556 0.350 0.018 -0.098 0.000 1.571 0.000
27.794 x 555 0.351 0.018 -0.102 -0.013 1.498 -0.057
27.814 x 556 0.350 0.022 -0.107 -0.008 1.548 -0.008
27.841 xd 557 0.350 0.021 -0.098 0.000 1.571 0.000
27.846 x 556 0.351 0.023 -0.106 0.002 1.570 -0.005
27.861 x 557 0.356 0.026 -0.102 -0.005 1.554 -0.015
27.889 x 557 0.354 0.021 -0.102 0.013 1.562 -0.007
27.891 xd 558 0.350 0.024 -0.097 0.000 1.571 0.000
27.941 xd 559 0.350 0.027 -0.096 0.000 1.571 0.000
27.943 x 557 0.354 0.022 -0.102 -0.028 1.591 -0.014
27.965 x 559 0.359 0.025 -0.099 -0.001 1.570 -0.001
27.991 xd 560 0.350 0.030 -0.095 0.000 1.571 0.000
27.993 x 559 0.349 0.029 -0.097 -0.032 1.469 -0.070
28.023 x 560 0.353 0.031 -0.097 -0.000 1.563 -0.003
28.037 x 560 0.356 0.026 -0.102 -0.003 1.570 0.004
28.041 xd 561 0.350 0.033 -0.094 0.000 1.571 0.000
28.091 xd 562 0.350 0.036 -0.093 0.000 1.571 0.000
28.107 x 560 0.349 0.034 -0.102 0.000 1.570 -0.002
28.141 xd 563 0.350 0.039 -0.092 0.000 1.571 0.000
28.191 xd 564 0.350 0.042 -0.091 0.000 1.571 0.000
28.215 x 562 0.357 0.037 -0.100 -0.007 1.571 -0.008
28.241 x 564 0.353 0.041 -0.096 -0.005 1.566 -0.003
28.241 xd 565 0.350 0.045 -0.089 0.000 1.571 0.000
28.281 x 564 0.360 0.043 -0.093 -0.007 1.569 -0.003
28.292 xd 566 0.350 0.048 -0.088 0.000 1.571 0.000
28.342 xd 567 0.350 0.050 -0.086 0.000 1.571 0.000
28.392 xd 568 0.350 0.053 -0.085 0.000 1.571 0.000
28.404 x 565 0.356 0.048 -0.097 -0.007 1.575 -0.010
28.442 xd 569 0.350 0.056 -0.083 0.000 1.571 0.000
28.477 x 568 0.353 0.054 -0.091 -0.003 1.558 -0.012
28.492 xd 570 0.350 0.058 -0.081 0.000 1.571 0.000
28.525 x 569 0.353 0.055 -0.088 -0.014 1.550 -0.011
28.542 xd 571 0.350 0.061 -0.079 0.000 1.571 0.000
28.568 x 570 0.349 0.064 -0.088 0.007 1.550 -0.022
28.592 xd 572 0.350 0.063 -0.077 0.000 1.571 0.000
28.600 x 571 0.355 0.061 -0.087 -0.004 1.558 -0.018
28.630 x 572 0.351 0.064 -0.078 -0.051 1.404 -0.121
28.642 xd 573 0.350 0.066 -0.075 0.000 1.571 0.000
28.670 x 572 0.350 0.065 -0.086 -0.012 1.559 -0.025
28.692 xd 574 0.350 0.068 -0.073 0.000 1.571 0.000
28.742 xd 575 0.350 0.070 -0.071 0.000 1.571 0.000
28.775 x 573 0.353 0.067 -0.081 -0.015 1.550 -0.025
28.792 xd 576 0.350 0.073 -0.069 0.000 1.571 0.000
28.830 x 575 0.353 0.078 -0.077 -0.011 1.545 -0.028
28.842 xd 577 0.350 0.075 -0.066 0.000 1.571 0.000
28.892 xd 578 0.350 0.077 -0.064 0.000 1.571 0.000
28.942 xd 579 0.350 0.079 -0.062 0.000 1.571 0.000
28.985 x 576 0.344 0.070 -0.073 -0.019 1.539 -0.057
28.993 xd 580 0.350 0.081 -0.059 0.000 1.571 0.000
29.043 xd 581 0.350 0.082 -0.057 0.000 1.571 0.000
29.093 xd 582 0.350 0.084 -0.054 0.000 1.571 0.000
29.108 x 579 0.351 0.080 -0.063 -0.020 1.526 -0.056
29.143 xd 583 0.350 0.086 -0.051 0.000 1.571 0.000
29.160 x 582 0.355 0.087 -0.061 -0.038 1.532 -0.045
29.193 xd 584 0.350 0.087 -0.049 0.000 1.571 0.000
29.210 x 583 0.351 0.090 -0.054 -0.025 1.514 -0.055
29.243 xd 585 0.350 0.089 -0.046 0.000 1.571 0.000
29.293 xd 586 0.350 0.090 -0.043 0.000 1.571 0.000
29.343 xd 587 0.350 0.092 -0.040 0.000 1.571 0.000
29.389 x 584 0.352 0.089 -0.055 -0.026 1.519 -0.059
29.393 xd 588 0.350 0.093 -0.037 0.000 1.571 0.000
29.443 xd 589 0.350 0.094 -0.034 0.000 1.571 0.000
29.473 x 587 0.353 0.090 -0.045 -0.029 1.505 -0.071
29.493 xd 590 0.350 0.095 -0.031 0.000 1.571 0.000
29.512 x 589 0.350 0.094 -0.035 -0.040 1.391 -0.168
29.543 xd 591 0.350 0.096 -0.028 0.000 1.571 0.000
29.559 x 590 0.351 0.096 -0.039 -0.035 1.504 -0.079
29.593 xd 592 0.350 0.097 -0.025 0.000 1.571 0.000
29.642 x 591 0.353 0.091 -0.036 -0.031 1.494 -0.086
29.643 xd 593 0.350 0.098 -0.022 0.000 1.571 0.000
29.675 x 592 0.351 0.101 -0.028 -0.045 1.493 -0.090
29.694 xd 594 0.350 0.098 -0.019 0.000 1.571 0.000
29.744 xd 595 0.350 0.099 -0.016 0.000 1.571 0.000
29.744 x 593 0.353 0.097 -0.031 -0.049 1.499 -0.089
29.769 x 595 0.350 0.099 -0.016 -0.086 1.276 -0.202
29.788 x 595 0.351 0.101 -0.020 -0.053 1.288 -0.199
29.794 xd 596 0.350 0.099 -0.013 0.000 1.571 0.000
29.844 xd 597 0.350 0.100 -0.010 0.000 1.571 0.000
29.875 x 595 0.351 0.101 -0.023 -0.048 1.489 -0.097
29.894 xd 598 0.350 0.100 -0.007 0.000 1.571 0.000
29.913 x 597 0.352 0.100 -0.016 -0.052 1.482 -0.109
29.938 x 598 0.354 0.102 -0.011 -0.053 1.475 -0.110
29.944 xd 599 0.350 0.100 -0.004 0.000 1.571 0.000
29.994 xd 600 0.350 0.100 -0.000 0.000 1.571 0.000
29.997 x 598 0.350 0.105 -0.010 -0.074 1.489 -0.115
30.023 x 600 0.352 0.104 -0.009 -0.055 1.479 -0.119
30.044 xd 601 0.350 0.100 0.003 0.000 1.571 0.000
30.078 x 600 0.349 0.104 -0.003 -0.064 1.473 -0.125
30.094 xd 602 0.350 0.100 0.006 0.000 1.571 0.000
30.144 xd 603 0.350 0.100 0.009 0.000 1.571 0.000
30.194 xd 604 0.350 0.099 0.012 0.000 1.571 0.000
30.244 xd 605 0.350 0.099 0.015 0.000 1.571 0.000
30.294 xd 606 0.350 0.098 0.018 0.000 1.571 0.000
30.344 xd 607 0.350 0.098 0.021 0.000 1.571 0.000
30.395 xd 608 0.350 0.097 0.025 0.000 1.571 0.000
30.442 x 601 0.350 0.106 -0.002 -0.063 1.470 -0.124
30.445 xd 609 0.350 0.096 0.028 0.000 1.571 0.000
30.486 x 608 0.353 0.099 0.019 -0.083 1.444 -0.150
30.495 xd 610 0.350 0.095 0.031 0.000 1.571 0.000
30.514 x 609 0.347 0.096 0.024 -0.033 1.407 -0.162
30.521 x 610 0.355 0.099 0.024 -0.076 1.188 -0.271
30.545 xd 611 0.350 0.094 0.034 0.000 1.571 0.000
30.554 x 610 0.351 0.100 0.028 -0.089 1.436 -0.163
30.595 xd 612 0.350 0.093 0.037 0.000 1.571 0.000
30.612 x 611 0.350 0.097 0.027 -0.083 1.437 -0.169
30.645 xd 613 0.350 0.092 0.039 0.000 1.571 0.000
30.651 x 612 0.352 0.094 0.032 -0.094 1.430 -0.172
30.695 xd 614 0.350 0.091 0.042 0.000 1.571 0.000
30.701 x 613 0.352 0.094 0.036 -0.072 1.424 -0.188
30.721 x 614 0.354 0.096 0.040 -0.104 1.423 -0.176
30.735 x 614 0.350 0.091 0.041 -0.075 1.167 -0.292
30.745 xd 615 0.350 0.089 0.045 0.000 1.571 0.000
30.769 x 614 0.349 0.094 0.040 -0.084 1.419 -0.188
30.795 xd 616 0.350 0.088 0.048 0.000 1.571 0.000
30.845 xd 617 0.350 0.086 0.051 0.000 1.571 0.000
30.895 xd 618 0.350 0.085 0.053 0.000 1.571 0.000
30.945 xd 619 0.350 0.083 0.056 0.000 1.571 0.000
30.988 x 615 0.351 0.090 0.040 -0.110 1.425 -0.185
30.995 xd 620 0.350 0.081 0.059 0.000 1.571 0.000
31.015 x 619 0.354 0.087 0.050 -0.101 1.406 -0.199
31.034 x 620 0.352 0.086 0.052 -0.105 1.408 -0.206
31.045 xd 621 0.350 0.079 0.061 0.000 1.571 0.000
31.070 x 620 0.352 0.083 0.054 -0.109 1.405 -0.211
31.096 xd 622 0.350 0.077 0.064 0.000 1.571 0.000
31.097 x 621 0.351 0.082 0.059 -0.123 1.403 -0.218
31.135 x 622 0.351 0.079 0.061 -0.111 1.397 -0.226
31.146 xd 623 0.350 0.075 0.066 0.000 1.571 0.000
31.196 xd 624 0.350 0.073 0.068 0.000 1.571 0.000
31.197 x 622 0.353 0.080 0.060 -0.117 1.401 -0.221
31.223 x 624 0.350 0.076 0.062 -0.118 1.396 -0.228
31.246 xd 625 0.350 0.071 0.071 0.000 1.571 0.000
31.267 x 624 0.353 0.079 0.062 -0.123 1.399 -0.224
31.296 xd 626 0.350 0.069 0.073 0.000 1.571 0.000
31.297 x 625 0.349 0.072 0.067 -0.094 1.365 -0.240
31.340 x 626 0.351 0.073 0.066 -0.109 1.390 -0.241
31.346 xd 627 0.350 0.066 0.075 0.000 1.571 0.000
31.396 xd 628 0.350 0.064 0.077 0.000 1.571 0.000
31.416 x 626 0.350 0.077 0.067 -0.122 1.394 -0.236
31.446 xd 629 0.350 0.061 0.079 0.000 1.571 0.000
31.469 x 628 0.350 0.064 0.077 -0.132 1.381 -0.259
31.496 xd 630 0.350 0.059 0.081 0.000 1.571 0.000
31.510 x 629 0.353 0.065 0.072 -0.153 1.387 -0.241
31.534 x 630 0.351 0.060 0.079 -0.136 1.376 -0.261
31.546 xd 631 0.350 0.056 0.083 0.000 1.571 0.000
31.560 x 630 0.351 0.062 0.074 -0.129 1.381 -0.257
31.596 xd 632 0.350 0.054 0.084 0.000 1.571 0.000
31.615 x 631 0.350 0.060 0.078 -0.139 1.378 -0.262
31.646 xd 633 0.350 0.051 0.086 0.000 1.571 0.000
31.663 x 632 0.354 0.056 0.077 -0.155 1.383 -0.259
31.696 xd 634 0.350 0.048 0.088 0.000 1.571 0.000
31.714 x 633 0.352 0.055 0.082 -0.127 1.370 -0.274
31.746 xd 635 0.350 0.046 0.089 0.000 1.571 0.000
