0.001 xd 1 0.350 0.100 0.000 0.000 1.571 0.000
0.051 xd 2 0.350 0.100 0.006 0.000 1.571 0.000
0.074 x 1 0.350 0.100 -0.000 -0.069 1.456 -0.135
0.101 xd 3 0.350 0.099 0.013 0.000 1.571 0.000
0.121 x 2 0.348 0.102 -0.000 -0.078 1.466 -0.124
0.145 x 3 0.350 0.104 0.009 -0.053 1.450 -0.140
0.151 xd 4 0.350 0.098 0.019 0.000 1.571 0.000
0.173 x 3 0.349 0.100 0.014 -0.078 1.454 -0.151
0.190 x 4 0.351 0.098 0.017 -0.059 1.189 -0.250
0.201 xd 5 0.350 0.097 0.025 0.000 1.571 0.000
0.220 x 4 0.351 0.099 0.014 -0.084 1.451 -0.145
0.246 x 5 0.352 0.101 0.020 -0.085 1.441 -0.147
0.251 xd 6 0.350 0.095 0.031 0.000 1.571 0.000
0.291 x 5 0.348 0.104 0.026 -0.064 1.434 -0.164
0.301 xd 7 0.350 0.093 0.037 0.000 1.571 0.000
0.351 xd 8 0.350 0.090 0.043 0.000 1.571 0.000
0.388 x 6 0.348 0.100 0.023 -0.070 1.431 -0.157
0.400 x 8 0.350 0.091 0.041 -0.103 1.229 -0.278
0.402 xd 9 0.350 0.088 0.048 0.000 1.571 0.000
0.442 x 8 0.353 0.093 0.037 -0.051 1.217 -0.287
0.452 xd 10 0.350 0.084 0.054 0.000 1.571 0.000
0.501 x 9 0.352 0.092 0.045 -0.088 1.413 -0.195
0.502 xd 11 0.350 0.081 0.059 0.000 1.571 0.000
0.540 x 10 0.352 0.091 0.048 -0.101 1.410 -0.195
0.552 xd 12 0.350 0.077 0.064 0.000 1.571 0.000
0.561 x 11 0.350 0.081 0.056 -0.126 1.399 -0.209
0.602 xd 13 0.350 0.073 0.069 0.000 1.571 0.000
0.610 x 12 0.353 0.078 0.060 -0.117 1.398 -0.223
0.637 x 13 0.350 0.076 0.067 -0.118 1.387 -0.233
0.652 xd 14 0.350 0.068 0.073 0.000 1.571 0.000
0.674 x 13 0.351 0.079 0.062 -0.115 1.397 -0.226
0.702 xd 15 0.350 0.064 0.077 0.000 1.571 0.000
0.727 x 14 0.350 0.069 0.072 -0.127 1.387 -0.249
0.752 xd 16 0.350 0.059 0.081 0.000 1.571 0.000
0.789 x 15 0.352 0.068 0.074 -0.138 1.387 -0.249
0.802 xd 17 0.350 0.053 0.085 0.000 1.571 0.000
0.840 x 16 0.351 0.062 0.078 -0.133 1.376 -0.258
0.852 xd 18 0.350 0.048 0.088 0.000 1.571 0.000
0.899 x 17 0.354 0.059 0.080 -0.138 1.383 -0.269
0.902 xd 19 0.350 0.042 0.091 0.000 1.571 0.000
0.925 x 18 0.351 0.054 0.081 -0.146 1.376 -0.270
0.952 xd 20 0.350 0.037 0.093 0.000 1.571 0.000
0.957 x 19 0.348 0.045 0.084 -0.118 1.349 -0.283
1.002 xd 21 0.350 0.031 0.095 0.000 1.571 0.000
1.007 x 20 0.351 0.043 0.090 -0.170 1.295 -0.339
1.048 x 21 0.351 0.033 0.092 -0.167 1.363 -0.300
1.052 xd 22 0.350 0.025 0.097 0.000 1.571 0.000
1.085 x 21 0.349 0.032 0.092 -0.159 1.359 -0.303
1.103 xd 23 0.350 0.018 0.098 0.000 1.571 0.000
1.118 x 22 0.350 0.029 0.090 -0.146 1.363 -0.311
1.153 xd 24 0.350 0.012 0.099 0.000 1.571 0.000
1.175 x 23 0.350 0.020 0.097 -0.164 1.361 -0.326
1.203 xd 25 0.350 0.006 0.100 0.000 1.571 0.000
1.203 x 24 0.349 0.013 0.099 -0.179 1.357 -0.329
1.228 x 25 0.353 0.010 0.095 -0.174 1.363 -0.328
1.253 xd 26 0.350 -0.000 0.100 0.000 1.571 0.000
1.253 x 25 0.351 0.008 0.095 -0.165 1.361 -0.335
1.277 x 26 0.352 0.001 0.093 -0.137 1.339 -0.335
1.303 xd 27 0.350 -0.007 0.100 0.000 1.571 0.000
1.313 x 26 0.352 0.003 0.097 -0.164 1.347 -0.334
1.347 x 27 0.353 -0.001 0.095 -0.171 1.360 -0.338
1.353 xd 28 0.350 -0.013 0.099 0.000 1.571 0.000
1.379 x 27 0.351 -0.006 0.097 -0.187 1.363 -0.343
1.403 x 28 0.352 -0.012 0.097 -0.181 1.358 -0.349
1.403 xd 29 0.350 -0.019 0.098 0.000 1.571 0.000
1.453 xd 30 0.350 -0.025 0.097 0.000 1.571 0.000
1.503 xd 31 0.350 -0.031 0.095 0.000 1.571 0.000
1.524 x 28 0.350 -0.011 0.098 -0.185 1.360 -0.351
1.551 x 31 0.353 -0.028 0.091 -0.179 1.359 -0.353
1.553 xd 32 0.350 -0.037 0.093 0.000 1.571 0.000
1.590 x 31 0.351 -0.030 0.092 -0.187 1.366 -0.360
1.603 xd 33 0.350 -0.043 0.090 0.000 1.571 0.000
1.627 x 32 0.354 -0.034 0.089 -0.196 1.369 -0.351
1.653 xd 34 0.350 -0.049 0.087 0.000 1.571 0.000
1.664 x 33 0.352 -0.041 0.086 -0.192 1.368 -0.356
1.693 x 34 0.350 -0.044 0.082 -0.177 1.361 -0.355
1.703 xd 35 0.350 -0.054 0.084 0.000 1.571 0.000
1.732 x 34 0.351 -0.045 0.081 -0.130 1.336 -0.360
1.753 xd 36 0.350 -0.059 0.081 0.000 1.571 0.000
1.758 x 35 0.352 -0.053 0.082 -0.183 1.369 -0.363
1.797 x 36 0.356 -0.056 0.074 -0.190 1.384 -0.351
1.804 xd 37 0.350 -0.064 0.077 0.000 1.571 0.000
1.837 x 36 0.353 -0.055 0.072 -0.183 1.376 -0.347
1.854 xd 38 0.350 -0.069 0.073 0.000 1.571 0.000
1.877 x 37 0.356 -0.057 0.074 -0.171 1.364 -0.346
1.904 xd 39 0.350 -0.073 0.068 0.000 1.571 0.000
1.904 x 38 0.353 -0.065 0.068 -0.165 1.369 -0.349
1.954 xd 40 0.350 -0.077 0.063 0.000 1.571 0.000
1.961 x 39 0.352 -0.072 0.064 -0.177 1.380 -0.349
1.996 x 40 0.352 -0.076 0.060 -0.155 1.373 -0.348
2.004 xd 41 0.350 -0.081 0.058 0.000 1.571 0.000
2.023 x 40 0.353 -0.075 0.060 -0.174 1.384 -0.345
2.050 x 41 0.354 -0.080 0.055 -0.176 1.383 -0.335
2.054 xd 42 0.350 -0.085 0.053 0.000 1.571 0.000
2.104 xd 43 0.350 -0.088 0.048 0.000 1.571 0.000
2.104 x 41 0.351 -0.081 0.057 -0.171 1.382 -0.344
2.154 xd 44 0.350 -0.091 0.042 0.000 1.571 0.000
2.191 x 43 0.353 -0.085 0.042 -0.176 1.389 -0.311
2.204 xd 45 0.350 -0.093 0.036 0.000 1.571 0.000
2.229 x 44 0.353 -0.090 0.040 -0.146 1.393 -0.328
2.254 xd 46 0.350 -0.095 0.030 0.000 1.571 0.000
2.279 x 45 0.354 -0.089 0.032 -0.131 1.393 -0.312
2.304 xd 47 0.350 -0.097 0.024 0.000 1.571 0.000
2.309 x 46 0.354 -0.095 0.024 -0.173 1.414 -0.286
2.347 x 47 0.354 -0.095 0.016 -0.146 1.417 -0.279
2.354 xd 48 0.350 -0.098 0.018 0.000 1.571 0.000
2.394 x 47 0.353 -0.096 0.020 -0.154 1.410 -0.283
2.404 xd 49 0.350 -0.099 0.012 0.000 1.571 0.000
2.417 x 48 0.354 -0.096 0.015 -0.137 1.413 -0.279
2.450 x 49 0.354 -0.099 0.009 -0.122 1.409 -0.267
2.454 xd 50 0.350 -0.100 0.006 0.000 1.571 0.000
2.478 x 49 0.353 -0.100 0.008 -0.131 1.424 -0.272
2.505 xd 51 0.350 -0.100 -0.001 0.000 1.571 0.000
2.511 x 50 0.351 -0.100 0.005 -0.129 1.425 -0.268
2.542 x 51 0.353 -0.100 -0.003 -0.124 1.426 -0.242
2.555 xd 52 0.350 -0.100 -0.007 0.000 1.571 0.000
2.575 x 51 0.351 -0.100 -0.002 -0.128 1.429 -0.253
2.605 xd 53 0.350 -0.099 -0.013 0.000 1.571 0.000
2.608 x 52 0.352 -0.100 -0.009 -0.116 1.432 -0.234
2.634 x 53 0.353 -0.101 -0.019 -0.115 1.441 -0.204
2.655 xd 54 0.350 -0.098 -0.019 0.000 1.571 0.000
2.677 x 53 0.351 -0.099 -0.015 -0.096 1.427 -0.222
2.703 x 54 0.352 -0.096 -0.024 -0.107 1.448 -0.195
2.705 xd 55 0.350 -0.097 -0.025 0.000 1.571 0.000
2.729 x 54 0.349 -0.097 -0.026 -0.100 1.447 -0.196
2.755 xd 56 0.350 -0.095 -0.031 0.000 1.571 0.000
2.766 x 55 0.355 -0.090 -0.028 -0.094 1.452 -0.185
2.790 x 56 0.351 -0.089 -0.033 -0.090 1.450 -0.173
2.805 xd 57 0.350 -0.093 -0.037 0.000 1.571 0.000
2.813 x 56 0.350 -0.087 -0.036 -0.082 1.448 -0.169
2.855 xd 58 0.350 -0.090 -0.043 0.000 1.571 0.000
2.859 x 57 0.349 -0.088 -0.038 -0.083 1.428 -0.190
2.896 x 58 0.347 -0.088 -0.042 -0.161 1.429 -0.120
2.905 xd 59 0.350 -0.087 -0.049 0.000 1.571 0.000
2.923 x 58 0.348 -0.082 -0.043 -0.076 1.456 -0.155
2.955 xd 60 0.350 -0.084 -0.054 0.000 1.571 0.000
2.958 x 59 0.347 -0.084 -0.046 -0.106 1.403 -0.123
3.005 xd 61 0.350 -0.081 -0.059 0.000 1.571 0.000
3.040 x 60 0.350 -0.084 -0.054 -0.172 1.306 -0.191
3.055 xd 62 0.350 -0.077 -0.064 0.000 1.571 0.000
3.105 xd 63 0.350 -0.072 -0.069 0.000 1.571 0.000
3.156 xd 64 0.350 -0.068 -0.073 0.000 1.571 0.000
3.206 xd 65 0.350 -0.063 -0.077 0.000 1.571 0.000
3.256 xd 66 0.350 -0.058 -0.081 0.000 1.571 0.000
3.283 x 61 0.350 -0.080 -0.059 -0.178 1.273 -0.168
3.306 xd 67 0.350 -0.053 -0.085 0.000 1.571 0.000
3.356 xd 68 0.350 -0.048 -0.088 0.000 1.571 0.000
3.406 xd 69 0.350 -0.042 -0.091 0.000 1.571 0.000
3.453 x 66 0.350 -0.058 -0.081 -0.194 1.264 -0.170
3.456 xd 70 0.350 -0.036 -0.093 0.000 1.571 0.000
3.506 xd 71 0.350 -0.030 -0.095 0.000 1.571 0.000
3.556 xd 72 0.350 -0.024 -0.097 0.000 1.571 0.000
3.606 xd 73 0.350 -0.018 -0.098 0.000 1.571 0.000
3.656 xd 74 0.350 -0.012 -0.099 0.000 1.571 0.000
3.706 xd 75 0.350 -0.005 -0.100 0.000 1.571 0.000
3.730 x 69 0.350 -0.042 -0.091 -0.211 1.326 -0.113
3.742 x 75 0.348 0.003 -0.100 0.004 1.515 -0.062
3.756 xd 76 0.350 0.001 -0.100 0.000 1.571 0.000
3.769 x 75 0.348 0.000 -0.098 0.000 1.562 -0.013
3.796 x 76 0.349 0.002 -0.099 -0.008 1.521 -0.047
3.806 xd 77 0.350 0.007 -0.100 0.000 1.571 0.000
3.824 x 76 0.347 0.002 -0.101 -0.028 1.519 -0.049
3.856 x 77 0.342 0.012 -0.098 -0.007 1.531 -0.038
3.857 xd 78 0.350 0.013 -0.099 0.000 1.571 0.000
3.907 xd 79 0.350 0.020 -0.098 0.000 1.571 0.000
3.929 x 77 0.345 0.009 -0.106 -0.002 1.571 0.000
3.954 x 79 0.354 0.023 -0.103 -0.017 1.569 -0.001
3.957 xd 80 0.350 0.026 -0.097 0.000 1.571 0.000
3.975 x 79 0.351 0.020 -0.100 -0.028 1.518 -0.043
3.999 x 80 0.359 0.027 -0.100 -0.008 1.553 -0.018
4.007 xd 81 0.350 0.032 -0.095 0.000 1.571 0.000
4.033 x 80 0.356 0.029 -0.104 -0.002 1.555 -0.012
4.057 xd 82 0.350 0.038 -0.093 0.000 1.571 0.000
4.089 x 81 0.351 0.034 -0.103 -0.004 1.570 -0.002
4.107 xd 83 0.350 0.043 -0.090 0.000 1.571 0.000
4.142 x 82 0.353 0.042 -0.100 -0.012 1.571 0.001
4.157 xd 84 0.350 0.049 -0.087 0.000 1.571 0.000
4.207 xd 85 0.350 0.054 -0.084 0.000 1.571 0.000
4.231 x 83 0.351 0.043 -0.097 -0.002 1.569 -0.008
4.257 xd 86 0.350 0.059 -0.080 0.000 1.571 0.000
4.307 xd 87 0.350 0.064 -0.076 0.000 1.571 0.000
4.319 x 85 0.351 0.054 -0.087 -0.008 1.548 -0.020
4.357 xd 88 0.350 0.069 -0.072 0.000 1.571 0.000
4.378 x 87 0.350 0.065 -0.079 -0.010 1.536 -0.031
4.407 xd 89 0.350 0.074 -0.068 0.000 1.571 0.000
4.438 x 88 0.351 0.071 -0.080 -0.016 1.553 -0.036
4.457 xd 90 0.350 0.078 -0.063 0.000 1.571 0.000
4.488 x 89 0.351 0.074 -0.069 -0.037 1.292 -0.089
4.504 x 90 0.352 0.079 -0.066 -0.065 1.364 -0.146
4.507 xd 91 0.350 0.081 -0.058 0.000 1.571 0.000
4.556 x 90 0.352 0.078 -0.068 -0.021 1.532 -0.044
4.558 xd 92 0.350 0.085 -0.053 0.000 1.571 0.000
4.608 xd 93 0.350 0.088 -0.047 0.000 1.571 0.000
4.658 xd 94 0.350 0.091 -0.042 0.000 1.571 0.000
4.708 xd 95 0.350 0.093 -0.036 0.000 1.571 0.000
4.758 xd 96 0.350 0.095 -0.030 0.000 1.571 0.000
4.780 x 91 0.357 0.083 -0.058 0.012 1.506 -0.055
4.808 xd 97 0.350 0.097 -0.024 0.000 1.571 0.000
4.830 x 96 0.351 0.098 -0.031 -0.099 1.513 -0.078
4.858 xd 98 0.350 0.098 -0.018 0.000 1.571 0.000
4.859 x 97 0.352 0.101 -0.031 -0.019 1.339 -0.180
4.908 xd 99 0.350 0.099 -0.012 0.000 1.571 0.000
4.910 x 98 0.349 0.101 -0.022 -0.058 1.489 -0.098
4.958 xd 100 0.350 0.100 -0.005 0.000 1.571 0.000
4.964 x 99 0.349 0.100 -0.014 -0.055 1.481 -0.114
4.987 x 100 0.352 0.102 -0.009 -0.057 1.472 -0.114
5.008 xd 101 0.350 0.100 0.001 0.000 1.571 0.000
5.058 xd 102 0.350 0.100 0.007 0.000 1.571 0.000
5.092 x 100 0.353 0.104 -0.013 -0.059 1.476 -0.101
5.108 xd 103 0.350 0.099 0.014 0.000 1.571 0.000
5.133 x 102 0.351 0.105 0.001 -0.054 1.463 -0.128
5.158 xd 104 0.350 0.098 0.020 0.000 1.571 0.000
5.190 x 103 0.351 0.100 0.012 -0.080 1.452 -0.141
5.208 xd 105 0.350 0.097 0.026 0.000 1.571 0.000
5.227 x 104 0.349 0.106 0.016 -0.070 1.453 -0.150
5.259 xd 106 0.350 0.095 0.032 0.000 1.571 0.000
5.264 x 105 0.351 0.099 0.021 -0.078 1.443 -0.159
5.309 xd 107 0.350 0.093 0.038 0.000 1.571 0.000
5.319 x 106 0.353 0.102 0.029 -0.070 1.430 -0.165
5.354 x 107 0.353 0.095 0.032 -0.094 1.431 -0.172
5.359 xd 108 0.350 0.090 0.044 0.000 1.571 0.000
5.401 x 107 0.351 0.098 0.033 -0.080 1.426 -0.173
5.409 xd 109 0.350 0.087 0.049 0.000 1.571 0.000
5.454 x 108 0.352 0.094 0.039 -0.097 1.423 -0.183
5.459 xd 110 0.350 0.084 0.055 0.000 1.571 0.000
5.490 x 109 0.353 0.088 0.043 -0.112 1.421 -0.189
5.509 xd 111 0.350 0.080 0.060 0.000 1.571 0.000
5.527 x 110 0.351 0.084 0.051 -0.067 0.934 -0.149
5.559 xd 112 0.350 0.076 0.065 0.000 1.571 0.000
5.609 xd 113 0.350 0.072 0.069 0.000 1.571 0.000
5.612 x 111 0.350 0.082 0.059 -0.109 1.393 -0.215
5.659 xd 114 0.350 0.068 0.074 0.000 1.571 0.000
5.661 x 113 0.353 0.076 0.064 -0.128 1.397 -0.229
5.687 x 114 0.351 0.069 0.067 -0.148 1.401 -0.238
5.709 xd 115 0.350 0.063 0.078 0.000 1.571 0.000
5.719 x 114 0.351 0.071 0.071 -0.130 1.388 -0.242
5.749 x 115 0.352 0.067 0.071 -0.075 1.368 -0.258
5.759 xd 116 0.350 0.058 0.082 0.000 1.571 0.000
5.783 x 115 0.352 0.066 0.075 -0.135 1.384 -0.253
5.800 x 116 0.352 0.060 0.081 -0.152 1.383 -0.264
5.809 xd 117 0.350 0.053 0.085 0.000 1.571 0.000
5.841 x 116 0.350 0.061 0.075 -0.128 1.374 -0.255
5.859 xd 118 0.350 0.047 0.088 0.000 1.571 0.000
5.886 x 117 0.354 0.052 0.078 -0.163 1.388 -0.266
5.909 xd 119 0.350 0.041 0.091 0.000 1.571 0.000
5.960 x 118 0.352 0.049 0.084 -0.141 1.372 -0.282
5.960 xd 120 0.350 0.036 0.093 0.000 1.571 0.000
6.010 xd 121 0.350 0.030 0.095 0.000 1.571 0.000
6.023 x 120 0.350 0.036 0.092 -0.178 1.372 -0.299
6.052 x 121 0.353 0.036 0.091 -0.132 1.358 -0.307
6.060 xd 122 0.350 0.024 0.097 0.000 1.571 0.000
6.110 xd 123 0.350 0.018 0.098 0.000 1.571 0.000
6.121 x 121 0.354 0.032 0.089 -0.158 1.366 -0.299
6.149 x 123 0.350 0.024 0.091 -0.180 1.374 -0.312
6.160 xd 124 0.350 0.011 0.099 0.000 1.571 0.000
6.180 x 123 0.354 0.024 0.093 -0.164 1.367 -0.314
6.199 x 124 0.352 0.016 0.098 -0.164 1.360 -0.330
6.210 xd 125 0.350 0.005 0.100 0.000 1.571 0.000
6.232 x 124 0.353 0.012 0.094 -0.164 1.360 -0.326
6.260 xd 126 0.350 -0.001 0.100 0.000 1.571 0.000
6.294 x 125 0.350 0.007 0.096 -0.170 1.351 -0.329
6.310 xd 127 0.350 -0.008 0.100 0.000 1.571 0.000
6.333 x 126 0.351 -0.000 0.099 -0.173 1.359 -0.346
6.360 x 127 0.352 -0.004 0.097 -0.163 1.352 -0.346
6.360 xd 128 0.350 -0.014 0.099 0.000 1.571 0.000
6.410 xd 129 0.350 -0.020 0.098 0.000 1.571 0.000
6.411 x 127 0.351 -0.006 0.097 -0.177 1.357 -0.345
6.460 xd 130 0.350 -0.026 0.097 0.000 1.571 0.000
6.509 x 129 0.352 -0.016 0.095 -0.187 1.364 -0.350
6.510 xd 131 0.350 -0.032 0.095 0.000 1.571 0.000
6.555 x 130 0.353 -0.024 0.093 -0.178 1.360 -0.355
6.560 xd 132 0.350 -0.038 0.092 0.000 1.571 0.000
6.586 x 131 0.354 -0.028 0.091 -0.183 1.361 -0.352
6.611 xd 133 0.350 -0.044 0.090 0.000 1.571 0.000
6.615 x 132 0.351 -0.039 0.090 -0.182 1.362 -0.362
6.656 x 133 0.353 -0.042 0.088 -0.183 1.364 -0.361
6.661 xd 134 0.350 -0.049 0.087 0.000 1.571 0.000
6.711 xd 135 0.350 -0.055 0.084 0.000 1.571 0.000
6.728 x 133 0.351 -0.042 0.088 -0.185 1.365 -0.363
6.747 x 135 0.355 -0.054 0.077 -0.172 1.370 -0.356
6.761 xd 136 0.350 -0.060 0.080 0.000 1.571 0.000
6.795 x 135 0.352 -0.053 0.080 -0.177 1.367 -0.360
6.811 xd 137 0.350 -0.065 0.076 0.000 1.571 0.000
6.827 x 136 0.354 -0.058 0.075 -0.179 1.372 -0.354
6.861 x 137 0.352 -0.065 0.071 -0.185 1.377 -0.352
6.861 xd 138 0.350 -0.069 0.072 0.000 1.571 0.000
6.911 xd 139 0.350 -0.074 0.067 0.000 1.571 0.000
6.913 x 137 0.350 -0.064 0.075 -0.178 1.371 -0.361
6.942 x 139 0.356 -0.073 0.060 -0.149 1.374 -0.346
6.961 xd 140 0.350 -0.078 0.063 0.000 1.571 0.000
6.975 x 139 0.353 -0.072 0.065 -0.193 1.387 -0.346
7.010 x 140 0.351 -0.077 0.059 -0.178 1.385 -0.345
7.011 xd 141 0.350 -0.082 0.058 0.000 1.571 0.000
7.061 xd 142 0.350 -0.085 0.052 0.000 1.571 0.000
7.111 xd 143 0.350 -0.088 0.047 0.000 1.571 0.000
7.134 x 140 0.351 -0.076 0.060 -0.172 1.378 -0.345
7.160 x 143 0.351 -0.087 0.045 -0.142 1.384 -0.335
7.161 xd 144 0.350 -0.091 0.041 0.000 1.571 0.000
7.211 xd 145 0.350 -0.093 0.035 0.000 1.571 0.000
7.217 x 143 0.354 -0.085 0.044 -0.159 1.394 -0.325
7.251 x 145 0.354 -0.091 0.032 -0.150 1.406 -0.311
7.261 xd 146 0.350 -0.096 0.030 0.000 1.571 0.000
7.307 x 145 0.349 -0.094 0.031 -0.118 1.376 -0.315
7.311 xd 147 0.350 -0.097 0.023 0.000 1.571 0.000
7.331 x 146 0.353 -0.096 0.025 -0.106 1.244 -0.393
7.359 x 147 0.351 -0.097 0.022 -0.141 1.286 -0.375
7.362 xd 148 0.350 -0.098 0.017 0.000 1.571 0.000
7.400 x 147 0.351 -0.097 0.022 -0.150 1.407 -0.295
7.412 xd 149 0.350 -0.099 0.011 0.000 1.571 0.000
7.448 x 148 0.352 -0.097 0.016 -0.140 1.412 -0.283
7.462 xd 150 0.350 -0.100 0.005 0.000 1.571 0.000
7.491 x 149 0.351 -0.099 0.010 -0.100 1.404 -0.283
7.512 xd 151 0.350 -0.100 -0.001 0.000 1.571 0.000
7.519 x 150 0.355 -0.102 -0.001 -0.105 1.422 -0.251
7.562 xd 152 0.350 -0.100 -0.008 0.000 1.571 0.000
7.566 x 151 0.351 -0.100 -0.004 -0.128 1.433 -0.246
7.599 x 152 0.351 -0.100 -0.009 -0.123 1.435 -0.234
7.612 xd 153 0.350 -0.099 -0.014 0.000 1.571 0.000
7.653 x 152 0.351 -0.100 -0.009 -0.110 1.335 -0.315
7.662 xd 154 0.350 -0.098 -0.020 0.000 1.571 0.000
7.675 x 153 0.352 -0.099 -0.016 -0.115 1.439 -0.216
7.712 xd 155 0.350 -0.096 -0.026 0.000 1.571 0.000
7.713 x 154 0.351 -0.098 -0.021 -0.109 1.448 -0.207
7.738 x 155 0.348 -0.096 -0.030 -0.103 1.443 -0.185
7.762 xd 156 0.350 -0.095 -0.032 0.000 1.571 0.000
7.764 x 155 0.350 -0.095 -0.028 -0.094 1.443 -0.189
7.804 x 156 0.350 -0.088 -0.036 -0.097 1.384 -0.230
7.812 xd 157 0.350 -0.092 -0.038 0.000 1.571 0.000
7.847 x 156 0.350 -0.092 -0.032 -0.105 1.453 -0.177
7.862 xd 158 0.350 -0.090 -0.044 0.000 1.571 0.000
7.874 x 157 0.349 -0.086 -0.036 -0.123 1.363 -0.230
7.904 x 158 0.344 -0.085 -0.046 -0.087 1.461 -0.155
7.912 xd 159 0.350 -0.087 -0.050 0.000 1.571 0.000
7.925 x 158 0.347 -0.083 -0.043 -0.074 1.458 -0.161
7.962 xd 160 0.350 -0.084 -0.055 0.000 1.571 0.000
8.012 xd 161 0.350 -0.080 -0.060 0.000 1.571 0.000
8.063 xd 162 0.350 -0.076 -0.065 0.000 1.571 0.000
8.113 xd 163 0.350 -0.072 -0.070 0.000 1.571 0.000
8.163 xd 164 0.350 -0.067 -0.074 0.000 1.571 0.000
8.189 x 159 0.350 -0.087 -0.049 -0.015 1.269 -0.238
8.213 xd 165 0.350 -0.062 -0.078 0.000 1.571 0.000
8.263 xd 166 0.350 -0.057 -0.082 0.000 1.571 0.000
8.313 xd 167 0.350 -0.052 -0.085 0.000 1.571 0.000
8.363 xd 168 0.350 -0.047 -0.088 0.000 1.571 0.000
8.413 xd 169 0.350 -0.041 -0.091 0.000 1.571 0.000
8.463 xd 170 0.350 -0.035 -0.094 0.000 1.571 0.000
8.473 x 164 0.344 -0.062 -0.068 -0.126 1.454 -0.071
8.513 xd 171 0.350 -0.029 -0.096 0.000 1.571 0.000
8.563 xd 172 0.350 -0.023 -0.097 0.000 1.571 0.000
8.613 xd 173 0.350 -0.017 -0.099 0.000 1.571 0.000
8.663 xd 174 0.350 -0.011 -0.099 0.000 1.571 0.000
8.713 xd 175 0.350 -0.005 -0.100 0.000 1.571 0.000
8.764 xd 176 0.350 0.002 -0.100 0.000 1.571 0.000
8.814 xd 177 0.350 0.008 -0.100 0.000 1.571 0.000
8.859 x 170 0.344 -0.030 -0.090 -0.030 1.481 -0.031
8.864 xd 178 0.350 0.014 -0.099 0.000 1.571 0.000
8.875 x 177 0.349 0.011 -0.103 -0.020 1.525 -0.042
8.914 xd 179 0.350 0.020 -0.098 0.000 1.571 0.000
8.946 x 178 0.352 0.013 -0.102 0.012 1.544 -0.011
8.964 xd 180 0.350 0.027 -0.096 0.000 1.571 0.000
8.977 x 179 0.350 0.020 -0.107 -0.001 1.566 0.002
9.014 xd 181 0.350 0.033 -0.095 0.000 1.571 0.000
9.017 x 180 0.355 0.027 -0.103 -0.010 1.568 -0.001
9.064 xd 182 0.350 0.038 -0.092 0.000 1.571 0.000
9.114 x 181 0.357 0.031 -0.101 -0.001 1.570 0.005
9.114 xd 183 0.350 0.044 -0.090 0.000 1.571 0.000
9.164 xd 184 0.350 0.050 -0.087 0.000 1.571 0.000
9.191 x 182 0.352 0.038 -0.098 0.003 1.567 -0.003
9.214 xd 185 0.350 0.055 -0.083 0.000 1.571 0.000
9.264 xd 186 0.350 0.060 -0.080 0.000 1.571 0.000
9.295 x 184 0.352 0.049 -0.090 -0.004 1.517 -0.057
9.314 xd 187 0.350 0.065 -0.076 0.000 1.571 0.000
9.364 xd 188 0.350 0.070 -0.072 0.000 1.571 0.000
9.383 x 186 0.356 0.063 -0.084 -0.008 1.552 -0.019
9.414 xd 189 0.350 0.074 -0.067 0.000 1.571 0.000
9.465 xd 190 0.350 0.078 -0.062 0.000 1.571 0.000
9.515 xd 191 0.350 0.082 -0.057 0.000 1.571 0.000
9.519 x 188 0.352 0.072 -0.073 -0.029 1.553 -0.051
9.565 xd 192 0.350 0.085 -0.052 0.000 1.571 0.000
9.615 xd 193 0.350 0.089 -0.047 0.000 1.571 0.000
9.649 x 191 0.347 0.087 -0.066 -0.005 1.525 -0.046
9.665 xd 194 0.350 0.091 -0.041 0.000 1.571 0.000
9.699 x 193 0.353 0.090 -0.053 -0.023 1.516 -0.060
9.715 xd 195 0.350 0.094 -0.035 0.000 1.571 0.000
9.731 x 194 0.352 0.091 -0.046 -0.037 1.510 -0.069
9.746 x 195 0.349 0.094 -0.036 -0.227 1.304 -0.149
9.765 xd 196 0.350 0.096 -0.029 0.000 1.571 0.000
9.775 x 195 0.350 0.097 -0.041 -0.032 1.505 -0.074
9.815 xd 197 0.350 0.097 -0.023 0.000 1.571 0.000
9.844 x 196 0.353 0.097 -0.035 -0.045 1.501 -0.080
9.865 xd 198 0.350 0.099 -0.017 0.000 1.571 0.000
9.873 x 197 0.352 0.098 -0.025 -0.051 1.259 -0.202
9.898 x 198 0.350 0.100 -0.022 -0.049 1.487 -0.100
9.915 xd 199 0.350 0.099 -0.011 0.000 1.571 0.000
9.965 xd 200 0.350 0.100 -0.004 0.000 1.571 0.000
9.994 x 198 0.350 0.102 -0.026 -0.042 1.492 -0.094
10.015 xd 201 0.350 0.100 0.002 0.000 1.571 0.000
10.065 xd 202 0.350 0.100 0.008 0.000 1.571 0.000
10.094 x 200 0.352 0.102 -0.012 -0.094 1.481 -0.094
10.115 xd 203 0.350 0.099 0.014 0.000 1.571 0.000
10.131 x 202 0.351 0.100 0.001 -0.068 1.464 -0.131
10.166 xd 204 0.350 0.098 0.021 0.000 1.571 0.000
10.170 x 203 0.349 0.100 0.010 -0.083 1.457 -0.141
10.212 x 204 0.350 0.099 0.015 -0.068 1.446 -0.152
10.216 xd 205 0.350 0.096 0.027 0.000 1.571 0.000
10.266 xd 206 0.350 0.094 0.033 0.000 1.571 0.000
10.276 x 204 0.353 0.106 0.016 -0.055 1.449 -0.151
10.316 xd 207 0.350 0.092 0.039 0.000 1.571 0.000
10.325 x 206 0.350 0.095 0.033 -0.090 1.433 -0.178
10.356 x 207 0.354 0.096 0.036 -0.093 1.429 -0.177
10.366 xd 208 0.350 0.090 0.044 0.000 1.571 0.000
10.378 x 207 0.348 0.095 0.030 -0.087 1.434 -0.176
10.416 xd 209 0.350 0.087 0.050 0.000 1.571 0.000
10.466 xd 210 0.350 0.083 0.055 0.000 1.571 0.000
10.516 xd 211 0.350 0.080 0.060 0.000 1.571 0.000
10.566 xd 212 0.350 0.076 0.065 0.000 1.571 0.000
10.616 xd 213 0.350 0.071 0.070 0.000 1.571 0.000
10.666 xd 214 0.350 0.067 0.074 0.000 1.571 0.000
10.672 x 208 0.350 0.089 0.040 -0.062 0.957 -0.093
10.716 xd 215 0.350 0.062 0.078 0.000 1.571 0.000
10.719 x 214 0.353 0.069 0.071 -0.124 1.386 -0.245
10.766 xd 216 0.350 0.057 0.082 0.000 1.571 0.000
10.775 x 215 0.351 0.065 0.074 -0.144 1.385 -0.248
10.805 x 216 0.350 0.059 0.078 -0.125 1.378 -0.270
10.816 xd 217 0.350 0.052 0.086 0.000 1.571 0.000
10.855 x 216 0.352 0.060 0.079 -0.143 1.379 -0.262
10.867 xd 218 0.350 0.046 0.089 0.000 1.571 0.000
10.913 x 217 0.351 0.055 0.082 -0.129 1.371 -0.274
10.917 xd 219 0.350 0.041 0.091 0.000 1.571 0.000
10.946 x 218 0.350 0.050 0.084 -0.149 1.378 -0.283
10.967 xd 220 0.350 0.035 0.094 0.000 1.571 0.000
10.996 x 219 0.351 0.042 0.089 -0.154 1.367 -0.293
11.017 xd 221 0.350 0.029 0.096 0.000 1.571 0.000
11.030 x 220 0.350 0.040 0.088 -0.174 1.378 -0.291
11.055 x 221 0.354 0.032 0.087 -0.108 1.360 -0.315
11.067 xd 222 0.350 0.023 0.097 0.000 1.571 0.000
11.090 x 221 0.351 0.031 0.091 -0.153 1.359 -0.303
11.117 xd 223 0.350 0.017 0.099 0.000 1.571 0.000
11.127 x 222 0.351 0.024 0.093 -0.124 1.350 -0.324
11.167 xd 224 0.350 0.010 0.099 0.000 1.571 0.000
11.172 x 223 0.353 0.021 0.096 -0.170 1.366 -0.321
11.217 xd 225 0.350 0.004 0.100 0.000 1.571 0.000
11.251 x 224 0.350 0.016 0.093 -0.176 1.365 -0.320
11.267 xd 226 0.350 -0.002 0.100 0.000 1.571 0.000
11.275 x 225 0.351 0.007 0.099 -0.153 1.348 -0.340
11.317 xd 227 0.350 -0.008 0.100 0.000 1.571 0.000
11.350 x 226 0.351 0.002 0.095 -0.174 1.362 -0.338
11.367 xd 228 0.350 -0.015 0.099 0.000 1.571 0.000
11.371 x 227 0.350 -0.007 0.095 -0.147 1.345 -0.351
11.415 x 228 0.351 -0.014 0.097 -0.181 1.361 -0.354
11.417 xd 229 0.350 -0.021 0.098 0.000 1.571 0.000
11.441 x 228 0.352 -0.012 0.097 -0.170 1.359 -0.355
11.467 xd 230 0.350 -0.027 0.096 0.000 1.571 0.000
11.470 x 229 0.353 -0.018 0.092 -0.178 1.362 -0.349
11.503 x 230 0.352 -0.023 0.094 -0.180 1.357 -0.353
11.517 xd 231 0.350 -0.033 0.094 0.000 1.571 0.000
11.567 xd 232 0.350 -0.039 0.092 0.000 1.571 0.000
11.569 x 230 0.351 -0.027 0.094 -0.179 1.360 -0.361
11.612 x 232 0.354 -0.037 0.087 -0.173 1.359 -0.354
11.618 xd 233 0.350 -0.045 0.090 0.000 1.571 0.000
11.668 xd 234 0.350 -0.050 0.087 0.000 1.571 0.000
11.678 x 232 0.352 -0.038 0.089 -0.185 1.366 -0.362
11.709 x 234 0.353 -0.048 0.082 -0.195 1.372 -0.354
11.718 xd 235 0.350 -0.055 0.083 0.000 1.571 0.000
11.756 x 234 0.352 -0.045 0.083 -0.172 1.366 -0.363
11.768 xd 236 0.350 -0.061 0.080 0.000 1.571 0.000
11.790 x 235 0.350 -0.054 0.078 -0.209 1.372 -0.347
11.818 xd 237 0.350 -0.065 0.076 0.000 1.571 0.000
11.823 x 236 0.352 -0.058 0.076 -0.171 1.366 -0.357
11.868 xd 238 0.350 -0.070 0.071 0.000 1.571 0.000
11.873 x 237 0.354 -0.063 0.071 -0.180 1.377 -0.351
11.906 x 238 0.352 -0.069 0.070 -0.147 1.367 -0.367
11.918 xd 239 0.350 -0.074 0.067 0.000 1.571 0.000
11.933 x 238 0.351 -0.068 0.068 -0.179 1.379 -0.354
11.963 x 239 0.351 -0.072 0.066 -0.180 1.378 -0.351
11.968 xd 240 0.350 -0.078 0.062 0.000 1.571 0.000
11.996 x 239 0.354 -0.068 0.062 -0.159 1.377 -0.346
12.018 xd 241 0.350 -0.082 0.057 0.000 1.571 0.000
12.024 x 240 0.351 -0.078 0.060 -0.176 1.384 -0.347
12.067 x 241 0.351 -0.082 0.056 -0.179 1.383 -0.338
12.068 xd 242 0.350 -0.086 0.052 0.000 1.571 0.000
12.116 x 241 0.355 -0.082 0.051 -0.193 1.396 -0.324
12.118 xd 243 0.350 -0.089 0.046 0.000 1.571 0.000
12.168 xd 244 0.350 -0.091 0.040 0.000 1.571 0.000
12.177 x 242 0.353 -0.085 0.049 -0.173 1.394 -0.334
12.218 xd 245 0.350 -0.094 0.035 0.000 1.571 0.000
12.230 x 244 0.355 -0.088 0.035 -0.153 1.397 -0.309
12.268 xd 246 0.350 -0.096 0.029 0.000 1.571 0.000
12.293 x 245 0.353 -0.095 0.033 -0.153 1.413 -0.321
12.319 xd 247 0.350 -0.097 0.023 0.000 1.571 0.000
12.326 x 246 0.351 -0.094 0.026 -0.106 1.386 -0.310
12.369 xd 248 0.350 -0.099 0.016 0.000 1.571 0.000
12.369 x 247 0.351 -0.098 0.021 -0.176 1.420 -0.286
12.395 x 248 0.353 -0.098 0.014 -0.145 1.409 -0.273
12.419 xd 249 0.350 -0.099 0.010 0.000 1.571 0.000
12.451 x 248 0.351 -0.098 0.015 -0.138 1.412 -0.283
12.469 xd 250 0.350 -0.100 0.004 0.000 1.571 0.000
12.495 x 249 0.351 -0.099 0.009 -0.134 1.416 -0.271
12.519 xd 251 0.350 -0.100 -0.002 0.000 1.571 0.000
12.528 x 250 0.352 -0.101 0.001 -0.100 1.411 -0.258
12.569 xd 252 0.350 -0.100 -0.009 0.000 1.571 0.000
12.577 x 251 0.353 -0.097 -0.005 -0.114 1.431 -0.243
12.608 x 252 0.351 -0.100 -0.010 -0.122 1.433 -0.231
12.619 xd 253 0.350 -0.099 -0.015 0.000 1.571 0.000
12.646 x 252 0.352 -0.099 -0.011 -0.115 1.435 -0.231
12.664 x 253 0.355 -0.097 -0.019 -0.090 1.360 -0.276
12.669 xd 254 0.350 -0.098 -0.021 0.000 1.571 0.000
12.699 x 253 0.350 -0.099 -0.015 -0.112 1.343 -0.304
12.719 xd 255 0.350 -0.096 -0.027 0.000 1.571 0.000
12.731 x 254 0.351 -0.097 -0.026 -0.098 1.442 -0.193
12.753 x 255 0.352 -0.091 -0.030 -0.100 1.448 -0.177
12.769 xd 256 0.350 -0.094 -0.033 0.000 1.571 0.000
12.773 x 255 0.351 -0.089 -0.033 -0.083 1.452 -0.180
12.797 x 256 0.351 -0.089 -0.034 -0.094 1.448 -0.171
12.819 xd 257 0.350 -0.092 -0.039 0.000 1.571 0.000
12.847 x 256 0.349 -0.093 -0.033 -0.113 1.419 -0.150
12.869 xd 258 0.350 -0.089 -0.045 0.000 1.571 0.000
12.910 x 257 0.350 -0.092 -0.039 -0.166 1.359 -0.119
12.919 xd 259 0.350 -0.086 -0.050 0.000 1.571 0.000
12.969 xd 260 0.350 -0.083 -0.056 0.000 1.571 0.000
12.972 x 258 0.350 -0.089 -0.045 -0.103 1.318 -0.165
13.020 xd 261 0.350 -0.079 -0.061 0.000 1.571 0.000
13.070 xd 262 0.350 -0.075 -0.066 0.000 1.571 0.000
13.120 xd 263 0.350 -0.071 -0.070 0.000 1.571 0.000
13.151 x 260 0.350 -0.083 -0.056 -0.182 1.291 -0.164
13.170 xd 264 0.350 -0.067 -0.075 0.000 1.571 0.000
13.220 xd 265 0.350 -0.062 -0.079 0.000 1.571 0.000
13.270 xd 266 0.350 -0.057 -0.082 0.000 1.571 0.000
13.320 xd 267 0.350 -0.051 -0.086 0.000 1.571 0.000
13.370 xd 268 0.350 -0.046 -0.089 0.000 1.571 0.000
13.420 xd 269 0.350 -0.040 -0.092 0.000 1.571 0.000
13.470 xd 270 0.350 -0.034 -0.094 0.000 1.571 0.000
13.520 xd 271 0.350 -0.028 -0.096 0.000 1.571 0.000
13.530 x 263 0.342 -0.065 -0.065 -0.079 1.443 -0.037
13.570 xd 272 0.350 -0.022 -0.097 0.000 1.571 0.000
13.620 xd 273 0.350 -0.016 -0.099 0.000 1.571 0.000
13.670 xd 274 0.350 -0.010 -0.100 0.000 1.571 0.000
13.720 xd 275 0.350 -0.004 -0.100 0.000 1.571 0.000
13.771 xd 276 0.350 0.003 -0.100 0.000 1.571 0.000
13.821 xd 277 0.350 0.009 -0.100 0.000 1.571 0.000
13.871 xd 278 0.350 0.015 -0.099 0.000 1.571 0.000
13.905 x 271 0.350 -0.028 -0.096 -0.098 1.356 -0.105
13.921 xd 279 0.350 0.021 -0.098 0.000 1.571 0.000
13.925 x 278 0.347 0.015 -0.106 -0.006 1.569 0.008
13.943 x 279 0.355 0.024 -0.103 -0.007 1.533 -0.022
13.971 xd 280 0.350 0.027 -0.096 0.000 1.571 0.000
13.988 x 279 0.356 0.018 -0.100 -0.021 1.536 -0.037
14.021 xd 281 0.350 0.033 -0.094 0.000 1.571 0.000
14.038 x 280 0.354 0.033 -0.100 0.053 1.540 -0.044
14.071 xd 282 0.350 0.039 -0.092 0.000 1.571 0.000
14.097 x 281 0.347 0.034 -0.103 0.001 1.562 -0.002
14.121 xd 283 0.350 0.045 -0.089 0.000 1.571 0.000
14.133 x 282 0.353 0.040 -0.098 -0.018 1.527 -0.043
14.171 xd 284 0.350 0.050 -0.086 0.000 1.571 0.000
14.221 xd 285 0.350 0.056 -0.083 0.000 1.571 0.000
14.271 xd 286 0.350 0.061 -0.079 0.000 1.571 0.000
14.277 x 283 0.354 0.042 -0.098 -0.002 1.570 0.000
14.321 xd 287 0.350 0.066 -0.075 0.000 1.571 0.000
14.365 x 286 0.350 0.061 -0.080 -0.008 1.405 -0.101
14.371 xd 288 0.350 0.070 -0.071 0.000 1.571 0.000
14.397 x 287 0.351 0.066 -0.081 -0.034 1.409 -0.112
14.421 xd 289 0.350 0.075 -0.066 0.000 1.571 0.000
14.472 xd 290 0.350 0.079 -0.062 0.000 1.571 0.000
14.491 x 288 0.355 0.069 -0.077 -0.011 1.542 -0.032
14.516 x 290 0.351 0.081 -0.064 -0.051 1.360 -0.146
14.522 xd 291 0.350 0.082 -0.057 0.000 1.571 0.000
14.558 x 290 0.350 0.081 -0.064 -0.031 1.534 -0.053
14.572 xd 292 0.350 0.086 -0.051 0.000 1.571 0.000
14.615 x 291 0.350 0.082 -0.061 -0.025 1.524 -0.056
14.622 xd 293 0.350 0.089 -0.046 0.000 1.571 0.000
14.672 x 292 0.358 0.085 -0.049 -0.020 1.475 -0.099
14.672 xd 294 0.350 0.092 -0.040 0.000 1.571 0.000
14.712 x 293 0.354 0.090 -0.053 -0.017 1.517 -0.072
14.722 xd 295 0.350 0.094 -0.034 0.000 1.571 0.000
14.752 x 294 0.350 0.097 -0.046 -0.032 1.513 -0.066
14.772 xd 296 0.350 0.096 -0.028 0.000 1.571 0.000
14.822 xd 297 0.350 0.098 -0.022 0.000 1.571 0.000
14.831 x 295 0.350 0.094 -0.042 -0.018 1.499 -0.077
14.872 xd 298 0.350 0.099 -0.016 0.000 1.571 0.000
14.922 xd 299 0.350 0.100 -0.010 0.000 1.571 0.000
14.972 xd 300 0.350 0.100 -0.003 0.000 1.571 0.000
15.022 xd 301 0.350 0.100 0.003 0.000 1.571 0.000
15.072 xd 302 0.350 0.100 0.009 0.000 1.571 0.000
15.122 xd 303 0.350 0.099 0.015 0.000 1.571 0.000
15.173 xd 304 0.350 0.098 0.022 0.000 1.571 0.000
15.223 xd 305 0.350 0.096 0.028 0.000 1.571 0.000
15.256 x 297 0.377 0.118 -0.044 -1.484 0.943 -0.682
15.273 xd 306 0.350 0.094 0.034 0.000 1.571 0.000
15.287 x 305 0.349 0.102 0.022 -0.066 1.434 -0.157
15.323 xd 307 0.350 0.092 0.039 0.000 1.571 0.000
15.330 x 306 0.350 0.094 0.025 -0.092 1.435 -0.162
15.352 x 307 0.352 0.099 0.035 -0.092 1.430 -0.175
15.373 xd 308 0.350 0.089 0.045 0.000 1.571 0.000
15.383 x 307 0.351 0.098 0.034 -0.083 1.429 -0.176
15.419 x 308 0.352 0.094 0.043 -0.103 1.418 -0.183
15.423 xd 309 0.350 0.086 0.051 0.000 1.571 0.000
15.435 x 308 0.351 0.090 0.040 -0.093 1.420 -0.190
15.459 x 309 0.351 0.090 0.049 -0.095 1.410 -0.201
15.473 xd 310 0.350 0.083 0.056 0.000 1.571 0.000
15.505 x 309 0.350 0.088 0.048 -0.093 1.409 -0.204
15.523 xd 311 0.350 0.079 0.061 0.000 1.571 0.000
15.525 x 310 0.348 0.084 0.056 -0.181 1.156 -0.292
15.559 x 311 0.352 0.086 0.055 -0.100 1.404 -0.215
15.573 xd 312 0.350 0.075 0.066 0.000 1.571 0.000
15.614 x 311 0.351 0.080 0.061 -0.096 1.397 -0.233
15.623 xd 313 0.350 0.071 0.071 0.000 1.571 0.000
15.651 x 312 0.351 0.077 0.061 -0.116 1.398 -0.228
15.673 xd 314 0.350 0.066 0.075 0.000 1.571 0.000
15.697 x 313 0.352 0.076 0.070 -0.109 1.390 -0.246
15.721 x 314 0.350 0.069 0.070 -0.114 1.383 -0.248
15.723 xd 315 0.350 0.061 0.079 0.000 1.571 0.000
15.753 x 314 0.351 0.068 0.065 -0.117 1.387 -0.241
15.773 xd 316 0.350 0.056 0.083 0.000 1.571 0.000
15.785 x 315 0.350 0.063 0.076 -0.131 1.385 -0.264
15.823 xd 317 0.350 0.051 0.086 0.000 1.571 0.000
15.832 x 316 0.352 0.058 0.077 -0.112 1.369 -0.265
15.854 x 317 0.352 0.058 0.084 -0.143 1.377 -0.272
15.874 xd 318 0.350 0.046 0.089 0.000 1.571 0.000
15.875 x 317 0.352 0.055 0.081 -0.138 1.377 -0.272
15.897 x 318 0.348 0.047 0.080 -0.169 1.383 -0.275
15.924 xd 319 0.350 0.040 0.092 0.000 1.571 0.000
15.932 x 318 0.351 0.048 0.087 -0.153 1.376 -0.286
15.974 xd 320 0.350 0.034 0.094 0.000 1.571 0.000
15.984 x 319 0.351 0.041 0.090 -0.149 1.368 -0.297
16.005 x 320 0.350 0.040 0.088 -0.154 1.369 -0.295
16.024 xd 321 0.350 0.028 0.096 0.000 1.571 0.000
16.034 x 320 0.351 0.035 0.093 -0.155 1.361 -0.303
16.074 xd 322 0.350 0.022 0.098 0.000 1.571 0.000
16.087 x 321 0.352 0.031 0.088 -0.145 1.367 -0.307
16.111 x 322 0.353 0.025 0.097 -0.163 1.365 -0.322
16.124 xd 323 0.350 0.016 0.099 0.000 1.571 0.000
16.138 x 322 0.351 0.025 0.093 -0.163 1.360 -0.311
16.166 x 323 0.351 0.018 0.096 -0.154 1.345 -0.318
16.174 xd 324 0.350 0.010 0.100 0.000 1.571 0.000
16.200 x 323 0.353 0.019 0.096 -0.164 1.358 -0.321
16.224 xd 325 0.350 0.003 0.100 0.000 1.571 0.000
16.236 x 324 0.353 0.012 0.094 -0.165 1.362 -0.327
16.274 xd 326 0.350 -0.003 0.100 0.000 1.571 0.000
16.283 x 325 0.351 0.007 0.096 -0.163 1.357 -0.336
16.323 x 326 0.350 0.001 0.095 -0.179 1.361 -0.336
16.324 xd 327 0.350 -0.009 0.100 0.000 1.571 0.000
16.352 x 326 0.350 -0.000 0.098 -0.193 1.363 -0.338
16.374 xd 328 0.350 -0.016 0.099 0.000 1.571 0.000
16.377 x 327 0.352 -0.006 0.097 -0.173 1.353 -0.342
16.423 x 328 0.352 -0.014 0.091 -0.194 1.361 -0.335
16.424 xd 329 0.350 -0.022 0.098 0.000 1.571 0.000
16.452 x 328 0.352 -0.014 0.095 -0.178 1.363 -0.353
16.474 xd 330 0.350 -0.028 0.096 0.000 1.571 0.000
16.497 x 329 0.351 -0.022 0.092 -0.199 1.364 -0.345
16.522 x 330 0.354 -0.024 0.091 -0.132 1.265 -0.423
16.524 xd 331 0.350 -0.034 0.094 0.000 1.571 0.000
16.575 xd 332 0.350 -0.040 0.092 0.000 1.571 0.000
16.625 xd 333 0.350 -0.045 0.089 0.000 1.571 0.000
16.642 x 330 0.352 -0.026 0.095 -0.174 1.356 -0.360
16.675 xd 334 0.350 -0.051 0.086 0.000 1.571 0.000
16.709 x 333 0.351 -0.041 0.084 -0.183 1.366 -0.357
16.725 xd 335 0.350 -0.056 0.083 0.000 1.571 0.000
16.751 x 334 0.354 -0.050 0.081 -0.176 1.368 -0.359
16.775 xd 336 0.350 -0.061 0.079 0.000 1.571 0.000
16.797 x 335 0.351 -0.056 0.081 -0.200 1.374 -0.359
16.825 xd 337 0.350 -0.066 0.075 0.000 1.571 0.000
16.842 x 336 0.353 -0.057 0.076 -0.171 1.367 -0.357
16.875 xd 338 0.350 -0.071 0.071 0.000 1.571 0.000
16.896 x 337 0.351 -0.064 0.071 -0.187 1.380 -0.353
16.924 x 338 0.353 -0.070 0.063 -0.177 1.379 -0.343
16.925 xd 339 0.350 -0.075 0.066 0.000 1.571 0.000
16.961 x 338 0.355 -0.067 0.070 -0.170 1.374 -0.354
16.975 xd 340 0.350 -0.079 0.061 0.000 1.571 0.000
16.993 x 339 0.357 -0.071 0.062 -0.170 1.383 -0.343
17.025 xd 341 0.350 -0.083 0.056 0.000 1.571 0.000
17.031 x 340 0.351 -0.076 0.058 -0.163 1.379 -0.346
17.059 x 341 0.355 -0.076 0.052 -0.161 1.391 -0.335
17.075 xd 342 0.350 -0.086 0.051 0.000 1.571 0.000
17.125 xd 343 0.350 -0.089 0.045 0.000 1.571 0.000
17.144 x 341 0.351 -0.082 0.055 -0.175 1.388 -0.343
17.175 xd 344 0.350 -0.092 0.040 0.000 1.571 0.000
17.185 x 343 0.352 -0.087 0.042 -0.166 1.397 -0.324
17.210 x 344 0.355 -0.093 0.031 -0.164 1.406 -0.302
17.225 xd 345 0.350 -0.094 0.034 0.000 1.571 0.000
17.245 x 344 0.351 -0.090 0.037 -0.142 1.390 -0.321
17.273 x 345 0.354 -0.093 0.028 -0.150 1.401 -0.299
17.276 xd 346 0.350 -0.096 0.028 0.000 1.571 0.000
17.302 x 345 0.354 -0.092 0.029 -0.154 1.398 -0.297
17.326 xd 347 0.350 -0.098 0.022 0.000 1.571 0.000
17.341 x 346 0.352 -0.095 0.027 -0.154 1.408 -0.303
17.376 xd 348 0.350 -0.099 0.016 0.000 1.571 0.000
17.391 x 347 0.354 -0.097 0.019 -0.146 1.409 -0.283
17.423 x 348 0.352 -0.098 0.013 -0.142 1.412 -0.274
17.426 xd 349 0.350 -0.100 0.009 0.000 1.571 0.000
17.476 xd 350 0.350 -0.100 0.003 0.000 1.571 0.000
17.526 xd 351 0.350 -0.100 -0.003 0.000 1.571 0.000
17.576 xd 352 0.350 -0.100 -0.010 0.000 1.571 0.000
17.626 xd 353 0.350 -0.099 -0.016 0.000 1.571 0.000
17.676 xd 354 0.350 -0.098 -0.022 0.000 1.571 0.000
17.726 xd 355 0.350 -0.096 -0.028 0.000 1.571 0.000
17.776 xd 356 0.350 -0.094 -0.034 0.000 1.571 0.000
17.826 xd 357 0.350 -0.092 -0.040 0.000 1.571 0.000
17.828 x 348 0.351 -0.098 0.012 -0.139 1.417 -0.277
17.876 xd 358 0.350 -0.089 -0.046 0.000 1.571 0.000
17.926 xd 359 0.350 -0.086 -0.051 0.000 1.571 0.000
17.943 x 357 0.350 -0.092 -0.040 -0.150 1.362 -0.148
17.977 xd 360 0.350 -0.083 -0.056 0.000 1.571 0.000
18.014 x 359 0.350 -0.086 -0.051 -0.175 1.322 -0.170
18.027 xd 361 0.350 -0.079 -0.061 0.000 1.571 0.000
18.046 x 360 0.346 -0.075 -0.052 -0.095 1.464 -0.132
18.077 xd 362 0.350 -0.075 -0.066 0.000 1.571 0.000
18.127 xd 363 0.350 -0.071 -0.071 0.000 1.571 0.000
18.163 x 361 0.350 -0.079 -0.061 -0.182 1.283 -0.188
18.177 xd 364 0.350 -0.066 -0.075 0.000 1.571 0.000
18.227 xd 365 0.350 -0.061 -0.079 0.000 1.571 0.000
18.277 xd 366 0.350 -0.056 -0.083 0.000 1.571 0.000
18.327 xd 367 0.350 -0.051 -0.086 0.000 1.571 0.000
18.377 xd 368 0.350 -0.045 -0.089 0.000 1.571 0.000
18.427 xd 369 0.350 -0.039 -0.092 0.000 1.571 0.000
18.477 xd 370 0.350 -0.034 -0.094 0.000 1.571 0.000
18.527 xd 371 0.350 -0.028 -0.096 0.000 1.571 0.000
18.539 x 363 0.280 -0.049 -0.135 -0.068 1.471 0.037
18.577 xd 372 0.350 -0.022 -0.098 0.000 1.571 0.000
18.582 x 371 0.350 -0.028 -0.096 -0.098 1.357 -0.098
18.627 xd 373 0.350 -0.015 -0.099 0.000 1.571 0.000
18.670 x 372 0.350 -0.021 -0.098 -0.077 1.370 -0.109
18.678 xd 374 0.350 -0.009 -0.100 0.000 1.571 0.000
18.716 x 373 0.350 -0.015 -0.099 -0.050 1.368 -0.093
18.728 xd 375 0.350 -0.003 -0.100 0.000 1.571 0.000
18.778 xd 376 0.350 0.003 -0.100 0.000 1.571 0.000
18.803 x 374 0.344 -0.010 -0.097 0.034 1.544 -0.033
18.828 xd 377 0.350 0.010 -0.100 0.000 1.571 0.000
18.856 x 376 0.347 0.011 -0.104 -0.001 1.571 0.004
18.878 xd 378 0.350 0.016 -0.099 0.000 1.571 0.000
18.895 x 377 0.354 0.010 -0.096 0.003 1.564 -0.009
18.920 x 378 0.351 0.020 -0.105 0.008 1.558 -0.010
18.928 xd 379 0.350 0.022 -0.098 0.000 1.571 0.000
18.978 xd 380 0.350 0.028 -0.096 0.000 1.571 0.000
18.980 x 378 0.353 0.019 -0.102 -0.002 1.575 0.002
19.010 x 380 0.359 0.028 -0.100 -0.000 1.567 -0.011
19.028 xd 381 0.350 0.034 -0.094 0.000 1.571 0.000
19.078 xd 382 0.350 0.040 -0.092 0.000 1.571 0.000
19.105 x 380 0.355 0.023 -0.102 0.002 1.568 -0.004
19.128 xd 383 0.350 0.046 -0.089 0.000 1.571 0.000
19.178 xd 384 0.350 0.051 -0.086 0.000 1.571 0.000
19.181 x 382 0.352 0.039 -0.099 0.000 1.564 -0.013
19.228 xd 385 0.350 0.057 -0.082 0.000 1.571 0.000
19.255 x 384 0.353 0.055 -0.093 -0.004 1.562 -0.005
19.278 xd 386 0.350 0.062 -0.079 0.000 1.571 0.000
19.328 xd 387 0.350 0.066 -0.075 0.000 1.571 0.000
19.344 x 385 0.356 0.058 -0.088 -0.005 1.558 -0.013
19.379 xd 388 0.350 0.071 -0.070 0.000 1.571 0.000
19.429 xd 389 0.350 0.075 -0.066 0.000 1.571 0.000
19.468 x 387 0.351 0.068 -0.078 0.005 1.537 -0.036
19.479 xd 390 0.350 0.079 -0.061 0.000 1.571 0.000
19.529 xd 391 0.350 0.083 -0.056 0.000 1.571 0.000
19.577 x 389 0.351 0.075 -0.071 -0.012 1.536 -0.045
19.579 xd 392 0.350 0.086 -0.050 0.000 1.571 0.000
19.611 x 391 0.349 0.085 -0.060 -0.026 1.524 -0.055
19.629 xd 393 0.350 0.089 -0.045 0.000 1.571 0.000
19.679 xd 394 0.350 0.092 -0.039 0.000 1.571 0.000
19.729 xd 395 0.350 0.094 -0.033 0.000 1.571 0.000
19.779 xd 396 0.350 0.096 -0.027 0.000 1.571 0.000
19.829 xd 397 0.350 0.098 -0.021 0.000 1.571 0.000
19.879 xd 398 0.350 0.099 -0.015 0.000 1.571 0.000
19.929 xd 399 0.350 0.100 -0.009 0.000 1.571 0.000
19.979 xd 400 0.350 0.100 -0.003 0.000 1.571 0.000
20.024 x 392 0.359 0.087 -0.064 -0.868 1.561 -0.322
20.029 xd 401 0.350 0.100 0.004 0.000 1.571 0.000
20.052 x 400 0.351 0.104 -0.007 -0.058 1.477 -0.121
20.080 xd 402 0.350 0.100 0.010 0.000 1.571 0.000
20.109 x 401 0.354 0.104 -0.002 -0.058 1.467 -0.120
20.127 x 402 0.355 0.102 0.005 -0.060 1.456 -0.133
20.130 xd 403 0.350 0.099 0.016 0.000 1.571 0.000
20.167 x 402 0.351 0.104 0.005 -0.083 1.471 -0.135
20.180 xd 404 0.350 0.097 0.022 0.000 1.571 0.000
20.208 x 403 0.352 0.100 0.010 -0.075 1.456 -0.143
20.230 xd 405 0.350 0.096 0.028 0.000 1.571 0.000
20.260 x 404 0.352 0.101 0.018 -0.078 1.445 -0.150
20.280 xd 406 0.350 0.094 0.034 0.000 1.571 0.000
20.301 x 405 0.349 0.100 0.023 -0.105 1.450 -0.159
20.330 xd 407 0.350 0.092 0.040 0.000 1.571 0.000
20.332 x 406 0.350 0.099 0.027 -0.074 1.429 -0.164
20.361 x 407 0.352 0.096 0.033 -0.094 1.434 -0.176
20.380 xd 408 0.350 0.089 0.046 0.000 1.571 0.000
20.390 x 407 0.349 0.097 0.036 -0.094 1.426 -0.175
20.430 xd 409 0.350 0.086 0.051 0.000 1.571 0.000
20.440 x 408 0.351 0.093 0.040 -0.094 1.422 -0.186
20.480 xd 410 0.350 0.082 0.057 0.000 1.571 0.000
20.501 x 409 0.351 0.089 0.050 -0.101 1.412 -0.203
20.530 xd 411 0.350 0.079 0.062 0.000 1.571 0.000
20.580 xd 412 0.350 0.075 0.067 0.000 1.571 0.000
20.630 xd 413 0.350 0.070 0.071 0.000 1.571 0.000
20.653 x 410 0.352 0.083 0.052 -0.114 1.405 -0.206
20.680 xd 414 0.350 0.066 0.075 0.000 1.571 0.000
20.686 x 413 0.352 0.070 0.064 -0.115 1.389 -0.237
20.730 x 414 0.351 0.070 0.071 -0.124 1.387 -0.246
20.730 xd 415 0.350 0.061 0.079 0.000 1.571 0.000
20.745 x 414 0.352 0.069 0.072 -0.122 1.382 -0.246
20.765 x 415 0.352 0.067 0.073 -0.133 1.381 -0.246
20.781 xd 416 0.350 0.056 0.083 0.000 1.571 0.000
20.824 x 415 0.349 0.062 0.075 -0.135 1.382 -0.258
20.831 xd 417 0.350 0.050 0.086 0.000 1.571 0.000
20.881 xd 418 0.350 0.045 0.089 0.000 1.571 0.000
20.886 x 416 0.352 0.060 0.076 -0.134 1.380 -0.259
20.928 x 418 0.351 0.046 0.086 -0.148 1.371 -0.288
20.931 xd 419 0.350 0.039 0.092 0.000 1.571 0.000
20.949 x 418 0.350 0.049 0.086 -0.119 1.364 -0.294
20.981 xd 420 0.350 0.033 0.094 0.000 1.571 0.000
20.988 x 419 0.351 0.044 0.087 -0.146 1.365 -0.289
21.022 x 420 0.350 0.039 0.090 -0.159 1.372 -0.300
21.031 xd 421 0.350 0.027 0.096 0.000 1.571 0.000
21.036 x 420 0.353 0.035 0.090 -0.094 1.099 -0.418
21.060 x 421 0.351 0.030 0.090 -0.158 1.367 -0.306
21.081 xd 422 0.350 0.021 0.098 0.000 1.571 0.000
21.109 x 421 0.351 0.032 0.091 -0.153 1.367 -0.310
21.131 xd 423 0.350 0.015 0.099 0.000 1.571 0.000
21.143 x 422 0.349 0.026 0.094 -0.164 1.361 -0.314
21.163 x 423 0.353 0.017 0.092 -0.171 1.366 -0.316
21.181 xd 424 0.350 0.009 0.100 0.000 1.571 0.000
21.199 x 423 0.352 0.018 0.090 -0.161 1.364 -0.316
21.231 xd 425 0.350 0.002 0.100 0.000 1.571 0.000
21.266 x 424 0.353 0.014 0.095 -0.165 1.355 -0.322
21.281 xd 426 0.350 -0.004 0.100 0.000 1.571 0.000
21.304 x 425 0.351 0.003 0.099 -0.185 1.364 -0.339
21.330 x 426 0.350 -0.003 0.094 -0.144 1.346 -0.344
21.331 xd 427 0.350 -0.010 0.099 0.000 1.571 0.000
21.363 x 426 0.351 -0.003 0.094 -0.165 1.353 -0.338
21.381 xd 428 0.350 -0.016 0.099 0.000 1.571 0.000
21.418 x 427 0.351 -0.005 0.094 -0.174 1.362 -0.343
21.432 xd 429 0.350 -0.023 0.097 0.000 1.571 0.000
21.481 x 428 0.353 -0.015 0.092 -0.173 1.360 -0.347
21.482 xd 430 0.350 -0.029 0.096 0.000 1.571 0.000
21.520 x 429 0.352 -0.016 0.093 -0.226 1.379 -0.336
21.532 xd 431 0.350 -0.035 0.094 0.000 1.571 0.000
21.538 x 430 0.352 -0.026 0.087 -0.185 1.363 -0.343
21.567 x 431 0.351 -0.032 0.092 -0.174 1.361 -0.366
21.582 xd 432 0.350 -0.040 0.091 0.000 1.571 0.000
21.625 x 431 0.352 -0.034 0.091 -0.183 1.362 -0.360
21.632 xd 433 0.350 -0.046 0.089 0.000 1.571 0.000
21.682 xd 434 0.350 -0.052 0.086 0.000 1.571 0.000
21.683 x 432 0.352 -0.038 0.086 -0.201 1.375 -0.354
21.709 x 434 0.350 -0.052 0.085 -0.159 0.971 -0.436
21.732 xd 435 0.350 -0.057 0.082 0.000 1.571 0.000
21.744 x 434 0.350 -0.050 0.080 -0.156 1.353 -0.361
21.775 x 435 0.353 -0.054 0.078 -0.194 1.378 -0.355
21.782 xd 436 0.350 -0.062 0.078 0.000 1.571 0.000
21.800 x 435 0.351 -0.056 0.080 -0.180 1.366 -0.362
21.826 x 436 0.353 -0.059 0.075 -0.169 1.367 -0.357
21.832 xd 437 0.350 -0.067 0.074 0.000 1.571 0.000
21.882 xd 438 0.350 -0.071 0.070 0.000 1.571 0.000
21.891 x 436 0.354 -0.059 0.074 -0.173 1.372 -0.355
21.932 xd 439 0.350 -0.076 0.065 0.000 1.571 0.000
21.942 x 438 0.352 -0.071 0.067 -0.196 1.395 -0.355
21.975 x 439 0.354 -0.073 0.057 -0.183 1.390 -0.336
21.982 xd 440 0.350 -0.080 0.061 0.000 1.571 0.000
21.998 x 439 0.353 -0.074 0.060 -0.153 1.062 -0.422
22.032 xd 441 0.350 -0.083 0.055 0.000 1.571 0.000
22.052 x 440 0.350 -0.079 0.060 -0.161 1.373 -0.350
22.082 xd 442 0.350 -0.087 0.050 0.000 1.571 0.000
22.103 x 441 0.353 -0.084 0.051 -0.179 1.389 -0.329
22.133 xd 443 0.350 -0.090 0.045 0.000 1.571 0.000
22.150 x 442 0.352 -0.085 0.049 -0.163 1.388 -0.333
22.179 x 443 0.354 -0.088 0.042 -0.160 1.392 -0.321
22.183 xd 444 0.350 -0.092 0.039 0.000 1.571 0.000
22.219 x 443 0.353 -0.088 0.042 -0.108 1.376 -0.338
22.233 xd 445 0.350 -0.094 0.033 0.000 1.571 0.000
22.265 x 444 0.354 -0.087 0.036 -0.145 1.391 -0.311
22.283 xd 446 0.350 -0.096 0.027 0.000 1.571 0.000
22.298 x 445 0.353 -0.093 0.031 -0.164 1.407 -0.306
22.323 x 446 0.353 -0.095 0.023 -0.149 1.410 -0.295
22.333 xd 447 0.350 -0.098 0.021 0.000 1.571 0.000
22.352 x 446 0.353 -0.096 0.022 -0.150 1.407 -0.290
22.383 xd 448 0.350 -0.099 0.015 0.000 1.571 0.000
22.401 x 447 0.351 -0.098 0.018 -0.153 1.412 -0.285
22.433 xd 449 0.350 -0.100 0.008 0.000 1.571 0.000
22.448 x 448 0.351 -0.099 0.014 -0.142 1.413 -0.280
22.483 xd 450 0.350 -0.100 0.002 0.000 1.571 0.000
22.487 x 449 0.352 -0.100 0.006 -0.145 1.426 -0.263
22.515 x 450 0.352 -0.100 -0.001 -0.131 1.429 -0.251
22.533 xd 451 0.350 -0.100 -0.004 0.000 1.571 0.000
