0.000 xd 1 0.350 0.100 0.000 0.000 1.571 0.000
0.050 xd 2 0.350 0.100 0.003 0.000 1.571 0.000
0.091 x 1 0.352 0.100 -0.002 -0.047 1.470 -0.137
0.100 xd 3 0.350 0.100 0.006 0.000 1.571 0.000
0.129 x 2 0.352 0.103 -0.001 -0.083 1.471 -0.121
0.150 xd 4 0.350 0.100 0.009 0.000 1.571 0.000
0.178 x 3 0.356 0.105 0.004 -0.068 1.465 -0.128
0.200 xd 5 0.350 0.099 0.013 0.000 1.571 0.000
0.203 x 4 0.351 0.101 0.006 -0.071 1.398 -0.190
0.226 x 5 0.351 0.100 0.005 -0.066 1.460 -0.139
0.251 xd 6 0.350 0.099 0.016 0.000 1.571 0.000
0.279 x 5 0.351 0.103 0.008 -0.060 1.454 -0.139
0.301 xd 7 0.350 0.098 0.019 0.000 1.571 0.000
0.313 x 6 0.352 0.101 0.011 -0.073 1.454 -0.144
0.351 xd 8 0.350 0.098 0.022 0.000 1.571 0.000
0.353 x 7 0.351 0.102 0.014 -0.084 1.452 -0.142
0.385 x 8 0.352 0.104 0.019 -0.075 1.446 -0.150
0.401 xd 9 0.350 0.097 0.025 0.000 1.571 0.000
0.422 x 8 0.351 0.102 0.015 -0.040 1.438 -0.152
0.451 x 9 0.351 0.099 0.019 -0.081 1.442 -0.151
0.451 xd 10 0.350 0.096 0.028 0.000 1.571 0.000
0.489 x 10 0.353 0.101 0.024 -0.078 1.439 -0.159
0.501 xd 11 0.350 0.095 0.031 0.000 1.571 0.000
0.544 x 10 0.348 0.102 0.022 -0.088 1.447 -0.157
0.551 xd 12 0.350 0.094 0.034 0.000 1.571 0.000
0.573 x 11 0.353 0.097 0.028 -0.079 1.435 -0.170
0.601 xd 13 0.350 0.093 0.037 0.000 1.571 0.000
0.603 x 12 0.350 0.095 0.032 -0.035 1.083 -0.249
0.644 x 13 0.352 0.095 0.035 -0.081 1.423 -0.179
0.651 xd 14 0.350 0.092 0.040 0.000 1.571 0.000
0.697 x 13 0.353 0.098 0.032 -0.080 1.428 -0.171
0.701 xd 15 0.350 0.090 0.043 0.000 1.571 0.000
0.742 x 14 0.349 0.093 0.036 -0.084 1.424 -0.185
0.751 xd 16 0.350 0.089 0.045 0.000 1.571 0.000
0.769 x 15 0.352 0.091 0.040 -0.092 1.419 -0.188
0.801 xd 17 0.350 0.088 0.048 0.000 1.571 0.000
0.847 x 16 0.350 0.091 0.043 -0.098 1.418 -0.191
0.851 xd 18 0.350 0.086 0.051 0.000 1.571 0.000
0.894 x 17 0.353 0.090 0.042 -0.097 1.414 -0.187
0.901 xd 19 0.350 0.084 0.054 0.000 1.571 0.000
0.921 x 18 0.348 0.090 0.044 -0.106 1.420 -0.195
0.952 xd 20 0.350 0.083 0.056 0.000 1.571 0.000
0.956 x 19 0.345 0.089 0.047 -0.077 1.407 -0.209
1.002 xd 21 0.350 0.081 0.059 0.000 1.571 0.000
1.015 x 20 0.354 0.084 0.049 -0.104 1.410 -0.203
1.052 xd 22 0.350 0.079 0.061 0.000 1.571 0.000
1.053 x 21 0.353 0.085 0.057 -0.100 1.407 -0.223
1.102 xd 23 0.350 0.077 0.064 0.000 1.571 0.000
1.114 x 22 0.351 0.081 0.059 -0.040 1.324 -0.266
1.152 xd 24 0.350 0.075 0.066 0.000 1.571 0.000
1.156 x 23 0.353 0.082 0.062 -0.116 1.407 -0.229
1.195 x 24 0.350 0.076 0.064 -0.109 1.393 -0.236
1.202 xd 25 0.350 0.073 0.069 0.000 1.571 0.000
1.228 x 24 0.351 0.078 0.063 -0.114 1.392 -0.227
1.252 xd 26 0.350 0.071 0.071 0.000 1.571 0.000
1.275 x 25 0.350 0.073 0.063 -0.067 0.899 -0.124
1.302 xd 27 0.350 0.068 0.073 0.000 1.571 0.000
1.307 x 26 0.352 0.076 0.066 -0.121 1.388 -0.228
1.343 x 27 0.353 0.071 0.067 -0.127 1.390 -0.237
1.352 xd 28 0.350 0.066 0.075 0.000 1.571 0.000
1.384 x 27 0.348 0.071 0.067 -0.146 1.391 -0.231
1.402 xd 29 0.350 0.064 0.077 0.000 1.571 0.000
1.452 xd 30 0.350 0.061 0.079 0.000 1.571 0.000
1.458 x 28 0.352 0.070 0.071 -0.113 1.377 -0.241
1.488 x 30 0.352 0.064 0.076 -0.130 1.388 -0.264
1.502 xd 31 0.350 0.059 0.081 0.000 1.571 0.000
1.514 x 30 0.351 0.063 0.075 -0.127 1.381 -0.258
1.541 x 31 0.352 0.061 0.073 -0.135 1.382 -0.254
1.552 xd 32 0.350 0.056 0.083 0.000 1.571 0.000
1.574 x 31 0.351 0.060 0.079 -0.072 0.865 -0.174
1.603 xd 33 0.350 0.053 0.085 0.000 1.571 0.000
1.636 x 32 0.352 0.062 0.081 -0.138 1.375 -0.263
1.653 xd 34 0.350 0.051 0.086 0.000 1.571 0.000
1.703 xd 35 0.350 0.048 0.088 0.000 1.571 0.000
1.706 x 33 0.350 0.055 0.082 -0.131 1.370 -0.275
1.740 x 35 0.353 0.052 0.083 -0.137 1.371 -0.275
1.753 xd 36 0.350 0.045 0.089 0.000 1.571 0.000
1.793 x 35 0.352 0.053 0.083 -0.138 1.373 -0.277
1.803 xd 37 0.350 0.042 0.091 0.000 1.571 0.000
1.853 xd 38 0.350 0.040 0.092 0.000 1.571 0.000
1.891 x 36 0.355 0.050 0.083 -0.151 1.377 -0.275
1.903 xd 39 0.350 0.037 0.093 0.000 1.571 0.000
1.953 xd 40 0.350 0.034 0.094 0.000 1.571 0.000
1.964 x 38 0.352 0.042 0.087 -0.151 1.367 -0.288
2.003 xd 41 0.350 0.031 0.095 0.000 1.571 0.000
2.012 x 40 0.345 0.035 0.089 -0.163 1.360 -0.295
2.053 xd 42 0.350 0.028 0.096 0.000 1.571 0.000
2.065 x 41 0.350 0.032 0.090 -0.153 1.363 -0.304
2.103 x 42 0.353 0.027 0.089 -0.156 1.365 -0.304
2.103 xd 43 0.350 0.025 0.097 0.000 1.571 0.000
2.143 x 42 0.350 0.033 0.092 -0.146 1.356 -0.305
2.153 xd 44 0.350 0.022 0.098 0.000 1.571 0.000
2.203 xd 45 0.350 0.019 0.098 0.000 1.571 0.000
2.253 xd 46 0.350 0.015 0.099 0.000 1.571 0.000
2.304 xd 47 0.350 0.012 0.099 0.000 1.571 0.000
2.317 x 43 0.350 0.025 0.094 -0.157 1.354 -0.312
2.354 xd 48 0.350 0.009 0.100 0.000 1.571 0.000
2.355 x 47 0.351 0.013 0.098 -0.173 1.358 -0.329
2.391 x 48 0.351 0.011 0.096 -0.168 1.360 -0.330
2.404 xd 49 0.350 0.006 0.100 0.000 1.571 0.000
2.443 x 48 0.353 0.012 0.093 -0.163 1.363 -0.325
2.454 xd 50 0.350 0.003 0.100 0.000 1.571 0.000
2.465 x 49 0.352 0.012 0.095 -0.191 1.372 -0.325
2.496 x 50 0.352 0.003 0.094 -0.167 1.356 -0.331
2.504 xd 51 0.350 -0.000 0.100 0.000 1.571 0.000
2.538 x 50 0.352 0.008 0.096 -0.152 1.359 -0.342
2.554 xd 52 0.350 -0.003 0.100 0.000 1.571 0.000
2.587 x 51 0.350 -0.000 0.100 -0.160 1.349 -0.348
2.604 xd 53 0.350 -0.007 0.100 0.000 1.571 0.000
2.641 x 52 0.351 0.001 0.097 -0.131 1.337 -0.346
2.654 xd 54 0.350 -0.010 0.100 0.000 1.571 0.000
2.704 xd 55 0.350 -0.013 0.099 0.000 1.571 0.000
2.731 x 53 0.351 -0.004 0.100 -0.190 1.360 -0.346
2.754 xd 56 0.350 -0.016 0.099 0.000 1.571 0.000
2.768 x 55 0.351 -0.010 0.097 -0.175 1.355 -0.348
2.804 xd 57 0.350 -0.019 0.098 0.000 1.571 0.000
2.812 x 56 0.352 -0.015 0.096 -0.177 1.352 -0.348
2.854 xd 58 0.350 -0.022 0.098 0.000 1.571 0.000
2.860 x 57 0.353 -0.016 0.093 -0.177 1.360 -0.348
2.904 xd 59 0.350 -0.025 0.097 0.000 1.571 0.000
2.915 x 58 0.351 -0.021 0.096 -0.181 1.360 -0.357
2.949 x 59 0.353 -0.021 0.088 -0.149 1.347 -0.347
2.955 xd 60 0.350 -0.028 0.096 0.000 1.571 0.000
3.001 x 59 0.354 -0.023 0.096 -0.182 1.366 -0.360
3.005 xd 61 0.350 -0.031 0.095 0.000 1.571 0.000
3.047 x 60 0.351 -0.028 0.095 -0.184 1.361 -0.362
3.055 xd 62 0.350 -0.034 0.094 0.000 1.571 0.000
3.082 x 61 0.353 -0.030 0.092 -0.181 1.364 -0.359
3.105 xd 63 0.350 -0.037 0.093 0.000 1.571 0.000
3.126 x 62 0.352 -0.032 0.092 -0.164 1.358 -0.366
3.155 xd 64 0.350 -0.040 0.092 0.000 1.571 0.000
3.177 x 63 0.354 -0.034 0.090 -0.185 1.361 -0.354
3.205 xd 65 0.350 -0.043 0.090 0.000 1.571 0.000
3.224 x 64 0.355 -0.038 0.083 -0.180 1.367 -0.350
3.255 xd 66 0.350 -0.046 0.089 0.000 1.571 0.000
3.272 x 65 0.353 -0.039 0.088 -0.176 1.360 -0.358
3.305 xd 67 0.350 -0.048 0.087 0.000 1.571 0.000
3.324 x 66 0.350 -0.045 0.088 -0.172 1.365 -0.374
3.353 x 67 0.352 -0.041 0.082 -0.196 1.374 -0.348
3.355 xd 68 0.350 -0.051 0.086 0.000 1.571 0.000
3.395 x 67 0.352 -0.045 0.082 -0.181 1.363 -0.353
3.405 xd 69 0.350 -0.054 0.084 0.000 1.571 0.000
3.451 x 68 0.356 -0.046 0.081 -0.179 1.369 -0.353
3.455 xd 70 0.350 -0.056 0.083 0.000 1.571 0.000
3.505 xd 71 0.350 -0.059 0.081 0.000 1.571 0.000
3.506 x 69 0.352 -0.053 0.082 -0.185 1.368 -0.360
3.535 x 71 0.356 -0.057 0.074 -0.170 1.370 -0.351
3.555 xd 72 0.350 -0.062 0.079 0.000 1.571 0.000
3.577 x 71 0.351 -0.058 0.079 -0.188 1.373 -0.362
3.605 xd 73 0.350 -0.064 0.077 0.000 1.571 0.000
3.607 x 72 0.354 -0.061 0.075 -0.184 1.373 -0.354
3.656 xd 74 0.350 -0.066 0.075 0.000 1.571 0.000
3.656 x 73 0.351 -0.064 0.075 -0.187 1.374 -0.359
3.706 xd 75 0.350 -0.069 0.073 0.000 1.571 0.000
3.720 x 74 0.352 -0.065 0.070 -0.179 1.377 -0.355
3.756 xd 76 0.350 -0.071 0.070 0.000 1.571 0.000
3.806 xd 77 0.350 -0.073 0.068 0.000 1.571 0.000
3.814 x 75 0.351 -0.067 0.070 -0.185 1.373 -0.351
3.856 xd 78 0.350 -0.075 0.066 0.000 1.571 0.000
3.906 xd 79 0.350 -0.077 0.063 0.000 1.571 0.000
3.913 x 77 0.352 -0.072 0.065 -0.178 1.382 -0.351
3.943 x 79 0.353 -0.076 0.061 -0.195 1.397 -0.346
3.956 xd 80 0.350 -0.079 0.061 0.000 1.571 0.000
3.996 x 79 0.350 -0.076 0.061 -0.180 1.378 -0.345
4.006 xd 81 0.350 -0.081 0.058 0.000 1.571 0.000
4.046 x 80 0.351 -0.078 0.057 -0.200 1.392 -0.335
4.056 xd 82 0.350 -0.083 0.056 0.000 1.571 0.000
4.082 x 81 0.352 -0.079 0.057 -0.168 1.381 -0.342
4.106 xd 83 0.350 -0.085 0.053 0.000 1.571 0.000
4.123 x 82 0.353 -0.082 0.052 -0.178 1.388 -0.331
4.156 xd 84 0.350 -0.086 0.051 0.000 1.571 0.000
4.206 xd 85 0.350 -0.088 0.048 0.000 1.571 0.000
4.253 x 83 0.349 -0.082 0.046 -0.122 1.358 -0.333
4.256 xd 86 0.350 -0.089 0.045 0.000 1.571 0.000
4.293 x 85 0.352 -0.088 0.046 -0.153 1.384 -0.331
4.307 xd 87 0.350 -0.091 0.042 0.000 1.571 0.000
4.339 x 86 0.354 -0.088 0.043 -0.158 1.392 -0.323
4.357 xd 88 0.350 -0.092 0.039 0.000 1.571 0.000
4.395 x 87 0.352 -0.089 0.037 -0.151 1.391 -0.316
4.407 xd 89 0.350 -0.093 0.036 0.000 1.571 0.000
4.456 x 88 0.352 -0.091 0.038 -0.145 1.395 -0.324
4.457 xd 90 0.350 -0.094 0.033 0.000 1.571 0.000
4.485 x 89 0.357 -0.090 0.030 -0.154 1.401 -0.297
4.507 xd 91 0.350 -0.095 0.030 0.000 1.571 0.000
4.557 xd 92 0.350 -0.096 0.027 0.000 1.571 0.000
4.560 x 90 0.354 -0.093 0.027 -0.155 1.406 -0.291
4.607 xd 93 0.350 -0.097 0.024 0.000 1.571 0.000
4.609 x 92 0.352 -0.096 0.025 -0.145 1.405 -0.301
4.657 xd 94 0.350 -0.098 0.021 0.000 1.571 0.000
4.661 x 93 0.351 -0.095 0.023 -0.151 1.411 -0.296
4.691 x 94 0.354 -0.097 0.019 -0.150 1.422 -0.291
4.707 xd 95 0.350 -0.098 0.018 0.000 1.571 0.000
4.757 xd 96 0.350 -0.099 0.015 0.000 1.571 0.000
4.768 x 94 0.354 -0.097 0.019 -0.149 1.413 -0.283
4.807 xd 97 0.350 -0.099 0.012 0.000 1.571 0.000
4.808 x 96 0.351 -0.101 0.009 -0.141 1.405 -0.264
4.855 x 97 0.353 -0.100 0.010 -0.123 1.414 -0.274
4.857 xd 98 0.350 -0.100 0.009 0.000 1.571 0.000
4.890 x 97 0.351 -0.098 0.010 -0.131 1.413 -0.274
4.907 xd 99 0.350 -0.100 0.006 0.000 1.571 0.000
4.930 x 98 0.353 -0.099 0.000 -0.122 1.423 -0.252
4.957 xd 100 0.350 -0.100 0.003 0.000 1.571 0.000
4.959 x 99 0.352 -0.099 0.004 -0.124 1.428 -0.266
4.995 x 100 0.351 -0.101 0.000 -0.130 1.423 -0.253
5.008 xd 101 0.350 -0.100 -0.000 0.000 1.571 0.000
5.058 xd 102 0.350 -0.100 -0.004 0.000 1.571 0.000
5.062 x 100 0.351 -0.100 0.001 -0.119 1.421 -0.258
5.108 xd 103 0.350 -0.100 -0.007 0.000 1.571 0.000
5.112 x 102 0.352 -0.100 -0.006 -0.123 1.429 -0.239
5.151 x 103 0.351 -0.099 -0.007 -0.119 1.433 -0.241
5.158 xd 104 0.350 -0.100 -0.010 0.000 1.571 0.000
5.194 x 103 0.352 -0.098 -0.014 -0.120 1.441 -0.220
5.208 xd 105 0.350 -0.099 -0.013 0.000 1.571 0.000
5.215 x 104 0.352 -0.100 -0.015 -0.089 1.427 -0.221
5.251 x 105 0.353 -0.101 -0.019 -0.104 1.438 -0.206
5.258 xd 106 0.350 -0.099 -0.016 0.000 1.571 0.000
5.282 x 105 0.352 -0.100 -0.016 -0.109 1.440 -0.220
5.308 xd 107 0.350 -0.098 -0.019 0.000 1.571 0.000
5.317 x 106 0.352 -0.099 -0.018 -0.100 1.345 -0.297
5.334 x 107 0.354 -0.094 -0.025 -0.114 1.451 -0.187
5.358 xd 108 0.350 -0.097 -0.022 0.000 1.571 0.000
5.366 x 107 0.349 -0.097 -0.028 -0.109 1.447 -0.189
5.408 xd 109 0.350 -0.097 -0.025 0.000 1.571 0.000
5.411 x 108 0.355 -0.095 -0.023 -0.106 1.448 -0.192
5.435 x 109 0.352 -0.090 -0.032 -0.101 1.452 -0.174
5.456 x 109 0.351 -0.092 -0.030 -0.098 1.454 -0.186
5.458 xd 110 0.350 -0.096 -0.028 0.000 1.571 0.000
5.481 x 109 0.354 -0.092 -0.027 -0.097 1.445 -0.184
5.507 x 110 0.351 -0.091 -0.031 -0.093 1.452 -0.183
5.508 xd 111 0.350 -0.095 -0.031 0.000 1.571 0.000
5.548 x 110 0.350 -0.095 -0.031 -0.097 1.416 -0.204
5.558 xd 112 0.350 -0.094 -0.034 0.000 1.571 0.000
5.580 x 111 0.349 -0.092 -0.033 -0.095 1.451 -0.180
5.608 xd 113 0.350 -0.093 -0.037 0.000 1.571 0.000
5.608 x 112 0.348 -0.091 -0.035 -0.069 1.443 -0.184
5.659 xd 114 0.350 -0.092 -0.040 0.000 1.571 0.000
5.693 x 113 0.350 -0.093 -0.037 -0.145 1.378 -0.142
5.709 xd 115 0.350 -0.090 -0.043 0.000 1.571 0.000
5.759 xd 116 0.350 -0.089 -0.046 0.000 1.571 0.000
5.772 x 114 0.350 -0.091 -0.040 -0.137 1.361 -0.156
5.807 x 116 0.347 -0.084 -0.044 -0.092 1.448 -0.142
5.809 xd 117 0.350 -0.087 -0.049 0.000 1.571 0.000
5.852 x 116 0.345 -0.085 -0.044 -0.078 1.453 -0.155
5.859 xd 118 0.350 -0.086 -0.051 0.000 1.571 0.000
5.909 xd 119 0.350 -0.084 -0.054 0.000 1.571 0.000
5.939 x 117 0.350 -0.087 -0.049 -0.172 1.311 -0.143
5.959 xd 120 0.350 -0.082 -0.057 0.000 1.571 0.000
6.009 xd 121 0.350 -0.081 -0.059 0.000 1.571 0.000
6.059 xd 122 0.350 -0.079 -0.062 0.000 1.571 0.000
6.074 x 119 0.346 -0.082 -0.052 -0.438 0.971 -0.936
6.109 xd 123 0.350 -0.077 -0.064 0.000 1.571 0.000
6.159 xd 124 0.350 -0.075 -0.067 0.000 1.571 0.000
6.209 xd 125 0.350 -0.072 -0.069 0.000 1.571 0.000
6.259 xd 126 0.350 -0.070 -0.071 0.000 1.571 0.000
6.309 xd 127 0.350 -0.068 -0.073 0.000 1.571 0.000
6.360 xd 128 0.350 -0.066 -0.075 0.000 1.571 0.000
6.410 xd 129 0.350 -0.063 -0.077 0.000 1.571 0.000
6.460 xd 130 0.350 -0.061 -0.079 0.000 1.571 0.000
6.473 x 122 0.350 -0.079 -0.062 -0.188 1.285 -0.191
6.510 xd 131 0.350 -0.058 -0.081 0.000 1.571 0.000
6.560 xd 132 0.350 -0.056 -0.083 0.000 1.571 0.000
6.610 xd 133 0.350 -0.053 -0.085 0.000 1.571 0.000
6.646 x 130 0.350 -0.061 -0.079 -0.175 1.272 -0.182
6.660 xd 134 0.350 -0.050 -0.086 0.000 1.571 0.000
6.710 xd 135 0.350 -0.048 -0.088 0.000 1.571 0.000
6.715 x 133 0.350 -0.053 -0.085 -0.162 1.199 -0.242
6.760 xd 136 0.350 -0.045 -0.089 0.000 1.571 0.000
6.810 xd 137 0.350 -0.042 -0.091 0.000 1.571 0.000
6.825 x 135 0.350 -0.047 -0.088 -0.178 1.299 -0.140
6.860 xd 138 0.350 -0.039 -0.092 0.000 1.571 0.000
6.910 xd 139 0.350 -0.036 -0.093 0.000 1.571 0.000
6.957 x 137 0.350 -0.042 -0.091 -0.138 1.305 -0.144
6.960 xd 140 0.350 -0.033 -0.094 0.000 1.571 0.000
7.010 xd 141 0.350 -0.030 -0.095 0.000 1.571 0.000
7.057 x 139 0.350 -0.036 -0.093 -0.097 1.305 -0.149
7.061 xd 142 0.350 -0.027 -0.096 0.000 1.571 0.000
7.111 xd 143 0.350 -0.024 -0.097 0.000 1.571 0.000
7.161 xd 144 0.350 -0.021 -0.098 0.000 1.571 0.000
7.211 xd 145 0.350 -0.018 -0.098 0.000 1.571 0.000
7.261 xd 146 0.350 -0.015 -0.099 0.000 1.571 0.000
7.262 x 141 0.350 -0.030 -0.095 -0.104 1.354 -0.114
7.311 xd 147 0.350 -0.012 -0.099 0.000 1.571 0.000
7.361 xd 148 0.350 -0.009 -0.100 0.000 1.571 0.000
7.411 xd 149 0.350 -0.006 -0.100 0.000 1.571 0.000
7.438 x 146 0.350 -0.015 -0.099 -0.098 1.441 -0.058
7.461 xd 150 0.350 -0.002 -0.100 0.000 1.571 0.000
7.462 x 149 0.350 0.004 -0.100 -0.022 1.529 -0.037
7.490 x 150 0.348 0.004 -0.101 -0.011 1.545 -0.025
7.511 xd 151 0.350 0.001 -0.100 0.000 1.571 0.000
7.522 x 150 0.350 0.003 -0.099 -0.003 1.532 -0.030
7.561 xd 152 0.350 0.004 -0.100 0.000 1.571 0.000
7.569 x 151 0.344 0.004 -0.105 0.001 1.570 0.001
7.598 x 152 0.345 0.009 -0.105 -0.045 1.505 -0.051
7.611 xd 153 0.350 0.007 -0.100 0.000 1.571 0.000
7.635 x 152 0.346 0.008 -0.104 0.003 1.568 0.008
7.661 xd 154 0.350 0.010 -0.099 0.000 1.571 0.000
7.674 x 153 0.345 0.010 -0.106 0.000 1.571 0.008
7.712 xd 155 0.350 0.013 -0.099 0.000 1.571 0.000
7.740 x 154 0.350 0.013 -0.103 -0.008 1.554 -0.014
7.762 xd 156 0.350 0.016 -0.099 0.000 1.571 0.000
7.808 x 155 0.351 0.019 -0.101 -0.000 1.573 0.001
7.812 xd 157 0.350 0.019 -0.098 0.000 1.571 0.000
7.860 x 156 0.352 0.018 -0.101 -0.006 1.542 -0.017
7.862 xd 158 0.350 0.023 -0.097 0.000 1.571 0.000
7.898 x 157 0.349 0.022 -0.105 -0.001 1.572 0.003
7.912 xd 159 0.350 0.026 -0.097 0.000 1.571 0.000
7.927 x 158 0.355 0.026 -0.103 -0.013 1.556 -0.014
7.948 x 159 0.355 0.031 -0.100 0.002 1.565 -0.005
7.962 xd 160 0.350 0.029 -0.096 0.000 1.571 0.000
7.978 x 159 0.354 0.021 -0.102 0.002 1.565 0.002
8.012 xd 161 0.350 0.032 -0.095 0.000 1.571 0.000
8.028 x 160 0.354 0.029 -0.101 -0.003 1.575 0.001
8.062 xd 162 0.350 0.035 -0.094 0.000 1.571 0.000
8.069 x 161 0.355 0.025 -0.100 -0.003 1.581 0.002
8.112 xd 163 0.350 0.038 -0.093 0.000 1.571 0.000
8.118 x 162 0.356 0.036 -0.101 -0.007 1.574 -0.015
8.162 xd 164 0.350 0.040 -0.091 0.000 1.571 0.000
8.175 x 163 0.351 0.038 -0.094 -0.025 1.498 -0.076
8.212 xd 165 0.350 0.043 -0.090 0.000 1.571 0.000
8.262 xd 166 0.350 0.046 -0.089 0.000 1.571 0.000
8.271 x 164 0.348 0.040 -0.091 0.031 1.541 -0.036
8.312 xd 167 0.350 0.049 -0.087 0.000 1.571 0.000
8.315 x 166 0.351 0.049 -0.097 -0.002 1.573 -0.007
8.362 xd 168 0.350 0.052 -0.086 0.000 1.571 0.000
8.364 x 167 0.354 0.052 -0.096 0.001 1.566 -0.002
8.403 x 168 0.354 0.050 -0.090 -0.011 1.420 -0.103
8.413 xd 169 0.350 0.054 -0.084 0.000 1.571 0.000
8.437 x 168 0.352 0.052 -0.092 -0.018 1.562 -0.008
8.463 xd 170 0.350 0.057 -0.082 0.000 1.571 0.000
8.513 xd 171 0.350 0.059 -0.080 0.000 1.571 0.000
8.563 xd 172 0.350 0.062 -0.079 0.000 1.571 0.000
8.579 x 169 0.358 0.056 -0.088 -0.018 1.560 -0.011
8.613 xd 173 0.350 0.064 -0.077 0.000 1.571 0.000
8.620 x 172 0.348 0.064 -0.084 -0.034 1.505 -0.060
8.663 xd 174 0.350 0.067 -0.074 0.000 1.571 0.000
8.699 x 173 0.351 0.064 -0.078 -0.031 1.416 -0.114
8.713 xd 175 0.350 0.069 -0.072 0.000 1.571 0.000
8.748 x 174 0.353 0.068 -0.080 -0.003 1.549 -0.036
8.763 xd 176 0.350 0.071 -0.070 0.000 1.571 0.000
8.813 xd 177 0.350 0.073 -0.068 0.000 1.571 0.000
8.840 x 175 0.352 0.069 -0.077 -0.025 1.543 -0.030
8.863 xd 178 0.350 0.076 -0.066 0.000 1.571 0.000
8.877 x 177 0.350 0.073 -0.068 -0.019 1.363 -0.140
8.913 xd 179 0.350 0.078 -0.063 0.000 1.571 0.000
8.963 xd 180 0.350 0.080 -0.061 0.000 1.571 0.000
8.987 x 178 0.354 0.080 -0.071 -0.014 1.537 -0.038
9.013 xd 181 0.350 0.081 -0.058 0.000 1.571 0.000
9.035 x 180 0.353 0.080 -0.066 -0.042 1.467 -0.099
9.064 xd 182 0.350 0.083 -0.056 0.000 1.571 0.000
9.114 xd 183 0.350 0.085 -0.053 0.000 1.571 0.000
9.164 xd 184 0.350 0.087 -0.050 0.000 1.571 0.000
9.214 xd 185 0.350 0.088 -0.047 0.000 1.571 0.000
9.224 x 181 0.351 0.082 -0.064 -0.024 1.529 -0.048
9.264 xd 186 0.350 0.089 -0.045 0.000 1.571 0.000
9.278 x 185 0.352 0.093 -0.054 -0.037 1.520 -0.051
9.314 xd 187 0.350 0.091 -0.042 0.000 1.571 0.000
9.350 x 186 0.351 0.090 -0.045 -0.029 1.438 -0.132
9.364 xd 188 0.350 0.092 -0.039 0.000 1.571 0.000
9.401 x 187 0.356 0.094 -0.049 -0.038 1.517 -0.057
9.414 xd 189 0.350 0.093 -0.036 0.000 1.571 0.000
9.443 x 188 0.352 0.098 -0.042 -0.037 1.507 -0.068
9.462 x 189 0.353 0.094 -0.042 -0.011 1.312 -0.178
9.464 xd 190 0.350 0.094 -0.033 0.000 1.571 0.000
9.491 x 189 0.341 0.096 -0.034 -0.047 1.421 -0.128
9.514 xd 191 0.350 0.095 -0.030 0.000 1.571 0.000
9.519 x 190 0.350 0.097 -0.039 -0.034 1.500 -0.076
9.550 x 191 0.351 0.095 -0.031 -0.026 1.297 -0.196
9.564 xd 192 0.350 0.096 -0.027 0.000 1.571 0.000
9.595 x 191 0.348 0.097 -0.036 -0.037 1.501 -0.084
9.614 xd 193 0.350 0.097 -0.024 0.000 1.571 0.000
9.664 xd 194 0.350 0.098 -0.021 0.000 1.571 0.000
9.687 x 192 0.353 0.100 -0.030 -0.054 1.501 -0.086
9.714 xd 195 0.350 0.098 -0.018 0.000 1.571 0.000
9.719 x 194 0.348 0.101 -0.027 -0.051 1.496 -0.094
9.757 x 195 0.355 0.100 -0.023 -0.046 1.485 -0.091
9.764 xd 196 0.350 0.099 -0.015 0.000 1.571 0.000
9.804 x 195 0.350 0.102 -0.020 -0.070 1.390 -0.168
9.815 xd 197 0.350 0.099 -0.012 0.000 1.571 0.000
9.858 x 196 0.356 0.102 -0.019 -0.052 1.488 -0.101
9.865 xd 198 0.350 0.100 -0.008 0.000 1.571 0.000
9.915 xd 199 0.350 0.100 -0.005 0.000 1.571 0.000
9.949 x 197 0.351 0.101 -0.014 -0.061 1.477 -0.104
9.965 xd 200 0.350 0.100 -0.002 0.000 1.571 0.000
9.985 x 199 0.351 0.102 -0.012 -0.053 1.475 -0.111
10.004 x 200 0.352 0.103 -0.010 -0.056 1.268 -0.212
10.015 xd 201 0.350 0.100 0.001 0.000 1.571 0.000
10.046 x 200 0.351 0.101 -0.007 -0.056 1.471 -0.120
10.065 xd 202 0.350 0.100 0.004 0.000 1.571 0.000
10.099 x 201 0.349 0.102 -0.003 -0.052 1.463 -0.126
10.115 xd 203 0.350 0.100 0.007 0.000 1.571 0.000
10.165 xd 204 0.350 0.099 0.010 0.000 1.571 0.000
10.171 x 202 0.357 0.102 0.001 -0.068 1.467 -0.125
10.198 x 204 0.354 0.103 0.007 -0.059 1.455 -0.135
10.215 xd 205 0.350 0.099 0.013 0.000 1.571 0.000
10.265 xd 206 0.350 0.099 0.017 0.000 1.571 0.000
10.270 x 204 0.350 0.102 0.006 -0.071 1.462 -0.139
10.308 x 206 0.348 0.102 0.010 -0.080 1.455 -0.137
10.315 xd 207 0.350 0.098 0.020 0.000 1.571 0.000
10.350 x 206 0.351 0.101 0.014 -0.075 1.448 -0.143
10.365 xd 208 0.350 0.097 0.023 0.000 1.571 0.000
10.384 x 207 0.355 0.105 0.014 -0.082 1.452 -0.137
10.415 xd 209 0.350 0.097 0.026 0.000 1.571 0.000
10.447 x 208 0.352 0.098 0.015 -0.067 1.444 -0.150
10.465 xd 210 0.350 0.096 0.029 0.000 1.571 0.000
10.476 x 209 0.353 0.101 0.019 -0.083 1.445 -0.148
10.516 xd 211 0.350 0.095 0.032 0.000 1.571 0.000
10.524 x 210 0.350 0.095 0.020 -0.060 1.434 -0.163
10.560 x 211 0.354 0.100 0.025 -0.085 1.438 -0.157
10.566 xd 212 0.350 0.094 0.035 0.000 1.571 0.000
10.593 x 211 0.353 0.094 0.025 -0.109 1.443 -0.160
10.616 xd 213 0.350 0.093 0.038 0.000 1.571 0.000
10.636 x 212 0.349 0.102 0.034 -0.112 1.434 -0.163
10.666 xd 214 0.350 0.091 0.041 0.000 1.571 0.000
10.716 xd 215 0.350 0.090 0.043 0.000 1.571 0.000
10.766 xd 216 0.350 0.089 0.046 0.000 1.571 0.000
10.816 xd 217 0.350 0.087 0.049 0.000 1.571 0.000
10.866 xd 218 0.350 0.086 0.052 0.000 1.571 0.000
10.916 xd 219 0.350 0.084 0.054 0.000 1.571 0.000
10.966 xd 220 0.350 0.082 0.057 0.000 1.571 0.000
11.016 xd 221 0.350 0.080 0.060 0.000 1.571 0.000
11.062 x 213 0.404 0.091 0.005 -1.681 1.385 -0.233
11.066 xd 222 0.350 0.078 0.062 0.000 1.571 0.000
11.096 x 221 0.352 0.082 0.052 -0.110 1.407 -0.209
11.116 xd 223 0.350 0.076 0.065 0.000 1.571 0.000
11.167 xd 224 0.350 0.074 0.067 0.000 1.571 0.000
11.183 x 222 0.352 0.079 0.057 -0.108 1.396 -0.216
11.217 xd 225 0.350 0.072 0.069 0.000 1.571 0.000
11.220 x 224 0.349 0.078 0.062 -0.117 1.394 -0.225
11.258 x 225 0.350 0.073 0.066 -0.200 1.414 -0.217
11.267 xd 226 0.350 0.070 0.071 0.000 1.571 0.000
11.283 x 225 0.353 0.080 0.068 -0.119 1.387 -0.231
11.317 xd 227 0.350 0.068 0.074 0.000 1.571 0.000
11.344 x 226 0.351 0.072 0.068 -0.115 1.388 -0.241
11.367 xd 228 0.350 0.065 0.076 0.000 1.571 0.000
11.378 x 227 0.353 0.070 0.066 -0.133 1.391 -0.233
11.413 x 228 0.352 0.069 0.071 -0.128 1.389 -0.248
11.417 xd 229 0.350 0.063 0.078 0.000 1.571 0.000
11.467 xd 230 0.350 0.060 0.080 0.000 1.571 0.000
11.475 x 228 0.349 0.066 0.074 -0.131 1.381 -0.251
11.517 xd 231 0.350 0.058 0.082 0.000 1.571 0.000
11.533 x 230 0.351 0.064 0.076 -0.135 1.380 -0.255
11.567 xd 232 0.350 0.055 0.083 0.000 1.571 0.000
11.603 x 231 0.354 0.059 0.073 -0.135 1.383 -0.255
11.617 xd 233 0.350 0.053 0.085 0.000 1.571 0.000
11.635 x 232 0.350 0.062 0.077 -0.143 1.384 -0.258
11.667 xd 234 0.350 0.050 0.087 0.000 1.571 0.000
11.671 x 233 0.351 0.054 0.082 -0.140 1.378 -0.276
11.709 x 234 0.350 0.052 0.085 -0.138 1.370 -0.282
11.717 xd 235 0.350 0.047 0.088 0.000 1.571 0.000
11.752 x 234 0.349 0.052 0.084 -0.146 1.366 -0.274
11.767 xd 236 0.350 0.044 0.090 0.000 1.571 0.000
11.793 x 235 0.354 0.052 0.084 -0.146 1.376 -0.277
11.817 xd 237 0.350 0.042 0.091 0.000 1.571 0.000
11.855 x 236 0.350 0.046 0.088 -0.124 1.362 -0.296
11.868 xd 238 0.350 0.039 0.092 0.000 1.571 0.000
11.903 x 237 0.349 0.046 0.088 -0.116 1.357 -0.296
11.918 xd 239 0.350 0.036 0.093 0.000 1.571 0.000
11.953 x 238 0.351 0.039 0.083 -0.163 1.376 -0.286
11.968 xd 240 0.350 0.033 0.094 0.000 1.571 0.000
12.008 x 239 0.350 0.037 0.092 -0.155 1.365 -0.303
12.018 xd 241 0.350 0.030 0.095 0.000 1.571 0.000
12.054 x 240 0.353 0.039 0.090 -0.151 1.367 -0.297
12.068 xd 242 0.350 0.027 0.096 0.000 1.571 0.000
12.098 x 241 0.353 0.033 0.091 -0.138 1.364 -0.311
12.118 xd 243 0.350 0.024 0.097 0.000 1.571 0.000
12.134 x 242 0.351 0.028 0.093 -0.166 1.365 -0.310
12.168 xd 244 0.350 0.021 0.098 0.000 1.571 0.000
12.169 x 243 0.350 0.026 0.096 -0.158 1.357 -0.316
12.218 xd 245 0.350 0.018 0.098 0.000 1.571 0.000
12.226 x 244 0.350 0.027 0.094 -0.137 1.350 -0.315
12.268 xd 246 0.350 0.015 0.099 0.000 1.571 0.000
12.276 x 245 0.351 0.021 0.096 -0.183 1.369 -0.320
12.318 xd 247 0.350 0.011 0.099 0.000 1.571 0.000
12.344 x 246 0.350 0.021 0.094 -0.159 1.360 -0.321
12.368 xd 248 0.350 0.008 0.100 0.000 1.571 0.000
12.395 x 247 0.353 0.011 0.092 -0.149 1.349 -0.322
12.418 xd 249 0.350 0.005 0.100 0.000 1.571 0.000
12.446 x 248 0.352 0.010 0.095 -0.164 1.359 -0.331
12.468 xd 250 0.350 0.002 0.100 0.000 1.571 0.000
12.474 x 249 0.350 0.006 0.098 -0.174 1.357 -0.335
12.515 x 250 0.350 0.006 0.094 -0.171 1.363 -0.334
12.519 xd 251 0.350 -0.001 0.100 0.000 1.571 0.000
12.559 x 250 0.350 0.005 0.095 -0.169 1.357 -0.334
12.569 xd 252 0.350 -0.004 0.100 0.000 1.571 0.000
12.619 xd 253 0.350 -0.007 0.100 0.000 1.571 0.000
12.653 x 251 0.352 0.001 0.095 -0.172 1.358 -0.335
12.669 xd 254 0.350 -0.011 0.099 0.000 1.571 0.000
12.719 xd 255 0.350 -0.014 0.099 0.000 1.571 0.000
12.740 x 253 0.351 -0.007 0.092 -0.173 1.360 -0.338
12.769 xd 256 0.350 -0.017 0.099 0.000 1.571 0.000
12.782 x 255 0.350 -0.014 0.098 -0.137 0.850 -0.304
12.819 xd 257 0.350 -0.020 0.098 0.000 1.571 0.000
12.829 x 256 0.351 -0.016 0.095 -0.156 1.349 -0.356
12.869 xd 258 0.350 -0.023 0.097 0.000 1.571 0.000
12.872 x 257 0.352 -0.018 0.094 -0.186 1.369 -0.356
12.915 x 258 0.352 -0.018 0.094 -0.179 1.363 -0.354
12.919 xd 259 0.350 -0.026 0.097 0.000 1.571 0.000
12.960 x 258 0.351 -0.022 0.096 -0.182 1.361 -0.361
12.969 xd 260 0.350 -0.029 0.096 0.000 1.571 0.000
13.008 x 259 0.352 -0.022 0.094 -0.171 1.360 -0.359
13.019 xd 261 0.350 -0.032 0.095 0.000 1.571 0.000
13.043 x 260 0.354 -0.027 0.091 -0.187 1.366 -0.351
13.069 xd 262 0.350 -0.035 0.094 0.000 1.571 0.000
13.075 x 261 0.350 -0.030 0.092 -0.185 1.357 -0.356
13.102 x 262 0.353 -0.031 0.089 -0.166 1.359 -0.359
13.119 xd 263 0.350 -0.038 0.093 0.000 1.571 0.000
13.153 x 262 0.354 -0.032 0.090 -0.185 1.366 -0.355
13.169 xd 264 0.350 -0.041 0.091 0.000 1.571 0.000
13.209 x 263 0.352 -0.037 0.090 -0.189 1.365 -0.359
13.220 xd 265 0.350 -0.044 0.090 0.000 1.571 0.000
13.252 x 264 0.351 -0.040 0.090 -0.155 1.345 -0.366
13.270 xd 266 0.350 -0.046 0.089 0.000 1.571 0.000
13.280 x 265 0.352 -0.043 0.088 -0.167 1.359 -0.368
13.303 x 266 0.354 -0.044 0.084 -0.185 1.369 -0.355
13.320 xd 267 0.350 -0.049 0.087 0.000 1.571 0.000
13.338 x 266 0.353 -0.044 0.083 -0.149 1.356 -0.364
13.370 xd 268 0.350 -0.052 0.085 0.000 1.571 0.000
13.374 x 267 0.353 -0.048 0.084 -0.177 1.366 -0.362
13.420 xd 269 0.350 -0.055 0.084 0.000 1.571 0.000
13.431 x 268 0.353 -0.051 0.082 -0.181 1.368 -0.360
13.470 xd 270 0.350 -0.057 0.082 0.000 1.571 0.000
13.480 x 269 0.350 -0.054 0.083 -0.122 1.297 -0.399
13.520 x 270 0.352 -0.056 0.080 -0.181 1.368 -0.362
13.520 xd 271 0.350 -0.060 0.080 0.000 1.571 0.000
13.570 xd 272 0.350 -0.062 0.078 0.000 1.571 0.000
13.573 x 270 0.353 -0.057 0.080 -0.185 1.369 -0.359
13.604 x 272 0.352 -0.061 0.075 -0.176 1.374 -0.361
13.620 xd 273 0.350 -0.065 0.076 0.000 1.571 0.000
13.651 x 272 0.355 -0.061 0.073 -0.174 1.370 -0.351
13.670 xd 274 0.350 -0.067 0.074 0.000 1.571 0.000
13.693 x 273 0.351 -0.064 0.074 -0.145 1.357 -0.367
13.720 xd 275 0.350 -0.069 0.072 0.000 1.571 0.000
13.745 x 274 0.351 -0.067 0.070 -0.181 1.377 -0.355
13.770 xd 276 0.350 -0.072 0.070 0.000 1.571 0.000
13.780 x 275 0.352 -0.068 0.069 -0.185 1.377 -0.352
13.820 xd 277 0.350 -0.074 0.068 0.000 1.571 0.000
13.849 x 276 0.353 -0.069 0.066 -0.175 1.382 -0.351
13.870 xd 278 0.350 -0.076 0.065 0.000 1.571 0.000
13.900 x 277 0.354 -0.071 0.061 -0.166 1.379 -0.343
13.921 xd 279 0.350 -0.078 0.063 0.000 1.571 0.000
13.940 x 278 0.353 -0.075 0.062 -0.177 1.383 -0.347
13.971 xd 280 0.350 -0.080 0.060 0.000 1.571 0.000
13.977 x 279 0.351 -0.077 0.061 -0.174 1.383 -0.350
14.021 xd 281 0.350 -0.082 0.058 0.000 1.571 0.000
14.036 x 280 0.356 -0.078 0.055 -0.169 1.384 -0.333
14.071 xd 282 0.350 -0.083 0.055 0.000 1.571 0.000
14.075 x 281 0.354 -0.082 0.052 -0.173 1.389 -0.331
14.121 xd 283 0.350 -0.085 0.052 0.000 1.571 0.000
14.154 x 282 0.351 -0.083 0.054 -0.173 1.387 -0.342
14.171 xd 284 0.350 -0.087 0.050 0.000 1.571 0.000
14.196 x 283 0.353 -0.083 0.050 -0.169 1.387 -0.332
14.221 xd 285 0.350 -0.088 0.047 0.000 1.571 0.000
14.234 x 284 0.352 -0.086 0.043 -0.161 1.388 -0.322
14.271 xd 286 0.350 -0.090 0.044 0.000 1.571 0.000
14.273 x 285 0.351 -0.088 0.044 -0.168 1.391 -0.325
14.311 x 286 0.354 -0.087 0.042 -0.155 1.394 -0.325
14.321 xd 287 0.350 -0.091 0.041 0.000 1.571 0.000
14.339 x 286 0.355 -0.090 0.039 -0.167 1.402 -0.316
14.371 xd 288 0.350 -0.092 0.038 0.000 1.571 0.000
14.378 x 287 0.356 -0.091 0.037 -0.153 1.396 -0.314
14.417 x 288 0.350 -0.092 0.038 -0.166 1.397 -0.319
14.421 xd 289 0.350 -0.093 0.036 0.000 1.571 0.000
14.471 xd 290 0.350 -0.095 0.033 0.000 1.571 0.000
14.475 x 288 0.351 -0.092 0.037 -0.158 1.393 -0.317
14.520 x 290 0.351 -0.095 0.030 -0.151 1.398 -0.306
14.521 xd 291 0.350 -0.096 0.030 0.000 1.571 0.000
14.553 x 290 0.356 -0.089 0.028 -0.150 1.405 -0.296
14.571 xd 292 0.350 -0.096 0.027 0.000 1.571 0.000
14.598 x 291 0.351 -0.095 0.028 -0.160 1.407 -0.303
14.622 xd 293 0.350 -0.097 0.024 0.000 1.571 0.000
14.625 x 292 0.353 -0.096 0.022 -0.130 1.401 -0.296
14.672 xd 294 0.350 -0.098 0.020 0.000 1.571 0.000
14.694 x 293 0.354 -0.095 0.021 -0.174 1.420 -0.284
14.722 xd 295 0.350 -0.098 0.017 0.000 1.571 0.000
14.724 x 294 0.354 -0.098 0.017 -0.141 1.410 -0.282
14.771 x 295 0.351 -0.097 0.013 -0.142 1.416 -0.278
14.772 xd 296 0.350 -0.099 0.014 0.000 1.571 0.000
14.812 x 295 0.356 -0.096 0.013 -0.129 1.418 -0.275
14.822 xd 297 0.350 -0.099 0.011 0.000 1.571 0.000
14.846 x 296 0.352 -0.098 0.012 -0.146 1.420 -0.275
14.872 xd 298 0.350 -0.100 0.008 0.000 1.571 0.000
14.890 x 297 0.351 -0.099 0.010 -0.144 1.422 -0.272
14.922 xd 299 0.350 -0.100 0.005 0.000 1.571 0.000
14.923 x 298 0.353 -0.100 0.006 -0.146 1.423 -0.258
14.956 x 299 0.351 -0.099 0.003 -0.150 1.432 -0.258
14.972 xd 300 0.350 -0.100 0.002 0.000 1.571 0.000
15.000 x 299 0.353 -0.100 0.002 -0.132 1.426 -0.255
15.022 xd 301 0.350 -0.100 -0.001 0.000 1.571 0.000
15.047 x 300 0.351 -0.099 -0.001 -0.120 1.421 -0.253
15.072 xd 302 0.350 -0.100 -0.005 0.000 1.571 0.000
15.085 x 301 0.352 -0.100 -0.004 -0.115 1.429 -0.248
15.116 x 302 0.353 -0.099 -0.007 -0.110 1.431 -0.238
15.122 xd 303 0.350 -0.100 -0.008 0.000 1.571 0.000
15.156 x 302 0.351 -0.100 -0.006 -0.126 1.433 -0.241
15.172 xd 304 0.350 -0.099 -0.011 0.000 1.571 0.000
15.191 x 303 0.353 -0.101 -0.011 -0.125 1.444 -0.229
15.222 xd 305 0.350 -0.099 -0.014 0.000 1.571 0.000
15.231 x 304 0.351 -0.100 -0.012 -0.113 1.437 -0.231
15.261 x 305 0.354 -0.101 -0.017 -0.092 1.433 -0.210
15.273 xd 306 0.350 -0.099 -0.017 0.000 1.571 0.000
15.288 x 305 0.354 -0.100 -0.017 -0.078 1.428 -0.216
15.302 x 306 0.353 -0.096 -0.025 -0.145 1.413 -0.226
15.323 xd 307 0.350 -0.098 -0.020 0.000 1.571 0.000
15.329 x 306 0.356 -0.094 -0.022 -0.099 1.447 -0.197
15.373 xd 308 0.350 -0.097 -0.023 0.000 1.571 0.000
15.389 x 307 0.350 -0.098 -0.021 -0.077 1.445 -0.264
15.423 xd 309 0.350 -0.096 -0.026 0.000 1.571 0.000
15.427 x 308 0.352 -0.095 -0.025 -0.100 1.451 -0.197
15.458 x 309 0.351 -0.092 -0.030 -0.095 1.447 -0.179
15.473 xd 310 0.350 -0.096 -0.029 0.000 1.571 0.000
15.494 x 309 0.354 -0.090 -0.029 -0.075 1.439 -0.181
15.521 x 310 0.349 -0.089 -0.036 -0.092 1.451 -0.169
15.523 xd 311 0.350 -0.095 -0.032 0.000 1.571 0.000
15.547 x 310 0.352 -0.090 -0.031 -0.084 1.448 -0.183
15.573 xd 312 0.350 -0.094 -0.035 0.000 1.571 0.000
15.594 x 311 0.350 -0.088 -0.035 -0.093 1.457 -0.174
15.623 xd 313 0.350 -0.092 -0.038 0.000 1.571 0.000
15.623 x 312 0.349 -0.085 -0.040 -0.083 1.455 -0.163
15.673 xd 314 0.350 -0.091 -0.041 0.000 1.571 0.000
15.723 xd 315 0.350 -0.090 -0.044 0.000 1.571 0.000
15.773 xd 316 0.350 -0.088 -0.047 0.000 1.571 0.000
15.781 x 313 0.348 -0.091 -0.037 -0.120 1.406 -0.128
15.823 xd 317 0.350 -0.087 -0.049 0.000 1.571 0.000
15.873 xd 318 0.350 -0.085 -0.052 0.000 1.571 0.000
15.896 x 316 0.350 -0.088 -0.047 -0.166 1.333 -0.166
15.923 xd 319 0.350 -0.084 -0.055 0.000 1.571 0.000
15.974 xd 320 0.350 -0.082 -0.057 0.000 1.571 0.000
16.024 xd 321 0.350 -0.080 -0.060 0.000 1.571 0.000
16.074 xd 322 0.350 -0.078 -0.062 0.000 1.571 0.000
16.124 xd 323 0.350 -0.076 -0.065 0.000 1.571 0.000
16.134 x 318 0.350 -0.085 -0.052 -0.189 1.318 -0.159
16.174 xd 324 0.350 -0.074 -0.067 0.000 1.571 0.000
16.224 xd 325 0.350 -0.072 -0.070 0.000 1.571 0.000
16.274 xd 326 0.350 -0.070 -0.072 0.000 1.571 0.000
16.324 xd 327 0.350 -0.067 -0.074 0.000 1.571 0.000
16.374 xd 328 0.350 -0.065 -0.076 0.000 1.571 0.000
16.416 x 323 0.350 -0.076 -0.065 -0.176 1.267 -0.188
16.424 xd 329 0.350 -0.063 -0.078 0.000 1.571 0.000
16.474 xd 330 0.350 -0.060 -0.080 0.000 1.571 0.000
16.524 xd 331 0.350 -0.058 -0.082 0.000 1.571 0.000
16.569 x 328 0.350 -0.065 -0.076 -0.156 1.270 -0.200
16.574 xd 332 0.350 -0.055 -0.084 0.000 1.571 0.000
16.624 xd 333 0.350 -0.052 -0.085 0.000 1.571 0.000
16.675 xd 334 0.350 -0.050 -0.087 0.000 1.571 0.000
16.725 xd 335 0.350 -0.047 -0.088 0.000 1.571 0.000
16.767 x 331 0.346 -0.054 -0.081 -0.141 1.396 -0.181
16.775 xd 336 0.350 -0.044 -0.090 0.000 1.571 0.000
16.825 xd 337 0.350 -0.041 -0.091 0.000 1.571 0.000
16.837 x 335 0.350 -0.047 -0.088 -0.147 1.269 -0.110
16.875 xd 338 0.350 -0.038 -0.092 0.000 1.571 0.000
16.925 xd 339 0.350 -0.035 -0.094 0.000 1.571 0.000
16.975 xd 340 0.350 -0.032 -0.095 0.000 1.571 0.000
16.987 x 337 0.350 -0.041 -0.091 -0.404 1.038 -0.688
17.025 xd 341 0.350 -0.029 -0.096 0.000 1.571 0.000
17.075 xd 342 0.350 -0.026 -0.096 0.000 1.571 0.000
17.100 x 340 0.350 -0.032 -0.095 -0.085 1.338 -0.120
17.125 xd 343 0.350 -0.023 -0.097 0.000 1.571 0.000
17.169 x 342 0.350 -0.026 -0.096 -0.089 1.373 -0.101
17.175 xd 344 0.350 -0.020 -0.098 0.000 1.571 0.000
17.212 x 343 0.345 -0.018 -0.093 -0.021 1.523 -0.031
17.225 xd 345 0.350 -0.017 -0.099 0.000 1.571 0.000
17.272 x 344 0.348 -0.019 -0.097 -0.068 1.442 -0.058
17.275 xd 346 0.350 -0.014 -0.099 0.000 1.571 0.000
17.325 xd 347 0.350 -0.011 -0.099 0.000 1.571 0.000
17.329 x 345 0.350 -0.017 -0.098 -0.042 1.407 -0.060
17.360 x 347 0.350 -0.008 -0.093 -0.020 1.547 -0.032
17.376 xd 348 0.350 -0.008 -0.100 0.000 1.571 0.000
17.393 x 347 0.345 -0.003 -0.100 -0.008 1.562 -0.009
17.420 x 348 0.344 -0.007 -0.099 -0.016 1.559 -0.013
17.426 xd 349 0.350 -0.005 -0.100 0.000 1.571 0.000
17.452 x 348 0.347 0.000 -0.099 -0.003 1.564 -0.008
17.476 xd 350 0.350 -0.002 -0.100 0.000 1.571 0.000
17.498 x 349 0.350 -0.004 -0.100 -0.024 1.491 -0.039
17.526 xd 351 0.350 0.002 -0.100 0.000 1.571 0.000
17.576 xd 352 0.350 0.005 -0.100 0.000 1.571 0.000
17.578 x 350 0.346 0.005 -0.103 -0.002 1.566 -0.001
17.612 x 352 0.348 0.005 -0.100 0.007 1.559 -0.004
17.626 xd 353 0.350 0.008 -0.100 0.000 1.571 0.000
17.633 x 352 0.350 0.009 -0.102 -0.012 1.536 -0.031
17.676 xd 354 0.350 0.011 -0.099 0.000 1.571 0.000
17.678 x 353 0.347 0.013 -0.106 -0.002 1.571 -0.002
17.722 x 354 0.353 0.016 -0.101 -0.001 1.565 -0.002
17.726 xd 355 0.350 0.014 -0.099 0.000 1.571 0.000
17.776 xd 356 0.350 0.017 -0.098 0.000 1.571 0.000
17.785 x 354 0.351 0.011 -0.100 -0.014 1.548 -0.019
17.807 x 356 0.351 0.017 -0.099 -0.024 1.490 -0.064
17.826 xd 357 0.350 0.020 -0.098 0.000 1.571 0.000
17.842 x 356 0.350 0.017 -0.104 -0.001 1.569 -0.000
17.876 xd 358 0.350 0.023 -0.097 0.000 1.571 0.000
17.902 x 357 0.352 0.020 -0.100 -0.340 1.667 -0.388
17.926 xd 359 0.350 0.026 -0.096 0.000 1.571 0.000
17.946 x 358 0.353 0.027 -0.104 -0.019 1.555 -0.041
17.972 x 359 0.348 0.032 -0.093 -0.104 1.457 -0.095
17.976 xd 360 0.350 0.029 -0.096 0.000 1.571 0.000
17.989 x 359 0.356 0.029 -0.103 -0.007 1.561 -0.007
18.027 xd 361 0.350 0.032 -0.095 0.000 1.571 0.000
18.067 x 360 0.351 0.029 -0.097 -0.017 1.478 -0.084
18.077 xd 362 0.350 0.035 -0.094 0.000 1.571 0.000
18.089 x 361 0.350 0.035 -0.103 -0.025 1.503 -0.055
18.127 xd 363 0.350 0.038 -0.092 0.000 1.571 0.000
18.177 x 362 0.352 0.036 -0.094 -0.015 1.560 -0.009
18.177 xd 364 0.350 0.041 -0.091 0.000 1.571 0.000
18.227 xd 365 0.350 0.044 -0.090 0.000 1.571 0.000
18.277 xd 366 0.350 0.047 -0.088 0.000 1.571 0.000
18.285 x 363 0.354 0.037 -0.096 -0.218 1.578 -0.373
18.327 xd 367 0.350 0.050 -0.087 0.000 1.571 0.000
18.367 x 366 0.351 0.045 -0.091 0.003 1.555 -0.024
18.377 xd 368 0.350 0.052 -0.085 0.000 1.571 0.000
18.427 xd 369 0.350 0.055 -0.084 0.000 1.571 0.000
18.450 x 367 0.350 0.053 -0.088 -0.075 1.556 -0.013
18.477 xd 370 0.350 0.058 -0.082 0.000 1.571 0.000
18.527 xd 371 0.350 0.060 -0.080 0.000 1.571 0.000
18.549 x 369 0.353 0.058 -0.089 -0.011 1.561 -0.015
18.577 xd 372 0.350 0.063 -0.078 0.000 1.571 0.000
18.627 xd 373 0.350 0.065 -0.076 0.000 1.571 0.000
18.650 x 371 0.350 0.060 -0.081 -0.038 1.523 -0.055
18.677 xd 374 0.350 0.067 -0.074 0.000 1.571 0.000
18.710 x 373 0.353 0.068 -0.085 -0.036 1.432 -0.096
18.727 xd 375 0.350 0.070 -0.072 0.000 1.571 0.000
18.754 x 374 0.371 0.064 -0.093 -0.002 1.609 -0.082
18.778 xd 376 0.350 0.072 -0.069 0.000 1.571 0.000
18.828 xd 377 0.350 0.074 -0.067 0.000 1.571 0.000
18.834 x 375 0.347 0.076 -0.077 -0.016 1.543 -0.033
18.873 x 377 0.355 0.075 -0.072 -0.018 1.545 -0.047
18.878 xd 378 0.350 0.076 -0.065 0.000 1.571 0.000
18.912 x 377 0.350 0.075 -0.070 -0.022 1.534 -0.045
18.928 xd 379 0.350 0.078 -0.062 0.000 1.571 0.000
18.978 xd 380 0.350 0.080 -0.060 0.000 1.571 0.000
18.990 x 378 0.354 0.080 -0.070 -0.046 1.544 -0.033
19.028 xd 381 0.350 0.082 -0.057 0.000 1.571 0.000
19.073 x 380 0.353 0.079 -0.065 -0.025 1.532 -0.047
19.078 xd 382 0.350 0.084 -0.055 0.000 1.571 0.000
19.128 xd 383 0.350 0.085 -0.052 0.000 1.571 0.000
19.140 x 381 0.353 0.080 -0.066 -0.009 1.527 -0.047
19.178 xd 384 0.350 0.087 -0.049 0.000 1.571 0.000
19.194 x 383 0.351 0.092 -0.056 -0.027 1.521 -0.051
19.221 x 384 0.348 0.095 -0.053 -0.051 1.528 -0.056
19.228 xd 385 0.350 0.088 -0.047 0.000 1.571 0.000
19.256 x 384 0.350 0.087 -0.051 -0.056 1.515 -0.059
19.278 xd 386 0.350 0.090 -0.044 0.000 1.571 0.000
19.303 x 385 0.352 0.095 -0.052 -0.029 1.517 -0.056
19.324 x 386 0.352 0.092 -0.048 -0.051 1.358 -0.161
19.328 xd 387 0.350 0.091 -0.041 0.000 1.571 0.000
19.371 x 386 0.353 0.091 -0.048 -0.027 1.516 -0.073
19.378 xd 388 0.350 0.092 -0.038 0.000 1.571 0.000
19.428 xd 389 0.350 0.094 -0.035 0.000 1.571 0.000
19.444 x 387 0.353 0.093 -0.046 -0.038 1.514 -0.071
19.478 xd 390 0.350 0.095 -0.032 0.000 1.571 0.000
19.524 x 389 0.351 0.097 -0.040 -0.042 1.507 -0.075
19.529 xd 391 0.350 0.096 -0.029 0.000 1.571 0.000
19.579 xd 392 0.350 0.097 -0.026 0.000 1.571 0.000
19.598 x 390 0.351 0.097 -0.036 -0.041 1.502 -0.083
19.619 x 392 0.351 0.098 -0.030 -0.044 1.497 -0.092
19.629 xd 393 0.350 0.097 -0.023 0.000 1.571 0.000
19.641 x 392 0.352 0.102 -0.033 -0.042 1.498 -0.079
19.679 xd 394 0.350 0.098 -0.020 0.000 1.571 0.000
19.710 x 393 0.350 0.099 -0.027 -0.042 1.490 -0.094
19.729 xd 395 0.350 0.099 -0.017 0.000 1.571 0.000
19.779 xd 396 0.350 0.099 -0.014 0.000 1.571 0.000
19.829 xd 397 0.350 0.099 -0.011 0.000 1.571 0.000
19.879 xd 398 0.350 0.100 -0.008 0.000 1.571 0.000
19.929 xd 399 0.350 0.100 -0.004 0.000 1.571 0.000
19.979 xd 400 0.350 0.100 -0.001 0.000 1.571 0.000
20.029 xd 401 0.350 0.100 0.002 0.000 1.571 0.000
20.033 x 394 0.350 0.098 -0.021 -0.041 1.128 -0.078
20.077 x 401 0.351 0.102 -0.000 -0.071 1.465 -0.124
20.079 xd 402 0.350 0.100 0.005 0.000 1.571 0.000
20.123 x 401 0.352 0.103 -0.003 -0.062 1.468 -0.121
20.129 xd 403 0.350 0.100 0.008 0.000 1.571 0.000
20.179 xd 404 0.350 0.099 0.011 0.000 1.571 0.000
20.191 x 402 0.347 0.109 0.002 -0.060 1.461 -0.126
20.213 x 404 0.350 0.099 0.005 -0.075 1.462 -0.138
20.230 xd 405 0.350 0.099 0.014 0.000 1.571 0.000
20.257 x 404 0.351 0.102 0.002 -0.051 1.461 -0.136
20.280 xd 406 0.350 0.098 0.017 0.000 1.571 0.000
20.295 x 405 0.350 0.104 0.007 -0.074 1.461 -0.135
20.330 xd 407 0.350 0.098 0.021 0.000 1.571 0.000
20.367 x 406 0.350 0.101 0.014 -0.054 1.446 -0.153
20.380 xd 408 0.350 0.097 0.024 0.000 1.571 0.000
20.423 x 407 0.353 0.100 0.015 -0.005 1.031 -0.133
20.430 xd 409 0.350 0.096 0.027 0.000 1.571 0.000
20.480 xd 410 0.350 0.095 0.030 0.000 1.571 0.000
20.487 x 408 0.352 0.103 0.017 -0.077 1.448 -0.146
20.530 xd 411 0.350 0.095 0.033 0.000 1.571 0.000
20.567 x 410 0.351 0.096 0.028 -0.084 1.436 -0.171
20.580 xd 412 0.350 0.093 0.036 0.000 1.571 0.000
20.613 x 411 0.351 0.096 0.030 -0.082 1.432 -0.172
20.630 xd 413 0.350 0.092 0.039 0.000 1.571 0.000
20.666 x 412 0.352 0.095 0.032 -0.082 1.428 -0.176
20.680 xd 414 0.350 0.091 0.041 0.000 1.571 0.000
20.695 x 413 0.353 0.095 0.034 -0.076 1.424 -0.180
20.727 x 414 0.350 0.092 0.040 -0.092 1.420 -0.187
20.730 xd 415 0.350 0.090 0.044 0.000 1.571 0.000
20.762 x 414 0.350 0.094 0.036 -0.098 1.431 -0.182
20.780 xd 416 0.350 0.088 0.047 0.000 1.571 0.000
20.785 x 415 0.356 0.090 0.039 -0.137 1.248 -0.275
20.811 x 416 0.351 0.090 0.043 -0.098 1.422 -0.197
20.830 xd 417 0.350 0.087 0.050 0.000 1.571 0.000
20.862 x 416 0.351 0.095 0.040 -0.097 1.425 -0.185
20.880 xd 418 0.350 0.085 0.053 0.000 1.571 0.000
20.930 xd 419 0.350 0.083 0.055 0.000 1.571 0.000
20.941 x 417 0.352 0.090 0.045 -0.095 1.414 -0.195
20.980 xd 420 0.350 0.082 0.058 0.000 1.571 0.000
20.990 x 419 0.351 0.091 0.054 -0.097 1.409 -0.210
21.031 xd 421 0.350 0.080 0.060 0.000 1.571 0.000
21.078 x 420 0.351 0.085 0.053 -0.100 1.403 -0.209
21.081 xd 422 0.350 0.078 0.063 0.000 1.571 0.000
21.112 x 421 0.352 0.084 0.056 -0.117 1.407 -0.213
21.131 xd 423 0.350 0.076 0.065 0.000 1.571 0.000
21.147 x 422 0.350 0.079 0.060 -0.065 0.963 -0.257
21.181 xd 424 0.350 0.074 0.068 0.000 1.571 0.000
21.229 x 423 0.352 0.078 0.060 -0.122 1.400 -0.223
21.231 xd 425 0.350 0.072 0.070 0.000 1.571 0.000
21.279 x 424 0.353 0.076 0.064 -0.116 1.393 -0.230
21.281 xd 426 0.350 0.069 0.072 0.000 1.571 0.000
21.306 x 425 0.348 0.073 0.064 -0.114 1.391 -0.236
21.331 xd 427 0.350 0.067 0.074 0.000 1.571 0.000
21.353 x 426 0.352 0.074 0.069 -0.105 1.389 -0.247
21.381 xd 428 0.350 0.065 0.076 0.000 1.571 0.000
21.385 x 427 0.352 0.069 0.072 -0.125 1.382 -0.245
21.416 x 428 0.354 0.068 0.070 -0.157 1.397 -0.237
21.431 xd 429 0.350 0.062 0.078 0.000 1.571 0.000
21.455 x 428 0.350 0.066 0.071 -0.137 1.391 -0.250
21.481 x 429 0.352 0.065 0.083 -0.203 1.397 -0.250
21.481 xd 430 0.350 0.060 0.080 0.000 1.571 0.000
21.519 x 429 0.353 0.067 0.077 -0.131 1.380 -0.254
21.531 xd 431 0.350 0.057 0.082 0.000 1.571 0.000
21.550 x 430 0.352 0.062 0.076 -0.139 1.381 -0.256
21.581 xd 432 0.350 0.055 0.084 0.000 1.571 0.000
21.593 x 431 0.351 0.061 0.075 -0.157 1.381 -0.244
21.632 xd 433 0.350 0.052 0.085 0.000 1.571 0.000
21.649 x 432 0.350 0.058 0.079 -0.132 1.377 -0.268
21.682 xd 434 0.350 0.049 0.087 0.000 1.571 0.000
21.717 x 433 0.349 0.054 0.079 -0.153 1.377 -0.264
21.732 xd 435 0.350 0.046 0.089 0.000 1.571 0.000
21.743 x 434 0.351 0.055 0.083 -0.138 1.378 -0.278
21.782 xd 436 0.350 0.044 0.090 0.000 1.571 0.000
21.797 x 435 0.355 0.052 0.083 -0.150 1.381 -0.276
21.832 xd 437 0.350 0.041 0.091 0.000 1.571 0.000
21.840 x 436 0.354 0.046 0.087 -0.157 1.373 -0.284
21.869 x 437 0.350 0.043 0.088 -0.142 1.363 -0.291
21.882 xd 438 0.350 0.038 0.093 0.000 1.571 0.000
21.906 x 437 0.352 0.045 0.087 -0.148 1.370 -0.290
21.932 xd 439 0.350 0.035 0.094 0.000 1.571 0.000
21.970 x 438 0.352 0.039 0.087 -0.140 1.362 -0.293
21.982 xd 440 0.350 0.032 0.095 0.000 1.571 0.000
22.008 x 439 0.350 0.040 0.089 -0.146 1.363 -0.294
22.032 xd 441 0.350 0.029 0.096 0.000 1.571 0.000
22.035 x 440 0.351 0.034 0.091 -0.151 1.357 -0.299
22.061 x 441 0.349 0.033 0.090 -0.154 1.364 -0.304
22.082 xd 442 0.350 0.026 0.097 0.000 1.571 0.000
22.104 x 441 0.351 0.035 0.090 -0.122 1.357 -0.311
22.132 xd 443 0.350 0.023 0.097 0.000 1.571 0.000
22.140 x 442 0.351 0.027 0.095 -0.155 1.362 -0.318
22.177 x 443 0.350 0.023 0.095 -0.188 1.080 -0.429
22.182 xd 444 0.350 0.020 0.098 0.000 1.571 0.000
22.201 x 443 0.351 0.024 0.096 -0.122 1.047 -0.430
22.232 xd 445 0.350 0.017 0.099 0.000 1.571 0.000
22.234 x 444 0.350 0.022 0.093 -0.148 1.358 -0.320
22.268 x 445 0.353 0.020 0.094 -0.163 1.364 -0.320
22.282 xd 446 0.350 0.014 0.099 0.000 1.571 0.000
22.301 x 445 0.353 0.019 0.090 -0.161 1.364 -0.313
22.322 x 446 0.352 0.018 0.094 -0.155 1.350 -0.318
22.333 xd 447 0.350 0.011 0.099 0.000 1.571 0.000
22.348 x 446 0.352 0.015 0.095 -0.184 1.366 -0.320
22.379 x 447 0.351 0.018 0.094 -0.179 1.367 -0.318
22.383 xd 448 0.350 0.007 0.100 0.000 1.571 0.000
22.431 x 447 0.354 0.014 0.097 -0.159 1.356 -0.327
22.433 xd 449 0.350 0.004 0.100 0.000 1.571 0.000
22.454 x 448 0.350 0.010 0.095 -0.140 1.348 -0.338
22.478 x 449 0.351 0.009 0.096 -0.163 1.359 -0.334
22.483 xd 450 0.350 0.001 0.100 0.000 1.571 0.000
22.498 x 449 0.355 0.009 0.093 -0.179 1.363 -0.320
22.516 x 450 0.351 0.004 0.097 -0.171 1.355 -0.335
22.533 xd 451 0.350 -0.002 0.100 0.000 1.571 0.000
22.540 x 450 0.352 0.003 0.095 -0.159 1.358 -0.339
22.567 x 451 0.352 -0.001 0.096 -0.200 1.369 -0.333
22.583 xd 452 0.350 -0.005 0.100 0.000 1.571 0.000
22.609 x 451 0.351 0.000 0.093 -0.171 1.360 -0.336
22.633 xd 453 0.350 -0.008 0.100 0.000 1.571 0.000
22.664 x 452 0.349 -0.004 0.096 -0.125 1.326 -0.346
22.683 xd 454 0.350 -0.011 0.099 0.000 1.571 0.000
22.710 x 453 0.352 -0.007 0.099 -0.148 1.348 -0.357
22.733 xd 455 0.350 -0.015 0.099 0.000 1.571 0.000
22.755 x 454 0.351 -0.010 0.097 -0.176 1.356 -0.349
22.783 xd 456 0.350 -0.018 0.098 0.000 1.571 0.000
22.787 x 455 0.354 -0.008 0.094 -0.174 1.359 -0.342
22.833 xd 457 0.350 -0.021 0.098 0.000 1.571 0.000
22.836 x 456 0.351 -0.013 0.095 -0.170 1.356 -0.352
22.883 x 457 0.353 -0.019 0.096 -0.176 1.358 -0.356
22.883 xd 458 0.350 -0.024 0.097 0.000 1.571 0.000
22.927 x 458 0.353 -0.022 0.095 -0.180 1.361 -0.357
22.933 xd 459 0.350 -0.027 0.096 0.000 1.571 0.000
22.984 xd 460 0.350 -0.030 0.095 0.000 1.571 0.000
22.993 x 458 0.350 -0.020 0.094 -0.173 1.359 -0.357
23.028 x 460 0.352 -0.028 0.093 -0.186 1.363 -0.359
23.034 xd 461 0.350 -0.033 0.094 0.000 1.571 0.000
23.060 x 460 0.352 -0.030 0.090 -0.183 1.365 -0.355
23.084 xd 462 0.350 -0.036 0.093 0.000 1.571 0.000
23.100 x 461 0.352 -0.032 0.087 -0.177 1.364 -0.353
23.118 x 462 0.353 -0.034 0.089 -0.132 1.084 -0.477
23.134 xd 463 0.350 -0.039 0.092 0.000 1.571 0.000
23.145 x 462 0.350 -0.036 0.093 -0.152 1.034 -0.474
23.169 x 463 0.351 -0.037 0.088 -0.254 1.056 -0.460
23.184 xd 464 0.350 -0.042 0.091 0.000 1.571 0.000
23.231 x 463 0.351 -0.037 0.089 -0.174 1.355 -0.359
23.234 xd 465 0.350 -0.044 0.090 0.000 1.571 0.000
23.284 xd 466 0.350 -0.047 0.088 0.000 1.571 0.000
23.302 x 464 0.351 -0.039 0.088 -0.203 1.372 -0.355
23.333 x 466 0.353 -0.045 0.085 -0.184 1.368 -0.360
23.334 xd 467 0.350 -0.050 0.087 0.000 1.571 0.000
23.376 x 466 0.352 -0.046 0.085 -0.172 1.362 -0.364
23.384 xd 468 0.350 -0.053 0.085 0.000 1.571 0.000
23.419 x 467 0.351 -0.049 0.085 -0.186 1.369 -0.365
23.434 xd 469 0.350 -0.055 0.083 0.000 1.571 0.000
23.461 x 468 0.351 -0.052 0.084 -0.185 1.366 -0.364
23.484 xd 470 0.350 -0.058 0.081 0.000 1.571 0.000
23.512 x 469 0.350 -0.055 0.083 -0.187 1.357 -0.359
23.534 xd 471 0.350 -0.061 0.080 0.000 1.571 0.000
23.563 x 470 0.351 -0.057 0.079 -0.086 1.104 -0.472
23.584 xd 472 0.350 -0.063 0.078 0.000 1.571 0.000
23.600 x 471 0.351 -0.060 0.078 -0.186 1.374 -0.362
23.635 xd 473 0.350 -0.065 0.076 0.000 1.571 0.000
23.642 x 472 0.352 -0.062 0.076 -0.175 1.368 -0.360
23.663 x 473 0.354 -0.063 0.070 -0.186 1.380 -0.349
23.685 xd 474 0.350 -0.068 0.074 0.000 1.571 0.000
23.694 x 473 0.351 -0.066 0.071 -0.162 1.359 -0.355
23.735 xd 475 0.350 -0.070 0.071 0.000 1.571 0.000
23.748 x 474 0.351 -0.067 0.072 -0.180 1.377 -0.361
23.785 xd 476 0.350 -0.072 0.069 0.000 1.571 0.000
23.787 x 475 0.352 -0.069 0.067 -0.176 1.371 -0.348
23.835 xd 477 0.350 -0.074 0.067 0.000 1.571 0.000
23.840 x 476 0.353 -0.072 0.066 -0.181 1.381 -0.351
23.885 x 477 0.353 -0.073 0.064 -0.156 1.375 -0.355
23.885 xd 478 0.350 -0.076 0.064 0.000 1.571 0.000
23.933 x 477 0.352 -0.074 0.064 -0.168 1.370 -0.347
23.935 xd 479 0.350 -0.078 0.062 0.000 1.571 0.000
23.968 x 478 0.351 -0.076 0.063 -0.182 1.382 -0.350
23.985 xd 480 0.350 -0.080 0.060 0.000 1.571 0.000
24.035 xd 481 0.350 -0.082 0.057 0.000 1.571 0.000
24.052 x 479 0.351 -0.077 0.059 -0.180 1.386 -0.346
24.084 x 481 0.351 -0.081 0.056 -0.174 1.385 -0.343
24.085 xd 482 0.350 -0.084 0.054 0.000 1.571 0.000
24.135 xd 483 0.350 -0.086 0.052 0.000 1.571 0.000
24.156 x 481 0.351 -0.082 0.056 -0.170 1.387 -0.346
24.185 xd 484 0.350 -0.087 0.049 0.000 1.571 0.000
24.208 x 483 0.350 -0.083 0.048 -0.178 1.393 -0.328
24.235 xd 485 0.350 -0.089 0.046 0.000 1.571 0.000
24.258 x 484 0.350 -0.086 0.048 -0.176 1.390 -0.330
24.285 xd 486 0.350 -0.090 0.043 0.000 1.571 0.000
24.311 x 485 0.354 -0.088 0.042 -0.161 1.396 -0.323
24.336 xd 487 0.350 -0.091 0.041 0.000 1.571 0.000
24.352 x 486 0.351 -0.088 0.041 -0.139 1.380 -0.326
24.386 xd 488 0.350 -0.093 0.038 0.000 1.571 0.000
24.403 x 487 0.351 -0.091 0.039 -0.160 1.393 -0.321
24.433 x 488 0.353 -0.094 0.033 -0.151 1.397 -0.311
24.436 xd 489 0.350 -0.094 0.035 0.000 1.571 0.000
24.484 x 488 0.353 -0.091 0.034 -0.162 1.403 -0.311
24.486 xd 490 0.350 -0.095 0.032 0.000 1.571 0.000
24.521 x 489 0.353 -0.093 0.033 -0.142 1.252 -0.421
24.536 xd 491 0.350 -0.096 0.029 0.000 1.571 0.000
24.577 x 490 0.351 -0.094 0.031 -0.157 1.403 -0.310
24.586 xd 492 0.350 -0.097 0.026 0.000 1.571 0.000
24.611 x 491 0.353 -0.097 0.026 -0.148 1.404 -0.297
24.636 xd 493 0.350 -0.097 0.023 0.000 1.571 0.000
24.651 x 492 0.352 -0.097 0.022 -0.126 1.338 -0.348
24.686 xd 494 0.350 -0.098 0.020 0.000 1.571 0.000
24.693 x 493 0.351 -0.097 0.018 -0.133 1.403 -0.289
24.728 x 494 0.353 -0.094 0.016 -0.142 1.413 -0.282
24.736 xd 495 0.350 -0.099 0.017 0.000 1.571 0.000
24.761 x 494 0.356 -0.097 0.011 -0.131 1.416 -0.270
24.786 xd 496 0.350 -0.099 0.013 0.000 1.571 0.000
24.794 x 495 0.351 -0.098 0.016 -0.142 1.413 -0.284
24.836 xd 497 0.350 -0.099 0.010 0.000 1.571 0.000
24.845 x 496 0.351 -0.099 0.010 -0.150 1.422 -0.270
24.876 x 497 0.353 -0.097 0.007 -0.149 1.424 -0.262
24.886 xd 498 0.350 -0.100 0.007 0.000 1.571 0.000
24.908 x 497 0.352 -0.098 0.009 -0.114 1.412 -0.278
24.936 xd 499 0.350 -0.100 0.004 0.000 1.571 0.000
24.970 x 498 0.351 -0.100 0.006 -0.145 1.426 -0.264
24.987 xd 500 0.350 -0.100 0.001 0.000 1.571 0.000
24.998 x 499 0.352 -0.098 -0.003 -0.122 1.427 -0.248
25.033 x 500 0.352 -0.098 -0.001 -0.115 1.426 -0.257
25.037 xd 501 0.350 -0.100 -0.002 0.000 1.571 0.000
25.071 x 500 0.351 -0.100 -0.001 -0.123 1.424 -0.255
25.087 xd 502 0.350 -0.100 -0.005 0.000 1.571 0.000
25.117 x 501 0.351 -0.099 -0.004 -0.128 1.428 -0.246
25.137 xd 503 0.350 -0.100 -0.009 0.000 1.571 0.000
25.154 x 502 0.355 -0.100 -0.011 -0.133 1.450 -0.225
25.187 xd 504 0.350 -0.099 -0.012 0.000 1.571 0.000
25.196 x 503 0.351 -0.099 -0.009 -0.113 1.434 -0.237
25.230 x 504 0.351 -0.099 -0.013 -0.119 1.439 -0.225
25.237 xd 505 0.350 -0.099 -0.015 0.000 1.571 0.000
25.287 xd 506 0.350 -0.098 -0.018 0.000 1.571 0.000
25.317 x 504 0.351 -0.100 -0.013 -0.154 1.357 -0.299
25.337 xd 507 0.350 -0.098 -0.021 0.000 1.571 0.000
25.375 x 506 0.351 -0.099 -0.018 -0.097 1.473 -0.247
25.387 xd 508 0.350 -0.097 -0.024 0.000 1.571 0.000
25.415 x 507 0.352 -0.098 -0.023 -0.118 1.446 -0.191
25.437 xd 509 0.350 -0.096 -0.027 0.000 1.571 0.000
25.452 x 508 0.354 -0.091 -0.027 -0.089 1.446 -0.186
25.482 x 509 0.352 -0.089 -0.033 -0.090 1.449 -0.174
25.487 xd 510 0.350 -0.095 -0.030 0.000 1.571 0.000
25.512 x 509 0.352 -0.089 -0.032 -0.091 1.457 -0.180
25.537 xd 511 0.350 -0.094 -0.033 0.000 1.571 0.000
25.542 x 510 0.350 -0.092 -0.032 -0.120 1.452 -0.169
25.573 x 511 0.349 -0.089 -0.036 -0.096 1.455 -0.170
25.587 xd 512 0.350 -0.093 -0.036 0.000 1.571 0.000
25.599 x 511 0.351 -0.088 -0.034 -0.091 1.453 -0.171
25.626 x 512 0.345 -0.089 -0.040 -0.097 1.462 -0.169
25.637 xd 513 0.350 -0.092 -0.039 0.000 1.571 0.000
25.682 x 512 0.348 -0.091 -0.035 -0.097 1.450 -0.170
25.688 xd 514 0.350 -0.091 -0.042 0.000 1.571 0.000
25.708 x 513 0.345 -0.086 -0.042 -0.084 1.462 -0.165
25.733 x 514 0.347 -0.088 -0.040 -0.096 1.444 -0.153
25.738 xd 515 0.350 -0.089 -0.045 0.000 1.571 0.000
25.753 x 514 0.347 -0.087 -0.040 -0.088 1.453 -0.161
25.774 x 515 0.349 -0.080 -0.044 -0.065 1.455 -0.153
25.788 xd 516 0.350 -0.088 -0.047 0.000 1.571 0.000
25.838 xd 517 0.350 -0.086 -0.050 0.000 1.571 0.000
25.848 x 515 0.350 -0.089 -0.044 -0.152 1.353 -0.162
25.873 x 517 0.346 -0.081 -0.047 -0.083 1.468 -0.152
25.888 xd 518 0.350 -0.085 -0.053 0.000 1.571 0.000
25.938 xd 519 0.350 -0.083 -0.056 0.000 1.571 0.000
25.988 xd 520 0.350 -0.081 -0.058 0.000 1.571 0.000
25.999 x 517 0.349 -0.085 -0.049 -0.107 1.343 -0.155
26.038 xd 521 0.350 -0.079 -0.061 0.000 1.571 0.000
26.088 xd 522 0.350 -0.078 -0.063 0.000 1.571 0.000
