0.001 xd 1 0.350 0.100 0.000 0.000 1.571 0.000
0.051 xd 2 0.350 0.099 0.013 0.000 1.571 0.000
0.081 x 1 0.350 0.100 -0.001 -0.062 1.465 -0.130
0.101 xd 3 0.350 0.097 0.025 0.000 1.571 0.000
0.124 x 2 0.350 0.101 0.005 -0.077 1.460 -0.132
0.151 xd 4 0.350 0.093 0.037 0.000 1.571 0.000
0.189 x 3 0.351 0.099 0.023 0.019 1.301 -0.242
0.201 xd 5 0.350 0.087 0.048 0.000 1.571 0.000
0.214 x 4 0.351 0.097 0.032 -0.102 1.434 -0.169
0.237 x 5 0.351 0.092 0.046 -0.092 1.412 -0.193
0.251 xd 6 0.350 0.081 0.059 0.000 1.571 0.000
0.277 x 5 0.351 0.088 0.046 -0.104 1.414 -0.197
0.301 xd 7 0.350 0.073 0.069 0.000 1.571 0.000
0.307 x 6 0.351 0.083 0.054 -0.107 1.405 -0.213
0.340 x 7 0.351 0.074 0.066 -0.119 1.392 -0.235
0.351 xd 8 0.350 0.063 0.077 0.000 1.571 0.000
0.383 x 7 0.351 0.074 0.064 -0.108 1.387 -0.234
0.401 xd 9 0.350 0.053 0.085 0.000 1.571 0.000
0.436 x 8 0.352 0.066 0.072 -0.133 1.386 -0.250
0.451 xd 10 0.350 0.042 0.091 0.000 1.571 0.000
0.462 x 9 0.350 0.056 0.079 -0.124 1.372 -0.271
0.502 xd 11 0.350 0.031 0.095 0.000 1.571 0.000
0.507 x 10 0.353 0.046 0.087 -0.141 1.364 -0.283
0.543 x 11 0.351 0.032 0.094 -0.162 1.365 -0.309
0.552 xd 12 0.350 0.018 0.098 0.000 1.571 0.000
0.576 x 11 0.351 0.032 0.093 -0.152 1.363 -0.309
0.602 xd 13 0.350 0.006 0.100 0.000 1.571 0.000
0.632 x 12 0.350 0.021 0.091 -0.160 1.363 -0.316
0.652 xd 14 0.350 -0.007 0.100 0.000 1.571 0.000
0.661 x 13 0.351 0.008 0.097 -0.171 1.359 -0.334
0.678 x 14 0.352 -0.001 0.096 -0.165 1.359 -0.344
0.702 xd 15 0.350 -0.019 0.098 0.000 1.571 0.000
0.715 x 14 0.351 -0.006 0.099 -0.129 1.089 -0.461
0.746 x 15 0.350 -0.018 0.096 -0.190 1.356 -0.349
0.752 xd 16 0.350 -0.031 0.095 0.000 1.571 0.000
0.786 x 15 0.352 -0.014 0.096 -0.175 1.360 -0.353
0.802 xd 17 0.350 -0.043 0.090 0.000 1.571 0.000
0.852 xd 18 0.350 -0.054 0.084 0.000 1.571 0.000
0.902 xd 19 0.350 -0.064 0.077 0.000 1.571 0.000
0.952 xd 20 0.350 -0.073 0.068 0.000 1.571 0.000
1.002 xd 21 0.350 -0.081 0.058 0.000 1.571 0.000
1.052 xd 22 0.350 -0.088 0.048 0.000 1.571 0.000
1.095 x 16 0.351 -0.029 0.089 -0.192 1.370 -0.353
1.102 xd 23 0.350 -0.093 0.036 0.000 1.571 0.000
1.148 x 22 0.356 -0.087 0.042 -0.172 1.412 -0.324
1.152 xd 24 0.350 -0.097 0.024 0.000 1.571 0.000
1.192 x 23 0.351 -0.094 0.033 -0.181 1.402 -0.302
1.203 xd 25 0.350 -0.099 0.012 0.000 1.571 0.000
1.239 x 24 0.352 -0.097 0.018 -0.151 1.414 -0.284
1.253 xd 26 0.350 -0.100 -0.001 0.000 1.571 0.000
1.277 x 25 0.351 -0.099 0.010 -0.127 1.416 -0.279
1.303 xd 27 0.350 -0.099 -0.013 0.000 1.571 0.000
1.307 x 26 0.350 -0.100 -0.002 -0.124 1.424 -0.250
1.343 x 27 0.350 -0.100 -0.023 -0.103 1.442 -0.202
1.353 xd 28 0.350 -0.097 -0.026 0.000 1.571 0.000
1.381 x 27 0.353 -0.101 -0.019 -0.108 1.438 -0.203
1.403 xd 29 0.350 -0.093 -0.037 0.000 1.571 0.000
1.416 x 28 0.351 -0.091 -0.030 -0.116 1.456 -0.176
1.450 x 29 0.350 -0.088 -0.036 -0.050 1.439 -0.189
1.453 xd 30 0.350 -0.087 -0.049 0.000 1.571 0.000
1.490 x 29 0.348 -0.088 -0.038 -0.091 1.455 -0.168
1.503 xd 31 0.350 -0.080 -0.059 0.000 1.571 0.000
1.553 xd 32 0.350 -0.072 -0.069 0.000 1.571 0.000
1.603 xd 33 0.350 -0.063 -0.078 0.000 1.571 0.000
1.629 x 30 0.349 -0.086 -0.048 -0.157 1.345 -0.156
1.653 xd 34 0.350 -0.053 -0.085 0.000 1.571 0.000
1.703 xd 35 0.350 -0.042 -0.091 0.000 1.571 0.000
1.707 x 33 0.349 -0.062 -0.077 0.251 0.735 -0.846
1.753 xd 36 0.350 -0.030 -0.095 0.000 1.571 0.000
1.803 xd 37 0.350 -0.018 -0.098 0.000 1.571 0.000
1.853 xd 38 0.350 -0.005 -0.100 0.000 1.571 0.000
1.879 x 35 0.350 -0.042 -0.091 -0.154 1.316 -0.136
1.904 xd 39 0.350 0.007 -0.100 0.000 1.571 0.000
1.927 x 38 0.346 0.001 -0.102 -0.001 1.545 -0.026
1.954 xd 40 0.350 0.020 -0.098 0.000 1.571 0.000
1.995 x 39 0.352 0.009 -0.099 -0.003 1.561 -0.025
2.004 xd 41 0.350 0.032 -0.095 0.000 1.571 0.000
2.018 x 40 0.355 0.023 -0.102 -0.008 1.551 -0.018
2.054 xd 42 0.350 0.043 -0.090 0.000 1.571 0.000
2.097 x 41 0.353 0.034 -0.098 -0.013 1.567 0.003
2.104 xd 43 0.350 0.054 -0.084 0.000 1.571 0.000
2.141 x 42 0.353 0.046 -0.093 -0.007 1.561 -0.009
2.154 xd 44 0.350 0.064 -0.076 0.000 1.571 0.000
2.204 xd 45 0.350 0.074 -0.068 0.000 1.571 0.000
2.254 xd 46 0.350 0.081 -0.058 0.000 1.571 0.000
2.266 x 43 0.351 0.055 -0.085 -0.012 1.530 -0.044
2.295 x 46 0.350 0.085 -0.065 -0.024 1.531 -0.045
2.304 xd 47 0.350 0.088 -0.047 0.000 1.571 0.000
2.350 x 46 0.351 0.082 -0.058 -0.003 1.511 -0.088
2.354 xd 48 0.350 0.093 -0.036 0.000 1.571 0.000
2.404 xd 49 0.350 0.097 -0.024 0.000 1.571 0.000
2.429 x 47 0.352 0.089 -0.055 -0.031 1.519 -0.055
2.454 xd 50 0.350 0.099 -0.011 0.000 1.571 0.000
2.502 x 49 0.351 0.102 -0.032 -0.045 1.502 -0.085
2.504 xd 51 0.350 0.100 0.001 0.000 1.571 0.000
2.529 x 50 0.355 0.103 -0.018 -0.055 1.486 -0.100
2.555 xd 52 0.350 0.099 0.014 0.000 1.571 0.000
2.599 x 51 0.352 0.098 -0.008 -0.061 1.471 -0.120
2.605 xd 53 0.350 0.097 0.026 0.000 1.571 0.000
2.637 x 52 0.349 0.105 0.006 -0.064 1.463 -0.138
2.655 xd 54 0.350 0.093 0.038 0.000 1.571 0.000
2.666 x 53 0.351 0.100 0.021 -0.082 1.449 -0.162
2.700 x 54 0.352 0.094 0.036 -0.067 1.415 -0.180
2.705 xd 55 0.350 0.087 0.049 0.000 1.571 0.000
2.744 x 54 0.348 0.095 0.032 -0.109 1.438 -0.175
2.755 xd 56 0.350 0.080 0.060 0.000 1.571 0.000
2.803 x 55 0.351 0.093 0.045 -0.099 1.422 -0.196
2.805 xd 57 0.350 0.072 0.069 0.000 1.571 0.000
2.831 x 56 0.352 0.083 0.058 -0.116 1.400 -0.212
2.855 xd 58 0.350 0.063 0.078 0.000 1.571 0.000
2.861 x 57 0.351 0.077 0.065 -0.129 1.395 -0.228
2.905 xd 59 0.350 0.053 0.085 0.000 1.571 0.000
2.910 x 58 0.351 0.066 0.074 -0.135 1.383 -0.251
2.933 x 59 0.350 0.054 0.082 -0.136 1.370 -0.273
2.955 xd 60 0.350 0.041 0.091 0.000 1.571 0.000
2.976 x 59 0.352 0.057 0.079 -0.132 1.373 -0.265
2.998 x 60 0.351 0.043 0.087 -0.157 1.374 -0.289
3.005 xd 61 0.350 0.030 0.095 0.000 1.571 0.000
3.028 x 60 0.353 0.046 0.084 -0.144 1.374 -0.285
3.055 xd 62 0.350 0.017 0.098 0.000 1.571 0.000
3.070 x 61 0.350 0.032 0.093 -0.163 1.367 -0.308
3.105 xd 63 0.350 0.005 0.100 0.000 1.571 0.000
3.114 x 62 0.351 0.022 0.091 -0.161 1.365 -0.314
3.132 x 63 0.353 0.010 0.098 -0.162 1.355 -0.334
3.153 x 63 0.352 0.006 0.095 -0.160 1.355 -0.333
3.155 xd 64 0.350 -0.008 0.100 0.000 1.571 0.000
3.202 x 63 0.352 0.007 0.094 -0.180 1.365 -0.328
3.205 xd 65 0.350 -0.020 0.098 0.000 1.571 0.000
3.234 x 64 0.352 -0.006 0.098 -0.180 1.360 -0.347
3.256 xd 66 0.350 -0.032 0.095 0.000 1.571 0.000
3.260 x 65 0.353 -0.018 0.095 -0.177 1.357 -0.351
3.283 x 66 0.352 -0.031 0.088 -0.186 1.365 -0.351
3.306 xd 67 0.350 -0.044 0.090 0.000 1.571 0.000
3.322 x 66 0.351 -0.029 0.091 -0.276 1.263 -0.423
3.356 xd 68 0.350 -0.055 0.084 0.000 1.571 0.000
3.371 x 67 0.352 -0.040 0.088 -0.172 1.363 -0.365
3.394 x 68 0.351 -0.053 0.081 -0.188 1.369 -0.360
3.406 xd 69 0.350 -0.065 0.076 0.000 1.571 0.000
3.435 x 68 0.353 -0.053 0.081 -0.189 1.371 -0.358
3.456 xd 70 0.350 -0.074 0.067 0.000 1.571 0.000
3.480 x 69 0.353 -0.063 0.073 -0.172 1.367 -0.356
3.506 xd 71 0.350 -0.082 0.058 0.000 1.571 0.000
3.513 x 70 0.355 -0.078 0.064 -0.206 1.386 -0.338
3.556 xd 72 0.350 -0.088 0.047 0.000 1.571 0.000
3.556 x 71 0.354 -0.079 0.053 -0.168 1.385 -0.332
3.602 x 72 0.354 -0.087 0.042 -0.164 1.395 -0.320
3.606 xd 73 0.350 -0.094 0.035 0.000 1.571 0.000
3.656 xd 74 0.350 -0.097 0.023 0.000 1.571 0.000
3.675 x 72 0.353 -0.087 0.045 -0.161 1.393 -0.329
3.706 xd 75 0.350 -0.099 0.011 0.000 1.571 0.000
3.712 x 74 0.353 -0.096 0.021 -0.139 1.413 -0.297
3.756 xd 76 0.350 -0.100 -0.002 0.000 1.571 0.000
3.759 x 75 0.351 -0.098 0.008 -0.129 1.413 -0.267
3.798 x 76 0.351 -0.100 -0.005 -0.126 1.429 -0.241
3.806 xd 77 0.350 -0.099 -0.014 0.000 1.571 0.000
3.831 x 76 0.353 -0.101 -0.005 -0.119 1.430 -0.242
3.856 xd 78 0.350 -0.096 -0.026 0.000 1.571 0.000
3.867 x 77 0.354 -0.099 -0.015 -0.133 1.459 -0.219
3.900 x 78 0.351 -0.094 -0.028 -0.096 1.444 -0.185
3.906 xd 79 0.350 -0.092 -0.038 0.000 1.571 0.000
3.924 x 78 0.351 -0.094 -0.028 -0.092 1.446 -0.189
3.956 xd 80 0.350 -0.087 -0.050 0.000 1.571 0.000
4.001 x 79 0.350 -0.092 -0.038 -0.151 1.377 -0.148
4.007 xd 81 0.350 -0.080 -0.060 0.000 1.571 0.000
4.057 xd 82 0.350 -0.072 -0.070 0.000 1.571 0.000
4.107 xd 83 0.350 -0.062 -0.078 0.000 1.571 0.000
4.157 xd 84 0.350 -0.052 -0.085 0.000 1.571 0.000
4.174 x 80 0.350 -0.087 -0.050 -0.153 1.316 -0.180
4.207 xd 85 0.350 -0.041 -0.091 0.000 1.571 0.000
4.257 xd 86 0.350 -0.029 -0.096 0.000 1.571 0.000
4.307 xd 87 0.350 -0.017 -0.099 0.000 1.571 0.000
4.309 x 84 0.350 -0.052 -0.085 -0.155 1.272 -0.166
4.357 xd 88 0.350 -0.005 -0.100 0.000 1.571 0.000
4.368 x 87 0.349 -0.016 -0.098 -0.054 1.449 -0.065
4.405 x 88 0.348 0.005 -0.102 0.010 1.539 -0.018
4.407 xd 89 0.350 0.008 -0.100 0.000 1.571 0.000
4.422 x 88 0.349 -0.002 -0.098 -0.024 1.513 -0.052
4.450 x 89 0.349 0.009 -0.101 -0.001 1.571 -0.003
4.457 xd 90 0.350 0.021 -0.098 0.000 1.571 0.000
4.479 x 89 0.353 0.014 -0.099 0.000 1.569 -0.001
4.507 xd 91 0.350 0.033 -0.095 0.000 1.571 0.000
4.519 x 90 0.356 0.021 -0.101 -0.001 1.550 -0.030
4.557 xd 92 0.350 0.044 -0.090 0.000 1.571 0.000
4.573 x 91 0.351 0.037 -0.099 0.013 1.534 -0.043
4.607 xd 93 0.350 0.055 -0.083 0.000 1.571 0.000
4.610 x 92 0.354 0.044 -0.094 0.006 1.565 -0.012
4.657 xd 94 0.350 0.065 -0.076 0.000 1.571 0.000
4.683 x 93 0.349 0.055 -0.085 -0.117 1.366 -0.074
4.708 xd 95 0.350 0.074 -0.067 0.000 1.571 0.000
4.747 x 94 0.356 0.067 -0.080 -0.013 1.547 -0.024
4.758 xd 96 0.350 0.082 -0.057 0.000 1.571 0.000
4.782 x 95 0.350 0.079 -0.073 -0.008 1.538 -0.039
4.808 xd 97 0.350 0.089 -0.046 0.000 1.571 0.000
4.814 x 96 0.352 0.088 -0.061 -0.026 1.523 -0.041
4.858 xd 98 0.350 0.094 -0.035 0.000 1.571 0.000
4.872 x 97 0.350 0.093 -0.051 -0.045 1.521 -0.060
4.905 x 98 0.359 0.093 -0.039 -0.067 1.518 -0.075
4.908 xd 99 0.350 0.097 -0.023 0.000 1.571 0.000
4.950 x 98 0.356 0.096 -0.041 -0.029 1.502 -0.070
4.958 xd 100 0.350 0.099 -0.011 0.000 1.571 0.000
4.976 x 99 0.350 0.097 -0.024 -0.035 1.286 -0.184
5.008 xd 101 0.350 0.100 0.002 0.000 1.571 0.000
5.008 x 100 0.352 0.103 -0.016 -0.054 1.484 -0.105
5.038 x 101 0.346 0.103 0.001 -0.072 1.463 -0.129
5.058 xd 102 0.350 0.099 0.015 0.000 1.571 0.000
5.072 x 101 0.352 0.100 -0.006 -0.062 1.466 -0.114
5.108 x 102 0.350 0.100 0.007 -0.070 1.454 -0.134
5.108 xd 103 0.350 0.096 0.027 0.000 1.571 0.000
5.134 x 102 0.350 0.101 0.010 -0.072 1.454 -0.142
5.158 xd 104 0.350 0.092 0.039 0.000 1.571 0.000
5.208 xd 105 0.350 0.087 0.050 0.000 1.571 0.000
5.239 x 103 0.353 0.098 0.025 -0.079 1.439 -0.164
5.258 xd 106 0.350 0.080 0.060 0.000 1.571 0.000
5.284 x 105 0.352 0.089 0.046 -0.103 1.416 -0.195
5.308 xd 107 0.350 0.071 0.070 0.000 1.571 0.000
5.320 x 106 0.351 0.081 0.057 -0.101 1.404 -0.225
5.357 x 107 0.353 0.074 0.068 -0.134 1.393 -0.233
5.358 xd 108 0.350 0.062 0.078 0.000 1.571 0.000
5.409 xd 109 0.350 0.052 0.086 0.000 1.571 0.000
5.459 xd 110 0.350 0.041 0.091 0.000 1.571 0.000
5.509 xd 111 0.350 0.029 0.096 0.000 1.571 0.000
5.548 x 107 0.350 0.072 0.066 -0.080 1.369 -0.239
5.559 xd 112 0.350 0.017 0.099 0.000 1.571 0.000
5.572 x 111 0.353 0.033 0.088 -0.151 1.371 -0.303
5.609 xd 113 0.350 0.004 0.100 0.000 1.571 0.000
5.651 x 112 0.352 0.019 0.095 -0.166 1.365 -0.323
5.659 xd 114 0.350 -0.009 0.100 0.000 1.571 0.000
5.690 x 113 0.355 0.008 0.092 -0.166 1.359 -0.323
5.709 xd 115 0.350 -0.021 0.098 0.000 1.571 0.000
5.717 x 114 0.352 -0.007 0.096 -0.175 1.354 -0.342
5.747 x 115 0.353 -0.017 0.096 -0.216 1.379 -0.349
5.759 xd 116 0.350 -0.033 0.094 0.000 1.571 0.000
5.809 xd 117 0.350 -0.045 0.089 0.000 1.571 0.000
5.814 x 115 0.352 -0.019 0.095 -0.180 1.361 -0.355
5.856 x 117 0.353 -0.041 0.085 -0.173 1.367 -0.360
5.859 xd 118 0.350 -0.056 0.083 0.000 1.571 0.000
5.876 x 117 0.353 -0.044 0.084 -0.184 1.369 -0.358
5.903 x 118 0.355 -0.052 0.080 -0.183 1.371 -0.355
5.909 xd 119 0.350 -0.066 0.076 0.000 1.571 0.000
5.949 x 118 0.351 -0.055 0.081 -0.176 1.365 -0.364
5.959 xd 120 0.350 -0.074 0.067 0.000 1.571 0.000
5.990 x 119 0.353 -0.060 0.070 -0.171 1.371 -0.349
6.009 xd 121 0.350 -0.082 0.057 0.000 1.571 0.000
6.051 x 120 0.354 -0.074 0.064 -0.175 1.381 -0.348
6.059 xd 122 0.350 -0.089 0.046 0.000 1.571 0.000
6.076 x 121 0.352 -0.082 0.055 -0.168 1.383 -0.342
6.110 xd 123 0.350 -0.094 0.035 0.000 1.571 0.000
6.112 x 122 0.352 -0.089 0.037 -0.161 1.396 -0.316
6.147 x 123 0.351 -0.094 0.032 -0.133 1.397 -0.319
6.160 xd 124 0.350 -0.097 0.023 0.000 1.571 0.000
6.203 x 123 0.353 -0.093 0.030 -0.153 1.401 -0.305
6.210 xd 125 0.350 -0.099 0.010 0.000 1.571 0.000
6.256 x 124 0.353 -0.095 0.014 -0.121 1.406 -0.282
6.260 xd 126 0.350 -0.100 -0.002 0.000 1.571 0.000
6.289 x 125 0.352 -0.099 0.005 -0.133 1.422 -0.265
6.310 xd 127 0.350 -0.099 -0.015 0.000 1.571 0.000
6.354 x 126 0.352 -0.100 -0.004 -0.123 1.428 -0.245
6.360 xd 128 0.350 -0.096 -0.027 0.000 1.571 0.000
6.385 x 127 0.351 -0.099 -0.016 -0.084 1.433 -0.227
6.410 xd 129 0.350 -0.092 -0.039 0.000 1.571 0.000
6.440 x 128 0.350 -0.094 -0.029 -0.097 1.446 -0.185
6.460 xd 130 0.350 -0.086 -0.050 0.000 1.571 0.000
6.464 x 129 0.349 -0.086 -0.038 -0.088 1.453 -0.163
6.510 xd 131 0.350 -0.079 -0.061 0.000 1.571 0.000
6.511 x 130 0.347 -0.078 -0.048 -0.079 1.474 -0.150
6.560 xd 132 0.350 -0.071 -0.070 0.000 1.571 0.000
6.577 x 131 0.350 -0.079 -0.061 -0.106 1.254 -0.228
6.610 xd 133 0.350 -0.062 -0.079 0.000 1.571 0.000
6.660 xd 134 0.350 -0.051 -0.086 0.000 1.571 0.000
6.710 xd 135 0.350 -0.040 -0.092 0.000 1.571 0.000
6.760 xd 136 0.350 -0.028 -0.096 0.000 1.571 0.000
6.811 xd 137 0.350 -0.016 -0.099 0.000 1.571 0.000
6.861 xd 138 0.350 -0.004 -0.100 0.000 1.571 0.000
6.911 xd 139 0.350 0.009 -0.100 0.000 1.571 0.000
6.950 x 132 0.350 -0.071 -0.070 -0.166 1.260 -0.198
6.961 xd 140 0.350 0.021 -0.098 0.000 1.571 0.000
6.983 x 139 0.352 0.009 -0.100 -0.016 1.527 -0.041
7.011 xd 141 0.350 0.033 -0.094 0.000 1.571 0.000
7.056 x 140 0.356 0.024 -0.101 0.005 1.571 -0.006
7.061 xd 142 0.350 0.045 -0.089 0.000 1.571 0.000
7.105 x 141 0.353 0.031 -0.099 0.028 1.569 -0.007
7.111 xd 143 0.350 0.056 -0.083 0.000 1.571 0.000
7.161 xd 144 0.350 0.066 -0.075 0.000 1.571 0.000
7.211 xd 145 0.350 0.075 -0.066 0.000 1.571 0.000
7.227 x 142 0.357 0.047 -0.095 -0.007 1.565 -0.006
7.261 xd 146 0.350 0.083 -0.056 0.000 1.571 0.000
7.292 x 145 0.351 0.075 -0.068 -0.095 1.443 -0.147
7.311 xd 147 0.350 0.089 -0.046 0.000 1.571 0.000
7.361 xd 148 0.350 0.094 -0.034 0.000 1.571 0.000
7.363 x 146 0.352 0.083 -0.059 -0.046 1.405 -0.141
7.408 x 148 0.353 0.096 -0.036 -0.031 1.499 -0.083
7.411 xd 149 0.350 0.098 -0.022 0.000 1.571 0.000
7.451 x 148 0.352 0.096 -0.037 -0.030 1.502 -0.086
7.461 xd 150 0.350 0.100 -0.010 0.000 1.571 0.000
7.511 xd 151 0.350 0.100 0.003 0.000 1.571 0.000
7.537 x 149 0.349 0.103 -0.028 -0.046 1.498 -0.090
7.562 xd 152 0.350 0.099 0.015 0.000 1.571 0.000
7.598 x 151 0.350 0.102 -0.002 -0.044 1.460 -0.130
7.612 xd 153 0.350 0.096 0.028 0.000 1.571 0.000
7.629 x 152 0.349 0.104 0.010 -0.072 1.459 -0.142
7.655 x 153 0.352 0.100 0.020 -0.080 1.444 -0.155
7.662 xd 154 0.350 0.092 0.040 0.000 1.571 0.000
7.687 x 153 0.351 0.101 0.022 -0.084 1.442 -0.155
7.712 xd 155 0.350 0.086 0.051 0.000 1.571 0.000
7.728 x 154 0.350 0.092 0.039 -0.052 1.420 -0.246
7.762 xd 156 0.350 0.079 0.061 0.000 1.571 0.000
7.776 x 155 0.352 0.089 0.046 -0.097 1.411 -0.196
7.812 x 156 0.354 0.081 0.054 -0.094 1.399 -0.214
7.812 xd 157 0.350 0.071 0.071 0.000 1.571 0.000
7.833 x 156 0.352 0.080 0.056 -0.117 1.405 -0.217
7.856 x 157 0.350 0.072 0.069 -0.118 1.391 -0.247
7.862 xd 158 0.350 0.061 0.079 0.000 1.571 0.000
7.870 x 157 0.351 0.074 0.068 -0.076 1.221 -0.338
7.907 x 158 0.350 0.067 0.075 -0.132 1.383 -0.252
7.912 xd 159 0.350 0.051 0.086 0.000 1.571 0.000
7.941 x 158 0.352 0.064 0.078 -0.130 1.378 -0.258
7.962 xd 160 0.350 0.040 0.092 0.000 1.571 0.000
7.979 x 159 0.350 0.054 0.083 -0.132 1.367 -0.276
8.012 xd 161 0.350 0.028 0.096 0.000 1.571 0.000
8.014 x 160 0.350 0.041 0.091 -0.131 1.358 -0.301
8.043 x 161 0.352 0.032 0.093 -0.151 1.360 -0.306
8.062 xd 162 0.350 0.016 0.099 0.000 1.571 0.000
8.090 x 161 0.347 0.027 0.089 -0.195 1.367 -0.295
8.112 xd 163 0.350 0.003 0.100 0.000 1.571 0.000
8.157 x 162 0.350 0.016 0.097 -0.118 0.835 -0.253
8.162 xd 164 0.350 -0.009 0.100 0.000 1.571 0.000
8.201 x 163 0.354 0.008 0.092 -0.167 1.362 -0.327
8.212 xd 165 0.350 -0.022 0.098 0.000 1.571 0.000
8.220 x 164 0.350 -0.006 0.096 -0.171 1.357 -0.347
8.263 xd 166 0.350 -0.034 0.094 0.000 1.571 0.000
8.271 x 165 0.353 -0.020 0.093 -0.172 1.358 -0.352
8.311 x 166 0.352 -0.033 0.091 -0.187 1.363 -0.357
8.313 xd 167 0.350 -0.045 0.089 0.000 1.571 0.000
8.343 x 166 0.352 -0.031 0.091 -0.180 1.364 -0.361
8.363 xd 168 0.350 -0.056 0.083 0.000 1.571 0.000
8.370 x 167 0.352 -0.044 0.086 -0.166 1.058 -0.479
8.413 xd 169 0.350 -0.066 0.075 0.000 1.571 0.000
8.428 x 168 0.352 -0.055 0.080 -0.172 1.369 -0.368
8.453 x 169 0.354 -0.064 0.072 -0.189 1.378 -0.351
8.463 xd 170 0.350 -0.075 0.066 0.000 1.571 0.000
8.513 xd 171 0.350 -0.083 0.056 0.000 1.571 0.000
8.540 x 169 0.353 -0.065 0.073 -0.139 1.353 -0.363
8.563 xd 172 0.350 -0.089 0.045 0.000 1.571 0.000
8.580 x 171 0.354 -0.082 0.054 -0.133 1.382 -0.353
8.612 x 172 0.354 -0.090 0.041 -0.178 1.395 -0.311
8.613 xd 173 0.350 -0.094 0.034 0.000 1.571 0.000
8.652 x 172 0.356 -0.089 0.039 -0.168 1.163 -0.405
8.663 xd 174 0.350 -0.098 0.022 0.000 1.571 0.000
8.701 x 173 0.351 -0.093 0.030 -0.173 1.403 -0.298
8.713 xd 175 0.350 -0.100 0.009 0.000 1.571 0.000
8.724 x 174 0.352 -0.097 0.019 -0.155 1.415 -0.288
8.760 x 175 0.352 -0.099 0.008 -0.098 1.403 -0.274
8.763 xd 176 0.350 -0.100 -0.003 0.000 1.571 0.000
8.795 x 175 0.352 -0.099 0.003 -0.129 1.420 -0.258
8.813 xd 177 0.350 -0.099 -0.016 0.000 1.571 0.000
8.822 x 176 0.351 -0.099 -0.005 -0.116 1.428 -0.244
8.849 x 177 0.353 -0.100 -0.017 -0.042 1.424 -0.256
8.863 xd 178 0.350 -0.096 -0.028 0.000 1.571 0.000
8.872 x 177 0.354 -0.099 -0.019 -0.102 1.445 -0.209
8.913 xd 179 0.350 -0.092 -0.040 0.000 1.571 0.000
8.921 x 178 0.349 -0.094 -0.030 -0.103 1.447 -0.183
8.964 xd 180 0.350 -0.086 -0.051 0.000 1.571 0.000
8.979 x 179 0.350 -0.091 -0.040 -0.148 1.364 -0.155
9.014 xd 181 0.350 -0.079 -0.062 0.000 1.571 0.000
9.064 xd 182 0.350 -0.071 -0.071 0.000 1.571 0.000
9.114 xd 183 0.350 -0.061 -0.079 0.000 1.571 0.000
9.164 xd 184 0.350 -0.051 -0.086 0.000 1.571 0.000
9.190 x 180 0.350 -0.086 -0.051 -0.194 1.330 -0.164
9.214 xd 185 0.350 -0.039 -0.092 0.000 1.571 0.000
9.264 xd 186 0.350 -0.028 -0.096 0.000 1.571 0.000
9.314 xd 187 0.350 -0.015 -0.099 0.000 1.571 0.000
9.364 xd 188 0.350 -0.003 -0.100 0.000 1.571 0.000
9.390 x 184 0.347 -0.048 -0.084 -0.115 1.416 -0.306
9.414 xd 189 0.350 0.010 -0.100 0.000 1.571 0.000
9.420 x 188 0.349 0.006 -0.100 -0.002 1.565 -0.002
9.440 x 189 0.350 0.011 -0.101 -0.010 1.568 0.002
9.464 x 189 0.354 0.019 -0.099 0.002 1.562 -0.006
9.464 xd 190 0.350 0.022 -0.097 0.000 1.571 0.000
9.496 x 189 0.351 0.010 -0.102 -0.009 1.546 -0.026
9.514 xd 191 0.350 0.034 -0.094 0.000 1.571 0.000
9.522 x 190 0.353 0.025 -0.105 -0.005 1.556 -0.008
9.564 xd 192 0.350 0.046 -0.089 0.000 1.571 0.000
9.581 x 191 0.351 0.035 -0.094 -0.011 1.559 -0.014
9.614 xd 193 0.350 0.057 -0.082 0.000 1.571 0.000
9.665 xd 194 0.350 0.067 -0.075 0.000 1.571 0.000
9.666 x 192 0.353 0.043 -0.098 -0.001 1.569 0.002
9.687 x 194 0.355 0.067 -0.080 -0.037 1.408 -0.114
9.715 xd 195 0.350 0.075 -0.066 0.000 1.571 0.000
9.753 x 194 0.353 0.069 -0.080 -0.016 1.542 -0.020
9.765 xd 196 0.350 0.083 -0.056 0.000 1.571 0.000
9.815 xd 197 0.350 0.089 -0.045 0.000 1.571 0.000
9.837 x 195 0.352 0.076 -0.069 -0.019 1.533 -0.043
9.865 xd 198 0.350 0.094 -0.033 0.000 1.571 0.000
9.888 x 197 0.350 0.090 -0.046 -0.044 1.511 -0.069
9.915 xd 199 0.350 0.098 -0.021 0.000 1.571 0.000
9.965 xd 200 0.350 0.100 -0.009 0.000 1.571 0.000
9.987 x 198 0.350 0.095 -0.040 -0.032 1.508 -0.085
10.015 xd 201 0.350 0.100 0.004 0.000 1.571 0.000
10.017 x 200 0.353 0.104 -0.013 -0.052 1.479 -0.108
10.065 xd 202 0.350 0.099 0.016 0.000 1.571 0.000
10.084 x 201 0.351 0.102 0.002 -0.065 1.465 -0.134
10.115 xd 203 0.350 0.096 0.029 0.000 1.571 0.000
10.162 x 202 0.352 0.104 0.012 -0.086 1.461 -0.141
10.165 xd 204 0.350 0.092 0.040 0.000 1.571 0.000
10.215 xd 205 0.350 0.086 0.052 0.000 1.571 0.000
10.215 x 203 0.353 0.102 0.022 -0.074 1.440 -0.155
10.235 x 205 0.350 0.090 0.049 -0.120 1.424 -0.202
10.264 x 205 0.351 0.093 0.047 -0.097 1.412 -0.194
10.265 xd 206 0.350 0.079 0.062 0.000 1.571 0.000
10.311 x 205 0.352 0.090 0.047 -0.103 1.413 -0.196
10.315 xd 207 0.350 0.070 0.071 0.000 1.571 0.000
10.352 x 206 0.349 0.079 0.061 -0.103 1.395 -0.228
10.365 xd 208 0.350 0.061 0.079 0.000 1.571 0.000
10.410 x 207 0.350 0.074 0.065 -0.124 1.393 -0.234
10.416 xd 209 0.350 0.050 0.086 0.000 1.571 0.000
10.456 x 208 0.350 0.062 0.076 -0.142 1.384 -0.258
10.466 xd 210 0.350 0.039 0.092 0.000 1.571 0.000
10.516 xd 211 0.350 0.027 0.096 0.000 1.571 0.000
10.531 x 209 0.349 0.054 0.078 -0.130 1.377 -0.273
10.562 x 211 0.353 0.030 0.094 -0.155 1.365 -0.313
10.566 xd 212 0.350 0.015 0.099 0.000 1.571 0.000
10.616 xd 213 0.350 0.002 0.100 0.000 1.571 0.000
10.664 x 211 0.351 0.029 0.095 -0.153 1.354 -0.310
10.666 xd 214 0.350 -0.010 0.099 0.000 1.571 0.000
10.694 x 213 0.354 0.005 0.098 -0.173 1.358 -0.336
10.716 xd 215 0.350 -0.023 0.097 0.000 1.571 0.000
10.731 x 214 0.351 -0.004 0.095 -0.162 1.351 -0.342
10.766 xd 216 0.350 -0.035 0.094 0.000 1.571 0.000
10.768 x 215 0.356 -0.021 0.094 -0.171 1.359 -0.353
10.811 x 216 0.351 -0.033 0.093 -0.178 1.363 -0.367
10.816 xd 217 0.350 -0.046 0.089 0.000 1.571 0.000
10.860 x 216 0.351 -0.030 0.090 -0.176 1.358 -0.355
10.866 xd 218 0.350 -0.057 0.082 0.000 1.571 0.000
10.898 x 217 0.352 -0.043 0.084 -0.205 1.374 -0.349
10.916 xd 219 0.350 -0.067 0.074 0.000 1.571 0.000
10.933 x 218 0.352 -0.057 0.078 -0.176 1.366 -0.358
10.956 x 219 0.352 -0.064 0.071 -0.170 1.373 -0.358
10.966 xd 220 0.350 -0.076 0.065 0.000 1.571 0.000
11.015 x 219 0.352 -0.066 0.073 -0.183 1.376 -0.358
11.016 xd 221 0.350 -0.083 0.055 0.000 1.571 0.000
11.035 x 220 0.353 -0.074 0.060 -0.182 1.385 -0.342
11.066 xd 222 0.350 -0.090 0.045 0.000 1.571 0.000
11.082 x 221 0.353 -0.081 0.053 -0.171 1.392 -0.339
11.104 x 222 0.353 -0.088 0.038 -0.155 1.396 -0.318
11.117 xd 223 0.350 -0.094 0.033 0.000 1.571 0.000
11.158 x 222 0.351 -0.089 0.042 -0.159 1.396 -0.328
11.167 xd 224 0.350 -0.098 0.021 0.000 1.571 0.000
11.202 x 223 0.352 -0.092 0.030 -0.157 1.405 -0.306
11.217 xd 225 0.350 -0.100 0.008 0.000 1.571 0.000
11.266 x 224 0.351 -0.098 0.019 -0.146 1.410 -0.290
11.267 xd 226 0.350 -0.100 -0.004 0.000 1.571 0.000
11.317 xd 227 0.350 -0.099 -0.017 0.000 1.571 0.000
11.327 x 225 0.351 -0.100 0.007 -0.139 1.419 -0.266
11.365 x 227 0.350 -0.098 -0.017 -0.113 1.344 -0.279
11.367 xd 228 0.350 -0.096 -0.029 0.000 1.571 0.000
11.411 x 227 0.353 -0.098 -0.022 -0.090 1.440 -0.205
11.417 xd 229 0.350 -0.091 -0.041 0.000 1.571 0.000
11.438 x 228 0.352 -0.088 -0.033 -0.093 1.452 -0.172
11.467 xd 230 0.350 -0.085 -0.052 0.000 1.571 0.000
11.479 x 229 0.346 -0.086 -0.042 -0.081 1.462 -0.167
11.517 xd 231 0.350 -0.078 -0.062 0.000 1.571 0.000
11.567 xd 232 0.350 -0.070 -0.072 0.000 1.571 0.000
11.617 xd 233 0.350 -0.060 -0.080 0.000 1.571 0.000
11.651 x 230 0.350 -0.085 -0.052 -0.175 1.324 -0.185
11.667 xd 234 0.350 -0.050 -0.087 0.000 1.571 0.000
11.717 xd 235 0.350 -0.039 -0.092 0.000 1.571 0.000
11.744 x 233 0.350 -0.060 -0.080 -0.195 1.268 -0.174
11.767 xd 236 0.350 -0.027 -0.096 0.000 1.571 0.000
11.818 xd 237 0.350 -0.014 -0.099 0.000 1.571 0.000
11.868 xd 238 0.350 -0.002 -0.100 0.000 1.571 0.000
11.918 xd 239 0.350 0.011 -0.099 0.000 1.571 0.000
11.960 x 235 0.350 -0.039 -0.092 -0.169 1.333 -0.124
11.968 xd 240 0.350 0.023 -0.097 0.000 1.571 0.000
11.983 x 239 0.351 0.012 -0.102 -0.006 1.548 -0.020
12.018 xd 241 0.350 0.035 -0.094 0.000 1.571 0.000
12.025 x 240 0.348 0.021 -0.104 0.001 1.575 -0.002
12.068 xd 242 0.350 0.047 -0.088 0.000 1.571 0.000
12.085 x 241 0.354 0.035 -0.100 -0.007 1.572 -0.004
12.118 xd 243 0.350 0.057 -0.082 0.000 1.571 0.000
12.168 xd 244 0.350 0.067 -0.074 0.000 1.571 0.000
12.218 xd 245 0.350 0.076 -0.065 0.000 1.571 0.000
12.257 x 242 0.359 0.044 -0.098 -0.376 1.677 -0.286
12.268 xd 246 0.350 0.083 -0.055 0.000 1.571 0.000
12.296 x 245 0.350 0.076 -0.069 -0.017 1.535 -0.051
12.318 xd 247 0.350 0.090 -0.044 0.000 1.571 0.000
12.344 x 246 0.355 0.085 -0.059 -0.020 1.528 -0.057
12.368 xd 248 0.350 0.095 -0.032 0.000 1.571 0.000
12.418 xd 249 0.350 0.098 -0.020 0.000 1.571 0.000
12.423 x 247 0.353 0.090 -0.042 -0.037 1.510 -0.081
12.455 x 249 0.352 0.104 -0.028 -0.043 1.495 -0.086
12.468 xd 250 0.350 0.100 -0.008 0.000 1.571 0.000
12.519 xd 251 0.350 0.100 0.005 0.000 1.571 0.000
12.519 x 249 0.353 0.105 -0.024 -0.040 1.490 -0.091
12.567 x 251 0.349 0.106 0.002 -0.090 1.477 -0.128
12.569 xd 252 0.350 0.099 0.017 0.000 1.571 0.000
12.603 x 251 0.352 0.101 -0.001 -0.062 1.466 -0.128
12.619 xd 253 0.350 0.096 0.029 0.000 1.571 0.000
12.669 xd 254 0.350 0.091 0.041 0.000 1.571 0.000
12.674 x 252 0.351 0.099 0.017 -0.074 1.445 -0.152
12.697 x 254 0.352 0.093 0.033 -0.081 1.419 -0.172
12.719 xd 255 0.350 0.085 0.052 0.000 1.571 0.000
12.733 x 254 0.349 0.094 0.038 -0.085 1.418 -0.182
12.752 x 255 0.343 0.091 0.056 -0.070 1.381 -0.207
12.769 xd 256 0.350 0.078 0.063 0.000 1.571 0.000
